{"C:\\Users\\elmaq\\OneDrive\\Documents\\apprentissage\\Projets\\SecByDesign\\Docker_SecByDesign\\frontend\\src\\components\\AccountSettings.vue": {"path":"C:\\Users\\elmaq\\OneDrive\\Documents\\apprentissage\\Projets\\SecByDesign\\Docker_SecByDesign\\frontend\\src\\components\\AccountSettings.vue","statementMap":{"0":{"start":{"line":105,"column":14},"end":{"line":105,"column":null}},"1":{"start":{"line":112,"column":13},"end":{"line":112,"column":46}},"2":{"start":{"line":114,"column":19},"end":{"line":114,"column":27}},"3":{"start":{"line":115,"column":14},"end":{"line":115,"column":25}},"4":{"start":{"line":116,"column":13},"end":{"line":116,"column":21}},"5":{"start":{"line":117,"column":15},"end":{"line":117,"column":23}},"6":{"start":{"line":119,"column":12},"end":{"line":124,"column":2}},"7":{"start":{"line":126,"column":25},"end":{"line":140,"column":1}},"8":{"start":{"line":127,"column":2},"end":{"line":139,"column":3}},"9":{"start":{"line":128,"column":16},"end":{"line":130,"column":6}},"10":{"start":{"line":132,"column":4},"end":{"line":136,"column":5}},"11":{"start":{"line":133,"column":6},"end":{"line":133,"column":42}},"12":{"start":{"line":134,"column":6},"end":{"line":134,"column":48}},"13":{"start":{"line":135,"column":6},"end":{"line":135,"column":48}},"14":{"start":{"line":138,"column":4},"end":{"line":138,"column":54}},"15":{"start":{"line":142,"column":22},"end":{"line":205,"column":1}},"16":{"start":{"line":143,"column":2},"end":{"line":143,"column":18}},"17":{"start":{"line":144,"column":2},"end":{"line":144,"column":20}},"18":{"start":{"line":146,"column":2},"end":{"line":149,"column":3}},"19":{"start":{"line":147,"column":4},"end":{"line":147,"column":72}},"20":{"start":{"line":148,"column":4},"end":{"line":148,"column":10}},"21":{"start":{"line":151,"column":2},"end":{"line":154,"column":3}},"22":{"start":{"line":152,"column":4},"end":{"line":152,"column":58}},"23":{"start":{"line":153,"column":4},"end":{"line":153,"column":10}},"24":{"start":{"line":156,"column":2},"end":{"line":156,"column":21}},"25":{"start":{"line":158,"column":2},"end":{"line":204,"column":3}},"26":{"start":{"line":159,"column":20},"end":{"line":159,"column":22}},"27":{"start":{"line":161,"column":4},"end":{"line":163,"column":5}},"28":{"start":{"line":162,"column":6},"end":{"line":162,"column":32}},"29":{"start":{"line":165,"column":4},"end":{"line":167,"column":5}},"30":{"start":{"line":166,"column":6},"end":{"line":166,"column":32}},"31":{"start":{"line":169,"column":4},"end":{"line":171,"column":5}},"32":{"start":{"line":170,"column":6},"end":{"line":170,"column":38}},"33":{"start":{"line":173,"column":4},"end":{"line":177,"column":5}},"34":{"start":{"line":174,"column":6},"end":{"line":174,"column":55}},"35":{"start":{"line":175,"column":6},"end":{"line":175,"column":26}},"36":{"start":{"line":176,"column":6},"end":{"line":176,"column":12}},"37":{"start":{"line":179,"column":16},"end":{"line":184,"column":6}},"38":{"start":{"line":186,"column":17},"end":{"line":186,"column":33}},"39":{"start":{"line":188,"column":4},"end":{"line":199,"column":5}},"40":{"start":{"line":189,"column":6},"end":{"line":189,"column":64}},"41":{"start":{"line":190,"column":6},"end":{"line":190,"column":30}},"42":{"start":{"line":191,"column":6},"end":{"line":191,"column":24}},"43":{"start":{"line":192,"column":6},"end":{"line":192,"column":31}},"44":{"start":{"line":194,"column":6},"end":{"line":196,"column":14}},"45":{"start":{"line":195,"column":8},"end":{"line":195,"column":23}},"46":{"start":{"line":198,"column":6},"end":{"line":198,"column":59}},"47":{"start":{"line":201,"column":4},"end":{"line":201,"column":50}},"48":{"start":{"line":203,"column":4},"end":{"line":203,"column":24}},"49":{"start":{"line":207,"column":0},"end":{"line":211,"column":2}},"50":{"start":{"line":208,"column":2},"end":{"line":210,"column":3}},"51":{"start":{"line":209,"column":4},"end":{"line":209,"column":22}},"52":{"start":{"line":2,"column":7},"end":{"line":2,"column":null}},"53":{"start":{"line":3,"column":9},"end":{"line":3,"column":null}},"54":{"start":{"line":14,"column":11},"end":{"line":14,"column":null}},"55":{"start":{"line":17,"column":13},"end":{"line":17,"column":null}},"56":{"start":{"line":29,"column":13},"end":{"line":29,"column":null}},"57":{"start":{"line":40,"column":13},"end":{"line":40,"column":null}},"58":{"start":{"line":53,"column":11},"end":{"line":53,"column":null}},"59":{"start":{"line":56,"column":13},"end":{"line":56,"column":null}},"60":{"start":{"line":89,"column":11},"end":{"line":89,"column":null}},"61":{"start":{"line":2,"column":2},"end":{"line":94,"column":null}},"62":{"start":{"line":5,"column":22},"end":{"line":5,"column":38}},"63":{"start":{"line":10,"column":22},"end":{"line":10,"column":38}},"64":{"start":{"line":21,"column":21},"end":{"line":21,"column":null}},"65":{"start":{"line":33,"column":21},"end":{"line":33,"column":null}},"66":{"start":{"line":44,"column":21},"end":{"line":44,"column":null}},"67":{"start":{"line":60,"column":21},"end":{"line":60,"column":null}},"68":{"start":{"line":73,"column":21},"end":{"line":73,"column":null}},"69":{"start":{"line":90,"column":38},"end":{"line":90,"column":54}}},"fnMap":{"0":{"name":"(anonymous_0)","decl":{"start":{"line":126,"column":25},"end":{"line":126,"column":30}},"loc":{"start":{"line":126,"column":37},"end":{"line":140,"column":1}},"line":126},"1":{"name":"(anonymous_1)","decl":{"start":{"line":142,"column":22},"end":{"line":142,"column":27}},"loc":{"start":{"line":142,"column":34},"end":{"line":205,"column":1}},"line":142},"2":{"name":"(anonymous_2)","decl":{"start":{"line":194,"column":17},"end":{"line":194,"column":18}},"loc":{"start":{"line":194,"column":23},"end":{"line":196,"column":7}},"line":194},"3":{"name":"(anonymous_3)","decl":{"start":{"line":207,"column":10},"end":{"line":207,"column":11}},"loc":{"start":{"line":207,"column":16},"end":{"line":211,"column":1}},"line":207},"4":{"name":"(anonymous_4)","decl":{"start":{"line":5,"column":20},"end":{"line":5,"column":22}},"loc":{"start":{"line":5,"column":22},"end":{"line":5,"column":38}},"line":5},"5":{"name":"(anonymous_5)","decl":{"start":{"line":10,"column":20},"end":{"line":10,"column":22}},"loc":{"start":{"line":10,"column":22},"end":{"line":10,"column":38}},"line":10},"6":{"name":"(anonymous_6)","decl":{"start":{"line":21,"column":21},"end":{"line":21,"column":32}},"loc":{"start":{"line":21,"column":21},"end":{"line":21,"column":null}},"line":21},"7":{"name":"(anonymous_7)","decl":{"start":{"line":33,"column":21},"end":{"line":33,"column":25}},"loc":{"start":{"line":33,"column":21},"end":{"line":33,"column":null}},"line":33},"8":{"name":"(anonymous_8)","decl":{"start":{"line":44,"column":21},"end":{"line":44,"column":25}},"loc":{"start":{"line":44,"column":21},"end":{"line":44,"column":null}},"line":44},"9":{"name":"(anonymous_9)","decl":{"start":{"line":60,"column":21},"end":{"line":60,"column":25}},"loc":{"start":{"line":60,"column":21},"end":{"line":60,"column":null}},"line":60},"10":{"name":"(anonymous_10)","decl":{"start":{"line":73,"column":21},"end":{"line":73,"column":25}},"loc":{"start":{"line":73,"column":21},"end":{"line":73,"column":null}},"line":73},"11":{"name":"(anonymous_11)","decl":{"start":{"line":90,"column":36},"end":{"line":90,"column":38}},"loc":{"start":{"line":90,"column":38},"end":{"line":90,"column":54}},"line":90}},"branchMap":{"0":{"loc":{"start":{"line":132,"column":4},"end":{"line":136,"column":5}},"type":"if","locations":[{"start":{"line":132,"column":4},"end":{"line":136,"column":5}},{"start":{},"end":{}}],"line":132},"1":{"loc":{"start":{"line":134,"column":19},"end":{"line":134,"column":48}},"type":"binary-expr","locations":[{"start":{"line":134,"column":19},"end":{"line":134,"column":42}},{"start":{"line":134,"column":46},"end":{"line":134,"column":48}}],"line":134},"2":{"loc":{"start":{"line":135,"column":19},"end":{"line":135,"column":48}},"type":"binary-expr","locations":[{"start":{"line":135,"column":19},"end":{"line":135,"column":42}},{"start":{"line":135,"column":46},"end":{"line":135,"column":48}}],"line":135},"3":{"loc":{"start":{"line":146,"column":2},"end":{"line":149,"column":3}},"type":"if","locations":[{"start":{"line":146,"column":2},"end":{"line":149,"column":3}},{"start":{},"end":{}}],"line":146},"4":{"loc":{"start":{"line":146,"column":6},"end":{"line":146,"column":48}},"type":"binary-expr","locations":[{"start":{"line":146,"column":6},"end":{"line":146,"column":19}},{"start":{"line":146,"column":23},"end":{"line":146,"column":48}}],"line":146},"5":{"loc":{"start":{"line":151,"column":2},"end":{"line":154,"column":3}},"type":"if","locations":[{"start":{"line":151,"column":2},"end":{"line":154,"column":3}},{"start":{},"end":{}}],"line":151},"6":{"loc":{"start":{"line":151,"column":6},"end":{"line":151,"column":61}},"type":"binary-expr","locations":[{"start":{"line":151,"column":6},"end":{"line":151,"column":19}},{"start":{"line":151,"column":23},"end":{"line":151,"column":61}}],"line":151},"7":{"loc":{"start":{"line":161,"column":4},"end":{"line":163,"column":5}},"type":"if","locations":[{"start":{"line":161,"column":4},"end":{"line":163,"column":5}},{"start":{},"end":{}}],"line":161},"8":{"loc":{"start":{"line":165,"column":4},"end":{"line":167,"column":5}},"type":"if","locations":[{"start":{"line":165,"column":4},"end":{"line":167,"column":5}},{"start":{},"end":{}}],"line":165},"9":{"loc":{"start":{"line":169,"column":4},"end":{"line":171,"column":5}},"type":"if","locations":[{"start":{"line":169,"column":4},"end":{"line":171,"column":5}},{"start":{},"end":{}}],"line":169},"10":{"loc":{"start":{"line":173,"column":4},"end":{"line":177,"column":5}},"type":"if","locations":[{"start":{"line":173,"column":4},"end":{"line":177,"column":5}},{"start":{},"end":{}}],"line":173},"11":{"loc":{"start":{"line":188,"column":4},"end":{"line":199,"column":5}},"type":"if","locations":[{"start":{"line":188,"column":4},"end":{"line":199,"column":5}},{"start":{"line":197,"column":11},"end":{"line":199,"column":5}}],"line":188},"12":{"loc":{"start":{"line":198,"column":20},"end":{"line":198,"column":59}},"type":"binary-expr","locations":[{"start":{"line":198,"column":20},"end":{"line":198,"column":30}},{"start":{"line":198,"column":34},"end":{"line":198,"column":59}}],"line":198},"13":{"loc":{"start":{"line":208,"column":2},"end":{"line":210,"column":3}},"type":"if","locations":[{"start":{"line":208,"column":2},"end":{"line":210,"column":3}},{"start":{},"end":{}}],"line":208},"14":{"loc":{"start":{"line":4,"column":6},"end":{"line":4,"column":38}},"type":"binary-expr","locations":[{"start":{"line":4,"column":6},"end":{"line":4,"column":10}},{"start":{"line":4,"column":6},"end":{"line":4,"column":38}}],"line":4},"15":{"loc":{"start":{"line":5,"column":20},"end":{"line":5,"column":38}},"type":"binary-expr","locations":[{"start":{"line":5,"column":20},"end":{"line":5,"column":22}},{"start":{"line":5,"column":20},"end":{"line":5,"column":38}}],"line":5},"16":{"loc":{"start":{"line":8,"column":15},"end":{"line":94,"column":null}},"type":"cond-expr","locations":[{"start":{"line":8,"column":4},"end":{"line":10,"column":73}},{"start":{"line":13,"column":4},"end":{"line":94,"column":null}}],"line":8},"17":{"loc":{"start":{"line":9,"column":6},"end":{"line":9,"column":80}},"type":"binary-expr","locations":[{"start":{"line":9,"column":6},"end":{"line":9,"column":9}},{"start":{"line":9,"column":6},"end":{"line":9,"column":80}}],"line":9},"18":{"loc":{"start":{"line":10,"column":20},"end":{"line":10,"column":38}},"type":"binary-expr","locations":[{"start":{"line":10,"column":20},"end":{"line":10,"column":22}},{"start":{"line":10,"column":20},"end":{"line":10,"column":38}}],"line":10},"19":{"loc":{"start":{"line":15,"column":8},"end":{"line":15,"column":42}},"type":"binary-expr","locations":[{"start":{"line":15,"column":8},"end":{"line":15,"column":12}},{"start":{"line":15,"column":8},"end":{"line":15,"column":42}}],"line":15},"20":{"loc":{"start":{"line":18,"column":10},"end":{"line":18,"column":57}},"type":"binary-expr","locations":[{"start":{"line":18,"column":10},"end":{"line":18,"column":17}},{"start":{"line":18,"column":10},"end":{"line":18,"column":57}}],"line":18},"21":{"loc":{"start":{"line":21,"column":21},"end":{"line":21,"column":null}},"type":"binary-expr","locations":[{"start":{"line":21,"column":21},"end":{"line":21,"column":32}},{"start":{"line":21,"column":21},"end":{"line":21,"column":null}}],"line":21},"22":{"loc":{"start":{"line":26,"column":10},"end":{"line":26,"column":85}},"type":"binary-expr","locations":[{"start":{"line":26,"column":10},"end":{"line":26,"column":15}},{"start":{"line":26,"column":10},"end":{"line":26,"column":85}}],"line":26},"23":{"loc":{"start":{"line":30,"column":10},"end":{"line":30,"column":42}},"type":"binary-expr","locations":[{"start":{"line":30,"column":10},"end":{"line":30,"column":17}},{"start":{"line":30,"column":10},"end":{"line":30,"column":42}}],"line":30},"24":{"loc":{"start":{"line":33,"column":21},"end":{"line":33,"column":null}},"type":"binary-expr","locations":[{"start":{"line":33,"column":21},"end":{"line":33,"column":25}},{"start":{"line":33,"column":21},"end":{"line":33,"column":null}}],"line":33},"25":{"loc":{"start":{"line":41,"column":10},"end":{"line":41,"column":46}},"type":"binary-expr","locations":[{"start":{"line":41,"column":10},"end":{"line":41,"column":17}},{"start":{"line":41,"column":10},"end":{"line":41,"column":46}}],"line":41},"26":{"loc":{"start":{"line":44,"column":21},"end":{"line":44,"column":null}},"type":"binary-expr","locations":[{"start":{"line":44,"column":21},"end":{"line":44,"column":25}},{"start":{"line":44,"column":21},"end":{"line":44,"column":null}}],"line":44},"27":{"loc":{"start":{"line":54,"column":8},"end":{"line":54,"column":40}},"type":"binary-expr","locations":[{"start":{"line":54,"column":8},"end":{"line":54,"column":12}},{"start":{"line":54,"column":8},"end":{"line":54,"column":40}}],"line":54},"28":{"loc":{"start":{"line":57,"column":10},"end":{"line":57,"column":72}},"type":"binary-expr","locations":[{"start":{"line":57,"column":10},"end":{"line":57,"column":17}},{"start":{"line":57,"column":10},"end":{"line":57,"column":72}}],"line":57},"29":{"loc":{"start":{"line":60,"column":21},"end":{"line":60,"column":null}},"type":"binary-expr","locations":[{"start":{"line":60,"column":21},"end":{"line":60,"column":25}},{"start":{"line":60,"column":21},"end":{"line":60,"column":null}}],"line":60},"30":{"loc":{"start":{"line":66,"column":10},"end":{"line":66,"column":90}},"type":"binary-expr","locations":[{"start":{"line":66,"column":10},"end":{"line":66,"column":15}},{"start":{"line":66,"column":10},"end":{"line":66,"column":90}}],"line":66},"31":{"loc":{"start":{"line":69,"column":19},"end":{"line":73,"column":null}},"type":"cond-expr","locations":[{"start":{"line":69,"column":8},"end":{"line":73,"column":null}}],"line":69},"32":{"loc":{"start":{"line":70,"column":10},"end":{"line":70,"column":80}},"type":"binary-expr","locations":[{"start":{"line":70,"column":10},"end":{"line":70,"column":17}},{"start":{"line":70,"column":10},"end":{"line":70,"column":80}}],"line":70},"33":{"loc":{"start":{"line":73,"column":21},"end":{"line":73,"column":null}},"type":"binary-expr","locations":[{"start":{"line":73,"column":21},"end":{"line":73,"column":25}},{"start":{"line":73,"column":21},"end":{"line":73,"column":null}}],"line":73},"34":{"loc":{"start":{"line":81,"column":17},"end":{"line":82,"column":null}},"type":"cond-expr","locations":[{"start":{"line":81,"column":6},"end":{"line":82,"column":null}}],"line":81},"35":{"loc":{"start":{"line":85,"column":17},"end":{"line":86,"column":null}},"type":"cond-expr","locations":[{"start":{"line":85,"column":6},"end":{"line":86,"column":null}}],"line":85},"36":{"loc":{"start":{"line":90,"column":36},"end":{"line":90,"column":54}},"type":"binary-expr","locations":[{"start":{"line":90,"column":36},"end":{"line":90,"column":38}},{"start":{"line":90,"column":36},"end":{"line":90,"column":54}}],"line":90},"37":{"loc":{"start":{"line":94,"column":13},"end":{"line":94,"column":null}},"type":"cond-expr","locations":[{"start":{"line":94,"column":19},"end":{"line":94,"column":null}},{"start":{"line":94,"column":19},"end":{"line":94,"column":null}}],"line":94}},"s":{"0":12,"1":12,"2":12,"3":12,"4":12,"5":12,"6":12,"7":12,"8":9,"9":9,"10":9,"11":9,"12":9,"13":9,"14":0,"15":12,"16":5,"17":5,"18":5,"19":1,"20":1,"21":4,"22":1,"23":1,"24":3,"25":3,"26":3,"27":3,"28":2,"29":3,"30":2,"31":3,"32":0,"33":3,"34":1,"35":1,"36":1,"37":2,"38":2,"39":2,"40":1,"41":1,"42":1,"43":1,"44":1,"45":0,"46":1,"47":0,"48":3,"49":12,"50":12,"51":9,"52":1,"53":1,"54":1,"55":1,"56":1,"57":1,"58":1,"59":1,"60":1,"61":31,"62":1,"63":1,"64":0,"65":2,"66":0,"67":2,"68":1,"69":0},"f":{"0":9,"1":5,"2":0,"3":12,"4":1,"5":1,"6":0,"7":2,"8":0,"9":2,"10":1,"11":0},"b":{"0":[9,0],"1":[9,0],"2":[9,2],"3":[1,4],"4":[5,2],"5":[1,3],"6":[4,1],"7":[2,1],"8":[2,1],"9":[0,3],"10":[1,2],"11":[1,1],"12":[1,0],"13":[9,3],"14":[31,12],"15":[31,12],"16":[3,28],"17":[3,3],"18":[3,3],"19":[28,9],"20":[28,9],"21":[28,9],"22":[28,9],"23":[28,9],"24":[28,9],"25":[28,9],"26":[28,9],"27":[28,9],"28":[28,9],"29":[28,9],"30":[28,9],"31":[5],"32":[5,2],"33":[5,2],"34":[4],"35":[1],"36":[28,9],"37":[2,26]},"meta":{"lastBranch":0,"lastFunction":0,"lastStatement":0,"seen":{}}}
,"C:\\Users\\elmaq\\OneDrive\\Documents\\apprentissage\\Projets\\SecByDesign\\Docker_SecByDesign\\frontend\\src\\components\\Login.vue": {"path":"C:\\Users\\elmaq\\OneDrive\\Documents\\apprentissage\\Projets\\SecByDesign\\Docker_SecByDesign\\frontend\\src\\components\\Login.vue","statementMap":{"0":{"start":{"line":51,"column":13},"end":{"line":51,"column":null}},"1":{"start":{"line":56,"column":6},"end":{"line":56,"column":null}},"2":{"start":{"line":57,"column":6},"end":{"line":57,"column":null}},"3":{"start":{"line":58,"column":6},"end":{"line":58,"column":null}},"4":{"start":{"line":59,"column":6},"end":{"line":59,"column":null}},"5":{"start":{"line":60,"column":6},"end":{"line":60,"column":null}},"6":{"start":{"line":62,"column":19},"end":{"line":68,"column":null}},"7":{"start":{"line":63,"column":2},"end":{"line":63,"column":null}},"8":{"start":{"line":64,"column":2},"end":{"line":64,"column":null}},"9":{"start":{"line":65,"column":2},"end":{"line":65,"column":null}},"10":{"start":{"line":66,"column":2},"end":{"line":66,"column":null}},"11":{"start":{"line":67,"column":2},"end":{"line":67,"column":null}},"12":{"start":{"line":70,"column":15},"end":{"line":106,"column":null}},"13":{"start":{"line":71,"column":2},"end":{"line":71,"column":null}},"14":{"start":{"line":72,"column":2},"end":{"line":72,"column":null}},"15":{"start":{"line":73,"column":2},"end":{"line":73,"column":null}},"16":{"start":{"line":75,"column":2},"end":{"line":79,"column":null}},"17":{"start":{"line":76,"column":4},"end":{"line":76,"column":null}},"18":{"start":{"line":77,"column":4},"end":{"line":77,"column":null}},"19":{"start":{"line":78,"column":4},"end":{"line":78,"column":null}},"20":{"start":{"line":81,"column":19},"end":{"line":81,"column":null}},"21":{"start":{"line":83,"column":2},"end":{"line":105,"column":null}},"22":{"start":{"line":84,"column":16},"end":{"line":89,"column":null}},"23":{"start":{"line":91,"column":17},"end":{"line":91,"column":null}},"24":{"start":{"line":93,"column":4},"end":{"line":93,"column":null}},"25":{"start":{"line":93,"column":17},"end":{"line":93,"column":null}},"26":{"start":{"line":95,"column":4},"end":{"line":100,"column":null}},"27":{"start":{"line":96,"column":6},"end":{"line":96,"column":null}},"28":{"start":{"line":97,"column":6},"end":{"line":97,"column":null}},"29":{"start":{"line":97,"column":25},"end":{"line":97,"column":47}},"30":{"start":{"line":99,"column":6},"end":{"line":99,"column":null}},"31":{"start":{"line":102,"column":4},"end":{"line":102,"column":null}},"32":{"start":{"line":104,"column":4},"end":{"line":104,"column":null}},"33":{"start":{"line":2,"column":7},"end":{"line":2,"column":null}},"34":{"start":{"line":6,"column":11},"end":{"line":6,"column":null}},"35":{"start":{"line":11,"column":11},"end":{"line":11,"column":null}},"36":{"start":{"line":39,"column":7},"end":{"line":39,"column":null}},"37":{"start":{"line":2,"column":2},"end":{"line":41,"column":null}},"38":{"start":{"line":8,"column":24},"end":{"line":8,"column":39}},"39":{"start":{"line":13,"column":24},"end":{"line":13,"column":39}},"40":{"start":{"line":18,"column":24},"end":{"line":18,"column":46}},"41":{"start":{"line":34,"column":34},"end":{"line":34,"column":60}}},"fnMap":{"0":{"name":"(anonymous_0)","decl":{"start":{"line":62,"column":19},"end":{"line":62,"column":25}},"loc":{"start":{"line":62,"column":25},"end":{"line":68,"column":null}},"line":62},"1":{"name":"(anonymous_1)","decl":{"start":{"line":70,"column":15},"end":{"line":70,"column":27}},"loc":{"start":{"line":70,"column":27},"end":{"line":106,"column":null}},"line":70},"2":{"name":"(anonymous_2)","decl":{"start":{"line":97,"column":17},"end":{"line":97,"column":23}},"loc":{"start":{"line":97,"column":23},"end":{"line":97,"column":50}},"line":97},"3":{"name":"(anonymous_3)","decl":{"start":{"line":8,"column":76},"end":{"line":8,"column":null}},"loc":{"start":{"line":8,"column":24},"end":{"line":8,"column":39}},"line":8},"4":{"name":"(anonymous_4)","decl":{"start":{"line":13,"column":81},"end":{"line":13,"column":null}},"loc":{"start":{"line":13,"column":24},"end":{"line":13,"column":39}},"line":13},"5":{"name":"(anonymous_5)","decl":{"start":{"line":18,"column":88},"end":{"line":18,"column":null}},"loc":{"start":{"line":18,"column":24},"end":{"line":18,"column":46}},"line":18},"6":{"name":"(anonymous_6)","decl":{"start":{"line":34,"column":24},"end":{"line":34,"column":34}},"loc":{"start":{"line":34,"column":34},"end":{"line":34,"column":60}},"line":34}},"branchMap":{"0":{"loc":{"start":{"line":75,"column":2},"end":{"line":79,"column":null}},"type":"if","locations":[{"start":{"line":75,"column":2},"end":{"line":79,"column":null}},{"start":{},"end":{}}],"line":75},"1":{"loc":{"start":{"line":75,"column":6},"end":{"line":75,"column":63}},"type":"binary-expr","locations":[{"start":{"line":75,"column":6},"end":{"line":75,"column":23}},{"start":{"line":75,"column":23},"end":{"line":75,"column":63}}],"line":75},"2":{"loc":{"start":{"line":81,"column":19},"end":{"line":81,"column":null}},"type":"cond-expr","locations":[{"start":{"line":81,"column":35},"end":{"line":81,"column":53}},{"start":{"line":81,"column":53},"end":{"line":81,"column":null}}],"line":81},"3":{"loc":{"start":{"line":93,"column":4},"end":{"line":93,"column":null}},"type":"if","locations":[{"start":{"line":93,"column":4},"end":{"line":93,"column":null}},{"start":{},"end":{}}],"line":93},"4":{"loc":{"start":{"line":93,"column":33},"end":{"line":93,"column":63}},"type":"binary-expr","locations":[{"start":{"line":93,"column":33},"end":{"line":93,"column":47}},{"start":{"line":93,"column":47},"end":{"line":93,"column":63}}],"line":93},"5":{"loc":{"start":{"line":95,"column":4},"end":{"line":100,"column":null}},"type":"if","locations":[{"start":{"line":95,"column":4},"end":{"line":100,"column":null}},{"start":{"line":98,"column":11},"end":{"line":100,"column":null}}],"line":95},"6":{"loc":{"start":{"line":102,"column":18},"end":{"line":102,"column":null}},"type":"binary-expr","locations":[{"start":{"line":102,"column":18},"end":{"line":102,"column":31}},{"start":{"line":102,"column":31},"end":{"line":102,"column":null}}],"line":102},"7":{"loc":{"start":{"line":3,"column":11},"end":{"line":3,"column":52}},"type":"cond-expr","locations":[{"start":{"line":3,"column":18},"end":{"line":3,"column":52}},{"start":{"line":3,"column":18},"end":{"line":3,"column":52}}],"line":3},"8":{"loc":{"start":{"line":9,"column":12},"end":{"line":7,"column":31}},"type":"binary-expr","locations":[{"start":{"line":9,"column":12},"end":{"line":9,"column":null}},{"start":{"line":9,"column":12},"end":{"line":7,"column":31}}],"line":9},"9":{"loc":{"start":{"line":8,"column":76},"end":{"line":8,"column":39}},"type":"binary-expr","locations":[{"start":{"line":8,"column":76},"end":{"line":8,"column":null}},{"start":{"line":8,"column":76},"end":{"line":8,"column":39}}],"line":8},"10":{"loc":{"start":{"line":14,"column":12},"end":{"line":12,"column":31}},"type":"binary-expr","locations":[{"start":{"line":14,"column":12},"end":{"line":14,"column":null}},{"start":{"line":14,"column":12},"end":{"line":12,"column":31}}],"line":14},"11":{"loc":{"start":{"line":13,"column":81},"end":{"line":13,"column":39}},"type":"binary-expr","locations":[{"start":{"line":13,"column":81},"end":{"line":13,"column":null}},{"start":{"line":13,"column":81},"end":{"line":13,"column":39}}],"line":13},"12":{"loc":{"start":{"line":16,"column":17},"end":{"line":18,"column":46}},"type":"cond-expr","locations":[{"start":{"line":16,"column":17},"end":{"line":18,"column":46}}],"line":16},"13":{"loc":{"start":{"line":19,"column":12},"end":{"line":17,"column":39}},"type":"binary-expr","locations":[{"start":{"line":19,"column":12},"end":{"line":19,"column":null}},{"start":{"line":19,"column":12},"end":{"line":17,"column":39}}],"line":19},"14":{"loc":{"start":{"line":18,"column":88},"end":{"line":18,"column":46}},"type":"binary-expr","locations":[{"start":{"line":18,"column":88},"end":{"line":18,"column":null}},{"start":{"line":18,"column":88},"end":{"line":18,"column":46}}],"line":18},"15":{"loc":{"start":{"line":21,"column":17},"end":{"line":23,"column":12}},"type":"cond-expr","locations":[{"start":{"line":21,"column":17},"end":{"line":23,"column":12}},{"start":{"line":23,"column":6},"end":{"line":23,"column":12}}],"line":21},"16":{"loc":{"start":{"line":25,"column":17},"end":{"line":25,"column":55}},"type":"cond-expr","locations":[{"start":{"line":25,"column":17},"end":{"line":25,"column":55}},{"start":{"line":25,"column":46},"end":{"line":25,"column":55}}],"line":25},"17":{"loc":{"start":{"line":26,"column":17},"end":{"line":26,"column":61}},"type":"cond-expr","locations":[{"start":{"line":26,"column":17},"end":{"line":26,"column":61}},{"start":{"line":26,"column":52},"end":{"line":26,"column":61}}],"line":26},"18":{"loc":{"start":{"line":29,"column":11},"end":{"line":29,"column":null}},"type":"cond-expr","locations":[{"start":{"line":29,"column":18},"end":{"line":29,"column":null}},{"start":{"line":29,"column":18},"end":{"line":29,"column":null}}],"line":29},"19":{"loc":{"start":{"line":33,"column":14},"end":{"line":36,"column":10}},"type":"cond-expr","locations":[{"start":{"line":33,"column":14},"end":{"line":36,"column":10}},{"start":{"line":36,"column":6},"end":{"line":36,"column":10}}],"line":33},"20":{"loc":{"start":{"line":34,"column":24},"end":{"line":34,"column":60}},"type":"binary-expr","locations":[{"start":{"line":34,"column":24},"end":{"line":34,"column":34}},{"start":{"line":34,"column":24},"end":{"line":34,"column":60}}],"line":34},"21":{"loc":{"start":{"line":41,"column":11},"end":{"line":41,"column":null}},"type":"cond-expr","locations":[{"start":{"line":41,"column":18},"end":{"line":41,"column":null}},{"start":{"line":41,"column":18},"end":{"line":41,"column":null}}],"line":41}},"s":{"0":11,"1":11,"2":11,"3":11,"4":11,"5":11,"6":11,"7":5,"8":5,"9":5,"10":5,"11":5,"12":11,"13":5,"14":5,"15":5,"16":5,"17":1,"18":1,"19":1,"20":4,"21":5,"22":5,"23":2,"24":2,"25":2,"26":1,"27":0,"28":0,"29":0,"30":1,"31":2,"32":3,"33":1,"34":1,"35":1,"36":1,"37":35,"38":5,"39":5,"40":1,"41":1},"f":{"0":5,"1":5,"2":0,"3":5,"4":5,"5":1,"6":1},"b":{"0":[1,4],"1":[5,1],"2":[0,4],"3":[1,1],"4":[1,0],"5":[0,1],"6":[2,0],"7":[8,27],"8":[35,11],"9":[35,11],"10":[35,11],"11":[35,11],"12":[8],"13":[8,4],"14":[8,4],"15":[8,27],"16":[3,32],"17":[0,35],"18":[8,27],"19":[27,8],"20":[27,11],"21":[8,27]},"meta":{"lastBranch":22,"lastFunction":7,"lastStatement":42,"seen":{"s:51:13:51:Infinity":0,"s:56:6:56:Infinity":1,"s:57:6:57:Infinity":2,"s:58:6:58:Infinity":3,"s:59:6:59:Infinity":4,"s:60:6:60:Infinity":5,"s:62:19:68:Infinity":6,"f:62:19:62:25":0,"s:63:2:63:Infinity":7,"s:64:2:64:Infinity":8,"s:65:2:65:Infinity":9,"s:66:2:66:Infinity":10,"s:67:2:67:Infinity":11,"s:70:15:106:Infinity":12,"f:70:15:70:27":1,"s:71:2:71:Infinity":13,"s:72:2:72:Infinity":14,"s:73:2:73:Infinity":15,"b:75:2:79:Infinity:undefined:undefined:undefined:undefined":0,"s:75:2:79:Infinity":16,"b:75:6:75:23:75:23:75:63":1,"s:76:4:76:Infinity":17,"s:77:4:77:Infinity":18,"s:78:4:78:Infinity":19,"s:81:19:81:Infinity":20,"b:81:35:81:53:81:53:81:Infinity":2,"s:83:2:105:Infinity":21,"s:84:16:89:Infinity":22,"s:91:17:91:Infinity":23,"b:93:4:93:Infinity:undefined:undefined:undefined:undefined":3,"s:93:4:93:Infinity":24,"s:93:17:93:Infinity":25,"b:93:33:93:47:93:47:93:63":4,"b:95:4:100:Infinity:98:11:100:Infinity":5,"s:95:4:100:Infinity":26,"s:96:6:96:Infinity":27,"s:97:6:97:Infinity":28,"f:97:17:97:23":2,"s:97:25:97:47":29,"s:99:6:99:Infinity":30,"s:102:4:102:Infinity":31,"b:102:18:102:31:102:31:102:Infinity":6,"s:104:4:104:Infinity":32,"s:2:7:2:Infinity":33,"s:6:11:6:Infinity":34,"s:11:11:11:Infinity":35,"s:39:7:39:Infinity":36,"s:2:2:41:Infinity":37,"b:3:18:3:52:3:18:3:52":7,"b:9:12:9:Infinity:9:12:7:31":8,"b:8:76:8:Infinity:8:76:8:39":9,"f:8:76:8:Infinity":3,"s:8:24:8:39":38,"b:14:12:14:Infinity:14:12:12:31":10,"b:13:81:13:Infinity:13:81:13:39":11,"f:13:81:13:Infinity":4,"s:13:24:13:39":39,"b:16:17:18:46":12,"b:19:12:19:Infinity:19:12:17:39":13,"b:18:88:18:Infinity:18:88:18:46":14,"f:18:88:18:Infinity":5,"s:18:24:18:46":40,"b:21:17:23:12:23:6:23:12":15,"b:25:17:25:55:25:46:25:55":16,"b:26:17:26:61:26:52:26:61":17,"b:29:18:29:Infinity:29:18:29:Infinity":18,"b:33:14:36:10:36:6:36:10":19,"b:34:24:34:34:34:24:34:60":20,"f:34:24:34:34":6,"s:34:34:34:60":41,"b:41:18:41:Infinity:41:18:41:Infinity":21}}}
,"C:\\Users\\elmaq\\OneDrive\\Documents\\apprentissage\\Projets\\SecByDesign\\Docker_SecByDesign\\frontend\\src\\components\\NoteCard.vue": {"path":"C:\\Users\\elmaq\\OneDrive\\Documents\\apprentissage\\Projets\\SecByDesign\\Docker_SecByDesign\\frontend\\src\\components\\NoteCard.vue","statementMap":{"0":{"start":{"line":66,"column":14},"end":{"line":66,"column":null}},"1":{"start":{"line":73,"column":13},"end":{"line":73,"column":45}},"2":{"start":{"line":75,"column":19},"end":{"line":79,"column":2}},"3":{"start":{"line":76,"column":2},"end":{"line":76,"column":39}},"4":{"start":{"line":76,"column":28},"end":{"line":76,"column":39}},"5":{"start":{"line":77,"column":2},"end":{"line":77,"column":39}},"6":{"start":{"line":77,"column":28},"end":{"line":77,"column":39}},"7":{"start":{"line":78,"column":2},"end":{"line":78,"column":13}},"8":{"start":{"line":81,"column":21},"end":{"line":83,"column":2}},"9":{"start":{"line":82,"column":2},"end":{"line":82,"column":108}},"10":{"start":{"line":85,"column":18},"end":{"line":90,"column":2}},"11":{"start":{"line":86,"column":2},"end":{"line":86,"column":52}},"12":{"start":{"line":86,"column":27},"end":{"line":86,"column":52}},"13":{"start":{"line":87,"column":20},"end":{"line":87,"column":23}},"14":{"start":{"line":88,"column":2},"end":{"line":88,"column":71}},"15":{"start":{"line":88,"column":46},"end":{"line":88,"column":71}},"16":{"start":{"line":89,"column":2},"end":{"line":89,"column":59}},"17":{"start":{"line":92,"column":19},"end":{"line":100,"column":2}},"18":{"start":{"line":93,"column":13},"end":{"line":93,"column":15}},"19":{"start":{"line":94,"column":2},"end":{"line":98,"column":3}},"20":{"start":{"line":95,"column":4},"end":{"line":95,"column":26}},"21":{"start":{"line":96,"column":9},"end":{"line":98,"column":3}},"22":{"start":{"line":97,"column":4},"end":{"line":97,"column":28}},"23":{"start":{"line":99,"column":2},"end":{"line":99,"column":25}},"24":{"start":{"line":102,"column":21},"end":{"line":107,"column":2}},"25":{"start":{"line":103,"column":14},"end":{"line":103,"column":15}},"26":{"start":{"line":104,"column":2},"end":{"line":105,"column":62}},"27":{"start":{"line":104,"column":23},"end":{"line":104,"column":53}},"28":{"start":{"line":105,"column":7},"end":{"line":105,"column":62}},"29":{"start":{"line":105,"column":30},"end":{"line":105,"column":62}},"30":{"start":{"line":106,"column":2},"end":{"line":106,"column":31}},"31":{"start":{"line":109,"column":20},"end":{"line":113,"column":1}},"32":{"start":{"line":110,"column":2},"end":{"line":110,"column":55}},"33":{"start":{"line":110,"column":34},"end":{"line":110,"column":55}},"34":{"start":{"line":111,"column":2},"end":{"line":111,"column":48}},"35":{"start":{"line":111,"column":17},"end":{"line":111,"column":48}},"36":{"start":{"line":112,"column":2},"end":{"line":112,"column":18}},"37":{"start":{"line":115,"column":19},"end":{"line":130,"column":1}},"38":{"start":{"line":116,"column":15},"end":{"line":116,"column":35}},"39":{"start":{"line":117,"column":14},"end":{"line":117,"column":24}},"40":{"start":{"line":118,"column":17},"end":{"line":118,"column":27}},"41":{"start":{"line":119,"column":19},"end":{"line":119,"column":45}},"42":{"start":{"line":120,"column":20},"end":{"line":120,"column":48}},"43":{"start":{"line":121,"column":19},"end":{"line":121,"column":48}},"44":{"start":{"line":123,"column":2},"end":{"line":123,"column":40}},"45":{"start":{"line":123,"column":20},"end":{"line":123,"column":40}},"46":{"start":{"line":124,"column":2},"end":{"line":124,"column":81}},"47":{"start":{"line":124,"column":21},"end":{"line":124,"column":81}},"48":{"start":{"line":125,"column":2},"end":{"line":125,"column":83}},"49":{"start":{"line":125,"column":22},"end":{"line":125,"column":83}},"50":{"start":{"line":126,"column":2},"end":{"line":126,"column":35}},"51":{"start":{"line":126,"column":22},"end":{"line":126,"column":35}},"52":{"start":{"line":127,"column":2},"end":{"line":127,"column":53}},"53":{"start":{"line":127,"column":20},"end":{"line":127,"column":53}},"54":{"start":{"line":129,"column":2},"end":{"line":129,"column":94}},"55":{"start":{"line":133,"column":17},"end":{"line":136,"column":1}},"56":{"start":{"line":134,"column":2},"end":{"line":134,"column":32}},"57":{"start":{"line":134,"column":21},"end":{"line":134,"column":32}},"58":{"start":{"line":135,"column":2},"end":{"line":135,"column":49}},"59":{"start":{"line":135,"column":32},"end":{"line":135,"column":48}},"60":{"start":{"line":138,"column":21},"end":{"line":148,"column":1}},"61":{"start":{"line":139,"column":4},"end":{"line":139,"column":26}},"62":{"start":{"line":139,"column":17},"end":{"line":139,"column":26}},"63":{"start":{"line":140,"column":4},"end":{"line":147,"column":5}},"64":{"start":{"line":141,"column":23},"end":{"line":141,"column":54}},"65":{"start":{"line":142,"column":26},"end":{"line":142,"column":56}},"66":{"start":{"line":143,"column":23},"end":{"line":143,"column":54}},"67":{"start":{"line":144,"column":21},"end":{"line":144,"column":39}},"68":{"start":{"line":145,"column":20},"end":{"line":145,"column":35}},"69":{"start":{"line":146,"column":17},"end":{"line":146,"column":35}},"70":{"start":{"line":150,"column":27},"end":{"line":150,"column":40}},"71":{"start":{"line":2,"column":7},"end":{"line":2,"column":null}},"72":{"start":{"line":3,"column":9},"end":{"line":3,"column":null}},"73":{"start":{"line":4,"column":11},"end":{"line":4,"column":null}},"74":{"start":{"line":5,"column":14},"end":{"line":5,"column":35}},"75":{"start":{"line":6,"column":12},"end":{"line":6,"column":34}},"76":{"start":{"line":8,"column":11},"end":{"line":8,"column":null}},"77":{"start":{"line":9,"column":14},"end":{"line":9,"column":29}},"78":{"start":{"line":11,"column":14},"end":{"line":11,"column":30}},"79":{"start":{"line":15,"column":9},"end":{"line":15,"column":null}},"80":{"start":{"line":39,"column":9},"end":{"line":39,"column":null}},"81":{"start":{"line":40,"column":11},"end":{"line":40,"column":null}},"82":{"start":{"line":46,"column":14},"end":{"line":46,"column":27}},"83":{"start":{"line":47,"column":14},"end":{"line":47,"column":27}},"84":{"start":{"line":49,"column":11},"end":{"line":49,"column":null}},"85":{"start":{"line":2,"column":2},"end":{"line":55,"column":17}},"86":{"start":{"line":21,"column":6},"end":{"line":22,"column":null}},"87":{"start":{"line":28,"column":6},"end":{"line":34,"column":null}},"88":{"start":{"line":50,"column":24},"end":{"line":50,"column":48}},"89":{"start":{"line":53,"column":24},"end":{"line":53,"column":51}}},"fnMap":{"0":{"name":"(anonymous_0)","decl":{"start":{"line":75,"column":29},"end":{"line":75,"column":30}},"loc":{"start":{"line":75,"column":35},"end":{"line":79,"column":1}},"line":75},"1":{"name":"(anonymous_1)","decl":{"start":{"line":81,"column":31},"end":{"line":81,"column":32}},"loc":{"start":{"line":81,"column":37},"end":{"line":83,"column":1}},"line":81},"2":{"name":"(anonymous_2)","decl":{"start":{"line":85,"column":28},"end":{"line":85,"column":29}},"loc":{"start":{"line":85,"column":34},"end":{"line":90,"column":1}},"line":85},"3":{"name":"(anonymous_3)","decl":{"start":{"line":92,"column":29},"end":{"line":92,"column":30}},"loc":{"start":{"line":92,"column":35},"end":{"line":100,"column":1}},"line":92},"4":{"name":"(anonymous_4)","decl":{"start":{"line":102,"column":31},"end":{"line":102,"column":32}},"loc":{"start":{"line":102,"column":37},"end":{"line":107,"column":1}},"line":102},"5":{"name":"(anonymous_5)","decl":{"start":{"line":109,"column":20},"end":{"line":109,"column":21}},"loc":{"start":{"line":109,"column":29},"end":{"line":113,"column":1}},"line":109},"6":{"name":"(anonymous_6)","decl":{"start":{"line":115,"column":19},"end":{"line":115,"column":20}},"loc":{"start":{"line":115,"column":35},"end":{"line":130,"column":1}},"line":115},"7":{"name":"(anonymous_7)","decl":{"start":{"line":133,"column":17},"end":{"line":133,"column":18}},"loc":{"start":{"line":133,"column":27},"end":{"line":136,"column":1}},"line":133},"8":{"name":"(anonymous_8)","decl":{"start":{"line":135,"column":27},"end":{"line":135,"column":28}},"loc":{"start":{"line":135,"column":32},"end":{"line":135,"column":48}},"line":135},"9":{"name":"(anonymous_9)","decl":{"start":{"line":138,"column":21},"end":{"line":138,"column":22}},"loc":{"start":{"line":138,"column":33},"end":{"line":148,"column":1}},"line":138},"10":{"name":"(anonymous_10)","decl":{"start":{"line":21,"column":48},"end":{"line":21,"column":51}},"loc":{"start":{"line":21,"column":31},"end":{"line":22,"column":null}},"line":21},"11":{"name":"(anonymous_11)","decl":{"start":{"line":29,"column":33},"end":{"line":29,"column":null}},"loc":{"start":{"line":29,"column":18},"end":{"line":34,"column":null}},"line":29},"12":{"name":"(anonymous_12)","decl":{"start":{"line":50,"column":22},"end":{"line":50,"column":24}},"loc":{"start":{"line":50,"column":24},"end":{"line":50,"column":48}},"line":50},"13":{"name":"(anonymous_13)","decl":{"start":{"line":53,"column":22},"end":{"line":53,"column":24}},"loc":{"start":{"line":53,"column":24},"end":{"line":53,"column":51}},"line":53}},"branchMap":{"0":{"loc":{"start":{"line":76,"column":2},"end":{"line":76,"column":39}},"type":"if","locations":[{"start":{"line":76,"column":2},"end":{"line":76,"column":39}},{"start":{},"end":{}}],"line":76},"1":{"loc":{"start":{"line":77,"column":2},"end":{"line":77,"column":39}},"type":"if","locations":[{"start":{"line":77,"column":2},"end":{"line":77,"column":39}},{"start":{},"end":{}}],"line":77},"2":{"loc":{"start":{"line":82,"column":9},"end":{"line":82,"column":108}},"type":"binary-expr","locations":[{"start":{"line":82,"column":9},"end":{"line":82,"column":31}},{"start":{"line":82,"column":35},"end":{"line":82,"column":54}},{"start":{"line":82,"column":58},"end":{"line":82,"column":83}},{"start":{"line":82,"column":87},"end":{"line":82,"column":108}}],"line":82},"3":{"loc":{"start":{"line":86,"column":2},"end":{"line":86,"column":52}},"type":"if","locations":[{"start":{"line":86,"column":2},"end":{"line":86,"column":52}},{"start":{},"end":{}}],"line":86},"4":{"loc":{"start":{"line":88,"column":2},"end":{"line":88,"column":71}},"type":"if","locations":[{"start":{"line":88,"column":2},"end":{"line":88,"column":71}},{"start":{},"end":{}}],"line":88},"5":{"loc":{"start":{"line":94,"column":2},"end":{"line":98,"column":3}},"type":"if","locations":[{"start":{"line":94,"column":2},"end":{"line":98,"column":3}},{"start":{"line":96,"column":9},"end":{"line":98,"column":3}}],"line":94},"6":{"loc":{"start":{"line":94,"column":6},"end":{"line":94,"column":51}},"type":"binary-expr","locations":[{"start":{"line":94,"column":6},"end":{"line":94,"column":21}},{"start":{"line":94,"column":25},"end":{"line":94,"column":51}}],"line":94},"7":{"loc":{"start":{"line":96,"column":9},"end":{"line":98,"column":3}},"type":"if","locations":[{"start":{"line":96,"column":9},"end":{"line":98,"column":3}},{"start":{},"end":{}}],"line":96},"8":{"loc":{"start":{"line":96,"column":13},"end":{"line":96,"column":62}},"type":"binary-expr","locations":[{"start":{"line":96,"column":13},"end":{"line":96,"column":30}},{"start":{"line":96,"column":34},"end":{"line":96,"column":62}}],"line":96},"9":{"loc":{"start":{"line":104,"column":2},"end":{"line":105,"column":62}},"type":"if","locations":[{"start":{"line":104,"column":2},"end":{"line":105,"column":62}},{"start":{"line":105,"column":7},"end":{"line":105,"column":62}}],"line":104},"10":{"loc":{"start":{"line":105,"column":7},"end":{"line":105,"column":62}},"type":"if","locations":[{"start":{"line":105,"column":7},"end":{"line":105,"column":62}},{"start":{},"end":{}}],"line":105},"11":{"loc":{"start":{"line":110,"column":2},"end":{"line":110,"column":55}},"type":"if","locations":[{"start":{"line":110,"column":2},"end":{"line":110,"column":55}},{"start":{},"end":{}}],"line":110},"12":{"loc":{"start":{"line":110,"column":6},"end":{"line":110,"column":32}},"type":"binary-expr","locations":[{"start":{"line":110,"column":6},"end":{"line":110,"column":14}},{"start":{"line":110,"column":18},"end":{"line":110,"column":32}}],"line":110},"13":{"loc":{"start":{"line":111,"column":2},"end":{"line":111,"column":48}},"type":"if","locations":[{"start":{"line":111,"column":2},"end":{"line":111,"column":48}},{"start":{},"end":{}}],"line":111},"14":{"loc":{"start":{"line":123,"column":2},"end":{"line":123,"column":40}},"type":"if","locations":[{"start":{"line":123,"column":2},"end":{"line":123,"column":40}},{"start":{},"end":{}}],"line":123},"15":{"loc":{"start":{"line":124,"column":2},"end":{"line":124,"column":81}},"type":"if","locations":[{"start":{"line":124,"column":2},"end":{"line":124,"column":81}},{"start":{},"end":{}}],"line":124},"16":{"loc":{"start":{"line":124,"column":56},"end":{"line":124,"column":79}},"type":"cond-expr","locations":[{"start":{"line":124,"column":71},"end":{"line":124,"column":74}},{"start":{"line":124,"column":77},"end":{"line":124,"column":79}}],"line":124},"17":{"loc":{"start":{"line":125,"column":2},"end":{"line":125,"column":83}},"type":"if","locations":[{"start":{"line":125,"column":2},"end":{"line":125,"column":83}},{"start":{},"end":{}}],"line":125},"18":{"loc":{"start":{"line":125,"column":57},"end":{"line":125,"column":81}},"type":"cond-expr","locations":[{"start":{"line":125,"column":73},"end":{"line":125,"column":76}},{"start":{"line":125,"column":79},"end":{"line":125,"column":81}}],"line":125},"19":{"loc":{"start":{"line":126,"column":2},"end":{"line":126,"column":35}},"type":"if","locations":[{"start":{"line":126,"column":2},"end":{"line":126,"column":35}},{"start":{},"end":{}}],"line":126},"20":{"loc":{"start":{"line":127,"column":2},"end":{"line":127,"column":53}},"type":"if","locations":[{"start":{"line":127,"column":2},"end":{"line":127,"column":53}},{"start":{},"end":{}}],"line":127},"21":{"loc":{"start":{"line":134,"column":2},"end":{"line":134,"column":32}},"type":"if","locations":[{"start":{"line":134,"column":2},"end":{"line":134,"column":32}},{"start":{},"end":{}}],"line":134},"22":{"loc":{"start":{"line":139,"column":4},"end":{"line":139,"column":26}},"type":"if","locations":[{"start":{"line":139,"column":4},"end":{"line":139,"column":26}},{"start":{},"end":{}}],"line":139},"23":{"loc":{"start":{"line":140,"column":4},"end":{"line":147,"column":5}},"type":"switch","locations":[{"start":{"line":141,"column":8},"end":{"line":141,"column":54}},{"start":{"line":142,"column":8},"end":{"line":142,"column":56}},{"start":{"line":143,"column":8},"end":{"line":143,"column":54}},{"start":{"line":144,"column":8},"end":{"line":144,"column":39}},{"start":{"line":145,"column":8},"end":{"line":145,"column":35}},{"start":{"line":146,"column":8},"end":{"line":146,"column":35}}],"line":140},"24":{"loc":{"start":{"line":10,"column":8},"end":{"line":10,"column":40}},"type":"binary-expr","locations":[{"start":{"line":10,"column":8},"end":{"line":10,"column":14}},{"start":{"line":10,"column":8},"end":{"line":10,"column":40}}],"line":10},"25":{"loc":{"start":{"line":19,"column":15},"end":{"line":22,"column":null}},"type":"cond-expr","locations":[{"start":{"line":19,"column":4},"end":{"line":22,"column":null}}],"line":19},"26":{"loc":{"start":{"line":19,"column":15},"end":{"line":19,"column":75}},"type":"binary-expr","locations":[{"start":{"line":19,"column":15},"end":{"line":19,"column":27}},{"start":{"line":19,"column":31},"end":{"line":19,"column":59}},{"start":{"line":19,"column":50},"end":{"line":19,"column":75}}],"line":19},"27":{"loc":{"start":{"line":20,"column":6},"end":{"line":20,"column":49}},"type":"binary-expr","locations":[{"start":{"line":20,"column":6},"end":{"line":20,"column":12}},{"start":{"line":20,"column":6},"end":{"line":20,"column":49}}],"line":20},"28":{"loc":{"start":{"line":26,"column":16},"end":{"line":36,"column":82}},"type":"cond-expr","locations":[{"start":{"line":26,"column":4},"end":{"line":36,"column":82}}],"line":26},"29":{"loc":{"start":{"line":26,"column":16},"end":{"line":26,"column":95}},"type":"binary-expr","locations":[{"start":{"line":26,"column":16},"end":{"line":26,"column":25}},{"start":{"line":26,"column":29},"end":{"line":26,"column":55}},{"start":{"line":26,"column":55},"end":{"line":26,"column":66}},{"start":{"line":26,"column":70},"end":{"line":26,"column":95}}],"line":26},"30":{"loc":{"start":{"line":27,"column":6},"end":{"line":27,"column":40}},"type":"binary-expr","locations":[{"start":{"line":27,"column":6},"end":{"line":27,"column":12}},{"start":{"line":27,"column":6},"end":{"line":27,"column":40}}],"line":27},"31":{"loc":{"start":{"line":30,"column":14},"end":{"line":30,"column":32}},"type":"binary-expr","locations":[{"start":{"line":30,"column":14},"end":{"line":30,"column":20}},{"start":{"line":30,"column":24},"end":{"line":30,"column":32}}],"line":30},"32":{"loc":{"start":{"line":36,"column":18},"end":{"line":36,"column":82}},"type":"cond-expr","locations":[{"start":{"line":36,"column":6},"end":{"line":36,"column":82}}],"line":36},"33":{"loc":{"start":{"line":43,"column":27},"end":{"line":43,"column":null}},"type":"binary-expr","locations":[{"start":{"line":43,"column":27},"end":{"line":43,"column":44}},{"start":{"line":43,"column":44},"end":{"line":43,"column":null}}],"line":43},"34":{"loc":{"start":{"line":44,"column":29},"end":{"line":44,"column":null}},"type":"binary-expr","locations":[{"start":{"line":44,"column":29},"end":{"line":44,"column":48}},{"start":{"line":44,"column":48},"end":{"line":44,"column":null}}],"line":44},"35":{"loc":{"start":{"line":46,"column":33},"end":{"line":46,"column":59}},"type":"binary-expr","locations":[{"start":{"line":46,"column":33},"end":{"line":46,"column":51}},{"start":{"line":46,"column":51},"end":{"line":46,"column":59}}],"line":46},"36":{"loc":{"start":{"line":47,"column":34},"end":{"line":47,"column":57}},"type":"binary-expr","locations":[{"start":{"line":47,"column":34},"end":{"line":47,"column":49}},{"start":{"line":47,"column":49},"end":{"line":47,"column":57}}],"line":47},"37":{"loc":{"start":{"line":50,"column":22},"end":{"line":50,"column":48}},"type":"binary-expr","locations":[{"start":{"line":50,"column":22},"end":{"line":50,"column":24}},{"start":{"line":50,"column":22},"end":{"line":50,"column":48}}],"line":50},"38":{"loc":{"start":{"line":53,"column":22},"end":{"line":53,"column":51}},"type":"binary-expr","locations":[{"start":{"line":53,"column":22},"end":{"line":53,"column":24}},{"start":{"line":53,"column":22},"end":{"line":53,"column":51}}],"line":53}},"s":{"0":5,"1":5,"2":5,"3":5,"4":0,"5":5,"6":0,"7":5,"8":5,"9":5,"10":5,"11":5,"12":0,"13":5,"14":5,"15":5,"16":0,"17":5,"18":5,"19":5,"20":5,"21":0,"22":0,"23":5,"24":5,"25":5,"26":5,"27":5,"28":0,"29":0,"30":5,"31":5,"32":5,"33":5,"34":0,"35":0,"36":0,"37":5,"38":5,"39":5,"40":5,"41":5,"42":5,"43":5,"44":5,"45":5,"46":0,"47":0,"48":0,"49":0,"50":0,"51":0,"52":0,"53":0,"54":0,"55":5,"56":5,"57":0,"58":5,"59":9,"60":5,"61":1,"62":0,"63":1,"64":1,"65":0,"66":0,"67":0,"68":0,"69":0,"70":5,"71":1,"72":1,"73":1,"74":1,"75":1,"76":1,"77":1,"78":1,"79":1,"80":1,"81":1,"82":1,"83":1,"84":1,"85":5,"86":1,"87":5,"88":0,"89":0},"f":{"0":5,"1":5,"2":5,"3":5,"4":5,"5":5,"6":5,"7":5,"8":9,"9":1,"10":1,"11":5,"12":0,"13":0},"b":{"0":[0,5],"1":[0,5],"2":[5,5,5,0],"3":[0,5],"4":[5,0],"5":[5,0],"6":[5,5],"7":[0,0],"8":[0,0],"9":[5,0],"10":[0,0],"11":[5,0],"12":[5,5],"13":[0,0],"14":[5,0],"15":[0,0],"16":[0,0],"17":[0,0],"18":[0,0],"19":[0,0],"20":[0,0],"21":[0,5],"22":[0,1],"23":[1,0,0,0,0,0],"24":[5,5],"25":[1],"26":[5,5,5],"27":[1,1],"28":[5],"29":[5,5,0,0],"30":[5,5],"31":[5,0],"32":[0],"33":[5,5],"34":[5,5],"35":[5,5],"36":[5,5],"37":[5,5],"38":[5,5]},"meta":{"lastBranch":0,"lastFunction":0,"lastStatement":0,"seen":{}}}
,"C:\\Users\\elmaq\\OneDrive\\Documents\\apprentissage\\Projets\\SecByDesign\\Docker_SecByDesign\\frontend\\src\\components\\Reactions.vue": {"path":"C:\\Users\\elmaq\\OneDrive\\Documents\\apprentissage\\Projets\\SecByDesign\\Docker_SecByDesign\\frontend\\src\\components\\Reactions.vue","statementMap":{"0":{"start":{"line":27,"column":14},"end":{"line":27,"column":null}},"1":{"start":{"line":42,"column":20},"end":{"line":42,"column":30}},"2":{"start":{"line":43,"column":15},"end":{"line":43,"column":41}},"3":{"start":{"line":44,"column":17},"end":{"line":44,"column":45}},"4":{"start":{"line":47,"column":26},"end":{"line":60,"column":1}},"5":{"start":{"line":48,"column":2},"end":{"line":59,"column":3}},"6":{"start":{"line":49,"column":16},"end":{"line":51,"column":6}},"7":{"start":{"line":53,"column":4},"end":{"line":56,"column":5}},"8":{"start":{"line":54,"column":19},"end":{"line":54,"column":35}},"9":{"start":{"line":55,"column":6},"end":{"line":55,"column":40}},"10":{"start":{"line":58,"column":4},"end":{"line":58,"column":55}},"11":{"start":{"line":63,"column":23},"end":{"line":113,"column":1}},"12":{"start":{"line":64,"column":27},"end":{"line":64,"column":45}},"13":{"start":{"line":65,"column":26},"end":{"line":65,"column":39}},"14":{"start":{"line":66,"column":28},"end":{"line":66,"column":43}},"15":{"start":{"line":69,"column":2},"end":{"line":87,"column":3}},"16":{"start":{"line":71,"column":4},"end":{"line":71,"column":29}},"17":{"start":{"line":72,"column":4},"end":{"line":73,"column":26}},"18":{"start":{"line":72,"column":23},"end":{"line":72,"column":38}},"19":{"start":{"line":73,"column":9},"end":{"line":73,"column":26}},"20":{"start":{"line":74,"column":9},"end":{"line":87,"column":3}},"21":{"start":{"line":76,"column":4},"end":{"line":76,"column":29}},"22":{"start":{"line":77,"column":4},"end":{"line":78,"column":26}},"23":{"start":{"line":77,"column":23},"end":{"line":77,"column":38}},"24":{"start":{"line":78,"column":9},"end":{"line":78,"column":26}},"25":{"start":{"line":81,"column":4},"end":{"line":82,"column":26}},"26":{"start":{"line":81,"column":35},"end":{"line":81,"column":50}},"27":{"start":{"line":82,"column":9},"end":{"line":82,"column":26}},"28":{"start":{"line":84,"column":4},"end":{"line":84,"column":29}},"29":{"start":{"line":85,"column":4},"end":{"line":86,"column":26}},"30":{"start":{"line":85,"column":23},"end":{"line":85,"column":38}},"31":{"start":{"line":86,"column":9},"end":{"line":86,"column":26}},"32":{"start":{"line":89,"column":2},"end":{"line":112,"column":3}},"33":{"start":{"line":90,"column":16},"end":{"line":95,"column":6}},"34":{"start":{"line":97,"column":4},"end":{"line":105,"column":5}},"35":{"start":{"line":99,"column":6},"end":{"line":99,"column":43}},"36":{"start":{"line":100,"column":6},"end":{"line":100,"column":37}},"37":{"start":{"line":101,"column":6},"end":{"line":101,"column":41}},"38":{"start":{"line":103,"column":19},"end":{"line":103,"column":35}},"39":{"start":{"line":104,"column":6},"end":{"line":104,"column":59}},"40":{"start":{"line":108,"column":4},"end":{"line":108,"column":41}},"41":{"start":{"line":109,"column":4},"end":{"line":109,"column":35}},"42":{"start":{"line":110,"column":4},"end":{"line":110,"column":39}},"43":{"start":{"line":111,"column":4},"end":{"line":111,"column":50}},"44":{"start":{"line":115,"column":0},"end":{"line":117,"column":2}},"45":{"start":{"line":116,"column":2},"end":{"line":116,"column":21}},"46":{"start":{"line":2,"column":7},"end":{"line":2,"column":null}},"47":{"start":{"line":9,"column":15},"end":{"line":9,"column":32}},"48":{"start":{"line":18,"column":15},"end":{"line":18,"column":32}},"49":{"start":{"line":2,"column":2},"end":{"line":18,"column":51}},"50":{"start":{"line":4,"column":14},"end":{"line":4,"column":null}},"51":{"start":{"line":13,"column":14},"end":{"line":13,"column":null}}},"fnMap":{"0":{"name":"(anonymous_0)","decl":{"start":{"line":47,"column":26},"end":{"line":47,"column":31}},"loc":{"start":{"line":47,"column":38},"end":{"line":60,"column":1}},"line":47},"1":{"name":"(anonymous_1)","decl":{"start":{"line":63,"column":23},"end":{"line":63,"column":28}},"loc":{"start":{"line":63,"column":39},"end":{"line":113,"column":1}},"line":63},"2":{"name":"(anonymous_2)","decl":{"start":{"line":115,"column":10},"end":{"line":115,"column":11}},"loc":{"start":{"line":115,"column":16},"end":{"line":117,"column":1}},"line":115},"3":{"name":"(anonymous_3)","decl":{"start":{"line":4,"column":12},"end":{"line":4,"column":14}},"loc":{"start":{"line":4,"column":14},"end":{"line":4,"column":null}},"line":4},"4":{"name":"(anonymous_4)","decl":{"start":{"line":13,"column":12},"end":{"line":13,"column":14}},"loc":{"start":{"line":13,"column":14},"end":{"line":13,"column":null}},"line":13}},"branchMap":{"0":{"loc":{"start":{"line":53,"column":4},"end":{"line":56,"column":5}},"type":"if","locations":[{"start":{"line":53,"column":4},"end":{"line":56,"column":5}},{"start":{},"end":{}}],"line":53},"1":{"loc":{"start":{"line":69,"column":2},"end":{"line":87,"column":3}},"type":"if","locations":[{"start":{"line":69,"column":2},"end":{"line":87,"column":3}},{"start":{"line":74,"column":9},"end":{"line":87,"column":3}}],"line":69},"2":{"loc":{"start":{"line":72,"column":4},"end":{"line":73,"column":26}},"type":"if","locations":[{"start":{"line":72,"column":4},"end":{"line":73,"column":26}},{"start":{"line":73,"column":9},"end":{"line":73,"column":26}}],"line":72},"3":{"loc":{"start":{"line":74,"column":9},"end":{"line":87,"column":3}},"type":"if","locations":[{"start":{"line":74,"column":9},"end":{"line":87,"column":3}},{"start":{"line":79,"column":9},"end":{"line":87,"column":3}}],"line":74},"4":{"loc":{"start":{"line":77,"column":4},"end":{"line":78,"column":26}},"type":"if","locations":[{"start":{"line":77,"column":4},"end":{"line":78,"column":26}},{"start":{"line":78,"column":9},"end":{"line":78,"column":26}}],"line":77},"5":{"loc":{"start":{"line":81,"column":4},"end":{"line":82,"column":26}},"type":"if","locations":[{"start":{"line":81,"column":4},"end":{"line":82,"column":26}},{"start":{"line":82,"column":9},"end":{"line":82,"column":26}}],"line":81},"6":{"loc":{"start":{"line":85,"column":4},"end":{"line":86,"column":26}},"type":"if","locations":[{"start":{"line":85,"column":4},"end":{"line":86,"column":26}},{"start":{"line":86,"column":9},"end":{"line":86,"column":26}}],"line":85},"7":{"loc":{"start":{"line":97,"column":4},"end":{"line":105,"column":5}},"type":"if","locations":[{"start":{"line":97,"column":4},"end":{"line":105,"column":5}},{"start":{},"end":{}}],"line":97},"8":{"loc":{"start":{"line":4,"column":12},"end":{"line":4,"column":null}},"type":"binary-expr","locations":[{"start":{"line":4,"column":12},"end":{"line":4,"column":14}},{"start":{"line":4,"column":12},"end":{"line":4,"column":null}}],"line":4},"9":{"loc":{"start":{"line":8,"column":5},"end":{"line":9,"column":15}},"type":"binary-expr","locations":[{"start":{"line":8,"column":5},"end":{"line":8,"column":null}},{"start":{"line":8,"column":5},"end":{"line":9,"column":15}}],"line":8},"10":{"loc":{"start":{"line":13,"column":12},"end":{"line":13,"column":null}},"type":"binary-expr","locations":[{"start":{"line":13,"column":12},"end":{"line":13,"column":14}},{"start":{"line":13,"column":12},"end":{"line":13,"column":null}}],"line":13},"11":{"loc":{"start":{"line":17,"column":5},"end":{"line":18,"column":15}},"type":"binary-expr","locations":[{"start":{"line":17,"column":5},"end":{"line":17,"column":null}},{"start":{"line":17,"column":5},"end":{"line":18,"column":15}}],"line":17}},"s":{"0":16,"1":16,"2":16,"3":16,"4":16,"5":16,"6":16,"7":11,"8":11,"9":11,"10":5,"11":16,"12":5,"13":5,"14":5,"15":5,"16":1,"17":1,"18":1,"19":0,"20":4,"21":3,"22":3,"23":2,"24":1,"25":1,"26":1,"27":0,"28":1,"29":1,"30":0,"31":1,"32":5,"33":5,"34":5,"35":1,"36":1,"37":1,"38":1,"39":1,"40":0,"41":0,"42":0,"43":0,"44":16,"45":16,"46":2,"47":2,"48":2,"49":26,"50":3,"51":2},"f":{"0":16,"1":5,"2":16,"3":3,"4":2},"b":{"0":[11,0],"1":[1,4],"2":[1,0],"3":[3,1],"4":[2,1],"5":[1,0],"6":[0,1],"7":[1,4],"8":[26,16],"9":[26,16],"10":[26,16],"11":[26,16]},"meta":{"lastBranch":12,"lastFunction":5,"lastStatement":52,"seen":{"s:27:14:27:Infinity":0,"s:42:20:42:30":1,"s:43:15:43:41":2,"s:44:17:44:45":3,"s:47:26:60:1":4,"f:47:26:47:31":0,"s:48:2:59:3":5,"s:49:16:51:6":6,"b:53:4:56:5:undefined:undefined:undefined:undefined":0,"s:53:4:56:5":7,"s:54:19:54:35":8,"s:55:6:55:40":9,"s:58:4:58:55":10,"s:63:23:113:1":11,"f:63:23:63:28":1,"s:64:27:64:45":12,"s:65:26:65:39":13,"s:66:28:66:43":14,"b:69:2:87:3:74:9:87:3":1,"s:69:2:87:3":15,"s:71:4:71:29":16,"b:72:4:73:26:73:9:73:26":2,"s:72:4:73:26":17,"s:72:23:72:38":18,"s:73:9:73:26":19,"b:74:9:87:3:79:9:87:3":3,"s:74:9:87:3":20,"s:76:4:76:29":21,"b:77:4:78:26:78:9:78:26":4,"s:77:4:78:26":22,"s:77:23:77:38":23,"s:78:9:78:26":24,"b:81:4:82:26:82:9:82:26":5,"s:81:4:82:26":25,"s:81:35:81:50":26,"s:82:9:82:26":27,"s:84:4:84:29":28,"b:85:4:86:26:86:9:86:26":6,"s:85:4:86:26":29,"s:85:23:85:38":30,"s:86:9:86:26":31,"s:89:2:112:3":32,"s:90:16:95:6":33,"b:97:4:105:5:undefined:undefined:undefined:undefined":7,"s:97:4:105:5":34,"s:99:6:99:43":35,"s:100:6:100:37":36,"s:101:6:101:41":37,"s:103:19:103:35":38,"s:104:6:104:59":39,"s:108:4:108:41":40,"s:109:4:109:35":41,"s:110:4:110:39":42,"s:111:4:111:50":43,"s:115:0:117:2":44,"f:115:10:115:11":2,"s:116:2:116:21":45,"s:2:7:2:Infinity":46,"s:9:15:9:32":47,"s:18:15:18:32":48,"s:2:2:18:51":49,"b:4:12:4:14:4:12:4:Infinity":8,"f:4:12:4:14":3,"s:4:14:4:Infinity":50,"b:8:5:8:Infinity:8:5:9:15":9,"b:13:12:13:14:13:12:13:Infinity":10,"f:13:12:13:14":4,"s:13:14:13:Infinity":51,"b:17:5:17:Infinity:17:5:18:15":11}}}
,"C:\\Users\\elmaq\\OneDrive\\Documents\\apprentissage\\Projets\\SecByDesign\\Docker_SecByDesign\\frontend\\src\\config\\api.ts": {"path":"C:\\Users\\elmaq\\OneDrive\\Documents\\apprentissage\\Projets\\SecByDesign\\Docker_SecByDesign\\frontend\\src\\config\\api.ts","statementMap":{"0":{"start":{"line":16,"column":6},"end":{"line":36,"column":null}},"1":{"start":{"line":18,"column":2},"end":{"line":19,"column":null}},"2":{"start":{"line":19,"column":4},"end":{"line":19,"column":null}},"3":{"start":{"line":23,"column":2},"end":{"line":27,"column":null}},"4":{"start":{"line":24,"column":21},"end":{"line":24,"column":null}},"5":{"start":{"line":25,"column":17},"end":{"line":25,"column":null}},"6":{"start":{"line":26,"column":17},"end":{"line":26,"column":null}},"7":{"start":{"line":27,"column":4},"end":{"line":27,"column":null}},"8":{"start":{"line":32,"column":19},"end":{"line":32,"column":null}},"9":{"start":{"line":33,"column":19},"end":{"line":33,"column":null}},"10":{"start":{"line":34,"column":18},"end":{"line":34,"column":null}},"11":{"start":{"line":36,"column":2},"end":{"line":36,"column":null}},"12":{"start":{"line":39,"column":28},"end":{"line":39,"column":43}},"13":{"start":{"line":40,"column":31},"end":{"line":40,"column":null}},"14":{"start":{"line":42,"column":0},"end":{"line":42,"column":null}}},"fnMap":{"0":{"name":"(anonymous_0)","decl":{"start":{"line":16,"column":6},"end":{"line":16,"column":28}},"loc":{"start":{"line":16,"column":28},"end":{"line":36,"column":null}},"line":16}},"branchMap":{"0":{"loc":{"start":{"line":18,"column":2},"end":{"line":19,"column":null}},"type":"if","locations":[{"start":{"line":18,"column":2},"end":{"line":19,"column":null}},{"start":{},"end":{}}],"line":18},"1":{"loc":{"start":{"line":23,"column":2},"end":{"line":27,"column":null}},"type":"if","locations":[{"start":{"line":23,"column":2},"end":{"line":27,"column":null}},{"start":{},"end":{}}],"line":23},"2":{"loc":{"start":{"line":24,"column":21},"end":{"line":24,"column":null}},"type":"binary-expr","locations":[{"start":{"line":24,"column":21},"end":{"line":24,"column":58}},{"start":{"line":24,"column":58},"end":{"line":24,"column":null}}],"line":24},"3":{"loc":{"start":{"line":26,"column":17},"end":{"line":26,"column":null}},"type":"binary-expr","locations":[{"start":{"line":26,"column":17},"end":{"line":26,"column":50}},{"start":{"line":26,"column":50},"end":{"line":26,"column":null}}],"line":26},"4":{"loc":{"start":{"line":34,"column":18},"end":{"line":34,"column":null}},"type":"binary-expr","locations":[{"start":{"line":34,"column":18},"end":{"line":34,"column":51}},{"start":{"line":34,"column":51},"end":{"line":34,"column":null}}],"line":34}},"s":{"0":4,"1":4,"2":0,"3":4,"4":0,"5":0,"6":0,"7":0,"8":4,"9":4,"10":4,"11":4,"12":4,"13":4,"14":4},"f":{"0":4},"b":{"0":[0,4],"1":[0,4],"2":[0,0],"3":[0,0],"4":[4,4]},"meta":{"lastBranch":5,"lastFunction":1,"lastStatement":15,"seen":{"s:16:6:36:Infinity":0,"f:16:6:16:28":0,"b:18:2:19:Infinity:undefined:undefined:undefined:undefined":0,"s:18:2:19:Infinity":1,"s:19:4:19:Infinity":2,"b:23:2:27:Infinity:undefined:undefined:undefined:undefined":1,"s:23:2:27:Infinity":3,"s:24:21:24:Infinity":4,"b:24:21:24:58:24:58:24:Infinity":2,"s:25:17:25:Infinity":5,"s:26:17:26:Infinity":6,"b:26:17:26:50:26:50:26:Infinity":3,"s:27:4:27:Infinity":7,"s:32:19:32:Infinity":8,"s:33:19:33:Infinity":9,"s:34:18:34:Infinity":10,"b:34:18:34:51:34:51:34:Infinity":4,"s:36:2:36:Infinity":11,"s:39:28:39:43":12,"s:40:31:40:Infinity":13,"s:42:0:42:Infinity":14}}}
,"C:\\Users\\elmaq\\OneDrive\\Documents\\apprentissage\\Projets\\SecByDesign\\Docker_SecByDesign\\frontend\\src\\stores\\auth.ts": {"path":"C:\\Users\\elmaq\\OneDrive\\Documents\\apprentissage\\Projets\\SecByDesign\\Docker_SecByDesign\\frontend\\src\\stores\\auth.ts","statementMap":{"0":{"start":{"line":5,"column":13},"end":{"line":32,"column":null}},"1":{"start":{"line":6,"column":8},"end":{"line":6,"column":37}},"2":{"start":{"line":8,"column":8},"end":{"line":8,"column":54}},"3":{"start":{"line":8,"column":41},"end":{"line":8,"column":54}},"4":{"start":{"line":9,"column":8},"end":{"line":9,"column":69}},"5":{"start":{"line":9,"column":33},"end":{"line":9,"column":69}},"6":{"start":{"line":10,"column":8},"end":{"line":10,"column":73}},"7":{"start":{"line":10,"column":35},"end":{"line":10,"column":73}},"8":{"start":{"line":11,"column":8},"end":{"line":11,"column":73}},"9":{"start":{"line":11,"column":35},"end":{"line":11,"column":73}},"10":{"start":{"line":14,"column":6},"end":{"line":14,"column":null}},"11":{"start":{"line":18,"column":6},"end":{"line":18,"column":null}},"12":{"start":{"line":23,"column":2},"end":{"line":31,"column":null}}},"fnMap":{"0":{"name":"(anonymous_0)","decl":{"start":{"line":5,"column":40},"end":{"line":5,"column":54}},"loc":{"start":{"line":5,"column":54},"end":{"line":32,"column":null}},"line":5},"1":{"name":"(anonymous_1)","decl":{"start":{"line":8,"column":26},"end":{"line":8,"column":41}},"loc":{"start":{"line":8,"column":41},"end":{"line":8,"column":54}},"line":8},"2":{"name":"(anonymous_2)","decl":{"start":{"line":9,"column":18},"end":{"line":9,"column":33}},"loc":{"start":{"line":9,"column":33},"end":{"line":9,"column":69}},"line":9},"3":{"name":"(anonymous_3)","decl":{"start":{"line":10,"column":20},"end":{"line":10,"column":35}},"loc":{"start":{"line":10,"column":35},"end":{"line":10,"column":73}},"line":10},"4":{"name":"(anonymous_4)","decl":{"start":{"line":11,"column":20},"end":{"line":11,"column":35}},"loc":{"start":{"line":11,"column":35},"end":{"line":11,"column":73}},"line":11},"5":{"name":"setUser","decl":{"start":{"line":13,"column":11},"end":{"line":13,"column":19}},"loc":{"start":{"line":13,"column":41},"end":{"line":14,"column":null}},"line":13},"6":{"name":"logout","decl":{"start":{"line":17,"column":11},"end":{"line":17,"column":20}},"loc":{"start":{"line":17,"column":20},"end":{"line":18,"column":null}},"line":17}},"branchMap":{},"s":{"0":1,"1":9,"2":9,"3":2,"4":9,"5":2,"6":9,"7":1,"8":9,"9":1,"10":7,"11":1,"12":9},"f":{"0":9,"1":2,"2":2,"3":1,"4":1,"5":7,"6":1},"b":{},"meta":{"lastBranch":0,"lastFunction":7,"lastStatement":13,"seen":{"s:5:13:32:Infinity":0,"f:5:40:5:54":0,"s:6:8:6:37":1,"s:8:8:8:54":2,"f:8:26:8:41":1,"s:8:41:8:54":3,"s:9:8:9:69":4,"f:9:18:9:33":2,"s:9:33:9:69":5,"s:10:8:10:73":6,"f:10:20:10:35":3,"s:10:35:10:73":7,"s:11:8:11:73":8,"f:11:20:11:35":4,"s:11:35:11:73":9,"f:13:11:13:19":5,"s:14:6:14:Infinity":10,"f:17:11:17:20":6,"s:18:6:18:Infinity":11,"s:23:2:31:Infinity":12}}}
,"C:\\Users\\elmaq\\OneDrive\\Documents\\apprentissage\\Projets\\SecByDesign\\Docker_SecByDesign\\frontend\\src\\stores\\feed.ts": {"path":"C:\\Users\\elmaq\\OneDrive\\Documents\\apprentissage\\Projets\\SecByDesign\\Docker_SecByDesign\\frontend\\src\\stores\\feed.ts","statementMap":{"0":{"start":{"line":7,"column":13},"end":{"line":82,"column":null}},"1":{"start":{"line":8,"column":8},"end":{"line":8,"column":31}},"2":{"start":{"line":9,"column":8},"end":{"line":9,"column":28}},"3":{"start":{"line":10,"column":8},"end":{"line":10,"column":40}},"4":{"start":{"line":11,"column":8},"end":{"line":11,"column":21}},"5":{"start":{"line":12,"column":8},"end":{"line":12,"column":22}},"6":{"start":{"line":13,"column":8},"end":{"line":13,"column":27}},"7":{"start":{"line":15,"column":8},"end":{"line":18,"column":4}},"8":{"start":{"line":20,"column":20},"end":{"line":64,"column":null}},"9":{"start":{"line":21,"column":4},"end":{"line":24,"column":null}},"10":{"start":{"line":22,"column":6},"end":{"line":22,"column":null}},"11":{"start":{"line":23,"column":6},"end":{"line":23,"column":null}},"12":{"start":{"line":24,"column":6},"end":{"line":24,"column":null}},"13":{"start":{"line":27,"column":4},"end":{"line":27,"column":null}},"14":{"start":{"line":27,"column":34},"end":{"line":27,"column":null}},"15":{"start":{"line":29,"column":4},"end":{"line":29,"column":null}},"16":{"start":{"line":30,"column":4},"end":{"line":30,"column":null}},"17":{"start":{"line":32,"column":4},"end":{"line":64,"column":null}},"18":{"start":{"line":33,"column":21},"end":{"line":33,"column":42}},"19":{"start":{"line":34,"column":6},"end":{"line":34,"column":null}},"20":{"start":{"line":35,"column":6},"end":{"line":35,"column":null}},"21":{"start":{"line":37,"column":6},"end":{"line":38,"column":null}},"22":{"start":{"line":38,"column":8},"end":{"line":38,"column":null}},"23":{"start":{"line":41,"column":6},"end":{"line":41,"column":null}},"24":{"start":{"line":41,"column":26},"end":{"line":41,"column":null}},"25":{"start":{"line":43,"column":18},"end":{"line":45,"column":8}},"26":{"start":{"line":47,"column":6},"end":{"line":47,"column":null}},"27":{"start":{"line":47,"column":19},"end":{"line":47,"column":null}},"28":{"start":{"line":49,"column":19},"end":{"line":49,"column":35}},"29":{"start":{"line":51,"column":6},"end":{"line":54,"column":null}},"30":{"start":{"line":52,"column":8},"end":{"line":52,"column":null}},"31":{"start":{"line":54,"column":8},"end":{"line":54,"column":null}},"32":{"start":{"line":57,"column":6},"end":{"line":57,"column":null}},"33":{"start":{"line":58,"column":6},"end":{"line":58,"column":null}},"34":{"start":{"line":59,"column":6},"end":{"line":59,"column":null}},"35":{"start":{"line":59,"column":25},"end":{"line":59,"column":null}},"36":{"start":{"line":62,"column":6},"end":{"line":62,"column":null}},"37":{"start":{"line":64,"column":6},"end":{"line":64,"column":null}},"38":{"start":{"line":68,"column":8},"end":{"line":70,"column":null}},"39":{"start":{"line":69,"column":4},"end":{"line":69,"column":null}},"40":{"start":{"line":70,"column":4},"end":{"line":70,"column":null}},"41":{"start":{"line":73,"column":2},"end":{"line":81,"column":null}}},"fnMap":{"0":{"name":"(anonymous_0)","decl":{"start":{"line":7,"column":40},"end":{"line":7,"column":54}},"loc":{"start":{"line":7,"column":54},"end":{"line":82,"column":null}},"line":7},"1":{"name":"(anonymous_1)","decl":{"start":{"line":20,"column":20},"end":{"line":20,"column":27}},"loc":{"start":{"line":20,"column":45},"end":{"line":64,"column":null}},"line":20},"2":{"name":"(anonymous_2)","decl":{"start":{"line":68,"column":8},"end":{"line":68,"column":21}},"loc":{"start":{"line":68,"column":62},"end":{"line":70,"column":null}},"line":68}},"branchMap":{"0":{"loc":{"start":{"line":20,"column":27},"end":{"line":20,"column":45}},"type":"default-arg","locations":[{"start":{"line":20,"column":35},"end":{"line":20,"column":45}}],"line":20},"1":{"loc":{"start":{"line":21,"column":4},"end":{"line":24,"column":null}},"type":"if","locations":[{"start":{"line":21,"column":4},"end":{"line":24,"column":null}},{"start":{},"end":{}}],"line":21},"2":{"loc":{"start":{"line":27,"column":4},"end":{"line":27,"column":null}},"type":"if","locations":[{"start":{"line":27,"column":4},"end":{"line":27,"column":null}},{"start":{},"end":{}}],"line":27},"3":{"loc":{"start":{"line":27,"column":8},"end":{"line":27,"column":34}},"type":"binary-expr","locations":[{"start":{"line":27,"column":8},"end":{"line":27,"column":26}},{"start":{"line":27,"column":26},"end":{"line":27,"column":34}}],"line":27},"4":{"loc":{"start":{"line":37,"column":6},"end":{"line":38,"column":null}},"type":"if","locations":[{"start":{"line":37,"column":6},"end":{"line":38,"column":null}},{"start":{},"end":{}}],"line":37},"5":{"loc":{"start":{"line":41,"column":6},"end":{"line":41,"column":null}},"type":"if","locations":[{"start":{"line":41,"column":6},"end":{"line":41,"column":null}},{"start":{},"end":{}}],"line":41},"6":{"loc":{"start":{"line":47,"column":6},"end":{"line":47,"column":null}},"type":"if","locations":[{"start":{"line":47,"column":6},"end":{"line":47,"column":null}},{"start":{},"end":{}}],"line":47},"7":{"loc":{"start":{"line":51,"column":6},"end":{"line":54,"column":null}},"type":"if","locations":[{"start":{"line":51,"column":6},"end":{"line":54,"column":null}},{"start":{"line":53,"column":13},"end":{"line":54,"column":null}}],"line":51},"8":{"loc":{"start":{"line":59,"column":6},"end":{"line":59,"column":null}},"type":"if","locations":[{"start":{"line":59,"column":6},"end":{"line":59,"column":null}},{"start":{},"end":{}}],"line":59}},"s":{"0":1,"1":11,"2":11,"3":11,"4":11,"5":11,"6":11,"7":11,"8":11,"9":13,"10":2,"11":2,"12":2,"13":13,"14":1,"15":12,"16":12,"17":12,"18":12,"19":12,"20":12,"21":12,"22":1,"23":12,"24":12,"25":12,"26":12,"27":1,"28":11,"29":11,"30":2,"31":9,"32":11,"33":11,"34":11,"35":8,"36":1,"37":12,"38":11,"39":1,"40":1,"41":11},"f":{"0":11,"1":13,"2":1},"b":{"0":[13],"1":[2,11],"2":[1,12],"3":[13,1],"4":[1,11],"5":[2,10],"6":[1,11],"7":[2,9],"8":[8,3]},"meta":{"lastBranch":9,"lastFunction":3,"lastStatement":42,"seen":{"s:7:13:82:Infinity":0,"f:7:40:7:54":0,"s:8:8:8:31":1,"s:9:8:9:28":2,"s:10:8:10:40":3,"s:11:8:11:21":4,"s:12:8:12:22":5,"s:13:8:13:27":6,"s:15:8:18:4":7,"s:20:20:64:Infinity":8,"f:20:20:20:27":1,"b:20:35:20:45":0,"b:21:4:24:Infinity:undefined:undefined:undefined:undefined":1,"s:21:4:24:Infinity":9,"s:22:6:22:Infinity":10,"s:23:6:23:Infinity":11,"s:24:6:24:Infinity":12,"b:27:4:27:Infinity:undefined:undefined:undefined:undefined":2,"s:27:4:27:Infinity":13,"b:27:8:27:26:27:26:27:34":3,"s:27:34:27:Infinity":14,"s:29:4:29:Infinity":15,"s:30:4:30:Infinity":16,"s:32:4:64:Infinity":17,"s:33:21:33:42":18,"s:34:6:34:Infinity":19,"s:35:6:35:Infinity":20,"b:37:6:38:Infinity:undefined:undefined:undefined:undefined":4,"s:37:6:38:Infinity":21,"s:38:8:38:Infinity":22,"b:41:6:41:Infinity:undefined:undefined:undefined:undefined":5,"s:41:6:41:Infinity":23,"s:41:26:41:Infinity":24,"s:43:18:45:8":25,"b:47:6:47:Infinity:undefined:undefined:undefined:undefined":6,"s:47:6:47:Infinity":26,"s:47:19:47:Infinity":27,"s:49:19:49:35":28,"b:51:6:54:Infinity:53:13:54:Infinity":7,"s:51:6:54:Infinity":29,"s:52:8:52:Infinity":30,"s:54:8:54:Infinity":31,"s:57:6:57:Infinity":32,"s:58:6:58:Infinity":33,"b:59:6:59:Infinity:undefined:undefined:undefined:undefined":8,"s:59:6:59:Infinity":34,"s:59:25:59:Infinity":35,"s:62:6:62:Infinity":36,"s:64:6:64:Infinity":37,"s:68:8:70:Infinity":38,"f:68:8:68:21":2,"s:69:4:69:Infinity":39,"s:70:4:70:Infinity":40,"s:73:2:81:Infinity":41}}}
,"C:\\Users\\elmaq\\OneDrive\\Documents\\apprentissage\\Projets\\SecByDesign\\Docker_SecByDesign\\frontend\\src\\stores\\note.ts": {"path":"C:\\Users\\elmaq\\OneDrive\\Documents\\apprentissage\\Projets\\SecByDesign\\Docker_SecByDesign\\frontend\\src\\stores\\note.ts","statementMap":{"0":{"start":{"line":7,"column":13},"end":{"line":143,"column":null}},"1":{"start":{"line":8,"column":8},"end":{"line":8,"column":31}},"2":{"start":{"line":9,"column":8},"end":{"line":9,"column":28}},"3":{"start":{"line":10,"column":8},"end":{"line":10,"column":40}},"4":{"start":{"line":14,"column":4},"end":{"line":14,"column":null}},"5":{"start":{"line":15,"column":4},"end":{"line":15,"column":null}},"6":{"start":{"line":16,"column":4},"end":{"line":26,"column":null}},"7":{"start":{"line":17,"column":18},"end":{"line":17,"column":85}},"8":{"start":{"line":18,"column":6},"end":{"line":18,"column":null}},"9":{"start":{"line":18,"column":19},"end":{"line":18,"column":null}},"10":{"start":{"line":19,"column":19},"end":{"line":19,"column":35}},"11":{"start":{"line":21,"column":6},"end":{"line":21,"column":null}},"12":{"start":{"line":21,"column":30},"end":{"line":21,"column":63}},"13":{"start":{"line":23,"column":6},"end":{"line":23,"column":null}},"14":{"start":{"line":24,"column":6},"end":{"line":24,"column":null}},"15":{"start":{"line":26,"column":6},"end":{"line":26,"column":null}},"16":{"start":{"line":31,"column":4},"end":{"line":31,"column":null}},"17":{"start":{"line":32,"column":4},"end":{"line":51,"column":null}},"18":{"start":{"line":33,"column":18},"end":{"line":38,"column":8}},"19":{"start":{"line":39,"column":6},"end":{"line":41,"column":null}},"20":{"start":{"line":40,"column":21},"end":{"line":40,"column":37}},"21":{"start":{"line":41,"column":8},"end":{"line":41,"column":null}},"22":{"start":{"line":43,"column":22},"end":{"line":43,"column":38}},"23":{"start":{"line":44,"column":12},"end":{"line":44,"column":58}},"24":{"start":{"line":45,"column":6},"end":{"line":45,"column":null}},"25":{"start":{"line":46,"column":6},"end":{"line":46,"column":null}},"26":{"start":{"line":48,"column":6},"end":{"line":48,"column":null}},"27":{"start":{"line":49,"column":6},"end":{"line":49,"column":null}},"28":{"start":{"line":51,"column":6},"end":{"line":51,"column":null}},"29":{"start":{"line":56,"column":4},"end":{"line":76,"column":null}},"30":{"start":{"line":57,"column":18},"end":{"line":62,"column":8}},"31":{"start":{"line":63,"column":6},"end":{"line":65,"column":null}},"32":{"start":{"line":64,"column":21},"end":{"line":64,"column":37}},"33":{"start":{"line":65,"column":8},"end":{"line":65,"column":null}},"34":{"start":{"line":67,"column":26},"end":{"line":67,"column":42}},"35":{"start":{"line":68,"column":20},"end":{"line":68,"column":59}},"36":{"start":{"line":68,"column":47},"end":{"line":68,"column":59}},"37":{"start":{"line":69,"column":6},"end":{"line":71,"column":null}},"38":{"start":{"line":71,"column":8},"end":{"line":71,"column":null}},"39":{"start":{"line":73,"column":6},"end":{"line":73,"column":null}},"40":{"start":{"line":75,"column":6},"end":{"line":75,"column":null}},"41":{"start":{"line":76,"column":6},"end":{"line":76,"column":null}},"42":{"start":{"line":81,"column":4},"end":{"line":90,"column":null}},"43":{"start":{"line":82,"column":18},"end":{"line":85,"column":8}},"44":{"start":{"line":86,"column":6},"end":{"line":86,"column":null}},"45":{"start":{"line":86,"column":19},"end":{"line":86,"column":null}},"46":{"start":{"line":87,"column":6},"end":{"line":87,"column":null}},"47":{"start":{"line":87,"column":44},"end":{"line":87,"column":56}},"48":{"start":{"line":89,"column":6},"end":{"line":89,"column":null}},"49":{"start":{"line":90,"column":6},"end":{"line":90,"column":null}},"50":{"start":{"line":95,"column":4},"end":{"line":106,"column":null}},"51":{"start":{"line":96,"column":18},"end":{"line":96,"column":104}},"52":{"start":{"line":97,"column":6},"end":{"line":103,"column":null}},"53":{"start":{"line":98,"column":25},"end":{"line":98,"column":41}},"54":{"start":{"line":99,"column":21},"end":{"line":99,"column":59}},"55":{"start":{"line":99,"column":43},"end":{"line":99,"column":59}},"56":{"start":{"line":100,"column":8},"end":{"line":101,"column":null}},"57":{"start":{"line":101,"column":11},"end":{"line":101,"column":null}},"58":{"start":{"line":103,"column":8},"end":{"line":103,"column":null}},"59":{"start":{"line":106,"column":6},"end":{"line":106,"column":null}},"60":{"start":{"line":111,"column":4},"end":{"line":128,"column":null}},"61":{"start":{"line":112,"column":18},"end":{"line":117,"column":8}},"62":{"start":{"line":118,"column":6},"end":{"line":118,"column":null}},"63":{"start":{"line":118,"column":19},"end":{"line":118,"column":null}},"64":{"start":{"line":119,"column":22},"end":{"line":119,"column":38}},"65":{"start":{"line":121,"column":19},"end":{"line":121,"column":57}},"66":{"start":{"line":121,"column":41},"end":{"line":121,"column":57}},"67":{"start":{"line":122,"column":6},"end":{"line":124,"column":null}},"68":{"start":{"line":123,"column":9},"end":{"line":123,"column":null}},"69":{"start":{"line":124,"column":9},"end":{"line":124,"column":null}},"70":{"start":{"line":126,"column":6},"end":{"line":126,"column":null}},"71":{"start":{"line":128,"column":6},"end":{"line":128,"column":null}},"72":{"start":{"line":132,"column":2},"end":{"line":142,"column":null}}},"fnMap":{"0":{"name":"(anonymous_0)","decl":{"start":{"line":7,"column":40},"end":{"line":7,"column":54}},"loc":{"start":{"line":7,"column":54},"end":{"line":143,"column":null}},"line":7},"1":{"name":"fetchNotes","decl":{"start":{"line":13,"column":17},"end":{"line":13,"column":30}},"loc":{"start":{"line":13,"column":30},"end":{"line":26,"column":null}},"line":13},"2":{"name":"(anonymous_2)","decl":{"start":{"line":21,"column":25},"end":{"line":21,"column":30}},"loc":{"start":{"line":21,"column":30},"end":{"line":21,"column":63}},"line":21},"3":{"name":"createNote","decl":{"start":{"line":30,"column":17},"end":{"line":30,"column":28}},"loc":{"start":{"line":30,"column":53},"end":{"line":51,"column":null}},"line":30},"4":{"name":"updateNote","decl":{"start":{"line":55,"column":17},"end":{"line":55,"column":28}},"loc":{"start":{"line":55,"column":64},"end":{"line":76,"column":null}},"line":55},"5":{"name":"(anonymous_5)","decl":{"start":{"line":68,"column":32},"end":{"line":68,"column":42}},"loc":{"start":{"line":68,"column":47},"end":{"line":68,"column":59}},"line":68},"6":{"name":"deleteNote","decl":{"start":{"line":80,"column":17},"end":{"line":80,"column":28}},"loc":{"start":{"line":80
[...]
olumn":null}},{"start":{},"end":{}}],"line":63},"4":{"loc":{"start":{"line":65,"column":24},"end":{"line":65,"column":62}},"type":"binary-expr","locations":[{"start":{"line":65,"column":24},"end":{"line":65,"column":38}},{"start":{"line":65,"column":38},"end":{"line":65,"column":62}}],"line":65},"5":{"loc":{"start":{"line":69,"column":6},"end":{"line":71,"column":null}},"type":"if","locations":[{"start":{"line":69,"column":6},"end":{"line":71,"column":null}},{"start":{},"end":{}}],"line":69},"6":{"loc":{"start":{"line":86,"column":6},"end":{"line":86,"column":null}},"type":"if","locations":[{"start":{"line":86,"column":6},"end":{"line":86,"column":null}},{"start":{},"end":{}}],"line":86},"7":{"loc":{"start":{"line":97,"column":6},"end":{"line":103,"column":null}},"type":"if","locations":[{"start":{"line":97,"column":6},"end":{"line":103,"column":null}},{"start":{},"end":{}}],"line":97},"8":{"loc":{"start":{"line":100,"column":8},"end":{"line":101,"column":null}},"type":"if","locations":[{"start":{"line":100,"column":8},"end":{"line":101,"column":null}},{"start":{},"end":{}}],"line":100},"9":{"loc":{"start":{"line":118,"column":6},"end":{"line":118,"column":null}},"type":"if","locations":[{"start":{"line":118,"column":6},"end":{"line":118,"column":null}},{"start":{},"end":{}}],"line":118},"10":{"loc":{"start":{"line":122,"column":6},"end":{"line":124,"column":null}},"type":"if","locations":[{"start":{"line":122,"column":6},"end":{"line":124,"column":null}},{"start":{},"end":{}}],"line":122},"11":{"loc":{"start":{"line":123,"column":35},"end":{"line":123,"column":63}},"type":"binary-expr","locations":[{"start":{"line":123,"column":35},"end":{"line":123,"column":61}},{"start":{"line":123,"column":61},"end":{"line":123,"column":63}}],"line":123}},"s":{"0":1,"1":13,"2":13,"3":13,"4":10,"5":10,"6":10,"7":10,"8":10,"9":1,"10":9,"11":9,"12":9,"13":1,"14":1,"15":10,"16":2,"17":2,"18":2,"19":2,"20":1,"21":1,"22":1,"23":1,"24":1,"25":1,"26":1,"27":1,"28":2,"29":2,"30":2,"31":2,"32":1,"33":1,"34":1,"35":1,"36":1,"37":1,"38":1,"39":1,"40":1,"41":1,"42":2,"43":2,"44":2,"45":1,"46":1,"47":1,"48":1,"49":1,"50":1,"51":1,"52":1,"53":1,"54":1,"55":1,"56":1,"57":1,"58":1,"59":0,"60":2,"61":2,"62":2,"63":1,"64":1,"65":1,"66":1,"67":1,"68":1,"69":1,"70":1,"71":1,"72":13},"f":{"0":13,"1":10,"2":9,"3":2,"4":2,"5":1,"6":2,"7":1,"8":1,"9":1,"10":2,"11":1},"b":{"0":[1,9],"1":[1,1],"2":[1,0],"3":[1,1],"4":[1,0],"5":[1,0],"6":[1,1],"7":[1,0],"8":[1,0],"9":[1,1],"10":[1,0],"11":[1,0]},"meta":{"lastBranch":12,"lastFunction":12,"lastStatement":73,"seen":{"s:7:13:143:Infinity":0,"f:7:40:7:54":0,"s:8:8:8:31":1,"s:9:8:9:28":2,"s:10:8:10:40":3,"f:13:17:13:30":1,"s:14:4:14:Infinity":4,"s:15:4:15:Infinity":5,"s:16:4:26:Infinity":6,"s:17:18:17:85":7,"b:18:6:18:Infinity:undefined:undefined:undefined:undefined":0,"s:18:6:18:Infinity":8,"s:18:19:18:Infinity":9,"s:19:19:19:35":10,"s:21:6:21:Infinity":11,"f:21:25:21:30":2,"s:21:30:21:63":12,"s:23:6:23:Infinity":13,"s:24:6:24:Infinity":14,"s:26:6:26:Infinity":15,"f:30:17:30:28":3,"s:31:4:31:Infinity":16,"s:32:4:51:Infinity":17,"s:33:18:38:8":18,"b:39:6:41:Infinity:undefined:undefined:undefined:undefined":1,"s:39:6:41:Infinity":19,"s:40:21:40:37":20,"s:41:8:41:Infinity":21,"b:41:24:41:38:41:38:41:62":2,"s:43:22:43:38":22,"s:44:12:44:58":23,"s:45:6:45:Infinity":24,"s:46:6:46:Infinity":25,"s:48:6:48:Infinity":26,"s:49:6:49:Infinity":27,"s:51:6:51:Infinity":28,"f:55:17:55:28":4,"s:56:4:76:Infinity":29,"s:57:18:62:8":30,"b:63:6:65:Infinity:undefined:undefined:undefined:undefined":3,"s:63:6:65:Infinity":31,"s:64:21:64:37":32,"s:65:8:65:Infinity":33,"b:65:24:65:38:65:38:65:62":4,"s:67:26:67:42":34,"s:68:20:68:59":35,"f:68:32:68:42":5,"s:68:47:68:59":36,"b:69:6:71:Infinity:undefined:undefined:undefined:undefined":5,"s:69:6:71:Infinity":37,"s:71:8:71:Infinity":38,"s:73:6:73:Infinity":39,"s:75:6:75:Infinity":40,"s:76:6:76:Infinity":41,"f:80:17:80:28":6,"s:81:4:90:Infinity":42,"s:82:18:85:8":43,"b:86:6:86:Infinity:undefined:undefined:undefined:undefined":6,"s:86:6:86:Infinity":44,"s:86:19:86:Infinity":45,"s:87:6:87:Infinity":46,"f:87:32:87:39":7,"s:87:44:87:56":47,"s:89:6:89:Infinity":48,"s:90:6:90:Infinity":49,"f:94:17:94:31":8,"s:95:4:106:Infinity":50,"s:96:18:96:104":51,"b:97:6:103:Infinity:undefined:undefined:undefined:undefined":7,"s:97:6:103:Infinity":52,"s:98:25:98:41":53,"s:99:21:99:59":54,"f:99:33:99:38":9,"s:99:43:99:59":55,"b:100:8:101:Infinity:undefined:undefined:undefined:undefined":8,"s:100:8:101:Infinity":56,"s:101:11:101:Infinity":57,"s:103:8:103:Infinity":58,"s:106:6:106:Infinity":59,"f:110:17:110:28":10,"s:111:4:128:Infinity":60,"s:112:18:117:8":61,"b:118:6:118:Infinity:undefined:undefined:undefined:undefined":9,"s:118:6:118:Infinity":62,"s:118:19:118:Infinity":63,"s:119:22:119:38":64,"s:121:19:121:57":65,"f:121:31:121:36":11,"s:121:41:121:57":66,"b:122:6:124:Infinity:undefined:undefined:undefined:undefined":10,"s:122:6:124:Infinity":67,"s:123:9:123:Infinity":68,"b:123:35:123:61:123:61:123:63":11,"s:124:9:124:Infinity":69,"s:126:6:126:Infinity":70,"s:128:6:128:Infinity":71,"s:132:2:142:Infinity":72}}}
,"C:\\Users\\elmaq\\OneDrive\\Documents\\apprentissage\\Projets\\SecByDesign\\Docker_SecByDesign\\frontend\\src\\stores\\tag.ts": {"path":"C:\\Users\\elmaq\\OneDrive\\Documents\\apprentissage\\Projets\\SecByDesign\\Docker_SecByDesign\\frontend\\src\\stores\\tag.ts","statementMap":{"0":{"start":{"line":6,"column":13},"end":{"line":105,"column":null}},"1":{"start":{"line":7,"column":8},"end":{"line":7,"column":29}},"2":{"start":{"line":8,"column":8},"end":{"line":8,"column":28}},"3":{"start":{"line":9,"column":8},"end":{"line":9,"column":40}},"4":{"start":{"line":12,"column":8},"end":{"line":12,"column":77}},"5":{"start":{"line":12,"column":33},"end":{"line":12,"column":76}},"6":{"start":{"line":12,"column":56},"end":{"line":12,"column":76}},"7":{"start":{"line":13,"column":8},"end":{"line":13,"column":85}},"8":{"start":{"line":13,"column":37},"end":{"line":13,"column":84}},"9":{"start":{"line":13,"column":60},"end":{"line":13,"column":84}},"10":{"start":{"line":14,"column":8},"end":{"line":14,"column":77}},"11":{"start":{"line":14,"column":33},"end":{"line":14,"column":76}},"12":{"start":{"line":14,"column":56},"end":{"line":14,"column":76}},"13":{"start":{"line":15,"column":8},"end":{"line":15,"column":83}},"14":{"start":{"line":15,"column":36},"end":{"line":15,"column":82}},"15":{"start":{"line":15,"column":59},"end":{"line":15,"column":82}},"16":{"start":{"line":17,"column":8},"end":{"line":17,"column":98}},"17":{"start":{"line":17,"column":44},"end":{"line":17,"column":97}},"18":{"start":{"line":17,"column":67},"end":{"line":17,"column":97}},"19":{"start":{"line":21,"column":4},"end":{"line":21,"column":null}},"20":{"start":{"line":22,"column":4},"end":{"line":22,"column":null}},"21":{"start":{"line":23,"column":4},"end":{"line":30,"column":null}},"22":{"start":{"line":24,"column":18},"end":{"line":24,"column":84}},"23":{"start":{"line":25,"column":6},"end":{"line":25,"column":null}},"24":{"start":{"line":25,"column":19},"end":{"line":25,"column":null}},"25":{"start":{"line":26,"column":6},"end":{"line":26,"column":null}},"26":{"start":{"line":28,"column":6},"end":{"line":28,"column":null}},"27":{"start":{"line":30,"column":6},"end":{"line":30,"column":null}},"28":{"start":{"line":35,"column":4},"end":{"line":51,"column":null}},"29":{"start":{"line":36,"column":18},"end":{"line":41,"column":8}},"30":{"start":{"line":42,"column":6},"end":{"line":44,"column":null}},"31":{"start":{"line":43,"column":21},"end":{"line":43,"column":37}},"32":{"start":{"line":44,"column":8},"end":{"line":44,"column":null}},"33":{"start":{"line":46,"column":21},"end":{"line":46,"column":37}},"34":{"start":{"line":47,"column":6},"end":{"line":47,"column":null}},"35":{"start":{"line":48,"column":6},"end":{"line":48,"column":null}},"36":{"start":{"line":50,"column":6},"end":{"line":50,"column":null}},"37":{"start":{"line":51,"column":6},"end":{"line":51,"column":null}},"38":{"start":{"line":56,"column":4},"end":{"line":72,"column":null}},"39":{"start":{"line":57,"column":18},"end":{"line":62,"column":8}},"40":{"start":{"line":63,"column":6},"end":{"line":63,"column":null}},"41":{"start":{"line":63,"column":19},"end":{"line":63,"column":null}},"42":{"start":{"line":65,"column":25},"end":{"line":65,"column":41}},"43":{"start":{"line":66,"column":20},"end":{"line":66,"column":58}},"44":{"start":{"line":66,"column":46},"end":{"line":66,"column":58}},"45":{"start":{"line":67,"column":6},"end":{"line":68,"column":null}},"46":{"start":{"line":68,"column":8},"end":{"line":68,"column":null}},"47":{"start":{"line":71,"column":6},"end":{"line":71,"column":null}},"48":{"start":{"line":72,"column":6},"end":{"line":72,"column":null}},"49":{"start":{"line":77,"column":4},"end":{"line":87,"column":null}},"50":{"start":{"line":78,"column":18},"end":{"line":81,"column":8}},"51":{"start":{"line":82,"column":6},"end":{"line":82,"column":null}},"52":{"start":{"line":82,"column":19},"end":{"line":82,"column":null}},"53":{"start":{"line":84,"column":6},"end":{"line":84,"column":null}},"54":{"start":{"line":84,"column":42},"end":{"line":84,"column":54}},"55":{"start":{"line":86,"column":6},"end":{"line":86,"column":null}},"56":{"start":{"line":87,"column":6},"end":{"line":87,"column":null}},"57":{"start":{"line":91,"column":2},"end":{"line":104,"column":null}}},"fnMap":{"0":{"name":"(anonymous_0)","decl":{"start":{"line":6,"column":39},"end":{"line":6,"column":52}},"loc":{"start":{"line":6,"column":52},"end":{"line":105,"column":null}},"line":6},"1":{"name":"(anonymous_1)","decl":{"start":{"line":12,"column":18},"end":{"line":12,"column":33}},"loc":{"start":{"line":12,"column":33},"end":{"line":12,"column":76}},"line":12},"2":{"name":"(anonymous_2)","decl":{"start":{"line":12,"column":44},"end":{"line":12,"column":51}},"loc":{"start":{"line":12,"column":56},"end":{"line":12,"column":76}},"line":12},"3":{"name":"(anonymous_3)","decl":{"start":{"line":13,"column":22},"end":{"line":13,"column":37}},"loc":{"start":{"line":13,"column":37},"end":{"line":13,"column":84}},"line":13},"4":{"name":"(anonymous_4)","decl":{"start":{"line":13,"column":48},"end":{"line":13,"column":55}},"loc":{"start":{"line":13,"column":60},"end":{"line":13,"column":84}},"line":13},"5":{"name":"(anonymous_5)","decl":{"start":{"line":14,"column":18},"end":{"line":14,"column":33}},"loc":{"start":{"line":14,"column":33},"end":{"line":14,"column":76}},"line":14},"6":{"name":"(anonymous_6)","decl":{"start":{"line":14,"column":44},"end":{"line":14,"column":51}},"loc":{"start":{"line":14,"column":56},"end":{"line":14,"column":76}},"line":14},"7":{"name":"(anonymous_7)","decl":{"start":{"line":15,"column":21},"end":{"line":15,"column":36}},"loc":{"start":{"line":15,"column":36},"end":{"line":15,"column":82}},"line":15},"8":{"name":"(anonymous_8)","decl":{"start":{"line":15,"column":47},"end":{"line":15,"column":54}},"loc":{"start":{"line":15,"column":59},"end":{"line":15,"column":82}},"line":15},"9":{"name":"(anonymous_9)","decl":{"start":{"line":17,"column":29},"end":{"line":17,"column":44}},"loc":{"start":{"line":17,"column":44},"end":{"line":17,"column":97}},"line":17},"10":{"name":"(anonymous_10)","decl":{"start":{"line":17,"column":55},"end":{"line":17,"column":62}},"loc":{"start":{"line":17,"column":67},"end":{"line":17,"column":97}},"line":17},"11":{"name":"fetchTags","decl":{"start":{"line":20,"column":17},"end":{"line":20,"column":29}},"loc":{"start":{"line":20,"column":29},"end":{"line":30,"column":null}},"line":20},"12":{"name":"createTag","decl":{"start":{"line":34,"column":17},"end":{"line":34,"column":27}},"loc":{"start":{"line":34,"column":46},"end":{"line":51,"column":null}},"line":34},"13":{"name":"updateTag","decl":{"start":{"line":55,"column":17},"end":{"line":55,"column":27}},"loc":{"start":{"line":55,"column":62},"end":{"line":72,"column":null}},"line":55},"14":{"name":"(anonymous_14)","decl":{"start":{"line":66,"column":31},"end":{"line":66,"column":41}},"loc":{"start":{"line":66,"column":46},"end":{"line":66,"column":58}},"line":66},"15":{"name":"deleteTag","decl":{"start":{"line":76,"column":17},"end":{"line":76,"column":27}},"loc":{"start":{"line":76,"column":39},"end":{"line":87,"column":null}},"line":76},"16":{"name":"(anonymous_16)","decl":{"start":{"line":84,"column":30},"end":{"line":84,"column":37}},"loc":{"start":{"line":84,"column":42},"end":{"line":84,"column":54}},"line":84}},"branchMap":{"0":{"loc":{"start":{"line":25,"column":6},"end":{"line":25,"column":null}},"type":"if","locations":[{"start":{"line":25,"column":6},"end":{"line":25,"column":null}},{"start":{},"end":{}}],"line":25},"1":{"loc":{"start":{"line":42,"column":6},"end":{"line":44,"column":null}},"type":"if","locations":[{"start":{"line":42,"column":6},"end":{"line":44,"column":null}},{"start":{},"end":{}}],"line":42},"2":{"loc":{"start":{"line":44,"column":24},"end":{"line":44,"column":61}},"type":"binary-expr","locations":[{"start":{"line":44,"column":24},"end":{"line":44,"column":38}},{"start":{"line":44,"column":38},"end":{"line":44,"column":61}}],"line":44},"3":{"loc":{"start":{"line":63,"column":6},"end":{"line":63,"column":null}},"type":"if","locations":[{"start":{"line":63,"column":6},"end":{"line":63,"column":null}},{"start":{},"end":{}}],"line":63},"4":{"loc":{"start":{"line":67,"column":6},"end":{"line":68,"column":null}},"type":"if","locations":[{"start":{"line":67,"column":6},"end":{"line":68,"column":null}},{"start":{},"end":{}}],"line":67},"5":{"loc":{"start":{"line":82,"column":6},"end":{"line":82,"column":null}},"type":"if","locations":[{"start":{"line":82,"column":6},"end":{"line":82,"column":null}},{"start":{},"end":{}}],"line":82}},"s":{"0":1,"1":12,"2":12,"3":12,"4":12,"5":1,"6":4,"7":12,"8":1,"9":4,"10":12,"11":1,"12":4,"13":12,"14":1,"15":4,"16":12,"17":1,"18":4,"19":9,"20":9,"21":9,"22":9,"23":9,"24":1,"25":8,"26":1,"27":9,"28":2,"29":2,"30":2,"31":1,"32":1,"33":1,"34":1,"35":1,"36":1,"37":1,"38":1,"39":1,"40":1,"41":0,"42":1,"43":1,"44":1,"45":1,"46":1,"47":0,"48":0,"49":1,"50":1,"51":1,"52":0,"53":1,"54":4,"55":0,"56":0,"57":12},"f":{"0":12,"1":1,"2":4,"3":1,"4":4,"5":1,"6":4,"7":1,"8":4,"9":1,"10":4,"11":9,"12":2,"13":1,"14":1,"15":1,"16":4},"b":{"0":[1,8],"1":[1,1],"2":[1,0],"3":[0,1],"4":[1,0],"5":[0,1]},"meta":{"lastBranch":6,"lastFunction":17,"lastStatement":58,"seen":{"s:6:13:105:Infinity":0,"f:6:39:6:52":0,"s:7:8:7:29":1,"s:8:8:8:28":2,"s:9:8:9:40":3,"s:12:8:12:77":4,"f:12:18:12:33":1,"s:12:33:12:76":5,"f:12:44:12:51":2,"s:12:56:12:76":6,"s:13:8:13:85":7,"f:13:22:13:37":3,"s:13:37:13:84":8,"f:13:48:13:55":4,"s:13:60:13:84":9,"s:14:8:14:77":10,"f:14:18:14:33":5,"s:14:33:14:76":11,"f:14:44:14:51":6,"s:14:56:14:76":12,"s:15:8:15:83":13,"f:15:21:15:36":7,"s:15:36:15:82":14,"f:15:47:15:54":8,"s:15:59:15:82":15,"s:17:8:17:98":16,"f:17:29:17:44":9,"s:17:44:17:97":17,"f:17:55:17:62":10,"s:17:67:17:97":18,"f:20:17:20:29":11,"s:21:4:21:Infinity":19,"s:22:4:22:Infinity":20,"s:23:4:30:Infinity":21,"s:24:18:24:84":22,"b:25:6:25:Infinity:undefined:undefined:undefined:undefined":0,"s:25:6:25:Infinity":23,"s:25:19:25:Infinity":24,"s:26:6:26:Infinity":25,"s:28:6:28:Infinity":26,"s:30:6:30:Infinity":27,"f:34:17:34:27":12,"s:35:4:51:Infinity":28,"s:36:18:41:8":29,"b:42:6:44:Infinity:undefined:undefined:undefined:undefined":1,"s:42:6:44:Infinity":30,"s:43:21:43:37":31,"s:44:8:44:Infinity":32,"b:44:24:44:38:44:38:44:61":2,"s:46:21:46:37":33,"s:47:6:47:Infinity":34,"s:48:6:48:Infinity":35,"s:50:6:50:Infinity":36,"s:51:6:51:Infinity":37,"f:55:17:55:27":13,"s:56:4:72:Infinity":38,"s:57:18:62:8":39,"b:63:6:63:Infinity:undefined:undefined:undefined:undefined":3,"s:63:6:63:Infinity":40,"s:63:19:63:Infinity":41,"s:65:25:65:41":42,"s:66:20:66:58":43,"f:66:31:66:41":14,"s:66:46:66:58":44,"b:67:6:68:Infinity:undefined:undefined:undefined:undefined":4,"s:67:6:68:Infinity":45,"s:68:8:68:Infinity":46,"s:71:6:71:Infinity":47,"s:72:6:72:Infinity":48,"f:76:17:76:27":15,"s:77:4:87:Infinity":49,"s:78:18:81:8":50,"b:82:6:82:Infinity:undefined:undefined:undefined:undefined":5,"s:82:6:82:Infinity":51,"s:82:19:82:Infinity":52,"s:84:6:84:Infinity":53,"f:84:30:84:37":16,"s:84:42:84:54":54,"s:86:6:86:Infinity":55,"s:87:6:87:Infinity":56,"s:91:2:104:Infinity":57}}}
,"C:\\Users\\elmaq\\OneDrive\\Documents\\apprentissage\\Projets\\SecByDesign\\Docker_SecByDesign\\frontend\\src\\types\\models.ts": {"path":"C:\\Users\\elmaq\\OneDrive\\Documents\\apprentissage\\Projets\\SecByDesign\\Docker_SecByDesign\\frontend\\src\\types\\models.ts","statementMap":{"0":{"start":{"line":2,"column":7},"end":{"line":6,"column":null}},"1":{"start":{"line":3,"column":2},"end":{"line":3,"column":null}},"2":{"start":{"line":4,"column":2},"end":{"line":4,"column":null}},"3":{"start":{"line":5,"column":2},"end":{"line":5,"column":null}}},"fnMap":{"0":{"name":"(anonymous_0)","decl":{"start":{"line":2,"column":7},"end":{"line":2,"column":12}},"loc":{"start":{"line":2,"column":7},"end":{"line":6,"column":null}},"line":2}},"branchMap":{},"s":{"0":1,"1":1,"2":1,"3":1},"f":{"0":1},"b":{},"meta":{"lastBranch":0,"lastFunction":1,"lastStatement":4,"seen":{"s:2:7:6:Infinity":0,"f:2:7:2:12":0,"s:3:2:3:Infinity":1,"s:4:2:4:Infinity":2,"s:5:2:5:Infinity":3}}}
,"C:\\Users\\elmaq\\OneDrive\\Documents\\apprentissage\\Projets\\SecByDesign\\Docker_SecByDesign\\frontend\\src\\utils\\sanitize.js": {"path":"C:\\Users\\elmaq\\OneDrive\\Documents\\apprentissage\\Projets\\SecByDesign\\Docker_SecByDesign\\frontend\\src\\utils\\sanitize.js","statementMap":{"0":{"start":{"line":3,"column":24},"end":{"line":5,"column":1}},"1":{"start":{"line":4,"column":2},"end":{"line":4,"column":35}},"2":{"start":{"line":7,"column":33},"end":{"line":12,"column":1}},"3":{"start":{"line":11,"column":2},"end":{"line":11,"column":44}}},"fnMap":{"0":{"name":"(anonymous_0)","decl":{"start":{"line":3,"column":24},"end":{"line":3,"column":25}},"loc":{"start":{"line":3,"column":35},"end":{"line":5,"column":1}},"line":3},"1":{"name":"(anonymous_1)","decl":{"start":{"line":7,"column":33},"end":{"line":7,"column":34}},"loc":{"start":{"line":7,"column":53},"end":{"line":12,"column":1}},"line":7}},"branchMap":{},"s":{"0":1,"1":3,"2":1,"3":4},"f":{"0":3,"1":4},"b":{},"meta":{"lastBranch":0,"lastFunction":2,"lastStatement":4,"seen":{"s:3:24:5:1":0,"f:3:24:3:25":0,"s:4:2:4:35":1,"s:7:33:12:1":2,"f:7:33:7:34":1,"s:11:2:11:44":3}}}
,"C:\\Users\\elmaq\\OneDrive\\Documents\\apprentissage\\Projets\\SecByDesign\\Docker_SecByDesign\\frontend\\src\\utils\\theme.ts": {"path":"C:\\Users\\elmaq\\OneDrive\\Documents\\apprentissage\\Projets\\SecByDesign\\Docker_SecByDesign\\frontend\\src\\utils\\theme.ts","statementMap":{"0":{"start":{"line":4,"column":13},"end":{"line":15,"column":null}},"1":{"start":{"line":5,"column":41},"end":{"line":14,"column":null}},"2":{"start":{"line":15,"column":2},"end":{"line":15,"column":null}},"3":{"start":{"line":18,"column":13},"end":{"line":27,"column":null}},"4":{"start":{"line":19,"column":2},"end":{"line":27,"column":null}}},"fnMap":{"0":{"name":"(anonymous_0)","decl":{"start":{"line":4,"column":13},"end":{"line":4,"column":30}},"loc":{"start":{"line":4,"column":56},"end":{"line":15,"column":null}},"line":4},"1":{"name":"(anonymous_1)","decl":{"start":{"line":18,"column":13},"end":{"line":18,"column":36}},"loc":{"start":{"line":18,"column":51},"end":{"line":27,"column":null}},"line":18}},"branchMap":{"0":{"loc":{"start":{"line":15,"column":9},"end":{"line":15,"column":null}},"type":"binary-expr","locations":[{"start":{"line":15,"column":9},"end":{"line":15,"column":26}},{"start":{"line":15,"column":26},"end":{"line":15,"column":null}}],"line":15}},"s":{"0":3,"1":7,"2":7,"3":3,"4":17},"f":{"0":7,"1":17},"b":{"0":[7,2]},"meta":{"lastBranch":1,"lastFunction":2,"lastStatement":5,"seen":{"s:4:13:15:Infinity":0,"f:4:13:4:30":0,"s:5:41:14:Infinity":1,"s:15:2:15:Infinity":2,"b:15:9:15:26:15:26:15:Infinity":0,"s:18:13:27:Infinity":3,"f:18:13:18:36":1,"s:19:2:27:Infinity":4}}}
}
