{"C:\\Users\\elmaq\\OneDrive\\Documents\\apprentissage\\Projets\\SecByDesign\\Docker_SecByDesign\\frontend\\src\\components\\NoteCard.vue": {"path":"C:\\Users\\elmaq\\OneDrive\\Documents\\apprentissage\\Projets\\SecByDesign\\Docker_SecByDesign\\frontend\\src\\components\\NoteCard.vue","statementMap":{"0":{"start":{"line":66,"column":14},"end":{"line":66,"column":null}},"1":{"start":{"line":73,"column":13},"end":{"line":73,"column":45}},"2":{"start":{"line":75,"column":19},"end":{"line":79,"column":2}},"3":{"start":{"line":76,"column":2},"end":{"line":76,"column":39}},"4":{"start":{"line":76,"column":28},"end":{"line":76,"column":39}},"5":{"start":{"line":77,"column":2},"end":{"line":77,"column":39}},"6":{"start":{"line":77,"column":28},"end":{"line":77,"column":39}},"7":{"start":{"line":78,"column":2},"end":{"line":78,"column":13}},"8":{"start":{"line":81,"column":21},"end":{"line":83,"column":2}},"9":{"start":{"line":82,"column":2},"end":{"line":82,"column":108}},"10":{"start":{"line":85,"column":18},"end":{"line":90,"column":2}},"11":{"start":{"line":86,"column":2},"end":{"line":86,"column":52}},"12":{"start":{"line":86,"column":27},"end":{"line":86,"column":52}},"13":{"start":{"line":87,"column":20},"end":{"line":87,"column":23}},"14":{"start":{"line":88,"column":2},"end":{"line":88,"column":71}},"15":{"start":{"line":88,"column":46},"end":{"line":88,"column":71}},"16":{"start":{"line":89,"column":2},"end":{"line":89,"column":59}},"17":{"start":{"line":92,"column":19},"end":{"line":100,"column":2}},"18":{"start":{"line":93,"column":13},"end":{"line":93,"column":15}},"19":{"start":{"line":94,"column":2},"end":{"line":98,"column":3}},"20":{"start":{"line":95,"column":4},"end":{"line":95,"column":26}},"21":{"start":{"line":96,"column":9},"end":{"line":98,"column":3}},"22":{"start":{"line":97,"column":4},"end":{"line":97,"column":28}},"23":{"start":{"line":99,"column":2},"end":{"line":99,"column":25}},"24":{"start":{"line":102,"column":21},"end":{"line":107,"column":2}},"25":{"start":{"line":103,"column":14},"end":{"line":103,"column":15}},"26":{"start":{"line":104,"column":2},"end":{"line":105,"column":62}},"27":{"start":{"line":104,"column":23},"end":{"line":104,"column":53}},"28":{"start":{"line":105,"column":7},"end":{"line":105,"column":62}},"29":{"start":{"line":105,"column":30},"end":{"line":105,"column":62}},"30":{"start":{"line":106,"column":2},"end":{"line":106,"column":31}},"31":{"start":{"line":109,"column":20},"end":{"line":113,"column":1}},"32":{"start":{"line":110,"column":2},"end":{"line":110,"column":55}},"33":{"start":{"line":110,"column":34},"end":{"line":110,"column":55}},"34":{"start":{"line":111,"column":2},"end":{"line":111,"column":48}},"35":{"start":{"line":111,"column":17},"end":{"line":111,"column":48}},"36":{"start":{"line":112,"column":2},"end":{"line":112,"column":18}},"37":{"start":{"line":115,"column":19},"end":{"line":130,"column":1}},"38":{"start":{"line":116,"column":15},"end":{"line":116,"column":35}},"39":{"start":{"line":117,"column":14},"end":{"line":117,"column":24}},"40":{"start":{"line":118,"column":17},"end":{"line":118,"column":27}},"41":{"start":{"line":119,"column":19},"end":{"line":119,"column":45}},"42":{"start":{"line":120,"column":20},"end":{"line":120,"column":48}},"43":{"start":{"line":121,"column":19},"end":{"line":121,"column":48}},"44":{"start":{"line":123,"column":2},"end":{"line":123,"column":40}},"45":{"start":{"line":123,"column":20},"end":{"line":123,"column":40}},"46":{"start":{"line":124,"column":2},"end":{"line":124,"column":81}},"47":{"start":{"line":124,"column":21},"end":{"line":124,"column":81}},"48":{"start":{"line":125,"column":2},"end":{"line":125,"column":83}},"49":{"start":{"line":125,"column":22},"end":{"line":125,"column":83}},"50":{"start":{"line":126,"column":2},"end":{"line":126,"column":35}},"51":{"start":{"line":126,"column":22},"end":{"line":126,"column":35}},"52":{"start":{"line":127,"column":2},"end":{"line":127,"column":53}},"53":{"start":{"line":127,"column":20},"end":{"line":127,"column":53}},"54":{"start":{"line":129,"column":2},"end":{"line":129,"column":94}},"55":{"start":{"line":133,"column":17},"end":{"line":136,"column":1}},"56":{"start":{"line":134,"column":2},"end":{"line":134,"column":32}},"57":{"start":{"line":134,"column":21},"end":{"line":134,"column":32}},"58":{"start":{"line":135,"column":2},"end":{"line":135,"column":49}},"59":{"start":{"line":135,"column":32},"end":{"line":135,"column":48}},"60":{"start":{"line":138,"column":21},"end":{"line":148,"column":1}},"61":{"start":{"line":139,"column":4},"end":{"line":139,"column":26}},"62":{"start":{"line":139,"column":17},"end":{"line":139,"column":26}},"63":{"start":{"line":140,"column":4},"end":{"line":147,"column":5}},"64":{"start":{"line":141,"column":23},"end":{"line":141,"column":54}},"65":{"start":{"line":142,"column":26},"end":{"line":142,"column":56}},"66":{"start":{"line":143,"column":23},"end":{"line":143,"column":54}},"67":{"start":{"line":144,"column":21},"end":{"line":144,"column":39}},"68":{"start":{"line":145,"column":20},"end":{"line":145,"column":35}},"69":{"start":{"line":146,"column":17},"end":{"line":146,"column":35}},"70":{"start":{"line":150,"column":27},"end":{"line":150,"column":40}},"71":{"start":{"line":2,"column":7},"end":{"line":2,"column":null}},"72":{"start":{"line":3,"column":9},"end":{"line":3,"column":null}},"73":{"start":{"line":4,"column":11},"end":{"line":4,"column":null}},"74":{"start":{"line":5,"column":14},"end":{"line":5,"column":35}},"75":{"start":{"line":6,"column":12},"end":{"line":6,"column":34}},"76":{"start":{"line":8,"column":11},"end":{"line":8,"column":null}},"77":{"start":{"line":9,"column":14},"end":{"line":9,"column":29}},"78":{"start":{"line":11,"column":14},"end":{"line":11,"column":30}},"79":{"start":{"line":15,"column":9},"end":{"line":15,"column":null}},"80":{"start":{"line":39,"column":9},"end":{"line":39,"column":null}},"81":{"start":{"line":40,"column":11},"end":{"line":40,"column":null}},"82":{"start":{"line":46,"column":14},"end":{"line":46,"column":27}},"83":{"start":{"line":47,"column":14},"end":{"line":47,"column":27}},"84":{"start":{"line":49,"column":11},"end":{"line":49,"column":null}},"85":{"start":{"line":2,"column":2},"end":{"line":55,"column":17}},"86":{"start":{"line":21,"column":6},"end":{"line":22,"column":null}},"87":{"start":{"line":28,"column":6},"end":{"line":34,"column":null}},"88":{"start":{"line":50,"column":24},"end":{"line":50,"column":48}},"89":{"start":{"line":53,"column":24},"end":{"line":53,"column":51}}},"fnMap":{"0":{"name":"(anonymous_0)","decl":{"start":{"line":75,"column":29},"end":{"line":75,"column":30}},"loc":{"start":{"line":75,"column":35},"end":{"line":79,"column":1}},"line":75},"1":{"name":"(anonymous_1)","decl":{"start":{"line":81,"column":31},"end":{"line":81,"column":32}},"loc":{"start":{"line":81,"column":37},"end":{"line":83,"column":1}},"line":81},"2":{"name":"(anonymous_2)","decl":{"start":{"line":85,"column":28},"end":{"line":85,"column":29}},"loc":{"start":{"line":85,"column":34},"end":{"line":90,"column":1}},"line":85},"3":{"name":"(anonymous_3)","decl":{"start":{"line":92,"column":29},"end":{"line":92,"column":30}},"loc":{"start":{"line":92,"column":35},"end":{"line":100,"column":1}},"line":92},"4":{"name":"(anonymous_4)","decl":{"start":{"line":102,"column":31},"end":{"line":102,"column":32}},"loc":{"start":{"line":102,"column":37},"end":{"line":107,"column":1}},"line":102},"5":{"name":"(anonymous_5)","decl":{"start":{"line":109,"column":20},"end":{"line":109,"column":21}},"loc":{"start":{"line":109,"column":29},"end":{"line":113,"column":1}},"line":109},"6":{"name":"(anonymous_6)","decl":{"start":{"line":115,"column":19},"end":{"line":115,"column":20}},"loc":{"start":{"line":115,"column":35},"end":{"line":130,"column":1}},"line":115},"7":{"name":"(anonymous_7)","decl":{"start":{"line":133,"column":17},"end":{"line":133,"column":18}},"loc":{"start":{"line":133,"column":27},"end":{"line":136,"column":1}},"line":133},"8":{"name":"(anonymous_8)","decl":{"start":{"line":135,"column":27},"end":{"line":135,"column":28}},"loc":{"start":{"line":135,"column":32},"end":{"line":135,"column":48}},"line":135},"9":{"name":"(anonymous_9)","decl":{"start":{"line":138,"column":21},"end":{"line":138,"column":22}},"loc":{"start":{"line":138,"column":33},"end":{"line":148,"column":1}},"line":138},"10":{"name":"(anonymous_10)","decl":{"start":{"line":21,"column":48},"end":{"line":21,"column":51}},"loc":{"start":{"line":21,"column":31},"end":{"line":22,"column":null}},"line":21},"11":{"name":"(anonymous_11)","decl":{"start":{"line":29,"column":33},"end":{"line":29,"column":null}},"loc":{"start":{"line":29,"column":18},"end":{"line":34,"column":null}},"line":29},"12":{"name":"(anonymous_12)","decl":{"start":{"line":50,"column":22},"end":{"line":50,"column":24}},"loc":{"start":{"line":50,"column":24},"end":{"line":50,"column":48}},"line":50},"13":{"name":"(anonymous_13)","decl":{"start":{"line":53,"column":22},"end":{"line":53,"column":24}},"loc":{"start":{"line":53,"column":24},"end":{"line":53,"column":51}},"line":53}},"branchMap":{"0":{"loc":{"start":{"line":76,"column":2},"end":{"line":76,"column":39}},"type":"if","locations":[{"start":{"line":76,"column":2},"end":{"line":76,"column":39}},{"start":{},"end":{}}],"line":76},"1":{"loc":{"start":{"line":77,"column":2},"end":{"line":77,"column":39}},"type":"if","locations":[{"start":{"line":77,"column":2},"end":{"line":77,"column":39}},{"start":{},"end":{}}],"line":77},"2":{"loc":{"start":{"line":82,"column":9},"end":{"line":82,"column":108}},"type":"binary-expr","locations":[{"start":{"line":82,"column":9},"end":{"line":82,"column":31}},{"start":{"line":82,"column":35},"end":{"line":82,"column":54}},{"start":{"line":82,"column":58},"end":{"line":82,"column":83}},{"start":{"line":82,"column":87},"end":{"line":82,"column":108}}],"line":82},"3":{"loc":{"start":{"line":86,"column":2},"end":{"line":86,"column":52}},"type":"if","locations":[{"start":{"line":86,"column":2},"end":{"line":86,"column":52}},{"start":{},"end":{}}],"line":86},"4":{"loc":{"start":{"line":88,"column":2},"end":{"line":88,"column":71}},"type":"if","locations":[{"start":{"line":88,"column":2},"end":{"line":88,"column":71}},{"start":{},"end":{}}],"line":88},"5":{"loc":{"start":{"line":94,"column":2},"end":{"line":98,"column":3}},"type":"if","locations":[{"start":{"line":94,"column":2},"end":{"line":98,"column":3}},{"start":{"line":96,"column":9},"end":{"line":98,"column":3}}],"line":94},"6":{"loc":{"start":{"line":94,"column":6},"end":{"line":94,"column":51}},"type":"binary-expr","locations":[{"start":{"line":94,"column":6},"end":{"line":94,"column":21}},{"start":{"line":94,"column":25},"end":{"line":94,"column":51}}],"line":94},"7":{"loc":{"start":{"line":96,"column":9},"end":{"line":98,"column":3}},"type":"if","locations":[{"start":{"line":96,"column":9},"end":{"line":98,"column":3}},{"start":{},"end":{}}],"line":96},"8":{"loc":{"start":{"line":96,"column":13},"end":{"line":96,"column":62}},"type":"binary-expr","locations":[{"start":{"line":96,"column":13},"end":{"line":96,"column":30}},{"start":{"line":96,"column":34},"end":{"line":96,"column":62}}],"line":96},"9":{"loc":{"start":{"line":104,"column":2},"end":{"line":105,"column":62}},"type":"if","locations":[{"start":{"line":104,"column":2},"end":{"line":105,"column":62}},{"start":{"line":105,"column":7},"end":{"line":105,"column":62}}],"line":104},"10":{"loc":{"start":{"line":105,"column":7},"end":{"line":105,"column":62}},"type":"if","locations":[{"start":{"line":105,"column":7},"end":{"line":105,"column":62}},{"start":{},"end":{}}],"line":105},"11":{"loc":{"start":{"line":110,"column":2},"end":{"line":110,"column":55}},"type":"if","locations":[{"start":{"line":110,"column":2},"end":{"line":110,"column":55}},{"start":{},"end":{}}],"line":110},"12":{"loc":{"start":{"line":110,"column":6},"end":{"line":110,"column":32}},"type":"binary-expr","locations":[{"start":{"line":110,"column":6},"end":{"line":110,"column":14}},{"start":{"line":110,"column":18},"end":{"line":110,"column":32}}],"line":110},"13":{"loc":{"start":{"line":111,"column":2},"end":{"line":111,"column":48}},"type":"if","locations":[{"start":{"line":111,"column":2},"end":{"line":111,"column":48}},{"start":{},"end":{}}],"line":111},"14":{"loc":{"start":{"line":123,"column":2},"end":{"line":123,"column":40}},"type":"if","locations":[{"start":{"line":123,"column":2},"end":{"line":123,"column":40}},{"start":{},"end":{}}],"line":123},"15":{"loc":{"start":{"line":124,"column":2},"end":{"line":124,"column":81}},"type":"if","locations":[{"start":{"line":124,"column":2},"end":{"line":124,"column":81}},{"start":{},"end":{}}],"line":124},"16":{"loc":{"start":{"line":124,"column":56},"end":{"line":124,"column":79}},"type":"cond-expr","locations":[{"start":{"line":124,"column":71},"end":{"line":124,"column":74}},{"start":{"line":124,"column":77},"end":{"line":124,"column":79}}],"line":124},"17":{"loc":{"start":{"line":125,"column":2},"end":{"line":125,"column":83}},"type":"if","locations":[{"start":{"line":125,"column":2},"end":{"line":125,"column":83}},{"start":{},"end":{}}],"line":125},"18":{"loc":{"start":{"line":125,"column":57},"end":{"line":125,"column":81}},"type":"cond-expr","locations":[{"start":{"line":125,"column":73},"end":{"line":125,"column":76}},{"start":{"line":125,"column":79},"end":{"line":125,"column":81}}],"line":125},"19":{"loc":{"start":{"line":126,"column":2},"end":{"line":126,"column":35}},"type":"if","locations":[{"start":{"line":126,"column":2},"end":{"line":126,"column":35}},{"start":{},"end":{}}],"line":126},"20":{"loc":{"start":{"line":127,"column":2},"end":{"line":127,"column":53}},"type":"if","locations":[{"start":{"line":127,"column":2},"end":{"line":127,"column":53}},{"start":{},"end":{}}],"line":127},"21":{"loc":{"start":{"line":134,"column":2},"end":{"line":134,"column":32}},"type":"if","locations":[{"start":{"line":134,"column":2},"end":{"line":134,"column":32}},{"start":{},"end":{}}],"line":134},"22":{"loc":{"start":{"line":139,"column":4},"end":{"line":139,"column":26}},"type":"if","locations":[{"start":{"line":139,"column":4},"end":{"line":139,"column":26}},{"start":{},"end":{}}],"line":139},"23":{"loc":{"start":{"line":140,"column":4},"end":{"line":147,"column":5}},"type":"switch","locations":[{"start":{"line":141,"column":8},"end":{"line":141,"column":54}},{"start":{"line":142,"column":8},"end":{"line":142,"column":56}},{"start":{"line":143,"column":8},"end":{"line":143,"column":54}},{"start":{"line":144,"column":8},"end":{"line":144,"column":39}},{"start":{"line":145,"column":8},"end":{"line":145,"column":35}},{"start":{"line":146,"column":8},"end":{"line":146,"column":35}}],"line":140},"24":{"loc":{"start":{"line":10,"column":8},"end":{"line":10,"column":40}},"type":"binary-expr","locations":[{"start":{"line":10,"column":8},"end":{"line":10,"column":14}},{"start":{"line":10,"column":8},"end":{"line":10,"column":40}}],"line":10},"25":{"loc":{"start":{"line":19,"column":15},"end":{"line":22,"column":null}},"type":"cond-expr","locations":[{"start":{"line":19,"column":4},"end":{"line":22,"column":null}}],"line":19},"26":{"loc":{"start":{"line":19,"column":15},"end":{"line":19,"column":75}},"type":"binary-expr","locations":[{"start":{"line":19,"column":15},"end":{"line":19,"column":27}},{"start":{"line":19,"column":31},"end":{"line":19,"column":59}},{"start":{"line":19,"column":50},"end":{"line":19,"column":75}}],"line":19},"27":{"loc":{"start":{"line":20,"column":6},"end":{"line":20,"column":49}},"type":"binary-expr","locations":[{"start":{"line":20,"column":6},"end":{"line":20,"column":12}},{"start":{"line":20,"column":6},"end":{"line":20,"column":49}}],"line":20},"28":{"loc":{"start":{"line":26,"column":16},"end":{"line":36,"column":82}},"type":"cond-expr","locations":[{"start":{"line":26,"column":4},"end":{"line":36,"column":82}}],"line":26},"29":{"loc":{"start":{"line":26,"column":16},"end":{"line":26,"column":95}},"type":"binary-expr","locations":[{"start":{"line":26,"column":16},"end":{"line":26,"column":25}},{"start":{"line":26,"column":29},"end":{"line":26,"column":55}},{"start":{"line":26,"column":55},"end":{"line":26,"column":66}},{"start":{"line":26,"column":70},"end":{"line":26,"column":95}}],"line":26},"30":{"loc":{"start":{"line":27,"column":6},"end":{"line":27,"column":40}},"type":"binary-expr","locations":[{"start":{"line":27,"column":6},"end":{"line":27,"column":12}},{"start":{"line":27,"column":6},"end":{"line":27,"column":40}}],"line":27},"31":{"loc":{"start":{"line":30,"column":14},"end":{"line":30,"column":32}},"type":"binary-expr","locations":[{"start":{"line":30,"column":14},"end":{"line":30,"column":20}},{"start":{"line":30,"column":24},"end":{"line":30,"column":32}}],"line":30},"32":{"loc":{"start":{"line":36,"column":18},"end":{"line":36,"column":82}},"type":"cond-expr","locations":[{"start":{"line":36,"column":6},"end":{"line":36,"column":82}}],"line":36},"33":{"loc":{"start":{"line":43,"column":27},"end":{"line":43,"column":null}},"type":"binary-expr","locations":[{"start":{"line":43,"column":27},"end":{"line":43,"column":44}},{"start":{"line":43,"column":44},"end":{"line":43,"column":null}}],"line":43},"34":{"loc":{"start":{"line":44,"column":29},"end":{"line":44,"column":null}},"type":"binary-expr","locations":[{"start":{"line":44,"column":29},"end":{"line":44,"column":48}},{"start":{"line":44,"column":48},"end":{"line":44,"column":null}}],"line":44},"35":{"loc":{"start":{"line":46,"column":33},"end":{"line":46,"column":59}},"type":"binary-expr","locations":[{"start":{"line":46,"column":33},"end":{"line":46,"column":51}},{"start":{"line":46,"column":51},"end":{"line":46,"column":59}}],"line":46},"36":{"loc":{"start":{"line":47,"column":34},"end":{"line":47,"column":57}},"type":"binary-expr","locations":[{"start":{"line":47,"column":34},"end":{"line":47,"column":49}},{"start":{"line":47,"column":49},"end":{"line":47,"column":57}}],"line":47},"37":{"loc":{"start":{"line":50,"column":22},"end":{"line":50,"column":48}},"type":"binary-expr","locations":[{"start":{"line":50,"column":22},"end":{"line":50,"column":24}},{"start":{"line":50,"column":22},"end":{"line":50,"column":48}}],"line":50},"38":{"loc":{"start":{"line":53,"column":22},"end":{"line":53,"column":51}},"type":"binary-expr","locations":[{"start":{"line":53,"column":22},"end":{"line":53,"column":24}},{"start":{"line":53,"column":22},"end":{"line":53,"column":51}}],"line":53}},"s":{"0":3,"1":3,"2":3,"3":3,"4":0,"5":3,"6":0,"7":3,"8":3,"9":3,"10":3,"11":3,"12":0,"13":3,"14":3,"15":3,"16":0,"17":3,"18":3,"19":3,"20":3,"21":0,"22":0,"23":3,"24":3,"25":3,"26":3,"27":3,"28":0,"29":0,"30":3,"31":3,"32":3,"33":3,"34":0,"35":0,"36":0,"37":3,"38":3,"39":3,"40":3,"41":3,"42":3,"43":3,"44":3,"45":3,"46":0,"47":0,"48":0,"49":0,"50":0,"51":0,"52":0,"53":0,"54":0,"55":3,"56":3,"57":0,"58":3,"59":5,"60":3,"61":1,"62":0,"63":1,"64":1,"65":0,"66":0,"67":0,"68":0,"69":0,"70":3,"71":1,"72":1,"73":1,"74":1,"75":1,"76":1,"77":1,"78":1,"79":1,"80":1,"81":1,"82":1,"83":1,"84":1,"85":3,"86":1,"87":3,"88":0,"89":0},"f":{"0":3,"1":3,"2":3,"3":3,"4":3,"5":3,"6":3,"7":3,"8":5,"9":1,"10":1,"11":3,"12":0,"13":0},"b":{"0":[0,3],"1":[0,3],"2":[3,3,3,3],"3":[0,3],"4":[3,0],"5":[3,0],"6":[3,3],"7":[0,0],"8":[0,0],"9":[3,0],"10":[0,0],"11":[3,0],"12":[3,3],"13":[0,0],"14":[3,0],"15":[0,0],"16":[0,0],"17":[0,0],"18":[0,0],"19":[0,0],"20":[0,0],"21":[0,3],"22":[0,1],"23":[1,0,0,0,0,0],"24":[3,3],"25":[1],"26":[3,3,3],"27":[1,1],"28":[3],"29":[3,3,0,0],"30":[3,3],"31":[3,0],"32":[0],"33":[3,3],"34":[3,3],"35":[3,3],"36":[3,3],"37":[3,3],"38":[3,3]},"meta":{"lastBranch":39,"lastFunction":14,"lastStatement":90,"seen":{"s:66:14:66:Infinity":0,"s:73:13:73:45":1,"s:75:19:79:2":2,"f:75:29:75:30":0,"b:76:2:76:39:undefined:undefined:undefined:undefined":0,"s:76:2:76:39":3,"s:76:28:76:39":4,"b:77:2:77:39:undefined:undefined:undefined:undefined":1,"s:77:2:77:39":5,"s:77:28:77:39":6,"s:78:2:78:13":7,"s:81:21:83:2":8,"f:81:31:81:32":1,"s:82:2:82:108":9,"b:82:9:82:31:82:35:82:54:82:58:82:83:82:87:82:108":2,"s:85:18:90:2":10,"f:85:28:85:29":2,"b:86:2:86:52:undefined:undefined:undefined:undefined":3,"s:86:2:86:52":11,"s:86:27:86:52":12,"s:87:20:87:23":13,"b:88:2:88:71:undefined:undefined:undefined:undefined":4,"s:88:2:88:71":14,"s:88:46:88:71":15,"s:89:2:89:59":16,"s:92:19:100:2":17,"f:92:29:92:30":3,"s:93:13:93:15":18,"b:94:2:98:3:96:9:98:3":5,"s:94:2:98:3":19,"b:94:6:94:21:94:25:94:51":6,"s:95:4:95:26":20,"b:96:9:98:3:undefined:undefined:undefined:undefined":7,"s:96:9:98:3":21,"b:96:13:96:30:96:34:96:62":8,"s:97:4:97:28":22,"s:99:2:99:25":23,"s:102:21:107:2":24,"f:102:31:102:32":4,"s:103:14:103:15":25,"b:104:2:105:62:105:7:105:62":9,"s:104:2:105:62":26,"s:104:23:104:53":27,"b:105:7:105:62:undefined:undefined:undefined:undefined":10,"s:105:7:105:62":28,"s:105:30:105:62":29,"s:106:2:106:31":30,"s:109:20:113:1":31,"f:109:20:109:21":5,"b:110:2:110:55:undefined:undefined:undefined:undefined":11,"s:110:2:110:55":32,"b:110:6:110:14:110:18:110:32":12,"s:110:34:110:55":33,"b:111:2:111:48:undefined:undefined:undefined:undefined":13,"s:111:2:111:48":34,"s:111:17:111:48":35,"s:112:2:112:18":36,"s:115:19:130:1":37,"f:115:19:115:20":6,"s:116:15:116:35":38,"s:117:14:117:24":39,"s:118:17:118:27":40,"s:119:19:119:45":41,"s:120:20:120:48":42,"s:121:19:121:48":43,"b:123:2:123:40:undefined:undefined:undefined:undefined":14,"s:123:2:123:40":44,"s:123:20:123:40":45,"b:124:2:124:81:undefined:undefined:undefined:undefined":15,"s:124:2:124:81":46,"s:124:21:124:81":47,"b:124:71:124:74:124:77:124:79":16,"b:125:2:125:83:undefined:undefined:undefined:undefined":17,"s:125:2:125:83":48,"s:125:22:125:83":49,"b:125:73:125:76:125:79:125:81":18,"b:126:2:126:35:undefined:undefined:undefined:undefined":19,"s:126:2:126:35":50,"s:126:22:126:35":51,"b:127:2:127:53:undefined:undefined:undefined:undefined":20,"s:127:2:127:53":52,"s:127:20:127:53":53,"s:129:2:129:94":54,"s:133:17:136:1":55,"f:133:17:133:18":7,"b:134:2:134:32:undefined:undefined:undefined:undefined":21,"s:134:2:134:32":56,"s:134:21:134:32":57,"s:135:2:135:49":58,"f:135:27:135:28":8,"s:135:32:135:48":59,"s:138:21:148:1":60,"f:138:21:138:22":9,"b:139:4:139:26:undefined:undefined:undefined:undefined":22,"s:139:4:139:26":61,"s:139:17:139:26":62,"b:141:8:141:54:142:8:142:56:143:8:143:54:144:8:144:39:145:8:145:35:146:8:146:35":23,"s:140:4:147:5":63,"s:141:23:141:54":64,"s:142:26:142:56":65,"s:143:23:143:54":66,"s:144:21:144:39":67,"s:145:20:145:35":68,"s:146:17:146:35":69,"s:150:27:150:40":70,"s:2:7:2:Infinity":71,"s:3:9:3:Infinity":72,"s:4:11:4:Infinity":73,"s:5:14:5:35":74,"s:6:12:6:34":75,"s:8:11:8:Infinity":76,"s:9:14:9:29":77,"s:11:14:11:30":78,"s:15:9:15:Infinity":79,"s:39:9:39:Infinity":80,"s:40:11:40:Infinity":81,"s:46:14:46:27":82,"s:47:14:47:27":83,"s:49:11:49:Infinity":84,"s:2:2:55:17":85,"b:10:8:10:14:10:8:10:40":24,"b:19:4:22:Infinity":25,"b:19:15:19:27:19:31:19:59:19:50:19:75":26,"b:20:6:20:12:20:6:20:49":27,"f:21:48:21:51":10,"s:21:6:22:Infinity":86,"b:26:4:36:82":28,"b:26:16:26:25:26:29:26:55:26:55:26:66:26:70:26:95":29,"b:27:6:27:12:27:6:27:40":30,"f:29:33:29:Infinity":11,"s:28:6:34:Infinity":87,"b:30:14:30:20:30:24:30:32":31,"b:36:6:36:82":32,"b:43:27:43:44:43:44:43:Infinity":33,"b:44:29:44:48:44:48:44:Infinity":34,"b:46:33:46:51:46:51:46:59":35,"b:47:34:47:49:47:49:47:57":36,"b:50:22:50:24:50:22:50:48":37,"f:50:22:50:24":12,"s:50:24:50:48":88,"b:53:22:53:24:53:22:53:51":38,"f:53:22:53:24":13,"s:53:24:53:51":89}}}
,"C:\\Users\\elmaq\\OneDrive\\Documents\\apprentissage\\Projets\\SecByDesign\\Docker_SecByDesign\\frontend\\src\\components\\Reactions.vue": {"path":"C:\\Users\\elmaq\\OneDrive\\Documents\\apprentissage\\Projets\\SecByDesign\\Docker_SecByDesign\\frontend\\src\\components\\Reactions.vue","statementMap":{"0":{"start":{"line":27,"column":14},"end":{"line":27,"column":null}},"1":{"start":{"line":42,"column":20},"end":{"line":42,"column":30}},"2":{"start":{"line":43,"column":15},"end":{"line":43,"column":41}},"3":{"start":{"line":44,"column":17},"end":{"line":44,"column":45}},"4":{"start":{"line":47,"column":26},"end":{"line":60,"column":1}},"5":{"start":{"line":48,"column":2},"end":{"line":59,"column":3}},"6":{"start":{"line":49,"column":16},"end":{"line":51,"column":6}},"7":{"start":{"line":53,"column":4},"end":{"line":56,"column":5}},"8":{"start":{"line":54,"column":19},"end":{"line":54,"column":35}},"9":{"start":{"line":55,"column":6},"end":{"line":55,"column":40}},"10":{"start":{"line":58,"column":4},"end":{"line":58,"column":55}},"11":{"start":{"line":63,"column":23},"end":{"line":113,"column":1}},"12":{"start":{"line":64,"column":27},"end":{"line":64,"column":45}},"13":{"start":{"line":65,"column":26},"end":{"line":65,"column":39}},"14":{"start":{"line":66,"column":28},"end":{"line":66,"column":43}},"15":{"start":{"line":69,"column":2},"end":{"line":87,"column":3}},"16":{"start":{"line":71,"column":4},"end":{"line":71,"column":29}},"17":{"start":{"line":72,"column":4},"end":{"line":73,"column":26}},"18":{"start":{"line":72,"column":23},"end":{"line":72,"column":38}},"19":{"start":{"line":73,"column":9},"end":{"line":73,"column":26}},"20":{"start":{"line":74,"column":9},"end":{"line":87,"column":3}},"21":{"start":{"line":76,"column":4},"end":{"line":76,"column":29}},"22":{"start":{"line":77,"column":4},"end":{"line":78,"column":26}},"23":{"start":{"line":77,"column":23},"end":{"line":77,"column":38}},"24":{"start":{"line":78,"column":9},"end":{"line":78,"column":26}},"25":{"start":{"line":81,"column":4},"end":{"line":82,"column":26}},"26":{"start":{"line":81,"column":35},"end":{"line":81,"column":50}},"27":{"start":{"line":82,"column":9},"end":{"line":82,"column":26}},"28":{"start":{"line":84,"column":4},"end":{"line":84,"column":29}},"29":{"start":{"line":85,"column":4},"end":{"line":86,"column":26}},"30":{"start":{"line":85,"column":23},"end":{"line":85,"column":38}},"31":{"start":{"line":86,"column":9},"end":{"line":86,"column":26}},"32":{"start":{"line":89,"column":2},"end":{"line":112,"column":3}},"33":{"start":{"line":90,"column":16},"end":{"line":95,"column":6}},"34":{"start":{"line":97,"column":4},"end":{"line":105,"column":5}},"35":{"start":{"line":99,"column":6},"end":{"line":99,"column":43}},"36":{"start":{"line":100,"column":6},"end":{"line":100,"column":37}},"37":{"start":{"line":101,"column":6},"end":{"line":101,"column":41}},"38":{"start":{"line":103,"column":19},"end":{"line":103,"column":35}},"39":{"start":{"line":104,"column":6},"end":{"line":104,"column":59}},"40":{"start":{"line":108,"column":4},"end":{"line":108,"column":41}},"41":{"start":{"line":109,"column":4},"end":{"line":109,"column":35}},"42":{"start":{"line":110,"column":4},"end":{"line":110,"column":39}},"43":{"start":{"line":111,"column":4},"end":{"line":111,"column":50}},"44":{"start":{"line":115,"column":0},"end":{"line":117,"column":2}},"45":{"start":{"line":116,"column":2},"end":{"line":116,"column":21}},"46":{"start":{"line":2,"column":7},"end":{"line":2,"column":null}},"47":{"start":{"line":9,"column":15},"end":{"line":9,"column":32}},"48":{"start":{"line":18,"column":15},"end":{"line":18,"column":32}},"49":{"start":{"line":2,"column":2},"end":{"line":18,"column":51}},"50":{"start":{"line":4,"column":14},"end":{"line":4,"column":null}},"51":{"start":{"line":13,"column":14},"end":{"line":13,"column":null}}},"fnMap":{"0":{"name":"(anonymous_0)","decl":{"start":{"line":47,"column":26},"end":{"line":47,"column":31}},"loc":{"start":{"line":47,"column":38},"end":{"line":60,"column":1}},"line":47},"1":{"name":"(anonymous_1)","decl":{"start":{"line":63,"column":23},"end":{"line":63,"column":28}},"loc":{"start":{"line":63,"column":39},"end":{"line":113,"column":1}},"line":63},"2":{"name":"(anonymous_2)","decl":{"start":{"line":115,"column":10},"end":{"line":115,"column":11}},"loc":{"start":{"line":115,"column":16},"end":{"line":117,"column":1}},"line":115},"3":{"name":"(anonymous_3)","decl":{"start":{"line":4,"column":12},"end":{"line":4,"column":14}},"loc":{"start":{"line":4,"column":14},"end":{"line":4,"column":null}},"line":4},"4":{"name":"(anonymous_4)","decl":{"start":{"line":13,"column":12},"end":{"line":13,"column":14}},"loc":{"start":{"line":13,"column":14},"end":{"line":13,"column":null}},"line":13}},"branchMap":{"0":{"loc":{"start":{"line":53,"column":4},"end":{"line":56,"column":5}},"type":"if","locations":[{"start":{"line":53,"column":4},"end":{"line":56,"column":5}},{"start":{},"end":{}}],"line":53},"1":{"loc":{"start":{"line":69,"column":2},"end":{"line":87,"column":3}},"type":"if","locations":[{"start":{"line":69,"column":2},"end":{"line":87,"column":3}},{"start":{"line":74,"column":9},"end":{"line":87,"column":3}}],"line":69},"2":{"loc":{"start":{"line":72,"column":4},"end":{"line":73,"column":26}},"type":"if","locations":[{"start":{"line":72,"column":4},"end":{"line":73,"column":26}},{"start":{"line":73,"column":9},"end":{"line":73,"column":26}}],"line":72},"3":{"loc":{"start":{"line":74,"column":9},"end":{"line":87,"column":3}},"type":"if","locations":[{"start":{"line":74,"column":9},"end":{"line":87,"column":3}},{"start":{"line":79,"column":9},"end":{"line":87,"column":3}}],"line":74},"4":{"loc":{"start":{"line":77,"column":4},"end":{"line":78,"column":26}},"type":"if","locations":[{"start":{"line":77,"column":4},"end":{"line":78,"column":26}},{"start":{"line":78,"column":9},"end":{"line":78,"column":26}}],"line":77},"5":{"loc":{"start":{"line":81,"column":4},"end":{"line":82,"column":26}},"type":"if","locations":[{"start":{"line":81,"column":4},"end":{"line":82,"column":26}},{"start":{"line":82,"column":9},"end":{"line":82,"column":26}}],"line":81},"6":{"loc":{"start":{"line":85,"column":4},"end":{"line":86,"column":26}},"type":"if","locations":[{"start":{"line":85,"column":4},"end":{"line":86,"column":26}},{"start":{"line":86,"column":9},"end":{"line":86,"column":26}}],"line":85},"7":{"loc":{"start":{"line":97,"column":4},"end":{"line":105,"column":5}},"type":"if","locations":[{"start":{"line":97,"column":4},"end":{"line":105,"column":5}},{"start":{},"end":{}}],"line":97},"8":{"loc":{"start":{"line":4,"column":12},"end":{"line":4,"column":null}},"type":"binary-expr","locations":[{"start":{"line":4,"column":12},"end":{"line":4,"column":14}},{"start":{"line":4,"column":12},"end":{"line":4,"column":null}}],"line":4},"9":{"loc":{"start":{"line":8,"column":5},"end":{"line":9,"column":15}},"type":"binary-expr","locations":[{"start":{"line":8,"column":5},"end":{"line":8,"column":null}},{"start":{"line":8,"column":5},"end":{"line":9,"column":15}}],"line":8},"10":{"loc":{"start":{"line":13,"column":12},"end":{"line":13,"column":null}},"type":"binary-expr","locations":[{"start":{"line":13,"column":12},"end":{"line":13,"column":14}},{"start":{"line":13,"column":12},"end":{"line":13,"column":null}}],"line":13},"11":{"loc":{"start":{"line":17,"column":5},"end":{"line":18,"column":15}},"type":"binary-expr","locations":[{"start":{"line":17,"column":5},"end":{"line":17,"column":null}},{"start":{"line":17,"column":5},"end":{"line":18,"column":15}}],"line":17}},"s":{"0":3,"1":3,"2":3,"3":3,"4":3,"5":3,"6":3,"7":0,"8":0,"9":0,"10":3,"11":3,"12":0,"13":0,"14":0,"15":0,"16":0,"17":0,"18":0,"19":0,"20":0,"21":0,"22":0,"23":0,"24":0,"25":0,"26":0,"27":0,"28":0,"29":0,"30":0,"31":0,"32":0,"33":0,"34":0,"35":0,"36":0,"37":0,"38":0,"39":0,"40":0,"41":0,"42":0,"43":0,"44":3,"45":3,"46":1,"47":1,"48":1,"49":3,"50":0,"51":0},"f":{"0":3,"1":0,"2":3,"3":0,"4":0},"b":{"0":[0,0],"1":[0,0],"2":[0,0],"3":[0,0],"4":[0,0],"5":[0,0],"6":[0,0],"7":[0,0],"8":[3,3],"9":[3,3],"10":[3,3],"11":[3,3]},"meta":{"lastBranch":0,"lastFunction":0,"lastStatement":0,"seen":{}}}
,"C:\\Users\\elmaq\\OneDrive\\Documents\\apprentissage\\Projets\\SecByDesign\\Docker_SecByDesign\\frontend\\src\\config\\api.ts": {"path":"C:\\Users\\elmaq\\OneDrive\\Documents\\apprentissage\\Projets\\SecByDesign\\Docker_SecByDesign\\frontend\\src\\config\\api.ts","statementMap":{"0":{"start":{"line":16,"column":6},"end":{"line":36,"column":null}},"1":{"start":{"line":18,"column":2},"end":{"line":19,"column":null}},"2":{"start":{"line":19,"column":4},"end":{"line":19,"column":null}},"3":{"start":{"line":23,"column":2},"end":{"line":27,"column":null}},"4":{"start":{"line":24,"column":21},"end":{"line":24,"column":null}},"5":{"start":{"line":25,"column":17},"end":{"line":25,"column":null}},"6":{"start":{"line":26,"column":17},"end":{"line":26,"column":null}},"7":{"start":{"line":27,"column":4},"end":{"line":27,"column":null}},"8":{"start":{"line":32,"column":19},"end":{"line":32,"column":null}},"9":{"start":{"line":33,"column":19},"end":{"line":33,"column":null}},"10":{"start":{"line":34,"column":18},"end":{"line":34,"column":null}},"11":{"start":{"line":36,"column":2},"end":{"line":36,"column":null}},"12":{"start":{"line":39,"column":28},"end":{"line":39,"column":43}},"13":{"start":{"line":40,"column":31},"end":{"line":40,"column":null}},"14":{"start":{"line":42,"column":0},"end":{"line":42,"column":null}}},"fnMap":{"0":{"name":"(anonymous_0)","decl":{"start":{"line":16,"column":6},"end":{"line":16,"column":28}},"loc":{"start":{"line":16,"column":28},"end":{"line":36,"column":null}},"line":16}},"branchMap":{"0":{"loc":{"start":{"line":18,"column":2},"end":{"line":19,"column":null}},"type":"if","locations":[{"start":{"line":18,"column":2},"end":{"line":19,"column":null}},{"start":{},"end":{}}],"line":18},"1":{"loc":{"start":{"line":23,"column":2},"end":{"line":27,"column":null}},"type":"if","locations":[{"start":{"line":23,"column":2},"end":{"line":27,"column":null}},{"start":{},"end":{}}],"line":23},"2":{"loc":{"start":{"line":24,"column":21},"end":{"line":24,"column":null}},"type":"binary-expr","locations":[{"start":{"line":24,"column":21},"end":{"line":24,"column":58}},{"start":{"line":24,"column":58},"end":{"line":24,"column":null}}],"line":24},"3":{"loc":{"start":{"line":26,"column":17},"end":{"line":26,"column":null}},"type":"binary-expr","locations":[{"start":{"line":26,"column":17},"end":{"line":26,"column":50}},{"start":{"line":26,"column":50},"end":{"line":26,"column":null}}],"line":26},"4":{"loc":{"start":{"line":34,"column":18},"end":{"line":34,"column":null}},"type":"binary-expr","locations":[{"start":{"line":34,"column":18},"end":{"line":34,"column":51}},{"start":{"line":34,"column":51},"end":{"line":34,"column":null}}],"line":34}},"s":{"0":1,"1":1,"2":0,"3":1,"4":0,"5":0,"6":0,"7":0,"8":1,"9":1,"10":1,"11":1,"12":1,"13":1,"14":1},"f":{"0":1},"b":{"0":[0,1],"1":[0,1],"2":[0,0],"3":[0,0],"4":[1,1]},"meta":{"lastBranch":5,"lastFunction":1,"lastStatement":15,"seen":{"s:16:6:36:Infinity":0,"f:16:6:16:28":0,"b:18:2:19:Infinity:undefined:undefined:undefined:undefined":0,"s:18:2:19:Infinity":1,"s:19:4:19:Infinity":2,"b:23:2:27:Infinity:undefined:undefined:undefined:undefined":1,"s:23:2:27:Infinity":3,"s:24:21:24:Infinity":4,"b:24:21:24:58:24:58:24:Infinity":2,"s:25:17:25:Infinity":5,"s:26:17:26:Infinity":6,"b:26:17:26:50:26:50:26:Infinity":3,"s:27:4:27:Infinity":7,"s:32:19:32:Infinity":8,"s:33:19:33:Infinity":9,"s:34:18:34:Infinity":10,"b:34:18:34:51:34:51:34:Infinity":4,"s:36:2:36:Infinity":11,"s:39:28:39:43":12,"s:40:31:40:Infinity":13,"s:42:0:42:Infinity":14}}}
,"C:\\Users\\elmaq\\OneDrive\\Documents\\apprentissage\\Projets\\SecByDesign\\Docker_SecByDesign\\frontend\\src\\utils\\theme.ts": {"path":"C:\\Users\\elmaq\\OneDrive\\Documents\\apprentissage\\Projets\\SecByDesign\\Docker_SecByDesign\\frontend\\src\\utils\\theme.ts","statementMap":{"0":{"start":{"line":4,"column":13},"end":{"line":15,"column":null}},"1":{"start":{"line":5,"column":41},"end":{"line":14,"column":null}},"2":{"start":{"line":15,"column":2},"end":{"line":15,"column":null}},"3":{"start":{"line":18,"column":13},"end":{"line":27,"column":null}},"4":{"start":{"line":19,"column":2},"end":{"line":27,"column":null}}},"fnMap":{"0":{"name":"(anonymous_0)","decl":{"start":{"line":4,"column":13},"end":{"line":4,"column":30}},"loc":{"start":{"line":4,"column":56},"end":{"line":15,"column":null}},"line":4},"1":{"name":"(anonymous_1)","decl":{"start":{"line":18,"column":13},"end":{"line":18,"column":36}},"loc":{"start":{"line":18,"column":51},"end":{"line":27,"column":null}},"line":18}},"branchMap":{"0":{"loc":{"start":{"line":15,"column":9},"end":{"line":15,"column":null}},"type":"binary-expr","locations":[{"start":{"line":15,"column":9},"end":{"line":15,"column":26}},{"start":{"line":15,"column":26},"end":{"line":15,"column":null}}],"line":15}},"s":{"0":1,"1":0,"2":0,"3":1,"4":0},"f":{"0":0,"1":0},"b":{"0":[0,0]},"meta":{"lastBranch":1,"lastFunction":2,"lastStatement":5,"seen":{"s:4:13:15:Infinity":0,"f:4:13:4:30":0,"s:5:41:14:Infinity":1,"s:15:2:15:Infinity":2,"b:15:9:15:26:15:26:15:Infinity":0,"s:18:13:27:Infinity":3,"f:18:13:18:36":1,"s:19:2:27:Infinity":4}}}
}
