{"total": {"lines":{"total":140,"covered":80,"skipped":0,"pct":57.14},"statements":{"total":162,"covered":87,"skipped":0,"pct":53.7},"functions":{"total":22,"covered":15,"skipped":0,"pct":68.18},"branches":{"total":120,"covered":57,"skipped":0,"pct":47.5},"branchesTrue":{"total":0,"covered":0,"skipped":0,"pct":100}}
,"C:\\Users\\elmaq\\OneDrive\\Documents\\apprentissage\\Projets\\SecByDesign\\Docker_SecByDesign\\frontend\\src\\components\\NoteCard.vue": {"lines":{"total":73,"covered":55,"skipped":0,"pct":75.34},"functions":{"total":14,"covered":12,"skipped":0,"pct":85.71},"statements":{"total":90,"covered":61,"skipped":0,"pct":67.77},"branches":{"total":84,"covered":45,"skipped":0,"pct":53.57}}
,"C:\\Users\\elmaq\\OneDrive\\Documents\\apprentissage\\Projets\\SecByDesign\\Docker_SecByDesign\\frontend\\src\\components\\Reactions.vue": {"lines":{"total":47,"covered":13,"skipped":0,"pct":27.65},"functions":{"total":5,"covered":2,"skipped":0,"pct":40},"statements":{"total":52,"covered":14,"skipped":0,"pct":26.92},"branches":{"total":24,"covered":8,"skipped":0,"pct":33.33}}
,"C:\\Users\\elmaq\\OneDrive\\Documents\\apprentissage\\Projets\\SecByDesign\\Docker_SecByDesign\\frontend\\src\\config\\api.ts": {"lines":{"total":15,"covered":10,"skipped":0,"pct":66.66},"functions":{"total":1,"covered":1,"skipped":0,"pct":100},"statements":{"total":15,"covered":10,"skipped":0,"pct":66.66},"branches":{"total":10,"covered":4,"skipped":0,"pct":40}}
,"C:\\Users\\elmaq\\OneDrive\\Documents\\apprentissage\\Projets\\SecByDesign\\Docker_SecByDesign\\frontend\\src\\utils\\theme.ts": {"lines":{"total":5,"covered":2,"skipped":0,"pct":40},"functions":{"total":2,"covered":0,"skipped":0,"pct":0},"statements":{"total":5,"covered":2,"skipped":0,"pct":40},"branches":{"total":2,"covered":0,"skipped":0,"pct":0}}
}
