TN:
SF:src\components\AccountSettings.vue
FN:126,(anonymous_0)
FN:142,(anonymous_1)
FN:194,(anonymous_2)
FN:207,(anonymous_3)
FN:5,(anonymous_4)
FN:10,(anonymous_5)
FN:21,(anonymous_6)
FN:33,(anonymous_7)
FN:44,(anonymous_8)
FN:60,(anonymous_9)
FN:73,(anonymous_10)
FN:90,(anonymous_11)
FNF:12
FNH:8
FNDA:9,(anonymous_0)
FNDA:5,(anonymous_1)
FNDA:0,(anonymous_2)
FNDA:12,(anonymous_3)
FNDA:1,(anonymous_4)
FNDA:1,(anonymous_5)
FNDA:0,(anonymous_6)
FNDA:2,(anonymous_7)
FNDA:0,(anonymous_8)
FNDA:2,(anonymous_9)
FNDA:1,(anonymous_10)
FNDA:0,(anonymous_11)
DA:2,31
DA:3,1
DA:5,1
DA:10,1
DA:14,1
DA:17,1
DA:21,0
DA:29,1
DA:33,2
DA:40,1
DA:44,0
DA:53,1
DA:56,1
DA:60,2
DA:73,1
DA:89,1
DA:90,0
DA:105,12
DA:112,12
DA:114,12
DA:115,12
DA:116,12
DA:117,12
DA:119,12
DA:126,12
DA:127,9
DA:128,9
DA:132,9
DA:133,9
DA:134,9
DA:135,9
DA:138,0
DA:142,12
DA:143,5
DA:144,5
DA:146,5
DA:147,1
DA:148,1
DA:151,4
DA:152,1
DA:153,1
DA:156,3
DA:158,3
DA:159,3
DA:161,3
DA:162,2
DA:165,3
DA:166,2
DA:169,3
DA:170,0
DA:173,3
DA:174,1
DA:175,1
DA:176,1
DA:179,2
DA:186,2
DA:188,2
DA:189,1
DA:190,1
DA:191,1
DA:192,1
DA:194,1
DA:195,0
DA:198,1
DA:201,0
DA:203,3
DA:207,12
DA:208,12
DA:209,9
LF:69
LH:62
BRDA:132,0,0,9
BRDA:132,0,1,0
BRDA:134,1,0,9
BRDA:134,1,1,0
BRDA:135,2,0,9
BRDA:135,2,1,2
BRDA:146,3,0,1
BRDA:146,3,1,4
BRDA:146,4,0,5
BRDA:146,4,1,2
BRDA:151,5,0,1
BRDA:151,5,1,3
BRDA:151,6,0,4
BRDA:151,6,1,1
BRDA:161,7,0,2
BRDA:161,7,1,1
BRDA:165,8,0,2
BRDA:165,8,1,1
BRDA:169,9,0,0
BRDA:169,9,1,3
BRDA:173,10,0,1
BRDA:173,10,1,2
BRDA:188,11,0,1
BRDA:188,11,1,1
BRDA:198,12,0,1
BRDA:198,12,1,0
BRDA:208,13,0,9
BRDA:208,13,1,3
BRDA:4,14,0,31
BRDA:4,14,1,12
BRDA:5,15,0,31
BRDA:5,15,1,12
BRDA:8,16,0,3
BRDA:8,16,1,28
BRDA:9,17,0,3
BRDA:9,17,1,3
BRDA:10,18,0,3
BRDA:10,18,1,3
BRDA:15,19,0,28
BRDA:15,19,1,9
BRDA:18,20,0,28
BRDA:18,20,1,9
BRDA:21,21,0,28
BRDA:21,21,1,9
BRDA:26,22,0,28
BRDA:26,22,1,9
BRDA:30,23,0,28
BRDA:30,23,1,9
BRDA:33,24,0,28
BRDA:33,24,1,9
BRDA:41,25,0,28
BRDA:41,25,1,9
BRDA:44,26,0,28
BRDA:44,26,1,9
BRDA:54,27,0,28
BRDA:54,27,1,9
BRDA:57,28,0,28
BRDA:57,28,1,9
BRDA:60,29,0,28
BRDA:60,29,1,9
BRDA:66,30,0,28
BRDA:66,30,1,9
BRDA:69,31,0,5
BRDA:70,32,0,5
BRDA:70,32,1,2
BRDA:73,33,0,5
BRDA:73,33,1,2
BRDA:81,34,0,4
BRDA:85,35,0,1
BRDA:90,36,0,28
BRDA:90,36,1,9
BRDA:94,37,0,2
BRDA:94,37,1,26
BRF:73
BRH:69
end_of_record
TN:
SF:src\components\Login.vue
FN:62,(anonymous_0)
FN:70,(anonymous_1)
FN:97,(anonymous_2)
FN:8,(anonymous_3)
FN:13,(anonymous_4)
FN:18,(anonymous_5)
FN:34,(anonymous_6)
FNF:7
FNH:6
FNDA:5,(anonymous_0)
FNDA:5,(anonymous_1)
FNDA:0,(anonymous_2)
FNDA:5,(anonymous_3)
FNDA:5,(anonymous_4)
FNDA:1,(anonymous_5)
FNDA:1,(anonymous_6)
DA:2,35
DA:6,1
DA:8,5
DA:11,1
DA:13,5
DA:18,1
DA:34,1
DA:39,1
DA:51,11
DA:56,11
DA:57,11
DA:58,11
DA:59,11
DA:60,11
DA:62,11
DA:63,5
DA:64,5
DA:65,5
DA:66,5
DA:67,5
DA:70,11
DA:71,5
DA:72,5
DA:73,5
DA:75,5
DA:76,1
DA:77,1
DA:78,1
DA:81,4
DA:83,5
DA:84,5
DA:91,2
DA:93,2
DA:95,1
DA:96,0
DA:97,0
DA:99,1
DA:102,2
DA:104,3
LF:39
LH:37
BRDA:75,0,0,1
BRDA:75,0,1,4
BRDA:75,1,0,5
BRDA:75,1,1,1
BRDA:81,2,0,0
BRDA:81,2,1,4
BRDA:93,3,0,1
BRDA:93,3,1,1
BRDA:93,4,0,1
BRDA:93,4,1,0
BRDA:95,5,0,0
BRDA:95,5,1,1
BRDA:102,6,0,2
BRDA:102,6,1,0
BRDA:3,7,0,8
BRDA:3,7,1,27
BRDA:9,8,0,35
BRDA:9,8,1,11
BRDA:8,9,0,35
BRDA:8,9,1,11
BRDA:14,10,0,35
BRDA:14,10,1,11
BRDA:13,11,0,35
BRDA:13,11,1,11
BRDA:16,12,0,8
BRDA:19,13,0,8
BRDA:19,13,1,4
BRDA:18,14,0,8
BRDA:18,14,1,4
BRDA:21,15,0,8
BRDA:21,15,1,27
BRDA:25,16,0,3
BRDA:25,16,1,32
BRDA:26,17,0,0
BRDA:26,17,1,35
BRDA:29,18,0,8
BRDA:29,18,1,27
BRDA:33,19,0,27
BRDA:33,19,1,8
BRDA:34,20,0,27
BRDA:34,20,1,11
BRDA:41,21,0,8
BRDA:41,21,1,27
BRF:43
BRH:38
end_of_record
TN:
SF:src\components\NoteCard.vue
FN:75,(anonymous_0)
FN:81,(anonymous_1)
FN:85,(anonymous_2)
FN:92,(anonymous_3)
FN:102,(anonymous_4)
FN:109,(anonymous_5)
FN:115,(anonymous_6)
FN:133,(anonymous_7)
FN:135,(anonymous_8)
FN:138,(anonymous_9)
FN:21,(anonymous_10)
FN:29,(anonymous_11)
FN:50,(anonymous_12)
FN:53,(anonymous_13)
FNF:14
FNH:12
FNDA:5,(anonymous_0)
FNDA:5,(anonymous_1)
FNDA:5,(anonymous_2)
FNDA:5,(anonymous_3)
FNDA:5,(anonymous_4)
FNDA:5,(anonymous_5)
FNDA:5,(anonymous_6)
FNDA:5,(anonymous_7)
FNDA:9,(anonymous_8)
FNDA:1,(anonymous_9)
FNDA:1,(anonymous_10)
FNDA:5,(anonymous_11)
FNDA:0,(anonymous_12)
FNDA:0,(anonymous_13)
DA:2,5
DA:3,1
DA:4,1
DA:5,1
DA:6,1
DA:8,1
DA:9,1
DA:11,1
DA:15,1
DA:21,1
DA:28,5
DA:39,1
DA:40,1
DA:46,1
DA:47,1
DA:49,1
DA:50,0
DA:53,0
DA:66,5
DA:73,5
DA:75,5
DA:76,5
DA:77,5
DA:78,5
DA:81,5
DA:82,5
DA:85,5
DA:86,5
DA:87,5
DA:88,5
DA:89,0
DA:92,5
DA:93,5
DA:94,5
DA:95,5
DA:96,0
DA:97,0
DA:99,5
DA:102,5
DA:103,5
DA:104,5
DA:105,0
DA:106,5
DA:109,5
DA:110,5
DA:111,0
DA:112,0
DA:115,5
DA:116,5
DA:117,5
DA:118,5
DA:119,5
DA:120,5
DA:121,5
DA:123,5
DA:124,0
DA:125,0
DA:126,0
DA:127,0
DA:129,0
DA:133,5
DA:134,5
DA:135,9
DA:138,5
DA:139,1
DA:140,1
DA:141,1
DA:142,0
DA:143,0
DA:144,0
DA:145,0
DA:146,0
DA:150,5
LF:73
LH:55
BRDA:76,0,0,0
BRDA:76,0,1,5
BRDA:77,1,0,0
BRDA:77,1,1,5
BRDA:82,2,0,5
BRDA:82,2,1,5
BRDA:82,2,2,5
BRDA:82,2,3,0
BRDA:86,3,0,0
BRDA:86,3,1,5
BRDA:88,4,0,5
BRDA:88,4,1,0
BRDA:94,5,0,5
BRDA:94,5,1,0
BRDA:94,6,0,5
BRDA:94,6,1,5
BRDA:96,7,0,0
BRDA:96,7,1,0
BRDA:96,8,0,0
BRDA:96,8,1,0
BRDA:104,9,0,5
BRDA:104,9,1,0
BRDA:105,10,0,0
BRDA:105,10,1,0
BRDA:110,11,0,5
BRDA:110,11,1,0
BRDA:110,12,0,5
BRDA:110,12,1,5
BRDA:111,13,0,0
BRDA:111,13,1,0
BRDA:123,14,0,5
BRDA:123,14,1,0
BRDA:124,15,0,0
BRDA:124,15,1,0
BRDA:124,16,0,0
BRDA:124,16,1,0
BRDA:125,17,0,0
BRDA:125,17,1,0
BRDA:125,18,0,0
BRDA:125,18,1,0
BRDA:126,19,0,0
BRDA:126,19,1,0
BRDA:127,20,0,0
BRDA:127,20,1,0
BRDA:134,21,0,0
BRDA:134,21,1,5
BRDA:139,22,0,0
BRDA:139,22,1,1
BRDA:140,23,0,1
BRDA:140,23,1,0
BRDA:140,23,2,0
BRDA:140,23,3,0
BRDA:140,23,4,0
BRDA:140,23,5,0
BRDA:10,24,0,5
BRDA:10,24,1,5
BRDA:19,25,0,1
BRDA:19,26,0,5
BRDA:19,26,1,5
BRDA:19,26,2,5
BRDA:20,27,0,1
BRDA:20,27,1,1
BRDA:26,28,0,5
BRDA:26,29,0,5
BRDA:26,29,1,5
BRDA:26,29,2,0
BRDA:26,29,3,0
BRDA:27,30,0,5
BRDA:27,30,1,5
BRDA:30,31,0,5
BRDA:30,31,1,0
BRDA:36,32,0,0
BRDA:43,33,0,5
BRDA:43,33,1,5
BRDA:44,34,0,5
BRDA:44,34,1,5
BRDA:46,35,0,5
BRDA:46,35,1,5
BRDA:47,36,0,5
BRDA:47,36,1,5
BRDA:50,37,0,5
BRDA:50,37,1,5
BRDA:53,38,0,5
BRDA:53,38,1,5
BRF:84
BRH:44
end_of_record
TN:
SF:src\components\Reactions.vue
FN:47,(anonymous_0)
FN:63,(anonymous_1)
FN:115,(anonymous_2)
FN:4,(anonymous_3)
FN:13,(anonymous_4)
FNF:5
FNH:5
FNDA:16,(anonymous_0)
FNDA:5,(anonymous_1)
FNDA:16,(anonymous_2)
FNDA:3,(anonymous_3)
FNDA:2,(anonymous_4)
DA:2,26
DA:4,3
DA:9,2
DA:13,2
DA:18,2
DA:27,16
DA:42,16
DA:43,16
DA:44,16
DA:47,16
DA:48,16
DA:49,16
DA:53,11
DA:54,11
DA:55,11
DA:58,5
DA:63,16
DA:64,5
DA:65,5
DA:66,5
DA:69,5
DA:71,1
DA:72,1
DA:73,0
DA:74,4
DA:76,3
DA:77,3
DA:78,1
DA:81,1
DA:82,0
DA:84,1
DA:85,1
DA:86,1
DA:89,5
DA:90,5
DA:97,5
DA:99,1
DA:100,1
DA:101,1
DA:103,1
DA:104,1
DA:108,0
DA:109,0
DA:110,0
DA:111,0
DA:115,16
DA:116,16
LF:47
LH:41
BRDA:53,0,0,11
BRDA:53,0,1,0
BRDA:69,1,0,1
BRDA:69,1,1,4
BRDA:72,2,0,1
BRDA:72,2,1,0
BRDA:74,3,0,3
BRDA:74,3,1,1
BRDA:77,4,0,2
BRDA:77,4,1,1
BRDA:81,5,0,1
BRDA:81,5,1,0
BRDA:85,6,0,0
BRDA:85,6,1,1
BRDA:97,7,0,1
BRDA:97,7,1,4
BRDA:4,8,0,26
BRDA:4,8,1,16
BRDA:8,9,0,26
BRDA:8,9,1,16
BRDA:13,10,0,26
BRDA:13,10,1,16
BRDA:17,11,0,26
BRDA:17,11,1,16
BRF:24
BRH:20
end_of_record
TN:
SF:src\config\api.ts
FN:16,(anonymous_0)
FNF:1
FNH:1
FNDA:4,(anonymous_0)
DA:16,4
DA:18,4
DA:19,0
DA:23,4
DA:24,0
DA:25,0
DA:26,0
DA:27,0
DA:32,4
DA:33,4
DA:34,4
DA:36,4
DA:39,4
DA:40,4
DA:42,4
LF:15
LH:10
BRDA:18,0,0,0
BRDA:18,0,1,4
BRDA:23,1,0,0
BRDA:23,1,1,4
BRDA:24,2,0,0
BRDA:24,2,1,0
BRDA:26,3,0,0
BRDA:26,3,1,0
BRDA:34,4,0,4
BRDA:34,4,1,4
BRF:10
BRH:4
end_of_record
TN:
SF:src\stores\auth.ts
FN:5,(anonymous_0)
FN:8,(anonymous_1)
FN:9,(anonymous_2)
FN:10,(anonymous_3)
FN:11,(anonymous_4)
FN:13,setUser
FN:17,logout
FNF:7
FNH:7
FNDA:9,(anonymous_0)
FNDA:2,(anonymous_1)
FNDA:2,(anonymous_2)
FNDA:1,(anonymous_3)
FNDA:1,(anonymous_4)
FNDA:7,setUser
FNDA:1,logout
DA:5,1
DA:6,9
DA:8,9
DA:9,9
DA:10,9
DA:11,9
DA:14,7
DA:18,1
DA:23,9
LF:9
LH:9
BRF:0
BRH:0
end_of_record
TN:
SF:src\stores\feed.ts
FN:7,(anonymous_0)
FN:20,(anonymous_1)
FN:68,(anonymous_2)
FNF:3
FNH:3
FNDA:11,(anonymous_0)
FNDA:13,(anonymous_1)
FNDA:1,(anonymous_2)
DA:7,1
DA:8,11
DA:9,11
DA:10,11
DA:11,11
DA:12,11
DA:13,11
DA:15,11
DA:20,11
DA:21,13
DA:22,2
DA:23,2
DA:24,2
DA:27,13
DA:29,12
DA:30,12
DA:32,12
DA:33,12
DA:34,12
DA:35,12
DA:37,12
DA:38,1
DA:41,12
DA:43,12
DA:47,12
DA:49,11
DA:51,11
DA:52,2
DA:54,9
DA:57,11
DA:58,11
DA:59,11
DA:62,1
DA:64,12
DA:68,11
DA:69,1
DA:70,1
DA:73,11
LF:38
LH:38
BRDA:20,0,0,13
BRDA:21,1,0,2
BRDA:21,1,1,11
BRDA:27,2,0,1
BRDA:27,2,1,12
BRDA:27,3,0,13
BRDA:27,3,1,1
BRDA:37,4,0,1
BRDA:37,4,1,11
BRDA:41,5,0,2
BRDA:41,5,1,10
BRDA:47,6,0,1
BRDA:47,6,1,11
BRDA:51,7,0,2
BRDA:51,7,1,9
BRDA:59,8,0,8
BRDA:59,8,1,3
BRF:17
BRH:17
end_of_record
TN:
SF:src\stores\note.ts
FN:7,(anonymous_0)
FN:13,fetchNotes
FN:21,(anonymous_2)
FN:30,createNote
FN:55,updateNote
FN:68,(anonymous_5)
FN:80,deleteNote
FN:87,(anonymous_7)
FN:94,fetchComments
FN:99,(anonymous_9)
FN:110,addComment
FN:121,(anonymous_11)
FNF:12
FNH:12
FNDA:13,(anonymous_0)
FNDA:10,fetchNotes
FNDA:9,(anonymous_2)
FNDA:2,createNote
FNDA:2,updateNote
FNDA:1,(anonymous_5)
FNDA:2,deleteNote
FNDA:1,(anonymous_7)
FNDA:1,fetchComments
FNDA:1,(anonymous_9)
FNDA:2,addComment
FNDA:1,(anonymous_11)
DA:7,1
DA:8,13
DA:9,13
DA:10,13
DA:14,10
DA:15,10
DA:16,10
DA:17,10
DA:18,10
DA:19,9
DA:21,9
DA:23,1
DA:24,1
DA:26,10
DA:31,2
DA:32,2
DA:33,2
DA:39,2
DA:40,1
DA:41,1
DA:43,1
DA:44,1
DA:45,1
DA:46,1
DA:48,1
DA:49,1
DA:51,2
DA:56,2
DA:57,2
DA:63,2
DA:64,1
DA:65,1
DA:67,1
DA:68,1
DA:69,1
DA:71,1
DA:73,1
DA:75,1
DA:76,1
DA:81,2
DA:82,2
DA:86,2
DA:87,1
DA:89,1
DA:90,1
DA:95,1
DA:96,1
DA:97,1
DA:98,1
DA:99,1
DA:100,1
DA:101,1
DA:103,1
DA:106,0
DA:111,2
DA:112,2
DA:118,2
DA:119,1
DA:121,1
DA:122,1
DA:123,1
DA:124,1
DA:126,1
DA:128,1
DA:132,13
LF:65
LH:64
BRDA:18,0,0,1
BRDA:18,0,1,9
BRDA:39,1,0,1
BRDA:39,1,1,1
BRDA:41,2,0,1
BRDA:41,2,1,0
BRDA:63,3,0,1
BRDA:63,3,1,1
BRDA:65,4,0,1
BRDA:65,4,1,0
BRDA:69,5,0,1
BRDA:69,5,1,0
BRDA:86,6,0,1
BRDA:86,6,1,1
BRDA:97,7,0,1
BRDA:97,7,1,0
BRDA:100,8,0,1
BRDA:100,8,1,0
BRDA:118,9,0,1
BRDA:118,9,1,1
BRDA:122,10,0,1
BRDA:122,10,1,0
BRDA:123,11,0,1
BRDA:123,11,1,0
BRF:24
BRH:17
end_of_record
TN:
SF:src\stores\tag.ts
FN:6,(anonymous_0)
FN:12,(anonymous_1)
FN:12,(anonymous_2)
FN:13,(anonymous_3)
FN:13,(anonymous_4)
FN:14,(anonymous_5)
FN:14,(anonymous_6)
FN:15,(anonymous_7)
FN:15,(anonymous_8)
FN:17,(anonymous_9)
FN:17,(anonymous_10)
FN:20,fetchTags
FN:34,createTag
FN:55,updateTag
FN:66,(anonymous_14)
FN:76,deleteTag
FN:84,(anonymous_16)
FNF:17
FNH:17
FNDA:12,(anonymous_0)
FNDA:1,(anonymous_1)
FNDA:4,(anonymous_2)
FNDA:1,(anonymous_3)
FNDA:4,(anonymous_4)
FNDA:1,(anonymous_5)
FNDA:4,(anonymous_6)
FNDA:1,(anonymous_7)
FNDA:4,(anonymous_8)
FNDA:1,(anonymous_9)
FNDA:4,(anonymous_10)
FNDA:9,fetchTags
FNDA:2,createTag
FNDA:1,updateTag
FNDA:1,(anonymous_14)
FNDA:1,deleteTag
FNDA:4,(anonymous_16)
DA:6,1
DA:7,12
DA:8,12
DA:9,12
DA:12,12
DA:13,12
DA:14,12
DA:15,12
DA:17,12
DA:21,9
DA:22,9
DA:23,9
DA:24,9
DA:25,9
DA:26,8
DA:28,1
DA:30,9
DA:35,2
DA:36,2
DA:42,2
DA:43,1
DA:44,1
DA:46,1
DA:47,1
DA:48,1
DA:50,1
DA:51,1
DA:56,1
DA:57,1
DA:63,1
DA:65,1
DA:66,1
DA:67,1
DA:68,1
DA:71,0
DA:72,0
DA:77,1
DA:78,1
DA:82,1
DA:84,4
DA:86,0
DA:87,0
DA:91,12
LF:43
LH:39
BRDA:25,0,0,1
BRDA:25,0,1,8
BRDA:42,1,0,1
BRDA:42,1,1,1
BRDA:44,2,0,1
BRDA:44,2,1,0
BRDA:63,3,0,0
BRDA:63,3,1,1
BRDA:67,4,0,1
BRDA:67,4,1,0
BRDA:82,5,0,0
BRDA:82,5,1,1
BRF:12
BRH:8
end_of_record
TN:
SF:src\types\models.ts
FN:2,(anonymous_0)
FNF:1
FNH:1
FNDA:1,(anonymous_0)
DA:2,1
DA:3,1
DA:4,1
DA:5,1
LF:4
LH:4
BRF:0
BRH:0
end_of_record
TN:
SF:src\utils\sanitize.js
FN:3,(anonymous_0)
FN:7,(anonymous_1)
FNF:2
FNH:2
FNDA:3,(anonymous_0)
FNDA:4,(anonymous_1)
DA:3,1
DA:4,3
DA:7,1
DA:11,4
LF:4
LH:4
BRF:0
BRH:0
end_of_record
TN:
SF:src\utils\theme.ts
FN:4,(anonymous_0)
FN:18,(anonymous_1)
FNF:2
FNH:2
FNDA:7,(anonymous_0)
FNDA:17,(anonymous_1)
DA:4,3
DA:5,7
DA:15,7
DA:18,3
DA:19,17
LF:5
LH:5
BRDA:15,0,0,7
BRDA:15,0,1,2
BRF:2
BRH:2
end_of_record
