TN:
SF:src\components\NoteCard.vue
FN:75,(anonymous_0)
FN:81,(anonymous_1)
FN:85,(anonymous_2)
FN:92,(anonymous_3)
FN:102,(anonymous_4)
FN:109,(anonymous_5)
FN:115,(anonymous_6)
FN:133,(anonymous_7)
FN:135,(anonymous_8)
FN:138,(anonymous_9)
FN:21,(anonymous_10)
FN:29,(anonymous_11)
FN:50,(anonymous_12)
FN:53,(anonymous_13)
FNF:14
FNH:12
FNDA:3,(anonymous_0)
FNDA:3,(anonymous_1)
FNDA:3,(anonymous_2)
FNDA:3,(anonymous_3)
FNDA:3,(anonymous_4)
FNDA:3,(anonymous_5)
FNDA:3,(anonymous_6)
FNDA:3,(anonymous_7)
FNDA:5,(anonymous_8)
FNDA:1,(anonymous_9)
FNDA:1,(anonymous_10)
FNDA:3,(anonymous_11)
FNDA:0,(anonymous_12)
FNDA:0,(anonymous_13)
DA:2,3
DA:3,1
DA:4,1
DA:5,1
DA:6,1
DA:8,1
DA:9,1
DA:11,1
DA:15,1
DA:21,1
DA:28,3
DA:39,1
DA:40,1
DA:46,1
DA:47,1
DA:49,1
DA:50,0
DA:53,0
DA:66,3
DA:73,3
DA:75,3
DA:76,3
DA:77,3
DA:78,3
DA:81,3
DA:82,3
DA:85,3
DA:86,3
DA:87,3
DA:88,3
DA:89,0
DA:92,3
DA:93,3
DA:94,3
DA:95,3
DA:96,0
DA:97,0
DA:99,3
DA:102,3
DA:103,3
DA:104,3
DA:105,0
DA:106,3
DA:109,3
DA:110,3
DA:111,0
DA:112,0
DA:115,3
DA:116,3
DA:117,3
DA:118,3
DA:119,3
DA:120,3
DA:121,3
DA:123,3
DA:124,0
DA:125,0
DA:126,0
DA:127,0
DA:129,0
DA:133,3
DA:134,3
DA:135,5
DA:138,3
DA:139,1
DA:140,1
DA:141,1
DA:142,0
DA:143,0
DA:144,0
DA:145,0
DA:146,0
DA:150,3
LF:73
LH:55
BRDA:76,0,0,0
BRDA:76,0,1,3
BRDA:77,1,0,0
BRDA:77,1,1,3
BRDA:82,2,0,3
BRDA:82,2,1,3
BRDA:82,2,2,3
BRDA:82,2,3,3
BRDA:86,3,0,0
BRDA:86,3,1,3
BRDA:88,4,0,3
BRDA:88,4,1,0
BRDA:94,5,0,3
BRDA:94,5,1,0
BRDA:94,6,0,3
BRDA:94,6,1,3
BRDA:96,7,0,0
BRDA:96,7,1,0
BRDA:96,8,0,0
BRDA:96,8,1,0
BRDA:104,9,0,3
BRDA:104,9,1,0
BRDA:105,10,0,0
BRDA:105,10,1,0
BRDA:110,11,0,3
BRDA:110,11,1,0
BRDA:110,12,0,3
BRDA:110,12,1,3
BRDA:111,13,0,0
BRDA:111,13,1,0
BRDA:123,14,0,3
BRDA:123,14,1,0
BRDA:124,15,0,0
BRDA:124,15,1,0
BRDA:124,16,0,0
BRDA:124,16,1,0
BRDA:125,17,0,0
BRDA:125,17,1,0
BRDA:125,18,0,0
BRDA:125,18,1,0
BRDA:126,19,0,0
BRDA:126,19,1,0
BRDA:127,20,0,0
BRDA:127,20,1,0
BRDA:134,21,0,0
BRDA:134,21,1,3
BRDA:139,22,0,0
BRDA:139,22,1,1
BRDA:140,23,0,1
BRDA:140,23,1,0
BRDA:140,23,2,0
BRDA:140,23,3,0
BRDA:140,23,4,0
BRDA:140,23,5,0
BRDA:10,24,0,3
BRDA:10,24,1,3
BRDA:19,25,0,1
BRDA:19,26,0,3
BRDA:19,26,1,3
BRDA:19,26,2,3
BRDA:20,27,0,1
BRDA:20,27,1,1
BRDA:26,28,0,3
BRDA:26,29,0,3
BRDA:26,29,1,3
BRDA:26,29,2,0
BRDA:26,29,3,0
BRDA:27,30,0,3
BRDA:27,30,1,3
BRDA:30,31,0,3
BRDA:30,31,1,0
BRDA:36,32,0,0
BRDA:43,33,0,3
BRDA:43,33,1,3
BRDA:44,34,0,3
BRDA:44,34,1,3
BRDA:46,35,0,3
BRDA:46,35,1,3
BRDA:47,36,0,3
BRDA:47,36,1,3
BRDA:50,37,0,3
BRDA:50,37,1,3
BRDA:53,38,0,3
BRDA:53,38,1,3
BRF:84
BRH:45
end_of_record
TN:
SF:src\components\Reactions.vue
FN:47,(anonymous_0)
FN:63,(anonymous_1)
FN:115,(anonymous_2)
FN:4,(anonymous_3)
FN:13,(anonymous_4)
FNF:5
FNH:2
FNDA:3,(anonymous_0)
FNDA:0,(anonymous_1)
FNDA:3,(anonymous_2)
FNDA:0,(anonymous_3)
FNDA:0,(anonymous_4)
DA:2,3
DA:4,0
DA:9,1
DA:13,0
DA:18,1
DA:27,3
DA:42,3
DA:43,3
DA:44,3
DA:47,3
DA:48,3
DA:49,3
DA:53,0
DA:54,0
DA:55,0
DA:58,0
DA:63,3
DA:64,0
DA:65,0
DA:66,0
DA:69,0
DA:71,0
DA:72,0
DA:73,0
DA:74,0
DA:76,0
DA:77,0
DA:78,0
DA:81,0
DA:82,0
DA:84,0
DA:85,0
DA:86,0
DA:89,0
DA:90,0
DA:97,0
DA:99,0
DA:100,0
DA:101,0
DA:103,0
DA:104,0
DA:108,0
DA:109,0
DA:110,0
DA:111,0
DA:115,3
DA:116,3
LF:47
LH:13
BRDA:53,0,0,0
BRDA:53,0,1,0
BRDA:69,1,0,0
BRDA:69,1,1,0
BRDA:72,2,0,0
BRDA:72,2,1,0
BRDA:74,3,0,0
BRDA:74,3,1,0
BRDA:77,4,0,0
BRDA:77,4,1,0
BRDA:81,5,0,0
BRDA:81,5,1,0
BRDA:85,6,0,0
BRDA:85,6,1,0
BRDA:97,7,0,0
BRDA:97,7,1,0
BRDA:4,8,0,3
BRDA:4,8,1,3
BRDA:8,9,0,3
BRDA:8,9,1,3
BRDA:13,10,0,3
BRDA:13,10,1,3
BRDA:17,11,0,3
BRDA:17,11,1,3
BRF:24
BRH:8
end_of_record
TN:
SF:src\config\api.ts
FN:16,(anonymous_0)
FNF:1
FNH:1
FNDA:1,(anonymous_0)
DA:16,1
DA:18,1
DA:19,0
DA:23,1
DA:24,0
DA:25,0
DA:26,0
DA:27,0
DA:32,1
DA:33,1
DA:34,1
DA:36,1
DA:39,1
DA:40,1
DA:42,1
LF:15
LH:10
BRDA:18,0,0,0
BRDA:18,0,1,1
BRDA:23,1,0,0
BRDA:23,1,1,1
BRDA:24,2,0,0
BRDA:24,2,1,0
BRDA:26,3,0,0
BRDA:26,3,1,0
BRDA:34,4,0,1
BRDA:34,4,1,1
BRF:10
BRH:4
end_of_record
TN:
SF:src\utils\theme.ts
FN:4,(anonymous_0)
FN:18,(anonymous_1)
FNF:2
FNH:0
FNDA:0,(anonymous_0)
FNDA:0,(anonymous_1)
DA:4,1
DA:5,0
DA:15,0
DA:18,1
DA:19,0
LF:5
LH:2
BRDA:15,0,0,0
BRDA:15,0,1,0
BRF:2
BRH:0
end_of_record
