{"C:\\Users\\elmaq\\OneDrive\\Documents\\apprentissage\\Projets\\SecByDesign\\Docker_SecByDesign\\backend\\src\\config\\database.ts": {"path":"C:\\Users\\elmaq\\OneDrive\\Documents\\apprentissage\\Projets\\SecByDesign\\Docker_SecByDesign\\backend\\src\\config\\database.ts","statementMap":{"0":{"start":{"line":1,"column":0},"end":{"line":1,"column":26}},"1":{"start":{"line":2,"column":0},"end":{"line":2,"column":34}},"2":{"start":{"line":5,"column":13},"end":{"line":5,"column":40}},"3":{"start":{"line":8,"column":0},"end":{"line":11,"column":3}},"4":{"start":{"line":9,"column":2},"end":{"line":9,"column":56}},"5":{"start":{"line":10,"column":2},"end":{"line":10,"column":19}}},"fnMap":{"0":{"name":"(anonymous_0)","decl":{"start":{"line":8,"column":17},"end":{"line":8,"column":18}},"loc":{"start":{"line":8,"column":25},"end":{"line":11,"column":1}}}},"branchMap":{},"s":{"0":3,"1":3,"2":3,"3":3,"4":0,"5":0},"f":{"0":0},"b":{}}
,"C:\\Users\\elmaq\\OneDrive\\Documents\\apprentissage\\Projets\\SecByDesign\\Docker_SecByDesign\\backend\\src\\config\\env.ts": {"path":"C:\\Users\\elmaq\\OneDrive\\Documents\\apprentissage\\Projets\\SecByDesign\\Docker_SecByDesign\\backend\\src\\config\\env.ts","statementMap":{"0":{"start":{"line":1,"column":0},"end":{"line":1,"column":28}},"1":{"start":{"line":2,"column":0},"end":{"line":2,"column":24}},"2":{"start":{"line":5,"column":16},"end":{"line":5,"column":70}},"3":{"start":{"line":6,"column":16},"end":{"line":6,"column":52}},"4":{"start":{"line":7,"column":0},"end":{"line":7,"column":33}},"5":{"start":{"line":9,"column":13},"end":{"line":9,"column":45}},"6":{"start":{"line":10,"column":13},"end":{"line":10,"column":62}},"7":{"start":{"line":11,"column":13},"end":{"line":11,"column":79}},"8":{"start":{"line":12,"column":13},"end":{"line":12,"column":103}},"9":{"start":{"line":13,"column":13},"end":{"line":15,"column":55}},"10":{"start":{"line":14,"column":49},"end":{"line":14,"column":57}},"11":{"start":{"line":17,"column":13},"end":{"line":23,"column":2}}},"fnMap":{"0":{"name":"(anonymous_1)","decl":{"start":{"line":14,"column":44},"end":{"line":14,"column":45}},"loc":{"start":{"line":14,"column":49},"end":{"line":14,"column":57}}}},"branchMap":{"0":{"loc":{"start":{"line":5,"column":16},"end":{"line":5,"column":70}},"type":"cond-expr","locations":[{"start":{"line":5,"column":50},"end":{"line":5,"column":61}},{"start":{"line":5,"column":64},"end":{"line":5,"column":70}}]},"1":{"loc":{"start":{"line":9,"column":20},"end":{"line":9,"column":44}},"type":"binary-expr","locations":[{"start":{"line":9,"column":20},"end":{"line":9,"column":36}},{"start":{"line":9,"column":40},"end":{"line":9,"column":44}}]},"2":{"loc":{"start":{"line":10,"column":24},"end":{"line":10,"column":61}},"type":"binary-expr","locations":[{"start":{"line":10,"column":24},"end":{"line":10,"column":44}},{"start":{"line":10,"column":48},"end":{"line":10,"column":61}}]},"3":{"loc":{"start":{"line":11,"column":26},"end":{"line":11,"column":78}},"type":"binary-expr","locations":[{"start":{"line":11,"column":26},"end":{"line":11,"column":48}},{"start":{"line":11,"column":52},"end":{"line":11,"column":78}}]},"4":{"loc":{"start":{"line":12,"column":36},"end":{"line":12,"column":102}},"type":"binary-expr","locations":[{"start":{"line":12,"column":36},"end":{"line":12,"column":68}},{"start":{"line":12,"column":72},"end":{"line":12,"column":102}}]},"5":{"loc":{"start":{"line":13,"column":28},"end":{"line":15,"column":54}},"type":"cond-expr","locations":[{"start":{"line":14,"column":4},"end":{"line":14,"column":58}},{"start":{"line":15,"column":4},"end":{"line":15,"column":54}}]},"6":{"loc":{"start":{"line":18,"column":8},"end":{"line":18,"column":41}},"type":"binary-expr","locations":[{"start":{"line":18,"column":8},"end":{"line":18,"column":27}},{"start":{"line":18,"column":31},"end":{"line":18,"column":41}}]},"7":{"loc":{"start":{"line":19,"column":17},"end":{"line":19,"column":46}},"type":"binary-expr","locations":[{"start":{"line":19,"column":17},"end":{"line":19,"column":36}},{"start":{"line":19,"column":40},"end":{"line":19,"column":46}}]},"8":{"loc":{"start":{"line":20,"column":8},"end":{"line":20,"column":37}},"type":"binary-expr","locations":[{"start":{"line":20,"column":8},"end":{"line":20,"column":27}},{"start":{"line":20,"column":31},"end":{"line":20,"column":37}}]},"9":{"loc":{"start":{"line":21,"column":12},"end":{"line":21,"column":60}},"type":"binary-expr","locations":[{"start":{"line":21,"column":12},"end":{"line":21,"column":35}},{"start":{"line":21,"column":39},"end":{"line":21,"column":60}}]},"10":{"loc":{"start":{"line":22,"column":12},"end":{"line":22,"column":50}},"type":"binary-expr","locations":[{"start":{"line":22,"column":12},"end":{"line":22,"column":31}},{"start":{"line":22,"column":35},"end":{"line":22,"column":50}}]}},"s":{"0":3,"1":3,"2":3,"3":3,"4":3,"5":3,"6":3,"7":3,"8":3,"9":3,"10":0,"11":3},"f":{"0":0},"b":{"0":[3,0],"1":[3,3],"2":[3,0],"3":[3,3],"4":[3,3],"5":[0,3],"6":[3,0],"7":[3,0],"8":[3,0],"9":[3,0],"10":[3,0]}}
,"C:\\Users\\elmaq\\OneDrive\\Documents\\apprentissage\\Projets\\SecByDesign\\Docker_SecByDesign\\backend\\src\\notes\\notes.controller.ts": {"path":"C:\\Users\\elmaq\\OneDrive\\Documents\\apprentissage\\Projets\\SecByDesign\\Docker_SecByDesign\\backend\\src\\notes\\notes.controller.ts","statementMap":{"0":{"start":{"line":2,"column":0},"end":{"line":2,"column":24}},"1":{"start":{"line":3,"column":0},"end":{"line":3,"column":42}},"2":{"start":{"line":4,"column":0},"end":{"line":4,"column":46}},"3":{"start":{"line":5,"column":0},"end":{"line":5,"column":68}},"4":{"start":{"line":7,"column":25},"end":{"line":107,"column":2}},"5":{"start":{"line":7,"column":59},"end":{"line":107,"column":2}},"6":{"start":{"line":8,"column":2},"end":{"line":106,"column":3}},"7":{"start":{"line":10,"column":24},"end":{"line":10,"column":26}},"8":{"start":{"line":11,"column":17},"end":{"line":11,"column":30}},"9":{"start":{"line":12,"column":19},"end":{"line":12,"column":30}},"10":{"start":{"line":14,"column":4},"end":{"line":79,"column":5}},"11":{"start":{"line":16,"column":6},"end":{"line":33,"column":8}},"12":{"start":{"line":34,"column":11},"end":{"line":79,"column":5}},"13":{"start":{"line":36,"column":6},"end":{"line":54,"column":8}},"14":{"start":{"line":55,"column":6},"end":{"line":55,"column":24}},"15":{"start":{"line":59,"column":6},"end":{"line":77,"column":8}},"16":{"start":{"line":78,"column":6},"end":{"line":78,"column":24}},"17":{"start":{"line":81,"column":19},"end":{"line":81,"column":50}},"18":{"start":{"line":84,"column":18},"end":{"line":100,"column":7}},"19":{"start":{"line":84,"column":47},"end":{"line":100,"column":6}},"20":{"start":{"line":102,"column":4},"end":{"line":102,"column":20}},"21":{"start":{"line":104,"column":4},"end":{"line":104,"column":47}},"22":{"start":{"line":105,"column":4},"end":{"line":105,"column":54}},"23":{"start":{"line":7,"column":13},"end":{"line":7,"column":25}},"24":{"start":{"line":109,"column":26},"end":{"line":188,"column":2}},"25":{"start":{"line":109,"column":60},"end":{"line":188,"column":2}},"26":{"start":{"line":110,"column":2},"end":{"line":187,"column":3}},"27":{"start":{"line":111,"column":69},"end":{"line":111,"column":101}},"28":{"start":{"line":112,"column":19},"end":{"line":112,"column":30}},"29":{"start":{"line":114,"column":19},"end":{"line":114,"column":39}},"30":{"start":{"line":115,"column":4},"end":{"line":182,"column":5}},"31":{"start":{"line":116,"column":6},"end":{"line":116,"column":34}},"32":{"start":{"line":118,"column":22},"end":{"line":120,"column":null}},"33":{"start":{"line":122,"column":19},"end":{"line":122,"column":34}},"34":{"start":{"line":124,"column":6},"end":{"line":126,"column":7}},"35":{"start":{"line":125,"column":8},"end":{"line":125,"column":111}},"36":{"start":{"line":128,"column":6},"end":{"line":130,"column":7}},"37":{"start":{"line":129,"column":8},"end":{"line":129,"column":121}},"38":{"start":{"line":132,"column":6},"end":{"line":144,"column":7}},"39":{"start":{"line":134,"column":23},"end":{"line":134,"column":91}},"40":{"start":{"line":135,"column":8},"end":{"line":139,"column":9}},"41":{"start":{"line":136,"column":29},"end":{"line":136,"column":62}},"42":{"start":{"line":136,"column":57},"end":{"line":136,"column":61}},"43":{"start":{"line":137,"column":28},"end":{"line":137,"column":79}},"44":{"start":{"line":137,"column":56},"end":{"line":137,"column":78}},"45":{"start":{"line":138,"column":12},"end":{"line":138,"column":128}},"46":{"start":{"line":141,"column":8},"end":{"line":143,"column":9}},"47":{"start":{"line":142,"column":10},"end":{"line":142,"column":106}},"48":{"start":{"line":146,"column":6},"end":{"line":161,"column":7}},"49":{"start":{"line":147,"column":8},"end":{"line":160,"column":9}},"50":{"start":{"line":149,"column":10},"end":{"line":154,"column":11}},"51":{"start":{"line":150,"column":30},"end":{"line":150,"column":118}},"52":{"start":{"line":151,"column":13},"end":{"line":153,"column":14}},"53":{"start":{"line":152,"column":16},"end":{"line":152,"column":127}},"54":{"start":{"line":156,"column":10},"end":{"line":159,"column":12}},"55":{"start":{"line":163,"column":6},"end":{"line":163,"column":35}},"56":{"start":{"line":166,"column":6},"end":{"line":174,"column":9}},"57":{"start":{"line":176,"column":6},"end":{"line":176,"column":78}},"58":{"start":{"line":178,"column":6},"end":{"line":178,"column":37}},"59":{"start":{"line":179,"column":6},"end":{"line":179,"column":14}},"60":{"start":{"line":181,"column":6},"end":{"line":181,"column":23}},"61":{"start":{"line":184,"column":4},"end":{"line":184,"column":86}},"62":{"start":{"line":184,"column":35},"end":{"line":184,"column":86}},"63":{"start":{"line":185,"column":4},"end":{"line":185,"column":47}},"64":{"start":{"line":186,"column":4},"end":{"line":186,"column":54}},"65":{"start":{"line":109,"column":13},"end":{"line":109,"column":26}},"66":{"start":{"line":190,"column":26},"end":{"line":223,"column":2}},"67":{"start":{"line":190,"column":60},"end":{"line":223,"column":2}},"68":{"start":{"line":191,"column":2},"end":{"line":222,"column":3}},"69":{"start":{"line":192,"column":15},"end":{"line":192,"column":38}},"70":{"start":{"line":193,"column":4},"end":{"line":193,"column":72}},"71":{"start":{"line":193,"column":19},"end":{"line":193,"column":72}},"72":{"start":{"line":195,"column":20},"end":{"line":195,"column":85}},"73":{"start":{"line":196,"column":4},"end":{"line":196,"column":87}},"74":{"start":{"line":196,"column":35},"end":{"line":196,"column":87}},"75":{"start":{"line":198,"column":17},"end":{"line":198,"column":32}},"76":{"start":{"line":199,"column":20},"end":{"line":199,"column":48}},"77":{"start":{"line":200,"column":20},"end":{"line":200,"column":45}},"78":{"start":{"line":202,"column":4},"end":{"line":204,"column":5}},"79":{"start":{"line":203,"column":6},"end":{"line":203,"column":58}},"80":{"start":{"line":206,"column":4},"end":{"line":206,"column":62}},"81":{"start":{"line":209,"column":4},"end":{"line":216,"column":7}},"82":{"start":{"line":218,"column":4},"end":{"line":218,"column":37}},"83":{"start":{"line":220,"column":4},"end":{"line":220,"column":47}},"84":{"start":{"line":221,"column":4},"end":{"line":221,"column":54}},"85":{"start":{"line":190,"column":13},"end":{"line":190,"column":26}},"86":{"start":{"line":225,"column":23},"end":{"line":282,"column":2}},"87":{"start":{"line":225,"column":57},"end":{"line":282,"column":2}},"88":{"start":{"line":226,"column":2},"end":{"line":281,"column":3}},"89":{"start":{"line":227,"column":15},"end":{"line":227,"column":38}},"90":{"start":{"line":228,"column":4},"end":{"line":228,"column":72}},"91":{"start":{"line":228,"column":19},"end":{"line":228,"column":72}},"92":{"start":{"line":230,"column":19},"end":{"line":241,"column":null}},"93":{"start":{"line":244,"column":4},"end":{"line":244,"column":86}},"94":{"start":{"line":244,"column":34},"end":{"line":244,"column":86}},"95":{"start":{"line":246,"column":17},"end":{"line":246,"column":30}},"96":{"start":{"line":247,"column":19},"end":{"line":247,"column":30}},"97":{"start":{"line":248,"column":14},"end":{"line":248,"column":28}},"98":{"start":{"line":251,"column":20},"end":{"line":251,"column":40}},"99":{"start":{"line":252,"column":26},"end":{"line":252,"column":67}},"100":{"start":{"line":253,"column":31},"end":{"line":253,"column":79}},"101":{"start":{"line":255,"column":4},"end":{"line":257,"column":5}},"102":{"start":{"line":256,"column":6},"end":{"line":256,"column":58}},"103":{"start":{"line":260,"column":17},"end":{"line":275,"column":6}},"104":{"start":{"line":277,"column":4},"end":{"line":277,"column":19}},"105":{"start":{"line":279,"column":4},"end":{"line":279,"column":46}},"106":{"start":{"line":280,"column":4},"end":{"line":280,"column":54}},"107":{"start":{"line":225,"column":13},"end":{"line":225,"column":23}},"108":{"start":{"line":284,"column":26},"end":{"line":360,"column":2}},"109":{"start":{"line":284,"column":60},"end":{"line":360,"column":2}},"110":{"start":{"line":285,"column":2},"end":{"line":359,"column":3}},"111":{"start":{"line":286,"column":15},"end":{"line":286,"column":38}},"112":{"start":{"line":287,"column":4},"end":{"line":287,"column":72}},"113":{"start":{"line":287,"column":19},"end":{"line":287,"column":72}},"114":{"start":{"line":290,"column":20},"end":{"line":290,"column":140}},"115":{"start":{"line":291,"column":4},"end":{"line":291,"column":87}},"116":{"start":{"line":291,"column":35},"end":{"line":291,"column":87}},"117":{"start":{"line":293,"column":17},"end":{"line":293,"column":32}},"118":{"start":{"line":294,"column":17},"end":{"line":294,"column":30}},"119":{"start":{"line":295,"column":19},"end":{"line":295,"column":30}},"120":{"start":{"line":297,"column":20},"end":{"line":297,"column":43}},"121":{"start":{"line":298,"column":20},"end":{"line":298,"column":36}},"122":{"start":{"line":299,"column":31},"end":{"line":299,"column":82}},"123":{"start":{"line":301,"column":4},"end":{"line":303,"column":5}},"124":{"start":{"line":302,"column":6},"end":{"line":302,"column":58}},"125":{"start":{"line":305,"column":54},"end":{"line":305,"column":86}},"126":{"start":{"line":307,"column":19},"end":{"line":307,"column":39}},"127":{"start":{"line":308,"column":4},"end":{"line":354,"column":5}},"128":{"start":{"line":309,"column":6},"end":{"line":309,"column":34}},"129":{"start":{"line":311,"column":32},"end":{"line":311,"column":34}},"130":{"start":{"line":312,"column":28},"end":{"line":312,"column":30}},"131":{"start":{"line":313,"column":23},"end":{"line":313,"column":24}},"132":{"start":{"line":315,"column":6},"end":{"line":318,"column":7}},"133":{"start":{"line":316,"column":8},"end":{"line":316,"column":49}},"134":{"start":{"line":317,"column":8},"end":{"line":317,"column":27}},"135":{"start":{"line":319,"column":6},"end":{"line":322,"column":7}},"136":{"start":{"line":320,"column":8},"end":{"line":320,"column":51}},"137":{"start":{"line":321,"column":8},"end":{"line":321,"column":29}},"138":{"start":{"line":324,"column":6},"end":{"line":331,"column":7}},"139":{"start":{"line":325,"column":8},"end":{"line":325,"column":43}},"140":{"start":{"line":327,"column":22},"end":{"line":327,"column":88}},"141":{"start":{"line":328,"column":8},"end":{"line":328,"column":24}},"142":{"start":{"line":330,"column":8},"end":{"line":330,"column":42}},"143":{"start":{"line":333,"column":6},"end":{"line":338,"column":7}},"144":{"start":{"line":334,"column":8},"end":{"line":334,"column":79}},"145":{"start":{"line":335,"column":8},"end":{"line":337,"column":9}},"146":{"start":{"line":336,"column":11},"end":{"line":336,"column":109}},"147":{"start":{"line":340,"column":6},"end":{"line":345,"column":7}},"148":{"start":{"line":341,"column":8},"end":{"line":341,"column":83}},"149":{"start":{"line":342,"column":8},"end":{"line":344,"column":9}},"150":{"start":{"line":343,"column":11},"end":{"line":343,"column":119}},"151":{"start":{"line":347,"column":6},"end":{"line":347,"column":35}},"152":{"start":{"line":348,"column":6},"end":{"line":348,"column":43}},"153":{"start":{"line":350,"column":6},"end":{"line":350,"column":37}},"154":{"start":{"line":351,"column":6},"end":{"line":351,"column":14}},"155":{"start":{"line":353,"column":6},"end":{"line":353,"column":23}},"156":{"start":{"line":356,"column":4},"end":{"line":356,"column":86}},"157":{"start":{"line":356,"column":35},"end":{"line":356,"column":86}},"158":{"start":{"line":357,"column":4},"end":{"line":357,"column":47}},"159":{"start":{"line":358,"column":4},"end":{"line":358,"column":54}},"160":{"start":{"line":284,"column":13},"end":{"line":284,"column":26}},"161":{"start":{"line":364,"column":31},"end":{"line":379,"column":2}},"162":{"start":{"line":364,"column":65},"end":{"line":379,"column":2}},"163":{"start":{"line":365,"column":2},"end":{"line":378,"column":3}},"164":{"start":{"line":366,"column":19},"end":{"line":366,"column":42}},"165":{"start":{"line":367,"column":4},"end":{"line":367,"column":81}},"166":{"start":{"line":367,"column":23},"end":{"line":367,"column":81}},"167":{"start":{"line":369,"column":19},"end":{"line":371,"column":null}},"168":{"start":{"line":374,"column":4},"end":{"line":374,"column":89}},"169":{"start":{"line":376,"column":4},"end":{"line":376,"column":51}},"170":{"start":{"line":377,"column":4},"end":{"line":377,"column":54}},"171":{"start":{"line":364,"column":13},"end":{"line":364,"column":31}},"172":{"start":{"line":381,"column":27},"end":{"line":420,"column":2}},"173":{"start":{"line":381,"column":61},"end":{"line":420,"column":2}},"174":{"start":{"line":382,"column":2},"end":{"line":419,"column":3}},"175":{"start":{"line":383,"column":19},"end":{"line":383,"column":42}},"176":{"start":{"line":384,"column":4},"end":{"line":384,"column":81}},"177":{"start":{"line":384,"column":23},"end":{"line":384,"column":81}},"178":{"start":{"line":386,"column":30},"end":{"line":386,"column":38}},"179":{"start":{"line":387,"column":4},"end":{"line":387,"column":113}},"180":{"start":{"line":387,"column":49},"end":{"line":387,"column":113}},"181":{"start":{"line":390,"column":24},"end":{"line":392,"column":null}},"182":{"start":{"line":395,"column":4},"end":{"line":405,"column":5}},"183":{"start":{"line":396,"column":23},"end":{"line":396,"column":42}},"184":{"start":{"line":397,"column":6},"end":{"line":404,"column":7}},"185":{"start":{"line":399,"column":8},"end":{"line":402,"column":10}},"186":{"start":{"line":403,"column":8},"end":{"line":403,"column":72}},"187":{"start":{"line":408,"column":4},"end":{"line":413,"column":6}},"188":{"start":{"line":415,"column":4},"end":{"line":415,"column":44}},"189":{"start":{"line":417,"column":4},"end":{"line":417,"column":49}},"190":{"start":{"line":418,"column":4},"end":{"line":418,"column":54}},"191":{"start":{"line":381,"column":13},"end":{"line":381,"column":27}},"192":{"start":{"line":422,"column":30},"end":{"line":437,"column":2}},"193":{"start":{"line":422,"column":64},"end":{"line":437,"column":2}},"194":{"start":{"line":423,"column":2},"end":{"line":436,"column":3}},"195":{"start":{"line":424,"column":19},"end":{"line":424,"column":42}},"196":{"start":{"line":425,"column":4},"end":{"line":425,"column":81}},"197":{"start":{"line":425,"column":23},"end":{"line":425,"column":81}},"198":{"start":{"line":427,"column":4},"end":{"line":430,"column":6}},"199":{"start":{"line":432,"column":4},"end":{"line":432,"column":46}},"200":{"start":{"line":434,"column":4},"end":{"line":434,"column":51}},"201":{"start":{"line":435,"column":4},"end":{"line":435,"column":54}},"202":{"start":{"line":422,"column":13},"end":{"line":422,"column":30}},"203":{"start":{"line":441,"column":27},"end":{"line":460,"column":2}},"204":{"start":{"line":441,"column":61},"end":{"line":460,"column":2}},"205":{"start":{"line":442,"column":2},"end":{"line":459,"column":3}},"206":{"start":{"line":443,"column":19},"end":{"line":443,"column":42}},"207":{"start":{"line":444,"column":4},"end":{"line":444,"column":76}},"208":{"start":{"line":444,"column":23},"end":{"line":444,"column":76}},"209":{"start":{"line":446,"column":19},"end":{"line":452,"column":null}},"210":{"start":{"line":455,"column":4},"end":{"line":455,"column":26}},"211":{"start":{"line":457,"column":4},"end":{"line":457,"column":51}},"212":{"start":{"line":458,"column":4},"end":{"line":458,"column":54}},"213":{"start":{"line":441,"column":13},"end":{"line":441,"column":27}},"214":{"start":{"line":462,"column":26},"end":{"line":496,"column":2}},"215":{"start":{"line":462,"column":60},"end":{"line":496,"column":2}},"216":{"start":{"line":463,"column":2},"end":{"line":495,"column":3}},"217":{"start":{"line":464,"column":19},"end":{"line":464,"column":42}},"218":{"start":{"line":465,"column":4},"end":{"line":465,"column":76}},"219":{"start":{"line":465,"column":23},"end":{"line":465,"column":76}},"220":{"start":{"line":466,"column":24},"end":{"line":466,"column":32}},"221":{"start":{"line":468,"column":4},"end":{"line":468,"column":102}},"222":{"start":{"line":468,"column":43},"end":{"line":468,"column":102}},"223":{"start":{"line":470,"column":19},"end":{"line":472,"column":null}},"224":{"start":{"line":476,"column":17},"end":{"line":478,"column":null}},"225":{"start":{"line":481,"column":4},"end":{"line":489,"column":7}},"226":{"start":{"line":491,"column":4},"end":{"line":491,"column":34}},"227":{"start":{"line":493,"column":4},"end":{"line":493,"column":48}},"228":{"start":{"line":494,"column":4},"end":{"line":494,"column":54}},"229":{"start":{"line":462,"column":13},"end":{"line":462,"column":26}},"230":{"start":{"line":498,"column":29},"end":{"line":501,"column":2}},"231":{"start":{"line":498,"column":63},"end":{"line":501,"column":2}},"232":{"start":{"line":500,"column":4},"end":{"line":500,"column":55}},"233":{"start":{"line":498,"column":13},"end":{"line":498,"column":29}}},"fnMap":{"0":{"name":"(anonymous_7)","decl":{"start":{"line":7,"column":25},"end":{"line":7,"column":32}},"loc":{"start":{"line":7,"column":59},"end":{"line":107,"column":2}}},"1":{"name":"(anonymous_8)","decl":{"start":{"line":7,"column":59},"end":{"line":7,"column":null}},"loc":{"start":{"line":7,"column":59},"end":{"line":107,"column":1}}},"2":{"name":"(anonymous_9)","decl":{"start":{"line":84,"column":34},"end":{"line":84,"column":35}},"loc":{"start":{"line":84,"column":47},"end":{"line":100,"column":6}}},"3":{"name":"(anonymous_10)","decl":{"start":{"line":109,"column":26},"end":{"line":109,"column":33}},"loc":{"start":{"line":109,"column":60},"end":{"line":188,"column":2}}},"4":{"name":"(anonymous_11)","decl":{"start":{"line":109,"column":60},"end":{"line":109,"column":null}},"loc":{"start":{"line":109,"column":60},"end":{"line":188,"column":1}}},"5":{"name":"(anonymous_12)","decl":{"start":{"line":136,"column":45},"end":{"line":136,"column":46}},"loc":{"start":{"line":136,"column":57},"end":{"line":136,"column":61}}},"6":{"name":"(anonymous_13)","decl":{"start":{"line":137,"column":40},"end":{"line":137,"column":41}},"loc":{"start":{"line":137,"column":56},"end":{"line":137,"column":78}}},"7":{"name":"(anonymous_14)","decl":{"start":{"line":190,"column":26},"end":{"line":190,"column":33}},"loc":{"start":{"line":190,"column":60},"end":{"line":223,"column":2}}},"8":{"name":"(anonymous_15)","decl":{"start":{"line":190,"column":60},"end":{"line":190,"column":null}},"loc":{"start":{"line":190,"column":60},"end":{"line":223,"column":1}}},"9":{"name":"(anonymous_16)","decl":{"start":{"line":225,"column":23},"end":{"line":225,"column":30}},"loc":{"start":{"line":225,"column":57},"end":{"line":282,"column":2}}},"10":{"name":"(anonymous_17)","decl":{"start":{"line":225,"column":57},"end":{"line":225,"column":null}},"loc":{"start":{"line":225,"column":57},"end":{"line":282,"column":1}}},"11":{"name":"(anonymous_18)","decl":{"start":{"line":284,"column":26},"end":{"line":284,"column":33}},"loc":{"start":{"line":284,"column":60},"end":{"line":360,"column":2}}},"12":{"name":"(anonymous_19)","decl":{"start":{"line":284,"column":60},"end":{"line":284,"column":null}},"loc":{"start":{"line":284,"column":60},"end":{"line":360,"column":1}}},"13":{"name":"(anonymous_20)","decl":{"start":{"line":364,"column":31},"end":{"line":364,"column":38}},"loc":{"start":{"line":364,"column":65},"end":{"line":379,"column":2}}},"14":{"name":"(anonymous_21)","decl":{"start":{"line":364,"column":65},"end":{"line":364,"column":null}},"loc":{"start":{"line":364,"column":65},"end":{"line":379,"column":1}}},"15":{"name":"(anonymous_22)","decl":{"start":{"line":381,"column":27},"end":{"line":381,"column":34}},"loc":{"start":{"line":381,"column":61},"end":{"line":420,"column":2}}},"16":{"name":"(anonymous_23)","decl":{"start":{"line":381,"column":61},"end":{"line":381,"column":null}},"loc":{"start":{"line":381,"column":61},"end":{"line":420,"column":1}}},"17":{"name":"(anonymous_24)","decl":{"start":{"line":422,"column":30},"end":{"line":422,"column":37}},"loc":{"start":{"line":422,"column":64},"end":{"line":437,"column":2}}},"18":{"name":"(anonymous_25)","decl":{"start":{"line":422,"column":64},"end":{"line":422,"column":null}},"loc":{"start":{"line":422,"column":64},"end":{"line":437,"column":1}}},"19":{"name":"(anonymous_26)","decl":{"start":{"line":441,"column":27},"end":{"line":441,"column":34}},"loc":{"start":{"line":441,"column":61},"end":{"line":460,"column":2}}},"20":{"name":"(anonymous_27)","decl":{"start":{"line":441,"column":61},"end":{"line":441,"column":null}},"loc":{"start":{"line":441,"column":61},"end":{"line":460,"column":1}}},"21":{"name":"(anonymous_28)","decl":{"start":{"line":462,"column":26},"end":{"line":462,"column":33}},"loc":{"start":{"line":462,"column":60},"end":{"line":496,"column":2}}},"22":{"name":"(anonymous_29)","decl":{"start":{"line":462,"column":60},"end":{"line":462,"column":null}},"loc":{"start":{"line":462,"column":60},"end":{"line":496,"column":1}}},"23":{"name":"(anonymous_30)","decl":{"start":{"line":498,"column":29},"end":{"line":498,"column":36}},"loc":{"start":{"line":498,"column":63},"end":{"line":501,"column":2}}},"24":{"name":"(anonymous_31)","decl":{"start":{"line":498,"column":63},"end":{"line":498,"column":null}},"loc":{"start":{"line":498,"column":63},"end":{"line":501,"column":1}}}},"branchMap":{"0":{"loc":{"start":{"line":14,"column":4},"end":{"line":79,"column":5}},"type":"if","locations":[{"start":{"line":14,"column":4},"end":{"line":79,"column":5}},{"start":{"line":34,"column":11},"end":{"line":79,"column":5}}]},"1":{"loc":{"start":{"line":14,"column":8},"end":{"line":14,"column":49}},"type":"binary-expr","locations":[{"start":{"line":14,"column":8},"end":{"line":14,"column":24}},{"start":{"line":14,"column":28},"end":{"line":14,"column":49}}]},"2":{"loc":{"start":{"line":34,"column":11},"end":{"line":79,"column":5}},"type":"if","locations":[{"start":{"line":34,"column":11},"end":{"line":79,"column":5}},{"start":{"line":56,"column":11},"end":{"line":79,"column":5}}]},"3":{"loc":{"start":{"line":90,"column":13},"end":{"line":90,"column":93}},"type":"cond-expr","locations":[{"start":{"line":90,"column":26},"end":{"line":90,"column":86}},{"start":{"line":90,"column":89},"end":{"line":90,"column":93}}]},"4":{"loc":{"start":{"line":91,"column":16},"end":{"line":91,"column":83}},"type":"cond-expr","locations":[{"start":{"line":91,"column":32},"end":{"line":91,"column":76}},{"start":{"line":91,"column":79},"end":{"line":91,"column":83}}]},"5":{"loc":{"start":{"line":92,"column":12},"end":{"line":92,"column":24}},"type":"binary-expr","locations":[{"start":{"line":92,"column":12},"end":{"line":92,"column":18}},{"start":{"line":92,"column":22},"end":{"line":92,"column":24}}]},"6":{"loc":{"start":{"line":95,"column":20},"end":{"line":95,"column":39}},"type":"binary-expr","locations":[{"start":{"line":95,"column":20},"end":{"line":95,"column":34}},{"start":{"line":95,"column":38},"end":{"line":95,"column":39}}]},"7":{"loc":{"start":{"line":96,"column":22},"end":{"line":96,"column":43}},"type":"binary-expr","locations":[{"start":{"line":96,"column":22},"end":{"line":96,"column":38}},{"start":{"line":96,"column":42},"end":{"line":96,"column":43}}]},"8":{"loc":{"start":{"line":97,"column":18},"end":{"line":97,"column":35}},"type":"binary-expr","locations":[{"start":{"line":97,"column":18},"end":{"line":97,"column":30}},{"start":{"line":97,"column":34},"end":{"line":97,"column":35}}]},"9":{"loc":{"start":{"line":98,"column":14},"end":{"line":98,"column":31}},"type":"binary-expr","locations":[{"start":{"line":98,"column":14},"end":{"line":98,"column":22}},{"start":{"line":98,"column":26},"end":{"line":98,"column":31}}]},"10":{"loc":{"start":{"line":99,"column":14},"end":{"line":99,"column":31}},"type":"binary-expr","locations":[{"start":{"line":99,"column":14},"end":{"line":99,"column":22}},{"start":{"line":99,"column":26},"end":{"line":99,"column":31}}]},"11":{"loc":{"start":{"line":124,"column":6},"end":{"line":126,"column":7}},"type":"if","locations":[{"start":{"line":124,"column":6},"end":{"line":126,"column":7}}]},"12":{"loc":{"start":{"line":128,"column":6},"end":{"line":130,"column":7}},"type":"if","locations":[{"start":{"line":128,"column":6},"end":{"line":130,"column":7}}]},"13":{"loc":{"start":{"line":132,"column":6},"end":{"line":144,"column":7}},"type":"if","locations":[{"start":{"line":132,"column":6},"end":{"line":144,"column":7}}]},"14":{"loc":{"start":{"line":132,"column":10},"end":{"line":132,"column":33}},"type":"binary-expr","locations":[{"start":{"line":132,"column":10},"end":{"line":132,"column":14}},{"start":{"line":132,"column":18},"end":{"line":132,"column":33}}]},"15":{"loc":{"start":{"line":135,"column":8},"end":{"line":139,"column":9}},"type":"if","locations":[{"start":{"line":135,"column":8},"end":{"line":139,"column":9}}]},"16":{"loc":{"start":{"line":146,"column":6},"end":{"line":161,"column":7}},"type":"if","locations":[{"start":{"line":146,"column":6},"end":{"line":161,"column":7}}]},"17":{"loc":{"start":{"line":146,"column":10},"end":{"line":146,"column":39}},"type":"binary-expr","locations":[{"start":{"line":146,"column":10},"end":{"line":146,"column":17}},{"start":{"line":146,"column":21},"end":{"line":146,"column":39}}]},"18":{"loc":{"start":{"line":149,"column":10},"end":{"line":154,"column":11}},"type":"if","locations":[{"start":{"line":149,"column":10},"end":{"line":154,"column":11}}]},"19":{"loc":{"start":{"line":149,"column":14},"end":{"line":149,"column":54}},"type":"binary-expr","locations":[{"start":{"line":149,"column":14},"end":{"line":149,"column":38}},{"start":{"line":149,"column":42},"end":{"line":149,"column":54}}]},"20":{"loc":{"start":{"line":151,"column":13},"end":{"line":153,"column":14}},"type":"if","locations":[{"start":{"line":151,"column":13},"end":{"line":153,"column":14}}]},"21":{"loc":{"start":{"line":158,"column":36},"end":{"line":158,"column":56}},"type":"binary-expr","locations":[{"start":{"line":158,"column":36},"end":{"line":158,"column":48}},{"start":{"line":158,"column":52},"end":{"line":158,"column":56}}]},"22":{"loc":{"start":{"line":184,"column":4},"end":{"line":184,"column":86}},"type":"if","locations":[{"start":{"line":184,"column":4},"end":{"line":184,"column":86}}]},"23":{"loc":{"start":{"line":193,"column":4},"end":{"line":193,"column":72}},"type":"if","locations":[{"start":{"line":193,"column":4},"end":{"line":193,"column":72}}]},"24":{"loc":{"start":{"line":196,"column":4},"end":{"line":196,"column":87}},"type":"if","locations":[{"start":{"line":196,"column":4},"end":{"line":196,"column":87}}]},"25":{"loc":{"start":{"line":202,"column":4},"end":{"line":204,"column":5}},"type":"if","locations":[{"start":{"line":202,"column":4},"end":{"line":204,"column":5}}]},"26":{"loc":{"start":{"line":202,"column":8},"end":{"line":202,"column":28}},"type":"binary-expr","locations":[{"start":{"line":202,"column":8},"end":{"line":202,"column":16}},{"start":{"line":202,"column":20},"end":{"line":202,"column":28}}]},"27":{"loc":{"start":{"line":228,"column":4},"end":{"line":228,"column":72}},"type":"if","locations":[{"start":{"line":228,"column":4},"end":{"line":228,"column":72}}]},"28":{"loc":{"start":{"line":244,"column":4},"end":{"line":244,"column":86}},"type":"if","locations":[{"start":{"line":244,"column":4},"end":{"line":244,"column":86}}]},"29":{"loc":{"start":{"line":252,"column":26},"end":{"line":252,"column":67}},"type":"binary-expr","locations":[{"start":{"line":252,"column":26},"end":{"line":252,"column":42}},{"start":{"line":252,"column":46},"end":{"line":252,"column":67}}]},"30":{"loc":{"start":{"line":253,"column":31},"end":{"line":253,"column":79}},"type":"binary-expr","locations":[{"start":{"line":253,"column":31},"end":{"line":253,"column":49}},{"start":{"line":253,"column":53},"end":{"line":253,"column":79}}]},"31":{"loc":{"start":{"line":255,"column":4},"end":{"line":257,"column":5}},"type":"if","locations":[{"start":{"line":255,"column":4},"end":{"line":257,"column":5}}]},"32":{"loc":{"start":{"line":255,"column":8},"end":{"line":255,"column":57}},"type":"binary-expr","locations":[{"start":{"line":255,"column":8},"end":{"line":255,"column":16}},{"start":{"line":255,"column":20},"end":{"line":255,"column":34}},{"start":{"line":255,"column":38},"end":{"line":255,"column":57}}]},"33":{"loc":{"start":{"line":266,"column":13},"end":{"line":266,"column":93}},"type":"cond-expr","locations":[{"start":{"line":266,"column":26},"end":{"line":266,"column":86}},{"start":{"line":266,"column":89},"end":{"line":266,"column":93}}]},"34":{"loc":{"start":{"line":267,"column":16},"end":{"line":267,"column":83}},"type":"cond-expr","locations":[{"start":{"line":267,"column":32},"end":{"line":267,"column":76}},{"start":{"line":267,"column":79},"end":{"line":267,"column":83}}]},"35":{"loc":{"start":{"line":270,"column":20},"end":{"line":270,"column":39}},"type":"binary-expr","locations":[{"start":{"line":270,"column":20},"end":{"line":270,"column":34}},{"start":{"line":270,"column":38},"end":{"line":270,"column":39}}]},"36":{"loc":{"start":{"line":271,"column":22},"end":{"line":271,"column":43}},"type":"binary-expr","locations":[{"start":{"line":271,"column":22},"end":{"line":271,"column":38}},{"start":{"line":271,"column":42},"end":{"line":271,"column":43}}]},"37":{"loc":{"start":{"line":272,"column":18},"end":{"line":272,"column":35}},"type":"binary-expr","locations":[{"start":{"line":272,"column":18},"end":{"line":272,"column":30}},{"start":{"line":272,"column":34},"end":{"line":272,"column":35}}]},"38":{"loc":{"start":{"line":273,"column":14},"end":{"line":273,"column":31}},"type":"binary-expr","locations":[{"start":{"line":273,"column":14},"end":{"line":273,"column":22}},{"start":{"line":273,"column":26},"end":{"line":273,"column":31}}]},"39":{"loc":{"start":{"line":274,"column":14},"end":{"line":274,"column":31}},"type":"binary-expr","locations":[{"start":{"line":274,"column":14},"end":{"line":274,"column":22}},{"start":{"line":274,"column":26},"end":{"line":274,"column":31}}]},"40":{"loc":{"start":{"line":287,"column":4},"end":{"line":287,"column":72}},"type":"if","locations":[{"start":{"line":287,"column":4},"end":{"line":287,"column":72}}]},"41":{"loc":{"start":{"line":291,"column":4},"end":{"line":291,"column":87}},"type":"if","locations":[{"start":{"line":291,"column":4},"end":{"line":291,"column":87}}]},"42":{"loc":{"start":{"line":299,"column":31},"end":{"line":299,"column":82}},"type":"binary-expr","locations":[{"start":{"line":299,"column":31},"end":{"line":299,"column":49}},{"start":{"line":299,"column":53},"end":{"line":299,"column":82}}]},"43":{"loc":{"start":{"line":301,"column":4},"end":{"line":303,"column":5}},"type":"if","locations":[{"start":{"line":301,"column":4},"end":{"line":303,"column":5}}]},"44":{"loc":{"start":{"line":301,"column":8},"end":{"line":301,"column":51}},"type":"binary-expr","locations":[{"start":{"line":301,"column":8},"end":{"line":301,"column":16}},{"start":{"line":301,"column":20},"end":{"line":301,"column":28}},{"start":{"line":301,"column":32},"end":{"line":301,"column":51}}]},"45":{"loc":{"start":{"line":315,"column":6},"end":{"line":318,"column":7}},"type":"if","locations":[{"start":{"line":315,"column":6},"end":{"line":318,"column":7}}]},"46":{"loc":{"start":{"line":319,"column":6},"end":{"line":322,"column":7}},"type":"if","locations":[{"start":{"line":319,"column":6},"end":{"line":322,"column":7}}]},"47":{"loc":{"start":{"line":324,"column":6},"end":{"line":331,"column":7}},"type":"if","locations":[{"start":{"line":324,"column":6},"end":{"line":331,"column":7}}]},"48":{"loc":{"start":{"line":333,"column":6},"end":{"line":338,"column":7}},"type":"if","locations":[{"start":{"line":333,"column":6},"end":{"line":338,"column":7}}]},"49":{"loc":{"start":{"line":335,"column":8},"end":{"line":337,"column":9}},"type":"if","locations":[{"start":{"line":335,"column":8},"end":{"line":337,"column":9}}]},"50":{"loc":{"start":{"line":340,"column":6},"end":{"line":345,"column":7}},"type":"if","locations":[{"start":{"line":340,"column":6},"end":{"line":345,"column":7}}]},"51":{"loc":{"start":{"line":342,"column":8},"end":{"line":344,"column":9}},"type":"if","locations":[{"start":{"line":342,"column":8},"end":{"line":344,"column":9}}]},"52":{"loc":{"start":{"line":356,"column":4},"end":{"line":356,"column":86}},"type":"if","locations":[{"start":{"line":356,"column":4},"end":{"line":356,"column":86}}]},"53":{"loc":{"start":{"line":367,"column":4},"end":{"line":367,"column":81}},"type":"if","locations":[{"start":{"line":367,"column":4},"end":{"line":367,"column":81}}]},"54":{"loc":{"start":{"line":374,"column":25},"end":{"line":374,"column":85}},"type":"cond-expr","locations":[{"start":{"line":374,"column":50},"end":{"line":374,"column":78}},{"start":{"line":374,"column":81},"end":{"line":374,"column":85}}]},"55":{"loc":{"start":{"line":384,"column":4},"end":{"line":384,"column":81}},"type":"if","locations":[{"start":{"line":384,"column":4},"end":{"line":384,"column":81}}]},"56":{"loc":{"start":{"line":387,"column":4},"end":{"line":387,"column":113}},"type":"if","locations":[{"start":{"line":387,"column":4},"end":{"line":387,"column":113}}]},"57":{"loc":{"start":{"line":395,"column":4},"end":{"line":405,"column":5}},"type":"if","locations":[{"start":{"line":395,"column":4},"end":{"line":405,"column":5}}]},"58":{"loc":{"start":{"line":397,"column":6},"end":{"line":404,"column":7}},"type":"if","locations":[{"start":{"line":397,"column":6},"end":{"line":404,"column":7}}]},"59":{"loc":{"start":{"line":425,"column":4},"end":{"line":425,"column":81}},"type":"if","locations":[{"start":{"line":425,"column":4},"end":{"line":425,"column":81}}]},"60":{"loc":{"start":{"line":444,"column":4},"end":{"line":444,"column":76}},"type":"if","locations":[{"start":{"line":444,"column":4},"end":{"line":444,"column":76}}]},"61":{"loc":{"start":{"line":465,"column":4},"end":{"line":465,"column":76}},"type":"if","locations":[{"start":{"line":465,"column":4},"end":{"line":465,"column":76}}]},"62":{"loc":{"start":{"line":468,"column":4},"end":{"line":468,"column":102}},"type":"if","locations":[{"start":{"line":468,"column":4},"end":{"line":468,"column":102}}]},"63":{"loc":{"start":{"line":468,"column":8},"end":{"line":468,"column":41}},"type":"binary-expr","locations":[{"start":{"line":468,"column":8},"end":{"line":468,"column":16}},{"start":{"line":468,"column":20},"end":{"line":468,"column":41}}]}},"s":{"0":1,"1":1,"2":1,"3":1,"4":1,"5":2,"6":2,"7":2,"8":2,"9":2,"10":2,"11":2,"12":0,"13":0,"14":0,"15":0,"16":0,"17":2,"18":1,"19":1,"20":1,"21":1,"22":1,"23":1,"24":1,"25":3,"26":3,"27":3,"28":2,"29":2,"30":2,"31":2,"32":2,"33":2,"34":2,"35":1,"36":2,"37":0,"38":2,"39":0,"40":0,"41":0,"42":0,"43":0,"44":0,"45":0,"46":0,"47":0,"48":2,"49":0,"50":0,"51":0,"52":0,"53":0,"54":0,"55":2,"56":2,"57":2,"58":0,"59":0,"60":2,"61":1,"62":1,"63":0,"64":0,"65":1,"66":1,"67":4,"68":4,"69":4,"70":4,"71":1,"72":3,"73":3,"74":1,"75":2,"76":2,"77":2,"78":2,"79":1,"80":1,"81":1,"82":1,"83":0,"84":0,"85":1,"86":1,"87":3,"88":3,"89":3,"90":3,"91":1,"92":2,"93":2,"94":1,"95":1,"96":1,"97":1,"98":1,"99":1,"100":1,"101":1,"102":0,"103":1,"104":1,"105":0,"106":0,"107":1,"108":1,"109":4,"110":4,"111":4,"112":4,"113":1,"114":3,"115":3,"116":1,"117":2,"118":2,"119":2,"120":2,"121":2,"122":2,"123":2,"124":1,"125":1,"126":1,"127":1,"128":1,"129":1,"130":1,"131":1,"132":1,"133":1,"134":1,"135":1,"136":1,"137":1,"138":1,"139":1,"140":1,"141":1,"142":1,"143":1,"144":0,"145":0,"146":0,"147":1,"148":0,"149":0,"150":0,"151":1,"152":1,"153":0,"154":0,"155":1,"156":0,"157":0,"158":0,"159":0,"160":1,"161":1,"162":0,"163":0,"164":0,"165":0,"166":0,"167":0,"168":0,"169":0,"170":0,"171":1,"172":1,"173":0,"174":0,"175":0,"176":0,"177":0,"178":0,"179":0,"180":0,"181":0,"182":0,"183":0,"184":0,"185":0,"186":0,"187":0,"188":0,"189":0,"190":0,"191":1,"192":1,"193":0,"194":0,"195":0,"196":0,"197":0,"198":0,"199":0,"200":0,"201":0,"202":1,"203":1,"204":0,"205":0,"206":0,"207":0,"208":0,"209":0,"210":0,"211":0,"212":0,"213":1,"214":1,"215":0,"216":0,"217":0,"218":0,"219":0,"220":0,"221":0,"222":0,"223":0,"224":0,"225":0,"226":0,"227":0,"228":0,"229":1,"230":1,"231":0,"232":0,"233":1},"f":{"0":2,"1":2,"2":1,"3":3,"4":3,"5":0,"6":0,"7":4,"8":4,"9":3,"10":3,"11":4,"12":4,"13":0,"14":0,"15":0,"16":0,"17":0,"18":0,"19":0,"20":0,"21":0,"22":0,"23":0,"24":0},"b":{"0":[2,0],"1":[2,0],"2":[0,0],"3":[0,1],"4":[0,1],"5":[1,1],"6":[1,1],"7":[1,1],"8":[1,1],"9":[1,1],"10":[1,1],"11":[1],"12":[0],"13":[0],"14":[2,0],"15":[0],"16":[0],"17":[2,0],"18":[0],"19":[0,0],"20":[0],"21":[0,0],"22":[1],"23":[1],"24":[1],"25":[1],"26":[2,2],"27":[1],"28":[1],"29":[1,0],"30":[1,0],"31":[0],"32":[1,0,0],"33":[0,1],"34":[0,1],"35":[1,0],"36":[1,0],"37":[1,0],"38":[1,1],"39":[1,1],"40":[1],"41":[1],"42":[2,0],"43":[1],"44":[2,1,1],"45":[1],"46":[1],"47":[1],"48":[0],"49":[0],"50":[0],"51":[0],"52":[0],"53":[0],"54":[0,0],"55":[0],"56":[0],"57":[0],"58":[0],"59":[0],"60":[0],"61":[0],"62":[0],"63":[0,0]}}
,"C:\\Users\\elmaq\\OneDrive\\Documents\\apprentissage\\Projets\\SecByDesign\\Docker_SecByDesign\\backend\\src\\notes\\notes.routes.ts": {"path":"C:\\Users\\elmaq\\OneDrive\\Documents\\apprentissage\\Projets\\SecByDesign\\Docker_SecByDesign\\backend\\src\\notes\\notes.routes.ts","statementMap":{"0":{"start":{"line":1,"column":0},"end":{"line":1,"column":33}},"1":{"start":{"line":2,"column":0},"end":{"line":2,"column":54}},"2":{"start":{"line":3,"column":0},"end":{"line":3,"column":58}},"3":{"start":{"line":4,"column":0},"end":{"line":4,"column":52}},"4":{"start":{"line":5,"column":0},"end":{"line":5,"column":49}},"5":{"start":{"line":7,"column":15},"end":{"line":7,"column":23}},"6":{"start":{"line":10,"column":0},"end":{"line":10,"column":57}},"7":{"start":{"line":13,"column":0},"end":{"line":13,"column":103}},"8":{"start":{"line":16,"column":0},"end":{"line":16,"column":58}},"9":{"start":{"line":19,"column":0},"end":{"line":19,"column":64}},"10":{"start":{"line":22,"column":0},"end":{"line":22,"column":63}},"11":{"start":{"line":25,"column":0},"end":{"line":25,"column":66}},"12":{"start":{"line":26,"column":0},"end":{"line":26,"column":114}},"13":{"start":{"line":29,"column":0},"end":{"line":29,"column":79}},"14":{"start":{"line":30,"column":0},"end":{"line":30,"column":73}},"15":{"start":{"line":34,"column":0},"end":{"line":34,"column":71}},"16":{"start":{"line":35,"column":0},"end":{"line":35,"column":71}},"17":{"start":{"line":37,"column":0},"end":{"line":37,"column":22}}},"fnMap":{},"branchMap":{},"s":{"0":1,"1":1,"2":1,"3":1,"4":1,"5":1,"6":1,"7":1,"8":1,"9":1,"10":1,"11":1,"12":1,"13":1,"14":1,"15":1,"16":1,"17":1},"f":{},"b":{}}
,"C:\\Users\\elmaq\\OneDrive\\Documents\\apprentissage\\Projets\\SecByDesign\\Docker_SecByDesign\\backend\\src\\notes\\notes.schema.ts": {"path":"C:\\Users\\elmaq\\OneDrive\\Documents\\apprentissage\\Projets\\SecByDesign\\Docker_SecByDesign\\backend\\src\\notes\\notes.schema.ts","statementMap":{"0":{"start":{"line":1,"column":0},"end":{"line":1,"column":24}},"1":{"start":{"line":3,"column":13},"end":{"line":13,"column":3}},"2":{"start":{"line":15,"column":13},"end":{"line":25,"column":3}},"3":{"start":{"line":27,"column":13},"end":{"line":29,"column":3}},"4":{"start":{"line":31,"column":13},"end":{"line":33,"column":3}}},"fnMap":{},"branchMap":{},"s":{"0":1,"1":1,"2":1,"3":1,"4":1},"f":{},"b":{}}
,"C:\\Users\\elmaq\\OneDrive\\Documents\\apprentissage\\Projets\\SecByDesign\\Docker_SecByDesign\\backend\\src\\tags\\tags.controller.ts": {"path":"C:\\Users\\elmaq\\OneDrive\\Documents\\apprentissage\\Projets\\SecByDesign\\Docker_SecByDesign\\backend\\src\\tags\\tags.controller.ts","statementMap":{"0":{"start":{"line":2,"column":0},"end":{"line":2,"column":24}},"1":{"start":{"line":3,"column":0},"end":{"line":3,"column":42}},"2":{"start":{"line":5,"column":13},"end":{"line":10,"column":3}},"3":{"start":{"line":12,"column":24},"end":{"line":20,"column":2}},"4":{"start":{"line":12,"column":62},"end":{"line":20,"column":2}},"5":{"start":{"line":13,"column":2},"end":{"line":19,"column":3}},"6":{"start":{"line":14,"column":19},"end":{"line":14,"column":81}},"7":{"start":{"line":15,"column":4},"end":{"line":15,"column":26}},"8":{"start":{"line":17,"column":4},"end":{"line":17,"column":47}},"9":{"start":{"line":18,"column":4},"end":{"line":18,"column":54}},"10":{"start":{"line":12,"column":13},"end":{"line":12,"column":24}},"11":{"start":{"line":22,"column":25},"end":{"line":38,"column":2}},"12":{"start":{"line":22,"column":63},"end":{"line":38,"column":2}},"13":{"start":{"line":23,"column":2},"end":{"line":37,"column":3}},"14":{"start":{"line":24,"column":62},"end":{"line":24,"column":87}},"15":{"start":{"line":26,"column":19},"end":{"line":29,"column":null}},"16":{"start":{"line":31,"column":4},"end":{"line":31,"column":41}},"17":{"start":{"line":33,"column":4},"end":{"line":33,"column":86}},"18":{"start":{"line":33,"column":35},"end":{"line":33,"column":86}},"19":{"start":{"line":34,"column":4},"end":{"line":34,"column":91}},"20":{"start":{"line":34,"column":30},"end":{"line":34,"column":91}},"21":{"start":{"line":35,"column":4},"end":{"line":35,"column":46}},"22":{"start":{"line":36,"column":4},"end":{"line":36,"column":54}},"23":{"start":{"line":22,"column":13},"end":{"line":22,"column":25}},"24":{"start":{"line":40,"column":25},"end":{"line":68,"column":2}},"25":{"start":{"line":40,"column":63},"end":{"line":68,"column":2}},"26":{"start":{"line":41,"column":2},"end":{"line":67,"column":3}},"27":{"start":{"line":42,"column":15},"end":{"line":42,"column":38}},"28":{"start":{"line":43,"column":20},"end":{"line":43,"column":22}},"29":{"start":{"line":44,"column":19},"end":{"line":44,"column":21}},"30":{"start":{"line":45,"column":21},"end":{"line":45,"column":22}},"31":{"start":{"line":48,"column":4},"end":{"line":51,"column":5}},"32":{"start":{"line":49,"column":6},"end":{"line":49,"column":46}},"33":{"start":{"line":50,"column":6},"end":{"line":50,"column":33}},"34":{"start":{"line":54,"column":4},"end":{"line":63,"column":5}},"35":{"start":{"line":55,"column":7},"end":{"line":55,"column":42}},"36":{"start":{"line":56,"column":21},"end":{"line":56,"column":98}},"37":{"start":{"line":57,"column":7},"end":{"line":57,"column":23}},"38":{"start":{"line":58,"column":22},"end":{"line":58,"column":53}},"39":{"start":{"line":59,"column":7},"end":{"line":59,"column":89}},"40":{"start":{"line":59,"column":37},"end":{"line":59,"column":89}},"41":{"start":{"line":60,"column":7},"end":{"line":60,"column":32}},"42":{"start":{"line":62,"column":7},"end":{"line":62,"column":43}},"43":{"start":{"line":65,"column":4},"end":{"line":65,"column":46}},"44":{"start":{"line":66,"column":4},"end":{"line":66,"column":54}},"45":{"start":{"line":40,"column":13},"end":{"line":40,"column":25}},"46":{"start":{"line":70,"column":25},"end":{"line":80,"column":2}},"47":{"start":{"line":70,"column":63},"end":{"line":80,"column":2}},"48":{"start":{"line":71,"column":2},"end":{"line":79,"column":3}},"49":{"start":{"line":72,"column":15},"end":{"line":72,"column":38}},"50":{"start":{"line":73,"column":19},"end":{"line":73,"column":88}},"51":{"start":{"line":74,"column":4},"end":{"line":74,"column":86}},"52":{"start":{"line":74,"column":34},"end":{"line":74,"column":86}},"53":{"start":{"line":75,"column":4},"end":{"line":75,"column":37}},"54":{"start":{"line":77,"column":4},"end":{"line":77,"column":46}},"55":{"start":{"line":78,"column":4},"end":{"line":78,"column":54}},"56":{"start":{"line":70,"column":13},"end":{"line":70,"column":25}},"57":{"start":{"line":82,"column":27},"end":{"line":96,"column":2}},"58":{"start":{"line":82,"column":65},"end":{"line":96,"column":2}},"59":{"start":{"line":83,"column":2},"end":{"line":95,"column":3}},"60":{"start":{"line":84,"column":19},"end":{"line":84,"column":42}},"61":{"start":{"line":85,"column":19},"end":{"line":89,"column":null}},"62":{"start":{"line":91,"column":4},"end":{"line":91,"column":26}},"63":{"start":{"line":93,"column":4},"end":{"line":93,"column":52}},"64":{"start":{"line":94,"column":4},"end":{"line":94,"column":54}},"65":{"start":{"line":82,"column":13},"end":{"line":82,"column":27}},"66":{"start":{"line":98,"column":30},"end":{"line":128,"column":2}},"67":{"start":{"line":98,"column":68},"end":{"line":128,"column":2}},"68":{"start":{"line":99,"column":2},"end":{"line":127,"column":3}},"69":{"start":{"line":100,"column":19},"end":{"line":100,"column":42}},"70":{"start":{"line":101,"column":23},"end":{"line":101,"column":31}},"71":{"start":{"line":102,"column":4},"end":{"line":102,"column":98}},"72":{"start":{"line":102,"column":32},"end":{"line":102,"column":98}},"73":{"start":{"line":104,"column":19},"end":{"line":104,"column":39}},"74":{"start":{"line":105,"column":4},"end":{"line":123,"column":5}},"75":{"start":{"line":106,"column":6},"end":{"line":106,"column":34}},"76":{"start":{"line":107,"column":6},"end":{"line":107,"column":79}},"77":{"start":{"line":109,"column":6},"end":{"line":114,"column":7}},"78":{"start":{"line":111,"column":23},"end":{"line":111,"column":79}},"79":{"start":{"line":111,"column":48},"end":{"line":111,"column":67}},"80":{"start":{"line":112,"column":23},"end":{"line":112,"column":42}},"81":{"start":{"line":113,"column":8},"end":{"line":113,"column":95}},"82":{"start":{"line":116,"column":6},"end":{"line":116,"column":35}},"83":{"start":{"line":117,"column":6},"end":{"line":117,"column":44}},"84":{"start":{"line":119,"column":6},"end":{"line":119,"column":37}},"85":{"start":{"line":120,"column":6},"end":{"line":120,"column":14}},"86":{"start":{"line":122,"column":6},"end":{"line":122,"column":23}},"87":{"start":{"line":125,"column":4},"end":{"line":125,"column":52}},"88":{"start":{"line":126,"column":4},"end":{"line":126,"column":54}},"89":{"start":{"line":98,"column":13},"end":{"line":98,"column":30}}},"fnMap":{"0":{"name":"(anonymous_7)","decl":{"start":{"line":12,"column":24},"end":{"line":12,"column":31}},"loc":{"start":{"line":12,"column":62},"end":{"line":20,"column":2}}},"1":{"name":"(anonymous_8)","decl":{"start":{"line":12,"column":62},"end":{"line":12,"column":null}},"loc":{"start":{"line":12,"column":62},"end":{"line":20,"column":1}}},"2":{"name":"(anonymous_9)","decl":{"start":{"line":22,"column":25},"end":{"line":22,"column":32}},"loc":{"start":{"line":22,"column":63},"end":{"line":38,"column":2}}},"3":{"name":"(anonymous_10)","decl":{"start":{"line":22,"column":63},"end":{"line":22,"column":null}},"loc":{"start":{"line":22,"column":63},"end":{"line":38,"column":1}}},"4":{"name":"(anonymous_11)","decl":{"start":{"line":40,"column":25},"end":{"line":40,"column":32}},"loc":{"start":{"line":40,"column":63},"end":{"line":68,"column":2}}},"5":{"name":"(anonymous_12)","decl":{"start":{"line":40,"column":63},"end":{"line":40,"column":null}},"loc":{"start":{"line":40,"column":63},"end":{"line":68,"column":1}}},"6":{"name":"(anonymous_13)","decl":{"start":{"line":70,"column":25},"end":{"line":70,"column":32}},"loc":{"start":{"line":70,"column":63},"end":{"line":80,"column":2}}},"7":{"name":"(anonymous_14)","decl":{"start":{"line":70,"column":63},"end":{"line":70,"column":null}},"loc":{"start":{"line":70,"column":63},"end":{"line":80,"column":1}}},"8":{"name":"(anonymous_15)","decl":{"start":{"line":82,"column":27},"end":{"line":82,"column":34}},"loc":{"start":{"line":82,"column":65},"end":{"line":96,"column":2}}},"9":{"name":"(anonymous_16)","decl":{"start":{"line":82,"column":65},"end":{"line":82,"column":null}},"loc":{"start":{"line":82,"column":65},"end":{"line":96,"column":1}}},"10":{"name":"(anonymous_17)","decl":{"start":{"line":98,"column":30},"end":{"line":98,"column":37}},"loc":{"start":{"line":98,"column":68},"end":{"line":128,"column":2}}},"11":{"name":"(anonymous_18)","decl":{"start":{"line":98,"column":68},"end":{"line":98,"column":null}},"loc":{"start":{"line":98,"column":68},"end":{"line":128,"column":1}}},"12":{"name":"(anonymous_19)","decl":{"start":{"line":111,"column":34},"end":{"line":111,"column":35}},"loc":{"start":{"line":111,"column":48},"end":{"line":111,"column":67}}}},"branchMap":{"0":{"loc":{"start":{"line":29,"column":19},"end":{"line":29,"column":29}},"type":"binary-expr","locations":[{"start":{"line":29,"column":19},"end":{"line":29,"column":23}},{"start":{"line":29,"column":27},"end":{"line":29,"column":29}}]},"1":{"loc":{"start":{"line":29,"column":31},"end":{"line":29,"column":67}},"type":"binary-expr","locations":[{"start":{"line":29,"column":31},"end":{"line":29,"column":58}},{"start":{"line":29,"column":62},"end":{"line":29,"column":67}}]},"2":{"loc":{"start":{"line":33,"column":4},"end":{"line":33,"column":86}},"type":"if","locations":[{"start":{"line":33,"column":4},"end":{"line":33,"column":86}}]},"3":{"loc":{"start":{"line":34,"column":4},"end":{"line":34,"column":91}},"type":"if","locations":[{"start":{"line":34,"column":4},"end":{"line":34,"column":91}}]},"4":{"loc":{"start":{"line":48,"column":4},"end":{"line":51,"column":5}},"type":"if","locations":[{"start":{"line":48,"column":4},"end":{"line":51,"column":5}}]},"5":{"loc":{"start":{"line":54,"column":4},"end":{"line":63,"column":5}},"type":"if","locations":[{"start":{"line":54,"column":4},"end":{"line":63,"column":5}},{"start":{"line":61,"column":11},"end":{"line":63,"column":5}}]},"6":{"loc":{"start":{"line":59,"column":7},"end":{"line":59,"column":89}},"type":"if","locations":[{"start":{"line":59,"column":7},"end":{"line":59,"column":89}}]},"7":{"loc":{"start":{"line":74,"column":4},"end":{"line":74,"column":86}},"type":"if","locations":[{"start":{"line":74,"column":4},"end":{"line":74,"column":86}}]},"8":{"loc":{"start":{"line":102,"column":4},"end":{"line":102,"column":98}},"type":"if","locations":[{"start":{"line":102,"column":4},"end":{"line":102,"column":98}}]},"9":{"loc":{"start":{"line":109,"column":6},"end":{"line":114,"column":7}},"type":"if","locations":[{"start":{"line":109,"column":6},"end":{"line":114,"column":7}}]}},"s":{"0":2,"1":2,"2":2,"3":2,"4":2,"5":2,"6":2,"7":1,"8":1,"9":1,"10":2,"11":2,"12":8,"13":8,"14":8,"15":6,"16":5,"17":3,"18":2,"19":1,"20":1,"21":0,"22":0,"23":2,"24":2,"25":3,"26":3,"27":3,"28":3,"29":3,"30":3,"31":3,"32":2,"33":2,"34":3,"35":2,"36":2,"37":2,"38":2,"39":2,"40":1,"41":1,"42":1,"43":0,"44":0,"45":2,"46":2,"47":2,"48":2,"49":2,"50":2,"51":2,"52":1,"53":1,"54":0,"55":0,"56":2,"57":2,"58":0,"59":0,"60":0,"61":0,"62":0,"63":0,"64":0,"65":2,"66":2,"67":0,"68":0,"69":0,"70":0,"71":0,"72":0,"73":0,"74":0,"75":0,"76":0,"77":0,"78":0,"79":0,"80":0,"81":0,"82":0,"83":0,"84":0,"85":0,"86":0,"87":0,"88":0,"89":2},"f":{"0":2,"1":2,"2":8,"3":8,"4":3,"5":3,"6":2,"7":2,"8":0,"9":0,"10":0,"11":0,"12":0},"b":{"0":[6,5],"1":[6,5],"2":[2],"3":[1],"4":[2],"5":[2,1],"6":[1],"7":[1],"8":[0],"9":[0]}}
,"C:\\Users\\elmaq\\OneDrive\\Documents\\apprentissage\\Projets\\SecByDesign\\Docker_SecByDesign\\backend\\src\\tags\\tags.routes.ts": {"path":"C:\\Users\\elmaq\\OneDrive\\Documents\\apprentissage\\Projets\\SecByDesign\\Docker_SecByDesign\\backend\\src\\tags\\tags.routes.ts","statementMap":{"0":{"start":{"line":1,"column":0},"end":{"line":1,"column":33}},"1":{"start":{"line":2,"column":0},"end":{"line":2,"column":52}},"2":{"start":{"line":3,"column":0},"end":{"line":3,"column":63}},"3":{"start":{"line":5,"column":15},"end":{"line":5,"column":23}},"4":{"start":{"line":7,"column":0},"end":{"line":7,"column":55}},"5":{"start":{"line":8,"column":0},"end":{"line":8,"column":104}},"6":{"start":{"line":9,"column":0},"end":{"line":9,"column":108}},"7":{"start":{"line":10,"column":0},"end":{"line":10,"column":84}},"8":{"start":{"line":12,"column":0},"end":{"line":12,"column":22}}},"fnMap":{},"branchMap":{},"s":{"0":1,"1":1,"2":1,"3":1,"4":1,"5":1,"6":1,"7":1,"8":1},"f":{},"b":{}}
,"C:\\Users\\elmaq\\OneDrive\\Documents\\apprentissage\\Projets\\SecByDesign\\Docker_SecByDesign\\backend\\src\\users\\user.controller.ts": {"path":"C:\\Users\\elmaq\\OneDrive\\Documents\\apprentissage\\Projets\\SecByDesign\\Docker_SecByDesign\\backend\\src\\users\\user.controller.ts","statementMap":{"0":{"start":{"line":2,"column":0},"end":{"line":2,"column":28}},"1":{"start":{"line":3,"column":0},"end":{"line":3,"column":24}},"2":{"start":{"line":4,"column":0},"end":{"line":4,"column":42}},"3":{"start":{"line":5,"column":0},"end":{"line":5,"column":46}},"4":{"start":{"line":6,"column":0},"end":{"line":6,"column":91}},"5":{"start":{"line":8,"column":26},"end":{"line":23,"column":2}},"6":{"start":{"line":8,"column":60},"end":{"line":23,"column":2}},"7":{"start":{"line":9,"column":2},"end":{"line":22,"column":3}},"8":{"start":{"line":10,"column":41},"end":{"line":10,"column":73}},"9":{"start":{"line":11,"column":17},"end":{"line":11,"column":71}},"10":{"start":{"line":13,"column":19},"end":{"line":15,"column":null}},"11":{"start":{"line":17,"column":4},"end":{"line":17,"column":41}},"12":{"start":{"line":19,"column":4},"end":{"line":19,"column":96}},"13":{"start":{"line":19,"column":30},"end":{"line":19,"column":96}},"14":{"start":{"line":20,"column":4},"end":{"line":20,"column":86}},"15":{"start":{"line":20,"column":35},"end":{"line":20,"column":86}},"16":{"start":{"line":21,"column":4},"end":{"line":21,"column":54}},"17":{"start":{"line":8,"column":13},"end":{"line":8,"column":26}},"18":{"start":{"line":25,"column":25},"end":{"line":32,"column":2}},"19":{"start":{"line":25,"column":63},"end":{"line":32,"column":2}},"20":{"start":{"line":26,"column":2},"end":{"line":31,"column":3}},"21":{"start":{"line":27,"column":19},"end":{"line":27,"column":112}},"22":{"start":{"line":28,"column":4},"end":{"line":28,"column":26}},"23":{"start":{"line":30,"column":4},"end":{"line":30,"column":54}},"24":{"start":{"line":25,"column":13},"end":{"line":25,"column":25}},"25":{"start":{"line":34,"column":26},"end":{"line":50,"column":2}},"26":{"start":{"line":34,"column":60},"end":{"line":50,"column":2}},"27":{"start":{"line":35,"column":2},"end":{"line":49,"column":3}},"28":{"start":{"line":36,"column":19},"end":{"line":38,"column":null}},"29":{"start":{"line":41,"column":4},"end":{"line":43,"column":5}},"30":{"start":{"line":42,"column":6},"end":{"line":42,"column":63}},"31":{"start":{"line":45,"column":4},"end":{"line":45,"column":29}},"32":{"start":{"line":47,"column":4},"end":{"line":47,"column":50}},"33":{"start":{"line":48,"column":4},"end":{"line":48,"column":54}},"34":{"start":{"line":34,"column":13},"end":{"line":34,"column":26}},"35":{"start":{"line":52,"column":29},"end":{"line":101,"column":2}},"36":{"start":{"line":52,"column":63},"end":{"line":101,"column":2}},"37":{"start":{"line":53,"column":2},"end":{"line":100,"column":3}},"38":{"start":{"line":55,"column":4},"end":{"line":57,"column":5}},"39":{"start":{"line":56,"column":6},"end":{"line":56,"column":95}},"40":{"start":{"line":60,"column":39},"end":{"line":60,"column":74}},"41":{"start":{"line":63,"column":30},"end":{"line":63,"column":32}},"42":{"start":{"line":64,"column":26},"end":{"line":64,"column":28}},"43":{"start":{"line":65,"column":21},"end":{"line":65,"column":22}},"44":{"start":{"line":67,"column":4},"end":{"line":70,"column":5}},"45":{"start":{"line":68,"column":6},"end":{"line":68,"column":47}},"46":{"start":{"line":69,"column":6},"end":{"line":69,"column":25}},"47":{"start":{"line":72,"column":4},"end":{"line":75,"column":5}},"48":{"start":{"line":73,"column":6},"end":{"line":73,"column":47}},"49":{"start":{"line":74,"column":6},"end":{"line":74,"column":25}},"50":{"start":{"line":77,"column":4},"end":{"line":81,"column":5}},"51":{"start":{"line":78,"column":27},"end":{"line":78,"column":81}},"52":{"start":{"line":79,"column":6},"end":{"line":79,"column":55}},"53":{"start":{"line":80,"column":6},"end":{"line":80,"column":32}},"54":{"start":{"line":83,"column":4},"end":{"line":85,"column":5}},"55":{"start":{"line":84,"column":6},"end":{"line":84,"column":68}},"56":{"start":{"line":87,"column":4},"end":{"line":87,"column":39}},"57":{"start":{"line":89,"column":18},"end":{"line":89,"column":127}},"58":{"start":{"line":90,"column":4},"end":{"line":90,"column":29}},"59":{"start":{"line":92,"column":19},"end":{"line":92,"column":50}},"60":{"start":{"line":93,"column":4},"end":{"line":93,"column":29}},"61":{"start":{"line":95,"column":4},"end":{"line":97,"column":5}},"62":{"start":{"line":96,"column":6},"end":{"line":96,"column":57}},"63":{"start":{"line":98,"column":4},"end":{"line":98,"column":50}},"64":{"start":{"line":99,"column":4},"end":{"line":99,"column":54}},"65":{"start":{"line":52,"column":13},"end":{"line":52,"column":29}},"66":{"start":{"line":103,"column":26},"end":{"line":124,"column":2}},"67":{"start":{"line":103,"column":64},"end":{"line":124,"column":2}},"68":{"start":{"line":104,"column":2},"end":{"line":123,"column":3}},"69":{"start":{"line":105,"column":21},"end":{"line":105,"column":67}},"70":{"start":{"line":106,"column":4},"end":{"line":108,"column":5}},"71":{"start":{"line":107,"column":6},"end":{"line":107,"column":72}},"72":{"start":{"line":110,"column":35},"end":{"line":110,"column":43}},"73":{"start":{"line":112,"column":4},"end":{"line":112,"column":105}},"74":{"start":{"line":112,"column":32},"end":{"line":112,"column":105}},"75":{"start":{"line":114,"column":17},"end":{"line":114,"column":71}},"76":{"start":{"line":115,"column":4},"end":{"line":118,"column":6}},"77":{"start":{"line":119,"column":4},"end":{"line":119,"column":57}},"78":{"start":{"line":121,"column":4},"end":{"line":121,"column":39}},"79":{"start":{"line":122,"column":4},"end":{"line":122,"column":54}},"80":{"start":{"line":103,"column":13},"end":{"line":103,"column":26}},"81":{"start":{"line":127,"column":26},"end":{"line":164,"column":2}},"82":{"start":{"line":127,"column":60},"end":{"line":164,"column":2}},"83":{"start":{"line":128,"column":17},"end":{"line":128,"column":40}},"84":{"start":{"line":130,"column":2},"end":{"line":132,"column":3}},"85":{"start":{"line":131,"column":4},"end":{"line":131,"column":56}},"86":{"start":{"line":134,"column":2},"end":{"line":163,"column":3}},"87":{"start":{"line":135,"column":20},"end":{"line":135,"column":112}},"88":{"start":{"line":136,"column":4},"end":{"line":136,"column":92}},"89":{"start":{"line":136,"column":35},"end":{"line":136,"column":92}},"90":{"start":{"line":137,"column":17},"end":{"line":137,"column":32}},"91":{"start":{"line":140,"column":21},"end":{"line":140,"column":89}},"92":{"start":{"line":141,"column":18},"end":{"line":141,"column":31}},"93":{"start":{"line":143,"column":23},"end":{"line":147,"column":6}},"94":{"start":{"line":150,"column":4},"end":{"line":157,"column":7}},"95":{"start":{"line":159,"column":4},"end":{"line":159,"column":25}},"96":{"start":{"line":161,"column":4},"end":{"line":161,"column":48}},"97":{"start":{"line":162,"column":4},"end":{"line":162,"column":54}},"98":{"start":{"line":127,"column":13},"end":{"line":127,"column":26}},"99":{"start":{"line":166,"column":26},"end":{"line":191,"column":2}},"100":{"start":{"line":166,"column":60},"end":{"line":191,"column":2}},"101":{"start":{"line":167,"column":17},"end":{"line":167,"column":40}},"102":{"start":{"line":169,"column":2},"end":{"line":171,"column":3}},"103":{"start":{"line":170,"column":4},"end":{"line":170,"column":56}},"104":{"start":{"line":173,"column":2},"end":{"line":190,"column":3}},"105":{"start":{"line":174,"column":4},"end":{"line":174,"column":84}},"106":{"start":{"line":176,"column":4},"end":{"line":184,"column":7}},"107":{"start":{"line":186,"column":4},"end":{"line":186,"column":76}},"108":{"start":{"line":188,"column":4},"end":{"line":188,"column":47}},"109":{"start":{"line":189,"column":4},"end":{"line":189,"column":54}},"110":{"start":{"line":166,"column":13},"end":{"line":166,"column":26}},"111":{"start":{"line":193,"column":28},"end":{"line":204,"column":2}},"112":{"start":{"line":193,"column":62},"end":{"line":204,"column":2}},"113":{"start":{"line":194,"column":2},"end":{"line":203,"column":3}},"114":{"start":{"line":195,"column":19},"end":{"line":199,"column":6}},"115":{"start":{"line":200,"column":4},"end":{"line":200,"column":26}},"116":{"start":{"line":202,"column":4},"end":{"line":202,"column":54}},"117":{"start":{"line":193,"column":13},"end":{"line":193,"column":28}},"118":{"start":{"line":206,"column":30},"end":{"line":237,"column":2}},"119":{"start":{"line":206,"column":64},"end":{"line":237,"column":2}},"120":{"start":{"line":207,"column":17},"end":{"line":207,"column":40}},"121":{"start":{"line":209,"column":2},"end":{"line":236,"column":3}},"122":{"start":{"line":210,"column":19},"end":{"line":222,"column":null}},"123":{"start":{"line":225,"column":4},"end":{"line":230,"column":5}},"124":{"start":{"line":227,"column":22},"end":{"line":227,"column":102}},"125":{"start":{"line":228,"column":6},"end":{"line":228,"column":94}},"126":{"start":{"line":228,"column":37},"end":{"line":228,"column":94}},"127":{"start":{"line":229,"column":6},"end":{"line":229,"column":71}},"128":{"start":{"line":232,"column":4},"end":{"line":232,"column":29}},"129":{"start":{"line":234,"column":4},"end":{"line":234,"column":50}},"130":{"start":{"line":235,"column":4},"end":{"line":235,"column":54}},"131":{"start":{"line":206,"column":13},"end":{"line":206,"column":30}},"132":{"start":{"line":239,"column":33},"end":{"line":312,"column":2}},"133":{"start":{"line":239,"column":67},"end":{"line":312,"column":2}},"134":{"start":{"line":240,"column":17},"end":{"line":240,"column":40}},"135":{"start":{"line":243,"column":2},"end":{"line":245,"column":3}},"136":{"start":{"line":244,"column":5},"end":{"line":244,"column":57}},"137":{"start":{"line":247,"column":2},"end":{"line":311,"column":3}},"138":{"start":{"line":248,"column":48},"end":{"line":248,"column":83}},"139":{"start":{"line":250,"column":19},"end":{"line":250,"column":39}},"140":{"start":{"line":251,"column":4},"end":{"line":305,"column":5}},"141":{"start":{"line":252,"column":6},"end":{"line":252,"column":34}},"142":{"start":{"line":255,"column":6},"end":{"line":265,"column":8}},"143":{"start":{"line":268,"column":6},"end":{"line":277,"column":7}},"144":{"start":{"line":269,"column":8},"end":{"line":269,"column":81}},"145":{"start":{"line":270,"column":8},"end":{"line":276,"column":9}},"146":{"start":{"line":273,"column":11},"end":{"line":275,"column":12}},"147":{"start":{"line":274,"column":14},"end":{"line":274,"column":109}},"148":{"start":{"line":279,"column":6},"end":{"line":279,"column":35}},"149":{"start":{"line":283,"column":21},"end":{"line":295,"column":null}},"150":{"start":{"line":298,"column":6},"end":{"line":298,"column":31}},"151":{"start":{"line":301,"column":6},"end":{"line":301,"column":37}},"152":{"start":{"line":302,"column":6},"end":{"line":302,"column":14}},"153":{"start":{"line":304,"column":6},"end":{"line":304,"column":23}},"154":{"start":{"line":307,"column":4},"end":{"line":307,"column":86}},"155":{"start":{"line":307,"column":35},"end":{"line":307,"column":86}},"156":{"start":{"line":308,"column":4},"end":{"line":308,"column":87}},"157":{"start":{"line":308,"column":30},"end":{"line":308,"column":87}},"158":{"start":{"line":309,"column":4},"end":{"line":309,"column":50}},"159":{"start":{"line":310,"column":4},"end":{"line":310,"column":54}},"160":{"start":{"line":239,"column":13},"end":{"line":239,"column":33}}},"fnMap":{"0":{"name":"(anonymous_8)","decl":{"start":{"line":8,"column":26},"end":{"line":8,"column":33}},"loc":{"start":{"line":8,"column":60},"end":{"line":23,"column":2}}},"1":{"name":"(anonymous_9)","decl":{"start":{"line":8,"column":60},"end":{"line":8,"column":null}},"loc":{"start":{"line":8,"column":60},"end":{"line":23,"column":1}}},"2":{"name":"(anonymous_10)","decl":{"start":{"line":25,"column":25},"end":{"line":25,"column":32}},"loc":{"start":{"line":25,"column":63},"end":{"line":32,"column":2}}},"3":{"name":"(anonymous_11)","decl":{"start":{"line":25,"column":63},"end":{"line":25,"column":null}},"loc":{"start":{"line":25,"column":63},"end":{"line":32,"column":1}}},"4":{"name":"(anonymous_12)","decl":{"start":{"line":34,"column":26},"end":{"line":34,"column":33}},"loc":{"start":{"line":34,"column":60},"end":{"line":50,"column":2}}},"5":{"name":"(anonymous_13)","decl":{"start":{"line":34,"column":60},"end":{"line":34,"column":null}},"loc":{"start":{"line":34,"column":60},"end":{"line":50,"column":1}}},"6":{"name":"(anonymous_14)","decl":{"start":{"line":52,"column":29},"end":{"line":52,"column":36}},"loc":{"start":{"line":52,"column":63},"end":{"line":101,"column":2}}},"7":{"name":"(anonymous_15)","decl":{"start":{"line":52,"column":63},"end":{"line":52,"column":null}},"loc":{"start":{"line":52,"column":63},"end":{"line":101,"column":1}}},"8":{"name":"(anonymous_16)","decl":{"start":{"line":103,"column":26},"end":{"line":103,"column":33}},"loc":{"start":{"line":103,"column":64},"end":{"line":124,"column":2}}},"9":{"name":"(anonymous_17)","decl":{"start":{"line":103,"column":64},"end":{"line":103,"column":null}},"loc":{"start":{"line":103,"column":64},"end":{"line":124,"column":1}}},"10":{"name":"(anonymous_18)","decl":{"start":{"line":127,"column":26},"end":{"line":127,"column":33}},"loc":{"start":{"line":127,"column":60},"end":{"line":164,"column":2}}},"11":{"name":"(anonymous_19)","decl":{"start":{"line":127,"column":60},"end":{"line":127,"column":null}},"loc":{"start":{"line":127,"column":60},"end":{"line":164,"column":1}}},"12":{"name":"(anonymous_20)","decl":{"start":{"line":166,"column":26},"end":{"line":166,"column":33}},"loc":{"start":{"line":166,"column":60},"end":{"line":191,"column":2}}},"13":{"name":"(anonymous_21)","decl":{"start":{"line":166,"column":60},"end":{"line":166,"column":null}},"loc":{"start":{"line":166,"column":60},"end":{"line":191,"column":1}}},"14":{"name":"(anonymous_22)","decl":{"start":{"line":193,"column":28},"end":{"line":193,"column":35}},"loc":{"start":{"line":193,"column":62},"end":{"line":204,"column":2}}},"15":{"name":"(anonymous_23)","decl":{"start":{"line":193,"column":62},"end":{"line":193,"column":null}},"loc":{"start":{"line":193,"column":62},"end":{"line":204,"column":1}}},"16":{"name":"(anonymous_24)","decl":{"start":{"line":206,"column":30},"end":{"line":206,"column":37}},"loc":{"start":{"line":206,"column":64},"end":{"line":237,"column":2}}},"17":{"name":"(anonymous_25)","decl":{"start":{"line":206,"column":64},"end":{"line":206,"column":null}},"loc":{"start":{"line":206,"column":64},"end":{"line":237,"column":1}}},"18":{"name":"(anonymous_26)","decl":{"start":{"line":239,"column":33},"end":{"line":239,"column":40}},"loc":{"start":{"line":239,"column":67},"end":{"line":312,"column":2}}},"19":{"name":"(anonymous_27)","decl":{"start":{"line":239,"column":67},"end":{"line":239,"column":null}},"loc":{"start":{"line":239,"column":67},"end":{"line":312,"column":1}}}},"branchMap":{"0":{"loc":{"start":{"line":19,"column":4},"end":{"line":19,"column":96}},"type":"if","locations":[{"start":{"line":19,"column":4},"end":{"line":19,"column":96}}]},"1":{"loc":{"start":{"line":20,"column":4},"end":{"line":20,"column":86}},"type":"if","locations":[{"start":{"line":20,"column":4},"end":{"line":20,"column":86}}]},"2":{"loc":{"start":{"line":41,"column":4},"end":{"line":43,"column":5}},"type":"if","locations":[{"start":{"line":41,"column":4},"end":{"line":43,"column":5}}]},"3":{"loc":{"start":{"line":55,"column":4},"end":{"line":57,"column":5}},"type":"if","locations":[{"start":{"line":55,"column":4},"end":{"line":57,"column":5}}]},"4":{"loc":{"start":{"line":67,"column":4},"end":{"line":70,"column":5}},"type":"if","locations":[{"start":{"line":67,"column":4},"end":{"line":70,"column":5}}]},"5":{"loc":{"start":{"line":72,"column":4},"end":{"line":75,"column":5}},"type":"if","locations":[{"start":{"line":72,"column":4},"end":{"line":75,"column":5}}]},"6":{"loc":{"start":{"line":77,"column":4},"end":{"line":81,"column":5}},"type":"if","locations":[{"start":{"line":77,"column":4},"end":{"line":81,"column":5}}]},"7":{"loc":{"start":{"line":83,"column":4},"end":{"line":85,"column":5}},"type":"if","locations":[{"start":{"line":83,"column":4},"end":{"line":85,"column":5}}]},"8":{"loc":{"start":{"line":95,"column":4},"end":{"line":97,"column":5}},"type":"if","locations":[{"start":{"line":95,"column":4},"end":{"line":97,"column":5}}]},"9":{"loc":{"start":{"line":106,"column":4},"end":{"line":108,"column":5}},"type":"if","locations":[{"start":{"line":106,"column":4},"end":{"line":108,"column":5}}]},"10":{"loc":{"start":{"line":112,"column":4},"end":{"line":112,"column":105}},"type":"if","locations":[{"start":{"line":112,"column":4},"end":{"line":112,"column":105}}]},"11":{"loc":{"start":{"line":112,"column":8},"end":{"line":112,"column":30}},"type":"binary-expr","locations":[{"start":{"line":112,"column":8},"end":{"line":112,"column":17}},{"start":{"line":112,"column":21},"end":{"line":112,"column":30}}]},"12":{"loc":{"start":{"line":130,"column":2},"end":{"line":132,"column":3}},"type":"if","locations":[{"start":{"line":130,"column":2},"end":{"line":132,"column":3}}]},"13":{"loc":{"start":{"line":130,"column":6},"end":{"line":130,"column":57}},"type":"binary-expr","locations":[{"start":{"line":130,"column":6},"end":{"line":130,"column":28}},{"start":{"line":130,"column":32},"end":{"line":130,"column":57}}]},"14":{"loc":{"start":{"line":136,"column":4},"end":{"line":136,"column":92}},"type":"if","locations":[{"start":{"line":136,"column":4},"end":{"line":136,"column":92}}]},"15":{"loc":{"start":{"line":169,"column":2},"end":{"line":171,"column":3}},"type":"if","locations":[{"start":{"line":169,"column":2},"end":{"line":171,"column":3}}]},"16":{"loc":{"start":{"line":169,"column":6},"end":{"line":169,"column":57}},"type":"binary-expr","locations":[{"start":{"line":169,"column":6},"end":{"line":169,"column":28}},{"start":{"line":169,"column":32},"end":{"line":169,"column":57}}]},"17":{"loc":{"start":{"line":225,"column":4},"end":{"line":230,"column":5}},"type":"if","locations":[{"start":{"line":225,"column":4},"end":{"line":230,"column":5}}]},"18":{"loc":{"start":{"line":228,"column":6},"end":{"line":228,"column":94}},"type":"if","locations":[{"start":{"line":228,"column":6},"end":{"line":228,"column":94}}]},"19":{"loc":{"start":{"line":243,"column":2},"end":{"line":245,"column":3}},"type":"if","locations":[{"start":{"line":243,"column":2},"end":{"line":245,"column":3}}]},"20":{"loc":{"start":{"line":243,"column":6},"end":{"line":243,"column":57}},"type":"binary-expr","locations":[{"start":{"line":243,"column":6},"end":{"line":243,"column":31}},{"start":{"line":243,"column":35},"end":{"line":243,"column":57}}]},"21":{"loc":{"start":{"line":268,"column":6},"end":{"line":277,"column":7}},"type":"if","locations":[{"start":{"line":268,"column":6},"end":{"line":277,"column":7}}]},"22":{"loc":{"start":{"line":270,"column":8},"end":{"line":276,"column":9}},"type":"if","locations":[{"start":{"line":270,"column":8},"end":{"line":276,"column":9}}]},"23":{"loc":{"start":{"line":307,"column":4},"end":{"line":307,"column":86}},"type":"if","locations":[{"start":{"line":307,"column":4},"end":{"line":307,"column":86}}]},"24":{"loc":{"start":{"line":308,"column":4},"end":{"line":308,"column":87}},"type":"if","locations":[{"start":{"line":308,"column":4},"end":{"line":308,"column":87}}]}},"s":{"0":1,"1":1,"2":1,"3":1,"4":1,"5":1,"6":4,"7":4,"8":4,"9":2,"10":2,"11":1,"12":3,"13":1,"14":2,"15":2,"16":0,"17":1,"18":1,"19":2,"20":2,"21":2,"22":1,"23":1,"24":1,"25":1,"26":2,"27":2,"28":2,"29":2,"30":1,"31":1,"32":0,"33":0,"34":1,"35":1,"36":4,"37":4,"38":4,"39":1,"40":3,"41":2,"42":2,"43":2,"44":2,"45":1,"46":1,"47":2,"48":0,"49":0,"50":2,"51":0,"52":0,"53":0,"54":2,"55":1,"56":1,"57":1,"58":1,"59":1,"60":1,"61":1,"62":1,"63":0,"64":0,"65":1,"66":1,"67":0,"68":0,"69":0,"70":0,"71":0,"72":0,"73":0,"74":0,"75":0,"76":0,"77":0,"78":0,"79":0,"80":1,"81":1,"82":3,"83":3,"84":3,"85":1,"86":2,"87":2,"88":2,"89":1,"90":1,"91":1,"92":1,"93":1,"94":1,"95":1,"96":0,"97":0,"98":1,"99":1,"100":0,"101":0,"102":0,"103":0,"104":0,"105":0,"106":0,"107":0,"108":0,"109":0,"110":1,"111":1,"112":0,"113":0,"114":0,"115":0,"116":0,"117":1,"118":1,"119":0,"120":0,"121":0,"122":0,"123":0,"124":0,"125":0,"126":0,"127":0,"128":0,"129":0,"130":0,"131":1,"132":1,"133":0,"134":0,"135":0,"136":0,"137":0,"138":0,"139":0,"140":0,"141":0,"142":0,"143":0,"144":0,"145":0,"146":0,"147":0,"148":0,"149":0,"150":0,"151":0,"152":0,"153":0,"154":0,"155":0,"156":0,"157":0,"158":0,"159":0,"160":1},"f":{"0":4,"1":4,"2":2,"3":2,"4":2,"5":2,"6":4,"7":4,"8":0,"9":0,"10":3,"11":3,"12":0,"13":0,"14":0,"15":0,"16":0,"17":0,"18":0,"19":0},"b":{"0":[1],"1":[2],"2":[1],"3":[1],"4":[1],"5":[0],"6":[0],"7":[1],"8":[1],"9":[0],"10":[0],"11":[0,0],"12":[1],"13":[3,2],"14":[1],"15":[0],"16":[0,0],"17":[0],"18":[0],"19":[0],"20":[0,0],"21":[0],"22":[0],"23":[0],"24":[0]}}
,"C:\\Users\\elmaq\\OneDrive\\Documents\\apprentissage\\Projets\\SecByDesign\\Docker_SecByDesign\\backend\\src\\users\\user.routes.ts": {"path":"C:\\Users\\elmaq\\OneDrive\\Documents\\apprentissage\\Projets\\SecByDesign\\Docker_SecByDesign\\backend\\src\\users\\user.routes.ts","statementMap":{"0":{"start":{"line":1,"column":0},"end":{"line":1,"column":33}},"1":{"start":{"line":2,"column":0},"end":{"line":2,"column":52}},"2":{"start":{"line":3,"column":0},"end":{"line":3,"column":52}},"3":{"start":{"line":4,"column":0},"end":{"line":4,"column":49}},"4":{"start":{"line":6,"column":15},"end":{"line":6,"column":23}},"5":{"start":{"line":9,"column":0},"end":{"line":9,"column":49}},"6":{"start":{"line":12,"column":0},"end":{"line":12,"column":94}},"7":{"start":{"line":13,"column":0},"end":{"line":13,"column":103}},"8":{"start":{"line":14,"column":0},"end":{"line":14,"column":59}},"9":{"start":{"line":15,"column":0},"end":{"line":15,"column":62}},"10":{"start":{"line":18,"column":0},"end":{"line":18,"column":67}},"11":{"start":{"line":19,"column":0},"end":{"line":19,"column":85}},"12":{"start":{"line":22,"column":0},"end":{"line":22,"column":72}},"13":{"start":{"line":23,"column":0},"end":{"line":23,"column":75}},"14":{"start":{"line":25,"column":0},"end":{"line":25,"column":22}}},"fnMap":{},"branchMap":{},"s":{"0":1,"1":1,"2":1,"3":1,"4":1,"5":1,"6":1,"7":1,"8":1,"9":1,"10":1,"11":1,"12":1,"13":1,"14":1},"f":{},"b":{}}
,"C:\\Users\\elmaq\\OneDrive\\Documents\\apprentissage\\Projets\\SecByDesign\\Docker_SecByDesign\\backend\\src\\users\\user.schema.ts": {"path":"C:\\Users\\elmaq\\OneDrive\\Documents\\apprentissage\\Projets\\SecByDesign\\Docker_SecByDesign\\backend\\src\\users\\user.schema.ts","statementMap":{"0":{"start":{"line":1,"column":0},"end":{"line":1,"column":24}},"1":{"start":{"line":3,"column":13},"end":{"line":7,"column":3}},"2":{"start":{"line":9,"column":13},"end":{"line":13,"column":3}},"3":{"start":{"line":15,"column":13},"end":{"line":20,"column":3}}},"fnMap":{},"branchMap":{},"s":{"0":1,"1":1,"2":1,"3":1},"f":{},"b":{}}
}
