{"C:\\Users\\elmaq\\OneDrive\\Documents\\apprentissage\\Projets\\SecByDesign\\Docker_SecByDesign\\backend\\src\\common\\middleware.ts": {"path":"C:\\Users\\elmaq\\OneDrive\\Documents\\apprentissage\\Projets\\SecByDesign\\Docker_SecByDesign\\backend\\src\\common\\middleware.ts","statementMap":{"0":{"start":{"line":3,"column":0},"end":{"line":3,"column":43}},"1":{"start":{"line":4,"column":0},"end":{"line":4,"column":34}},"2":{"start":{"line":5,"column":0},"end":{"line":5,"column":41}},"3":{"start":{"line":6,"column":0},"end":{"line":6,"column":42}},"4":{"start":{"line":7,"column":0},"end":{"line":7,"column":53}},"5":{"start":{"line":11,"column":21},"end":{"line":11,"column":39}},"6":{"start":{"line":23,"column":28},"end":{"line":98,"column":2}},"7":{"start":{"line":23,"column":86},"end":{"line":98,"column":2}},"8":{"start":{"line":24,"column":22},"end":{"line":24,"column":47}},"9":{"start":{"line":25,"column":23},"end":{"line":25,"column":51}},"10":{"start":{"line":28,"column":2},"end":{"line":28,"column":50}},"11":{"start":{"line":29,"column":2},"end":{"line":29,"column":54}},"12":{"start":{"line":30,"column":2},"end":{"line":30,"column":85}},"13":{"start":{"line":31,"column":2},"end":{"line":31,"column":74}},"14":{"start":{"line":32,"column":2},"end":{"line":32,"column":76}},"15":{"start":{"line":35,"column":2},"end":{"line":43,"column":3}},"16":{"start":{"line":36,"column":21},"end":{"line":36,"column":64}},"17":{"start":{"line":37,"column":4},"end":{"line":41,"column":5}},"18":{"start":{"line":38,"column":6},"end":{"line":38,"column":26}},"19":{"start":{"line":39,"column":6},"end":{"line":39,"column":82}},"20":{"start":{"line":40,"column":6},"end":{"line":40,"column":20}},"21":{"start":{"line":42,"column":4},"end":{"line":42,"column":58}},"22":{"start":{"line":46,"column":2},"end":{"line":93,"column":3}},"23":{"start":{"line":47,"column":4},"end":{"line":47,"column":61}},"24":{"start":{"line":48,"column":4},"end":{"line":92,"column":5}},"25":{"start":{"line":50,"column":25},"end":{"line":50,"column":78}},"26":{"start":{"line":51,"column":6},"end":{"line":54,"column":7}},"27":{"start":{"line":52,"column":8},"end":{"line":52,"column":60}},"28":{"start":{"line":53,"column":8},"end":{"line":53,"column":100}},"29":{"start":{"line":57,"column":25},"end":{"line":59,"column":null}},"30":{"start":{"line":62,"column":6},"end":{"line":65,"column":7}},"31":{"start":{"line":63,"column":8},"end":{"line":63,"column":53}},"32":{"start":{"line":64,"column":8},"end":{"line":64,"column":79}},"33":{"start":{"line":67,"column":19},"end":{"line":67,"column":37}},"34":{"start":{"line":70,"column":29},"end":{"line":74,"column":8}},"35":{"start":{"line":76,"column":27},"end":{"line":76,"column":52}},"36":{"start":{"line":79,"column":6},"end":{"line":84,"column":9}},"37":{"start":{"line":86,"column":6},"end":{"line":86,"column":75}},"38":{"start":{"line":87,"column":6},"end":{"line":87,"column":99}},"39":{"start":{"line":88,"column":6},"end":{"line":88,"column":20}},"40":{"start":{"line":90,"column":6},"end":{"line":90,"column":50}},"41":{"start":{"line":91,"column":6},"end":{"line":91,"column":76}},"42":{"start":{"line":96,"column":2},"end":{"line":96,"column":48}},"43":{"start":{"line":97,"column":2},"end":{"line":97,"column":82}},"44":{"start":{"line":23,"column":13},"end":{"line":23,"column":28}},"45":{"start":{"line":101,"column":25},"end":{"line":116,"column":1}},"46":{"start":{"line":102,"column":2},"end":{"line":115,"column":4}},"47":{"start":{"line":103,"column":4},"end":{"line":106,"column":5}},"48":{"start":{"line":104,"column":6},"end":{"line":104,"column":60}},"49":{"start":{"line":105,"column":6},"end":{"line":105,"column":78}},"50":{"start":{"line":107,"column":4},"end":{"line":107,"column":102}},"51":{"start":{"line":108,"column":4},"end":{"line":114,"column":5}},"52":{"start":{"line":109,"column":6},"end":{"line":109,"column":58}},"53":{"start":{"line":110,"column":6},"end":{"line":110,"column":13}},"54":{"start":{"line":112,"column":6},"end":{"line":112,"column":66}},"55":{"start":{"line":113,"column":6},"end":{"line":113,"column":77}},"56":{"start":{"line":101,"column":13},"end":{"line":101,"column":25}},"57":{"start":{"line":121,"column":23},"end":{"line":123,"column":1}},"58":{"start":{"line":122,"column":2},"end":{"line":122,"column":42}},"59":{"start":{"line":121,"column":13},"end":{"line":121,"column":23}},"60":{"start":{"line":126,"column":13},"end":{"line":132,"column":3}},"61":{"start":{"line":134,"column":13},"end":{"line":140,"column":3}},"62":{"start":{"line":142,"column":13},"end":{"line":146,"column":3}},"63":{"start":{"line":149,"column":29},"end":{"line":159,"column":1}},"64":{"start":{"line":150,"column":2},"end":{"line":157,"column":3}},"65":{"start":{"line":151,"column":4},"end":{"line":156,"column":5}},"66":{"start":{"line":152,"column":6},"end":{"line":154,"column":7}},"67":{"start":{"line":153,"column":8},"end":{"line":153,"column":56}},"68":{"start":{"line":158,"column":2},"end":{"line":158,"column":9}},"69":{"start":{"line":149,"column":13},"end":{"line":149,"column":29}},"70":{"start":{"line":162,"column":28},"end":{"line":179,"column":1}},"71":{"start":{"line":163,"column":2},"end":{"line":163,"column":52}},"72":{"start":{"line":166,"column":2},"end":{"line":168,"column":3}},"73":{"start":{"line":167,"column":5},"end":{"line":167,"column":99}},"74":{"start":{"line":171,"column":2},"end":{"line":173,"column":3}},"75":{"start":{"line":172,"column":4},"end":{"line":172,"column":77}},"76":{"start":{"line":176,"column":17},"end":{"line":176,"column":34}},"77":{"start":{"line":177,"column":18},"end":{"line":177,"column":56}},"78":{"start":{"line":178,"column":2},"end":{"line":178,"column":46}},"79":{"start":{"line":162,"column":13},"end":{"line":162,"column":28}}},"fnMap":{"0":{"name":"(anonymous_8)","decl":{"start":{"line":23,"column":28},"end":{"line":23,"column":35}},"loc":{"start":{"line":23,"column":86},"end":{"line":98,"column":2}}},"1":{"name":"(anonymous_9)","decl":{"start":{"line":23,"column":86},"end":{"line":23,"column":null}},"loc":{"start":{"line":23,"column":86},"end":{"line":98,"column":1}}},"2":{"name":"(anonymous_10)","decl":{"start":{"line":101,"column":25},"end":{"line":101,"column":26}},"loc":{"start":{"line":101,"column":52},"end":{"line":116,"column":1}}},"3":{"name":"(anonymous_11)","decl":{"start":{"line":102,"column":9},"end":{"line":102,"column":10}},"loc":{"start":{"line":102,"column":61},"end":{"line":115,"column":3}}},"4":{"name":"(anonymous_12)","decl":{"start":{"line":121,"column":23},"end":{"line":121,"column":24}},"loc":{"start":{"line":121,"column":73},"end":{"line":123,"column":1}}},"5":{"name":"(anonymous_13)","decl":{"start":{"line":149,"column":29},"end":{"line":149,"column":30}},"loc":{"start":{"line":149,"column":81},"end":{"line":159,"column":1}}},"6":{"name":"(anonymous_14)","decl":{"start":{"line":162,"column":28},"end":{"line":162,"column":29}},"loc":{"start":{"line":162,"column":91},"end":{"line":179,"column":1}}}},"branchMap":{"0":{"loc":{"start":{"line":30,"column":39},"end":{"line":30,"column":81}},"type":"cond-expr","locations":[{"start":{"line":30,"column":60},"end":{"line":30,"column":69}},{"start":{"line":30,"column":72},"end":{"line":30,"column":81}}]},"1":{"loc":{"start":{"line":31,"column":44},"end":{"line":31,"column":70}},"type":"cond-expr","locations":[{"start":{"line":31,"column":58},"end":{"line":31,"column":63}},{"start":{"line":31,"column":66},"end":{"line":31,"column":70}}]},"2":{"loc":{"start":{"line":32,"column":45},"end":{"line":32,"column":72}},"type":"cond-expr","locations":[{"start":{"line":32,"column":60},"end":{"line":32,"column":65}},{"start":{"line":32,"column":68},"end":{"line":32,"column":72}}]},"3":{"loc":{"start":{"line":35,"column":2},"end":{"line":43,"column":3}},"type":"if","locations":[{"start":{"line":35,"column":2},"end":{"line":43,"column":3}}]},"4":{"loc":{"start":{"line":37,"column":4},"end":{"line":41,"column":5}},"type":"if","locations":[{"start":{"line":37,"column":4},"end":{"line":41,"column":5}}]},"5":{"loc":{"start":{"line":46,"column":2},"end":{"line":93,"column":3}},"type":"if","locations":[{"start":{"line":46,"column":2},"end":{"line":93,"column":3}}]},"6":{"loc":{"start":{"line":51,"column":6},"end":{"line":54,"column":7}},"type":"if","locations":[{"start":{"line":51,"column":6},"end":{"line":54,"column":7}}]},"7":{"loc":{"start":{"line":62,"column":6},"end":{"line":65,"column":7}},"type":"if","locations":[{"start":{"line":62,"column":6},"end":{"line":65,"column":7}}]},"8":{"loc":{"start":{"line":82,"column":18},"end":{"line":82,"column":47}},"type":"cond-expr","locations":[{"start":{"line":82,"column":33},"end":{"line":82,"column":39}},{"start":{"line":82,"column":42},"end":{"line":82,"column":47}}]},"9":{"loc":{"start":{"line":103,"column":4},"end":{"line":106,"column":5}},"type":"if","locations":[{"start":{"line":103,"column":4},"end":{"line":106,"column":5}}]},"10":{"loc":{"start":{"line":108,"column":4},"end":{"line":114,"column":5}},"type":"if","locations":[{"start":{"line":108,"column":4},"end":{"line":114,"column":5}},{"start":{"line":111,"column":11},"end":{"line":114,"column":5}}]},"11":{"loc":{"start":{"line":150,"column":2},"end":{"line":157,"column":3}},"type":"if","locations":[{"start":{"line":150,"column":2},"end":{"line":157,"column":3}}]},"12":{"loc":{"start":{"line":152,"column":6},"end":{"line":154,"column":7}},"type":"if","locations":[{"start":{"line":152,"column":6},"end":{"line":154,"column":7}}]},"13":{"loc":{"start":{"line":166,"column":2},"end":{"line":168,"column":3}},"type":"if","locations":[{"start":{"line":166,"column":2},"end":{"line":168,"column":3}}]},"14":{"loc":{"start":{"line":166,"column":6},"end":{"line":166,"column":43}},"type":"binary-expr","locations":[{"start":{"line":166,"column":6},"end":{"line":166,"column":29}},{"start":{"line":166,"column":33},"end":{"line":166,"column":43}}]},"15":{"loc":{"start":{"line":167,"column":71},"end":{"line":167,"column":95}},"type":"binary-expr","locations":[{"start":{"line":167,"column":71},"end":{"line":167,"column":81}},{"start":{"line":167,"column":85},"end":{"line":167,"column":95}}]},"16":{"loc":{"start":{"line":171,"column":2},"end":{"line":173,"column":3}},"type":"if","locations":[{"start":{"line":171,"column":2},"end":{"line":173,"column":3}}]},"17":{"loc":{"start":{"line":176,"column":17},"end":{"line":176,"column":34}},"type":"binary-expr","locations":[{"start":{"line":176,"column":17},"end":{"line":176,"column":27}},{"start":{"line":176,"column":31},"end":{"line":176,"column":34}}]},"18":{"loc":{"start":{"line":177,"column":18},"end":{"line":177,"column":56}},"type":"binary-expr","locations":[{"start":{"line":177,"column":18},"end":{"line":177,"column":29}},{"start":{"line":177,"column":33},"end":{"line":177,"column":56}}]}},"s":{"0":1,"1":1,"2":1,"3":1,"4":1,"5":1,"6":1,"7":2,"8":2,"9":2,"10":2,"11":2,"12":2,"13":2,"14":2,"15":2,"16":1,"17":1,"18":1,"19":1,"20":1,"21":0,"22":1,"23":0,"24":0,"25":0,"26":0,"27":0,"28":0,"29":0,"30":0,"31":0,"32":0,"33":0,"34":0,"35":0,"36":0,"37":0,"38":0,"39":0,"40":0,"41":0,"42":1,"43":1,"44":1,"45":1,"46":2,"47":2,"48":0,"49":0,"50":2,"51":2,"52":1,"53":1,"54":1,"55":1,"56":1,"57":1,"58":0,"59":1,"60":1,"61":1,"62":1,"63":1,"64":0,"65":0,"66":0,"67":0,"68":0,"69":1,"70":1,"71":0,"72":0,"73":0,"74":0,"75":0,"76":0,"77":0,"78":0,"79":1},"f":{"0":2,"1":2,"2":2,"3":2,"4":0,"5":0,"6":0},"b":{"0":[0,2],"1":[1,1],"2":[0,2],"3":[1],"4":[1],"5":[0],"6":[0],"7":[0],"8":[0,0],"9":[0],"10":[1,1],"11":[0],"12":[0],"13":[0],"14":[0,0],"15":[0,0],"16":[0],"17":[0,0],"18":[0,0]}}
,"C:\\Users\\elmaq\\OneDrive\\Documents\\apprentissage\\Projets\\SecByDesign\\Docker_SecByDesign\\backend\\src\\config\\database.ts": {"path":"C:\\Users\\elmaq\\OneDrive\\Documents\\apprentissage\\Projets\\SecByDesign\\Docker_SecByDesign\\backend\\src\\config\\database.ts","statementMap":{"0":{"start":{"line":1,"column":0},"end":{"line":1,"column":26}},"1":{"start":{"line":2,"column":0},"end":{"line":2,"column":34}},"2":{"start":{"line":5,"column":13},"end":{"line":5,"column":40}},"3":{"start":{"line":8,"column":0},"end":{"line":11,"column":3}},"4":{"start":{"line":9,"column":2},"end":{"line":9,"column":56}},"5":{"start":{"line":10,"column":2},"end":{"line":10,"column":19}}},"fnMap":{"0":{"name":"(anonymous_0)","decl":{"start":{"line":8,"column":17},"end":{"line":8,"column":18}},"loc":{"start":{"line":8,"column":25},"end":{"line":11,"column":1}}}},"branchMap":{},"s":{"0":4,"1":4,"2":4,"3":4,"4":0,"5":0},"f":{"0":0},"b":{}}
,"C:\\Users\\elmaq\\OneDrive\\Documents\\apprentissage\\Projets\\SecByDesign\\Docker_SecByDesign\\backend\\src\\config\\env.ts": {"path":"C:\\Users\\elmaq\\OneDrive\\Documents\\apprentissage\\Projets\\SecByDesign\\Docker_SecByDesign\\backend\\src\\config\\env.ts","statementMap":{"0":{"start":{"line":1,"column":0},"end":{"line":1,"column":28}},"1":{"start":{"line":2,"column":0},"end":{"line":2,"column":24}},"2":{"start":{"line":5,"column":16},"end":{"line":5,"column":70}},"3":{"start":{"line":6,"column":16},"end":{"line":6,"column":52}},"4":{"start":{"line":7,"column":0},"end":{"line":7,"column":33}},"5":{"start":{"line":9,"column":13},"end":{"line":9,"column":45}},"6":{"start":{"line":10,"column":13},"end":{"line":10,"column":62}},"7":{"start":{"line":11,"column":13},"end":{"line":11,"column":79}},"8":{"start":{"line":12,"column":13},"end":{"line":12,"column":103}},"9":{"start":{"line":13,"column":13},"end":{"line":15,"column":55}},"10":{"start":{"line":14,"column":49},"end":{"line":14,"column":57}},"11":{"start":{"line":17,"column":13},"end":{"line":23,"column":2}}},"fnMap":{"0":{"name":"(anonymous_1)","decl":{"start":{"line":14,"column":44},"end":{"line":14,"column":45}},"loc":{"start":{"line":14,"column":49},"end":{"line":14,"column":57}}}},"branchMap":{"0":{"loc":{"start":{"line":5,"column":16},"end":{"line":5,"column":70}},"type":"cond-expr","locations":[{"start":{"line":5,"column":50},"end":{"line":5,"column":61}},{"start":{"line":5,"column":64},"end":{"line":5,"column":70}}]},"1":{"loc":{"start":{"line":9,"column":20},"end":{"line":9,"column":44}},"type":"binary-expr","locations":[{"start":{"line":9,"column":20},"end":{"line":9,"column":36}},{"start":{"line":9,"column":40},"end":{"line":9,"column":44}}]},"2":{"loc":{"start":{"line":10,"column":24},"end":{"line":10,"column":61}},"type":"binary-expr","locations":[{"start":{"line":10,"column":24},"end":{"line":10,"column":44}},{"start":{"line":10,"column":48},"end":{"line":10,"column":61}}]},"3":{"loc":{"start":{"line":11,"column":26},"end":{"line":11,"column":78}},"type":"binary-expr","locations":[{"start":{"line":11,"column":26},"end":{"line":11,"column":48}},{"start":{"line":11,"column":52},"end":{"line":11,"column":78}}]},"4":{"loc":{"start":{"line":12,"column":36},"end":{"line":12,"column":102}},"type":"binary-expr","locations":[{"start":{"line":12,"column":36},"end":{"line":12,"column":68}},{"start":{"line":12,"column":72},"end":{"line":12,"column":102}}]},"5":{"loc":{"start":{"line":13,"column":28},"end":{"line":15,"column":54}},"type":"cond-expr","locations":[{"start":{"line":14,"column":4},"end":{"line":14,"column":58}},{"start":{"line":15,"column":4},"end":{"line":15,"column":54}}]},"6":{"loc":{"start":{"line":18,"column":8},"end":{"line":18,"column":41}},"type":"binary-expr","locations":[{"start":{"line":18,"column":8},"end":{"line":18,"column":27}},{"start":{"line":18,"column":31},"end":{"line":18,"column":41}}]},"7":{"loc":{"start":{"line":19,"column":17},"end":{"line":19,"column":46}},"type":"binary-expr","locations":[{"start":{"line":19,"column":17},"end":{"line":19,"column":36}},{"start":{"line":19,"column":40},"end":{"line":19,"column":46}}]},"8":{"loc":{"start":{"line":20,"column":8},"end":{"line":20,"column":37}},"type":"binary-expr","locations":[{"start":{"line":20,"column":8},"end":{"line":20,"column":27}},{"start":{"line":20,"column":31},"end":{"line":20,"column":37}}]},"9":{"loc":{"start":{"line":21,"column":12},"end":{"line":21,"column":60}},"type":"binary-expr","locations":[{"start":{"line":21,"column":12},"end":{"line":21,"column":35}},{"start":{"line":21,"column":39},"end":{"line":21,"column":60}}]},"10":{"loc":{"start":{"line":22,"column":12},"end":{"line":22,"column":50}},"type":"binary-expr","locations":[{"start":{"line":22,"column":12},"end":{"line":22,"column":31}},{"start":{"line":22,"column":35},"end":{"line":22,"column":50}}]}},"s":{"0":6,"1":6,"2":6,"3":6,"4":6,"5":6,"6":6,"7":6,"8":6,"9":6,"10":0,"11":6},"f":{"0":0},"b":{"0":[6,0],"1":[6,6],"2":[6,0],"3":[6,6],"4":[6,6],"5":[0,6],"6":[6,0],"7":[6,0],"8":[6,0],"9":[6,0],"10":[6,0]}}
,"C:\\Users\\elmaq\\OneDrive\\Documents\\apprentissage\\Projets\\SecByDesign\\Docker_SecByDesign\\backend\\src\\notes\\notes.controller.ts": {"path":"C:\\Users\\elmaq\\OneDrive\\Documents\\apprentissage\\Projets\\SecByDesign\\Docker_SecByDesign\\backend\\src\\notes\\notes.controller.ts","statementMap":{"0":{"start":{"line":2,"column":0},"end":{"line":2,"column":24}},"1":{"start":{"line":3,"column":0},"end":{"line":3,"column":42}},"2":{"start":{"line":4,"column":0},"end":{"line":4,"column":46}},"3":{"start":{"line":5,"column":0},"end":{"line":5,"column":68}},"4":{"start":{"line":7,"column":25},"end":{"line":110,"column":2}},"5":{"start":{"line":7,"column":63},"end":{"line":110,"column":2}},"6":{"start":{"line":8,"column":2},"end":{"line":109,"column":3}},"7":{"start":{"line":9,"column":4},"end":{"line":11,"column":5}},"8":{"start":{"line":10,"column":6},"end":{"line":10,"column":61}},"9":{"start":{"line":13,"column":28},"end":{"line":13,"column":30}},"10":{"start":{"line":14,"column":17},"end":{"line":14,"column":30}},"11":{"start":{"line":15,"column":19},"end":{"line":15,"column":30}},"12":{"start":{"line":17,"column":4},"end":{"line":82,"column":5}},"13":{"start":{"line":19,"column":6},"end":{"line":36,"column":8}},"14":{"start":{"line":37,"column":11},"end":{"line":82,"column":5}},"15":{"start":{"line":39,"column":6},"end":{"line":57,"column":8}},"16":{"start":{"line":58,"column":6},"end":{"line":58,"column":24}},"17":{"start":{"line":62,"column":6},"end":{"line":80,"column":8}},"18":{"start":{"line":81,"column":6},"end":{"line":81,"column":24}},"19":{"start":{"line":84,"column":19},"end":{"line":84,"column":50}},"20":{"start":{"line":87,"column":18},"end":{"line":103,"column":7}},"21":{"start":{"line":87,"column":47},"end":{"line":103,"column":6}},"22":{"start":{"line":105,"column":4},"end":{"line":105,"column":20}},"23":{"start":{"line":107,"column":4},"end":{"line":107,"column":47}},"24":{"start":{"line":108,"column":4},"end":{"line":108,"column":54}},"25":{"start":{"line":7,"column":13},"end":{"line":7,"column":25}},"26":{"start":{"line":112,"column":26},"end":{"line":194,"column":2}},"27":{"start":{"line":112,"column":64},"end":{"line":194,"column":2}},"28":{"start":{"line":113,"column":2},"end":{"line":193,"column":3}},"29":{"start":{"line":114,"column":4},"end":{"line":116,"column":5}},"30":{"start":{"line":115,"column":6},"end":{"line":115,"column":61}},"31":{"start":{"line":117,"column":69},"end":{"line":117,"column":101}},"32":{"start":{"line":118,"column":19},"end":{"line":118,"column":30}},"33":{"start":{"line":120,"column":19},"end":{"line":120,"column":39}},"34":{"start":{"line":121,"column":4},"end":{"line":188,"column":5}},"35":{"start":{"line":122,"column":6},"end":{"line":122,"column":34}},"36":{"start":{"line":124,"column":22},"end":{"line":126,"column":null}},"37":{"start":{"line":128,"column":19},"end":{"line":128,"column":34}},"38":{"start":{"line":130,"column":6},"end":{"line":132,"column":7}},"39":{"start":{"line":131,"column":8},"end":{"line":131,"column":111}},"40":{"start":{"line":134,"column":6},"end":{"line":136,"column":7}},"41":{"start":{"line":135,"column":8},"end":{"line":135,"column":121}},"42":{"start":{"line":138,"column":6},"end":{"line":150,"column":7}},"43":{"start":{"line":140,"column":23},"end":{"line":140,"column":91}},"44":{"start":{"line":141,"column":8},"end":{"line":145,"column":9}},"45":{"start":{"line":142,"column":29},"end":{"line":142,"column":93}},"46":{"start":{"line":142,"column":69},"end":{"line":142,"column":92}},"47":{"start":{"line":143,"column":28},"end":{"line":143,"column":79}},"48":{"start":{"line":143,"column":56},"end":{"line":143,"column":78}},"49":{"start":{"line":144,"column":12},"end":{"line":144,"column":128}},"50":{"start":{"line":147,"column":8},"end":{"line":149,"column":9}},"51":{"start":{"line":148,"column":10},"end":{"line":148,"column":106}},"52":{"start":{"line":152,"column":6},"end":{"line":167,"column":7}},"53":{"start":{"line":153,"column":8},"end":{"line":166,"column":9}},"54":{"start":{"line":155,"column":10},"end":{"line":160,"column":11}},"55":{"start":{"line":156,"column":30},"end":{"line":156,"column":118}},"56":{"start":{"line":157,"column":13},"end":{"line":159,"column":14}},"57":{"start":{"line":158,"column":16},"end":{"line":158,"column":127}},"58":{"start":{"line":162,"column":10},"end":{"line":165,"column":12}},"59":{"start":{"line":169,"column":6},"end":{"line":169,"column":35}},"60":{"start":{"line":172,"column":6},"end":{"line":180,"column":9}},"61":{"start":{"line":182,"column":6},"end":{"line":182,"column":78}},"62":{"start":{"line":184,"column":6},"end":{"line":184,"column":37}},"63":{"start":{"line":185,"column":6},"end":{"line":185,"column":14}},"64":{"start":{"line":187,"column":6},"end":{"line":187,"column":23}},"65":{"start":{"line":190,"column":4},"end":{"line":190,"column":86}},"66":{"start":{"line":190,"column":35},"end":{"line":190,"column":86}},"67":{"start":{"line":191,"column":4},"end":{"line":191,"column":47}},"68":{"start":{"line":192,"column":4},"end":{"line":192,"column":54}},"69":{"start":{"line":112,"column":13},"end":{"line":112,"column":26}},"70":{"start":{"line":196,"column":26},"end":{"line":232,"column":2}},"71":{"start":{"line":196,"column":64},"end":{"line":232,"column":2}},"72":{"start":{"line":197,"column":2},"end":{"line":231,"column":3}},"73":{"start":{"line":198,"column":4},"end":{"line":200,"column":5}},"74":{"start":{"line":199,"column":6},"end":{"line":199,"column":61}},"75":{"start":{"line":201,"column":15},"end":{"line":201,"column":38}},"76":{"start":{"line":202,"column":4},"end":{"line":202,"column":72}},"77":{"start":{"line":202,"column":19},"end":{"line":202,"column":72}},"78":{"start":{"line":204,"column":20},"end":{"line":204,"column":85}},"79":{"start":{"line":205,"column":4},"end":{"line":205,"column":87}},"80":{"start":{"line":205,"column":35},"end":{"line":205,"column":87}},"81":{"start":{"line":207,"column":17},"end":{"line":207,"column":32}},"82":{"start":{"line":208,"column":20},"end":{"line":208,"column":48}},"83":{"start":{"line":209,"column":20},"end":{"line":209,"column":45}},"84":{"start":{"line":211,"column":4},"end":{"line":213,"column":5}},"85":{"start":{"line":212,"column":6},"end":{"line":212,"column":58}},"86":{"start":{"line":215,"column":4},"end":{"line":215,"column":62}},"87":{"start":{"line":218,"column":4},"end":{"line":225,"column":7}},"88":{"start":{"line":227,"column":4},"end":{"line":227,"column":37}},"89":{"start":{"line":229,"column":4},"end":{"line":229,"column":47}},"90":{"start":{"line":230,"column":4},"end":{"line":230,"column":54}},"91":{"start":{"line":196,"column":13},"end":{"line":196,"column":26}},"92":{"start":{"line":233,"column":23},"end":{"line":293,"column":2}},"93":{"start":{"line":233,"column":61},"end":{"line":293,"column":2}},"94":{"start":{"line":234,"column":2},"end":{"line":236,"column":5}},"95":{"start":{"line":235,"column":6},"end":{"line":235,"column":61}},"96":{"start":{"line":237,"column":2},"end":{"line":292,"column":3}},"97":{"start":{"line":238,"column":15},"end":{"line":238,"column":38}},"98":{"start":{"line":239,"column":4},"end":{"line":239,"column":72}},"99":{"start":{"line":239,"column":19},"end":{"line":239,"column":72}},"100":{"start":{"line":241,"column":19},"end":{"line":252,"column":null}},"101":{"start":{"line":255,"column":4},"end":{"line":255,"column":86}},"102":{"start":{"line":255,"column":34},"end":{"line":255,"column":86}},"103":{"start":{"line":257,"column":17},"end":{"line":257,"column":30}},"104":{"start":{"line":258,"column":19},"end":{"line":258,"column":30}},"105":{"start":{"line":259,"column":14},"end":{"line":259,"column":28}},"106":{"start":{"line":262,"column":20},"end":{"line":262,"column":40}},"107":{"start":{"line":263,"column":26},"end":{"line":263,"column":67}},"108":{"start":{"line":264,"column":31},"end":{"line":264,"column":79}},"109":{"start":{"line":266,"column":4},"end":{"line":268,"column":5}},"110":{"start":{"line":267,"column":6},"end":{"line":267,"column":58}},"111":{"start":{"line":271,"column":17},"end":{"line":286,"column":6}},"112":{"start":{"line":288,"column":4},"end":{"line":288,"column":19}},"113":{"start":{"line":290,"column":4},"end":{"line":290,"column":46}},"114":{"start":{"line":291,"column":4},"end":{"line":291,"column":54}},"115":{"start":{"line":233,"column":13},"end":{"line":233,"column":23}},"116":{"start":{"line":294,"column":26},"end":{"line":373,"column":2}},"117":{"start":{"line":294,"column":64},"end":{"line":373,"column":2}},"118":{"start":{"line":295,"column":2},"end":{"line":297,"column":5}},"119":{"start":{"line":296,"column":6},"end":{"line":296,"column":61}},"120":{"start":{"line":298,"column":2},"end":{"line":372,"column":3}},"121":{"start":{"line":299,"column":15},"end":{"line":299,"column":38}},"122":{"start":{"line":300,"column":4},"end":{"line":300,"column":72}},"123":{"start":{"line":300,"column":19},"end":{"line":300,"column":72}},"124":{"start":{"line":303,"column":20},"end":{"line":303,"column":140}},"125":{"start":{"line":304,"column":4},"end":{"line":304,"column":87}},"126":{"start":{"line":304,"column":35},"end":{"line":304,"column":87}},"127":{"start":{"line":306,"column":17},"end":{"line":306,"column":32}},"128":{"start":{"line":307,"column":17},"end":{"line":307,"column":30}},"129":{"start":{"line":308,"column":19},"end":{"line":308,"column":30}},"130":{"start":{"line":310,"column":20},"end":{"line":310,"column":43}},"131":{"start":{"line":311,"column":20},"end":{"line":311,"column":36}},"132":{"start":{"line":312,"column":31},"end":{"line":312,"column":82}},"133":{"start":{"line":314,"column":4},"end":{"line":316,"column":5}},"134":{"start":{"line":315,"column":6},"end":{"line":315,"column":58}},"135":{"start":{"line":318,"column":54},"end":{"line":318,"column":86}},"136":{"start":{"line":320,"column":19},"end":{"line":320,"column":39}},"137":{"start":{"line":321,"column":4},"end":{"line":367,"column":5}},"138":{"start":{"line":322,"column":6},"end":{"line":322,"column":34}},"139":{"start":{"line":324,"column":32},"end":{"line":324,"column":34}},"140":{"start":{"line":325,"column":32},"end":{"line":325,"column":34}},"141":{"start":{"line":326,"column":23},"end":{"line":326,"column":24}},"142":{"start":{"line":328,"column":6},"end":{"line":331,"column":7}},"143":{"start":{"line":329,"column":8},"end":{"line":329,"column":49}},"144":{"start":{"line":330,"column":8},"end":{"line":330,"column":27}},"145":{"start":{"line":332,"column":6},"end":{"line":335,"column":7}},"146":{"start":{"line":333,"column":8},"end":{"line":333,"column":51}},"147":{"start":{"line":334,"column":8},"end":{"line":334,"column":29}},"148":{"start":{"line":337,"column":6},"end":{"line":344,"column":7}},"149":{"start":{"line":338,"column":8},"end":{"line":338,"column":43}},"150":{"start":{"line":340,"column":22},"end":{"line":340,"column":88}},"151":{"start":{"line":341,"column":8},"end":{"line":341,"column":24}},"152":{"start":{"line":343,"column":8},"end":{"line":343,"column":42}},"153":{"start":{"line":346,"column":6},"end":{"line":351,"column":7}},"154":{"start":{"line":347,"column":8},"end":{"line":347,"column":79}},"155":{"start":{"line":348,"column":8},"end":{"line":350,"column":9}},"156":{"start":{"line":349,"column":11},"end":{"line":349,"column":109}},"157":{"start":{"line":353,"column":6},"end":{"line":358,"column":7}},"158":{"start":{"line":354,"column":8},"end":{"line":354,"column":83}},"159":{"start":{"line":355,"column":8},"end":{"line":357,"column":9}},"160":{"start":{"line":356,"column":11},"end":{"line":356,"column":119}},"161":{"start":{"line":360,"column":6},"end":{"line":360,"column":35}},"162":{"start":{"line":361,"column":6},"end":{"line":361,"column":43}},"163":{"start":{"line":363,"column":6},"end":{"line":363,"column":37}},"164":{"start":{"line":364,"column":6},"end":{"line":364,"column":14}},"165":{"start":{"line":366,"column":6},"end":{"line":366,"column":23}},"166":{"start":{"line":369,"column":4},"end":{"line":369,"column":86}},"167":{"start":{"line":369,"column":35},"end":{"line":369,"column":86}},"168":{"start":{"line":370,"column":4},"end":{"line":370,"column":47}},"169":{"start":{"line":371,"column":4},"end":{"line":371,"column":54}},"170":{"start":{"line":294,"column":13},"end":{"line":294,"column":26}},"171":{"start":{"line":373,"column":33},"end":{"line":391,"column":2}},"172":{"start":{"line":373,"column":71},"end":{"line":391,"column":2}},"173":{"start":{"line":374,"column":2},"end":{"line":376,"column":3}},"174":{"start":{"line":375,"column":4},"end":{"line":375,"column":59}},"175":{"start":{"line":377,"column":2},"end":{"line":390,"column":3}},"176":{"start":{"line":378,"column":19},"end":{"line":378,"column":42}},"177":{"start":{"line":379,"column":4},"end":{"line":379,"column":81}},"178":{"start":{"line":379,"column":23},"end":{"line":379,"column":81}},"179":{"start":{"line":381,"column":19},"end":{"line":383,"column":null}},"180":{"start":{"line":386,"column":4},"end":{"line":386,"column":89}},"181":{"start":{"line":388,"column":4},"end":{"line":388,"column":51}},"182":{"start":{"line":389,"column":4},"end":{"line":389,"column":54}},"183":{"start":{"line":373,"column":15},"end":{"line":373,"column":33}},"184":{"start":{"line":392,"column":27},"end":{"line":434,"column":2}},"185":{"start":{"line":392,"column":65},"end":{"line":434,"column":2}},"186":{"start":{"line":393,"column":2},"end":{"line":395,"column":3}},"187":{"start":{"line":394,"column":4},"end":{"line":394,"column":59}},"188":{"start":{"line":396,"column":2},"end":{"line":433,"column":3}},"189":{"start":{"line":397,"column":19},"end":{"line":397,"column":42}},"190":{"start":{"line":398,"column":4},"end":{"line":398,"column":81}},"191":{"start":{"line":398,"column":23},"end":{"line":398,"column":81}},"192":{"start":{"line":400,"column":30},"end":{"line":400,"column":38}},"193":{"start":{"line":401,"column":4},"end":{"line":401,"column":113}},"194":{"start":{"line":401,"column":49},"end":{"line":401,"column":113}},"195":{"start":{"line":404,"column":24},"end":{"line":406,"column":null}},"196":{"start":{"line":409,"column":4},"end":{"line":419,"column":5}},"197":{"start":{"line":410,"column":23},"end":{"line":410,"column":42}},"198":{"start":{"line":411,"column":6},"end":{"line":418,"column":7}},"199":{"start":{"line":413,"column":8},"end":{"line":416,"column":10}},"200":{"start":{"line":417,"column":8},"end":{"line":417,"column":72}},"201":{"start":{"line":422,"column":4},"end":{"line":427,"column":6}},"202":{"start":{"line":429,"column":4},"end":{"line":429,"column":44}},"203":{"start":{"line":431,"column":4},"end":{"line":431,"column":49}},"204":{"start":{"line":432,"column":4},"end":{"line":432,"column":54}},"205":{"start":{"line":392,"column":13},"end":{"line":392,"column":27}},"206":{"start":{"line":438,"column":27},"end":{"line":443,"column":2}},"207":{"start":{"line":438,"column":65},"end":{"line":443,"column":2}},"208":{"start":{"line":439,"column":2},"end":{"line":441,"column":3}},"209":{"start":{"line":440,"column":4},"end":{"line":440,"column":59}},"210":{"start":{"line":442,"column":2},"end":{"line":442,"column":53}},"211":{"start":{"line":438,"column":13},"end":{"line":438,"column":27}},"212":{"start":{"line":445,"column":26},"end":{"line":450,"column":2}},"213":{"start":{"line":445,"column":64},"end":{"line":450,"column":2}},"214":{"start":{"line":446,"column":2},"end":{"line":448,"column":3}},"215":{"start":{"line":447,"column":4},"end":{"line":447,"column":59}},"216":{"start":{"line":449,"column":2},"end":{"line":449,"column":53}},"217":{"start":{"line":445,"column":13},"end":{"line":445,"column":26}}},"fnMap":{"0":{"name":"(anonymous_7)","decl":{"start":{"line":7,"column":25},"end":{"line":7,"column":32}},"loc":{"start":{"line":7,"column":63},"end":{"line":110,"column":2}}},"1":{"name":"(anonymous_8)","decl":{"start":{"line":7,"column":63},"end":{"line":7,"column":null}},"loc":{"start":{"line":7,"column":63},"end":{"line":110,"column":1}}},"2":{"name":"(anonymous_9)","decl":{"start":{"line":87,"column":34},"end":{"line":87,"column":35}},"loc":{"start":{"line":87,"column":47},"end":{"line":103,"column":6}}},"3":{"name":"(anonymous_10)","decl":{"start":{"line":112,"column":26},"end":{"line":112,"column":33}},"loc":{"start":{"line":112,"column":64},"end":{"line":194,"column":2}}},"4":{"name":"(anonymous_11)","decl":{"start":{"line":112,"column":64},"end":{"line":112,"column":null}},"loc":{"start":{"line":112,"column":64},"end":{"line":194,"column":1}}},"5":{"name":"(anonymous_12)","decl":{"start":{"line":142,"column":45},"end":{"line":142,"column":46}},"loc":{"start":{"line":142,"column":69},"end":{"line":142,"column":92}}},"6":{"name":"(anonymous_13)","decl":{"start":{"line":143,"column":40},"end":{"line":143,"column":41}},"loc":{"start":{"line":143,"column":56},"end":{"line":143,"column":78}}},"7":{"name":"(anonymous_14)","decl":{"start":{"line":196,"column":26},"end":{"line":196,"column":33}},"loc":{"start":{"line":196,"column":64},"end":{"line":232,"column":2}}},"8":{"name":"(anonymous_15)","decl":{"start":{"line":196,"column":64},"end":{"line":196,"column":null}},"loc":{"start":{"line":196,"column":64},"end":{"line":232,"column":1}}},"9":{"name":"(anonymous_16)","decl":{"start":{"line":233,"column":23},"end":{"line":233,"column":30}},"loc":{"start":{"line":233,"column":61},"end":{"line":293,"column":2}}},"10":{"name":"(anonymous_17)","decl":{"start":{"line":233,"column":61},"end":{"line":233,"column":null}},"loc":{"start":{"line":233,"column":61},"end":{"line":293,"column":1}}},"11":{"name":"(anonymous_18)","decl":{"start":{"line":294,"column":26},"end":{"line":294,"column":33}},"loc":{"start":{"line":294,"column":64},"end":{"line":373,"column":2}}},"12":{"name":"(anonymous_19)","decl":{"start":{"line":294,"column":64},"end":{"line":294,"column":null}},"loc":{"start":{"line":294,"column":64},"end":{"line":373,"column":1}}},"13":{"name":"(anonymous_20)","decl":{"start":{"line":373,"column":33},"end":{"line":373,"column":40}},"loc":{"start":{"line":373,"column":71},"end":{"line":391,"column":2}}},"14":{"name":"(anonymous_21)","decl":{"start":{"line":373,"column":71},"end":{"line":373,"column":null}},"loc":{"start":{"line":373,"column":71},"end":{"line":391,"column":1}}},"15":{"name":"(anonymous_22)","decl":{"start":{"line":392,"column":27},"end":{"line":392,"column":34}},"loc":{"start":{"line":392,"column":65},"end":{"line":434,"column":2}}},"16":{"name":"(anonymous_23)","decl":{"start":{"line":392,"column":65},"end":{"line":392,"column":null}},"loc":{"start":{"line":392,"column":65},"end":{"line":434,"column":1}}},"17":{"name":"(anonymous_24)","decl":{"start":{"line":438,"column":27},"end":{"line":438,"column":34}},"loc":{"start":{"line":438,"column":65},"end":{"line":443,"column":2}}},"18":{"name":"(anonymous_25)","decl":{"start":{"line":438,"column":65},"end":{"line":438,"column":null}},"loc":{"start":{"line":438,"column":65},"end":{"line":443,"column":1}}},"19":{"name":"(anonymous_26)","decl":{"start":{"line":445,"column":26},"end":{"line":445,"column":33}},"loc":{"start":{"line":445,"column":64},"end":{"line":450,"column":2}}},"20":{"name":"(anonymous_27)","decl":{"start":{"line":445,"column":64},"end":{"line":445,"column":null}},"loc":{"start":{"line":445,"column":64},"end":{"line":450,"column":1}}}},"branchMap":{"0":{"loc":{"start":{"line":9,"column":4},"end":{"line":11,"column":5}},"type":"if","locations":[{"start":{"line":9,"column":4},"end":{"line":11,"column":5}}]},"1":{"loc":{"start":{"line":17,"column":4},"end":{"line":82,"column":5}},"type":"if","locations":[{"start":{"line":17,"column":4},"end":{"line":82,"column":5}},{"start":{"line":37,"column":11},"end":{"line":82,"column":5}}]},"2":{"loc":{"start":{"line":17,"column":8},"end":{"line":17,"column":49}},"type":"binary-expr","locations":[{"start":{"line":17,"column":8},"end":{"line":17,"column":24}},{"start":{"line":17,"column":28},"end":{"line":17,"column":49}}]},"3":{"loc":{"start":{"line":37,"column":11},"end":{"line":82,"column":5}},"type":"if","locations":[{"start":{"line":37,"column":11},"end":{"line":82,"column":5}},{"start":{"line":59,"column":11},"end":{"line":82,"column":5}}]},"4":{"loc":{"start":{"line":93,"column":13},"end":{"line":93,"column":93}},"type":"cond-expr","locations":[{"start":{"line":93,"column":26},"end":{"line":93,"column":86}},{"start":{"line":93,"column":89},"end":{"line":93,"column":93}}]},"5":{"loc":{"start":{"line":94,"column":16},"end":{"line":94,"column":83}},"type":"cond-expr","locations":[{"start":{"line":94,"column":32},"end":{"line":94,"column":76}},{"start":{"line":94,"column":79},"end":{"line":94,"column":83}}]},"6":{"loc":{"start":{"line":95,"column":12},"end":{"line":95,"column":24}},"type":"binary-expr","locations":[{"start":{"line":95,"column":12},"end":{"line":95,"column":18}},{"start":{"line":95,"column":22},"end":{"line":95,"column":24}}]},"7":{"loc":{"start":{"line":98,"column":20},"end":{"line":98,"column":39}},"type":"binary-expr","locations":[{"start":{"line":98,"column":20},"end":{"line":98,"column":34}},{"start":{"line":98,"column":38},"end":{"line":98,"column":39}}]},"8":{"loc":{"start":{"line":99,"column":22},"end":{"line":99,"column":43}},"type":"binary-expr","locations":[{"start":{"line":99,"column":22},"end":{"line":99,"column":38}},{"start":{"line":99,"column":42},"end":{"line":99,"column":43}}]},"9":{"loc":{"start":{"line":100,"column":18},"end":{"line":100,"column":35}},"type":"binary-expr","locations":[{"start":{"line":100,"column":18},"end":{"line":100,"column":30}},{"start":{"line":100,"column":34},"end":{"line":100,"column":35}}]},"10":{"loc":{"start":{"line":101,"column":14},"end":{"line":101,"column":31}},"type":"binary-expr","locations":[{"start":{"line":101,"column":14},"end":{"line":101,"column":22}},{"start":{"line":101,"column":26},"end":{"line":101,"column":31}}]},"11":{"loc":{"start":{"line":102,"column":14},"end":{"line":102,"column":31}},"type":"binary-expr","locations":[{"start":{"line":102,"column":14},"end":{"line":102,"column":22}},{"start":{"line":102,"column":26},"end":{"line":102,"column":31}}]},"12":{"loc":{"start":{"line":114,"column":4},"end":{"line":116,"column":5}},"type":"if","locations":[{"start":{"line":114,"column":4},"end":{"line":116,"column":5}}]},"13":{"loc":{"start":{"line":130,"column":6},"end":{"line":132,"column":7}},"type":"if","locations":[{"start":{"line":130,"column":6},"end":{"line":132,"column":7}}]},"14":{"loc":{"start":{"line":134,"column":6},"end":{"line":136,"column":7}},"type":"if","locations":[{"start":{"line":134,"column":6},"end":{"line":136,"column":7}}]},"15":{"loc":{"start":{"line":138,"column":6},"end":{"line":150,"column":7}},"type":"if","locations":[{"start":{"line":138,"column":6},"end":{"line":150,"column":7}}]},"16":{"loc":{"start":{"line":138,"column":10},"end":{"line":138,"column":33}},"type":"binary-expr","locations":[{"start":{"line":138,"column":10},"end":{"line":138,"column":14}},{"start":{"line":138,"column":18},"end":{"line":138,"column":33}}]},"17":{"loc":{"start":{"line":141,"column":8},"end":{"line":145,"column":9}},"type":"if","locations":[{"start":{"line":141,"column":8},"end":{"line":145,"column":9}}]},"18":{"loc":{"start":{"line":152,"column":6},"end":{"line":167,"column":7}},"type":"if","locations":[{"start":{"line":152,"column":6},"end":{"line":167,"column":7}}]},"19":{"loc":{"start":{"line":152,"column":10},"end":{"line":152,"column":39}},"type":"binary-expr","locations":[{"start":{"line":152,"column":10},"end":{"line":152,"column":17}},{"start":{"line":152,"column":21},"end":{"line":152,"column":39}}]},"20":{"loc":{"start":{"line":155,"column":10},"end":{"line":160,"column":11}},"type":"if","locations":[{"start":{"line":155,"column":10},"end":{"line":160,"column":11}}]},"21":{"loc":{"start":{"line":155,"column":14},"end":{"line":155,"column":54}},"type":"binary-expr","locations":[{"start":{"line":155,"column":14},"end":{"line":155,"column":38}},{"start":{"line":155,"column":42},"end":{"line":155,"column":54}}]},"22":{"loc":{"start":{"line":157,"column":13},"end":{"line":159,"column":14}},"type":"if","locations":[{"start":{"line":157,"column":13},"end":{"line":159,"column":14}}]},"23":{"loc":{"start":{"line":164,"column":36},"end":{"line":164,"column":56}},"type":"binary-expr","locations":[{"start":{"line":164,"column":36},"end":{"line":164,"column":48}},{"start":{"line":164,"column":52},"end":{"line":164,"column":56}}]},"24":{"loc":{"start":{"line":190,"column":4},"end":{"line":190,"column":86}},"type":"if","locations":[{"start":{"line":190,"column":4},"end":{"line":190,"column":86}}]},"25":{"loc":{"start":{"line":198,"column":4},"end":{"line":200,"column":5}},"type":"if","locations":[{"start":{"line":198,"column":4},"end":{"line":200,"column":5}}]},"26":{"loc":{"start":{"line":202,"column":4},"end":{"line":202,"column":72}},"type":"if","locations":[{"start":{"line":202,"column":4},"end":{"line":202,"column":72}}]},"27":{"loc":{"start":{"line":205,"column":4},"end":{"line":205,"column":87}},"type":"if","locations":[{"start":{"line":205,"column":4},"end":{"line":205,"column":87}}]},"28":{"loc":{"start":{"line":211,"column":4},"end":{"line":213,"column":5}},"type":"if","locations":[{"start":{"line":211,"column":4},"end":{"line":213,"column":5}}]},"29":{"loc":{"start":{"line":211,"column":8},"end":{"line":211,"column":28}},"type":"binary-expr","locations":[{"start":{"line":211,"column":8},"end":{"line":211,"column":16}},{"start":{"line":211,"column":20},"end":{"line":211,"column":28}}]},"30":{"loc":{"start":{"line":234,"column":2},"end":{"line":236,"column":5}},"type":"if","locations":[{"start":{"line":234,"column":2},"end":{"line":236,"column":5}}]},"31":{"loc":{"start":{"line":239,"column":4},"end":{"line":239,"column":72}},"type":"if","locations":[{"start":{"line":239,"column":4},"end":{"line":239,"column":72}}]},"32":{"loc":{"start":{"line":255,"column":4},"end":{"line":255,"column":86}},"type":"if","locations":[{"start":{"line":255,"column":4},"end":{"line":255,"column":86}}]},"33":{"loc":{"start":{"line":263,"column":26},"end":{"line":263,"column":67}},"type":"binary-expr","locations":[{"start":{"line":263,"column":26},"end":{"line":263,"column":42}},{"start":{"line":263,"column":46},"end":{"line":263,"column":67}}]},"34":{"loc":{"start":{"line":264,"column":31},"end":{"line":264,"column":79}},"type":"binary-expr","locations":[{"start":{"line":264,"column":31},"end":{"line":264,"column":49}},{"start":{"line":264,"column":53},"end":{"line":264,"column":79}}]},"35":{"loc":{"start":{"line":266,"column":4},"end":{"line":268,"column":5}},"type":"if","locations":[{"start":{"line":266,"column":4},"end":{"line":268,"column":5}}]},"36":{"loc":{"start":{"line":266,"column":8},"end":{"line":266,"column":57}},"type":"binary-expr","locations":[{"start":{"line":266,"column":8},"end":{"line":266,"column":16}},{"start":{"line":266,"column":20},"end":{"line":266,"column":34}},{"start":{"line":266,"column":38},"end":{"line":266,"column":57}}]},"37":{"loc":{"start":{"line":277,"column":13},"end":{"line":277,"column":93}},"type":"cond-expr","locations":[{"start":{"line":277,"column":26},"end":{"line":277,"column":86}},{"start":{"line":277,"column":89},"end":{"line":277,"column":93}}]},"38":{"loc":{"start":{"line":278,"column":16},"end":{"line":278,"column":83}},"type":"cond-expr","locations":[{"start":{"line":278,"column":32},"end":{"line":278,"column":76}},{"start":{"line":278,"column":79},"end":{"line":278,"column":83}}]},"39":{"loc":{"start":{"line":281,"column":20},"end":{"line":281,"column":39}},"type":"binary-expr","locations":[{"start":{"line":281,"column":20},"end":{"line":281,"column":34}},{"start":{"line":281,"column":38},"end":{"line":281,"column":39}}]},"40":{"loc":{"start":{"line":282,"column":22},"end":{"line":282,"column":43}},"type":"binary-expr","locations":[{"start":{"line":282,"column":22},"end":{"line":282,"column":38}},{"start":{"line":282,"column":42},"end":{"line":282,"column":43}}]},"41":{"loc":{"start":{"line":283,"column":18},"end":{"line":283,"column":35}},"type":"binary-expr","locations":[{"start":{"line":283,"column":18},"end":{"line":283,"column":30}},{"start":{"line":283,"column":34},"end":{"line":283,"column":35}}]},"42":{"loc":{"start":{"line":284,"column":14},"end":{"line":284,"column":31}},"type":"binary-expr","locations":[{"start":{"line":284,"column":14},"end":{"line":284,"column":22}},{"start":{"line":284,"column":26},"end":{"line":284,"column":31}}]},"43":{"loc":{"start":{"line":285,"column":14},"end":{"line":285,"column":31}},"type":"binary-expr","locations":[{"start":{"line":285,"column":14},"end":{"line":285,"column":22}},{"start":{"line":285,"column":26},"end":{"line":285,"column":31}}]},"44":{"loc":{"start":{"line":295,"column":2},"end":{"line":297,"column":5}},"type":"if","locations":[{"start":{"line":295,"column":2},"end":{"line":297,"column":5}}]},"45":{"loc":{"start":{"line":300,"column":4},"end":{"line":300,"column":72}},"type":"if","locations":[{"start":{"line":300,"column":4},"end":{"line":300,"column":72}}]},"46":{"loc":{"start":{"line":304,"column":4},"end":{"line":304,"column":87}},"type":"if","locations":[{"start":{"line":304,"column":4},"end":{"line":304,"column":87}}]},"47":{"loc":{"start":{"line":312,"column":31},"end":{"line":312,"column":82}},"type":"binary-expr","locations":[{"start":{"line":312,"column":31},"end":{"line":312,"column":49}},{"start":{"line":312,"column":53},"end":{"line":312,"column":82}}]},"48":{"loc":{"start":{"line":314,"column":4},"end":{"line":316,"column":5}},"type":"if","locations":[{"start":{"line":314,"column":4},"end":{"line":316,"column":5}}]},"49":{"loc":{"start":{"line":314,"column":8},"end":{"line":314,"column":51}},"type":"binary-expr","locations":[{"start":{"line":314,"column":8},"end":{"line":314,"column":16}},{"start":{"line":314,"column":20},"end":{"line":314,"column":28}},{"start":{"line":314,"column":32},"end":{"line":314,"column":51}}]},"50":{"loc":{"start":{"line":328,"column":6},"end":{"line":331,"column":7}},"type":"if","locations":[{"start":{"line":328,"column":6},"end":{"line":331,"column":7}}]},"51":{"loc":{"start":{"line":332,"column":6},"end":{"line":335,"column":7}},"type":"if","locations":[{"start":{"line":332,"column":6},"end":{"line":335,"column":7}}]},"52":{"loc":{"start":{"line":337,"column":6},"end":{"line":344,"column":7}},"type":"if","locations":[{"start":{"line":337,"column":6},"end":{"line":344,"column":7}}]},"53":{"loc":{"start":{"line":346,"column":6},"end":{"line":351,"column":7}},"type":"if","locations":[{"start":{"line":346,"column":6},"end":{"line":351,"column":7}}]},"54":{"loc":{"start":{"line":348,"column":8},"end":{"line":350,"column":9}},"type":"if","locations":[{"start":{"line":348,"column":8},"end":{"line":350,"column":9}}]},"55":{"loc":{"start":{"line":353,"column":6},"end":{"line":358,"column":7}},"type":"if","locations":[{"start":{"line":353,"column":6},"end":{"line":358,"column":7}}]},"56":{"loc":{"start":{"line":355,"column":8},"end":{"line":357,"column":9}},"type":"if","locations":[{"start":{"line":355,"column":8},"end":{"line":357,"column":9}}]},"57":{"loc":{"start":{"line":369,"column":4},"end":{"line":369,"column":86}},"type":"if","locations":[{"start":{"line":369,"column":4},"end":{"line":369,"column":86}}]},"58":{"loc":{"start":{"line":374,"column":2},"end":{"line":376,"column":3}},"type":"if","locations":[{"start":{"line":374,"column":2},"end":{"line":376,"column":3}}]},"59":{"loc":{"start":{"line":379,"column":4},"end":{"line":379,"column":81}},"type":"if","locations":[{"start":{"line":379,"column":4},"end":{"line":379,"column":81}}]},"60":{"loc":{"start":{"line":386,"column":25},"end":{"line":386,"column":85}},"type":"cond-expr","locations":[{"start":{"line":386,"column":50},"end":{"line":386,"column":78}},{"start":{"line":386,"column":81},"end":{"line":386,"column":85}}]},"61":{"loc":{"start":{"line":393,"column":2},"end":{"line":395,"column":3}},"type":"if","locations":[{"start":{"line":393,"column":2},"end":{"line":395,"column":3}}]},"62":{"loc":{"start":{"line":398,"column":4},"end":{"line":398,"column":81}},"type":"if","locations":[{"start":{"line":398,"column":4},"end":{"line":398,"column":81}}]},"63":{"loc":{"start":{"line":401,"column":4},"end":{"line":401,"column":113}},"type":"if","locations":[{"start":{"line":401,"column":4},"end":{"line":401,"column":113}}]},"64":{"loc":{"start":{"line":409,"column":4},"end":{"line":419,"column":5}},"type":"if","locations":[{"start":{"line":409,"column":4},"end":{"line":419,"column":5}}]},"65":{"loc":{"start":{"line":411,"column":6},"end":{"line":418,"column":7}},"type":"if","locations":[{"start":{"line":411,"column":6},"end":{"line":418,"column":7}}]},"66":{"loc":{"start":{"line":439,"column":2},"end":{"line":441,"column":3}},"type":"if","locations":[{"start":{"line":439,"column":2},"end":{"line":441,"column":3}}]},"67":{"loc":{"start":{"line":446,"column":2},"end":{"line":448,"column":3}},"type":"if","locations":[{"start":{"line":446,"column":2},"end":{"line":448,"column":3}}]}},"s":{"0":1,"1":1,"2":1,"3":1,"4":1,"5":4,"6":4,"7":4,"8":0,"9":4,"10":4,"11":4,"12":4,"13":4,"14":0,"15":0,"16":0,"17":0,"18":0,"19":4,"20":3,"21":1,"22":3,"23":1,"24":1,"25":1,"26":1,"27":5,"28":5,"29":5,"30":0,"31":5,"32":4,"33":4,"34":4,"35":4,"36":4,"37":3,"38":3,"39":1,"40":3,"41":1,"42":3,"43":0,"44":0,"45":0,"46":0,"47":0,"48":0,"49":0,"50":0,"51":0,"52":3,"53":0,"54":0,"55":0,"56":0,"57":0,"58":0,"59":3,"60":3,"61":3,"62":1,"63":1,"64":4,"65":2,"66":1,"67":1,"68":1,"69":1,"70":1,"71":5,"72":5,"73":5,"74":0,"75":5,"76":5,"77":1,"78":4,"79":3,"80":1,"81":2,"82":2,"83":2,"84":2,"85":1,"86":1,"87":1,"88":1,"89":1,"90":1,"91":1,"92":1,"93":6,"94":6,"95":0,"96":6,"97":6,"98":6,"99":1,"100":5,"101":4,"102":1,"103":3,"104":3,"105":3,"106":3,"107":3,"108":3,"109":3,"110":1,"111":2,"112":2,"113":1,"114":1,"115":1,"116":1,"117":4,"118":4,"119":0,"120":4,"121":4,"122":4,"123":1,"124":3,"125":3,"126":1,"127":2,"128":2,"129":2,"130":2,"131":2,"132":2,"133":2,"134":1,"135":1,"136":1,"137":1,"138":1,"139":1,"140":1,"141":1,"142":1,"143":1,"144":1,"145":1,"146":1,"147":1,"148":1,"149":1,"150":1,"151":1,"152":1,"153":1,"154":0,"155":0,"156":0,"157":1,"158":0,"159":0,"160":0,"161":1,"162":1,"163":0,"164":0,"165":1,"166":0,"167":0,"168":0,"169":0,"170":1,"171":1,"172":3,"173":3,"174":0,"175":3,"176":3,"177":3,"178":1,"179":2,"180":2,"181":0,"182":0,"183":1,"184":1,"185":5,"186":5,"187":0,"188":5,"189":5,"190":5,"191":1,"192":4,"193":4,"194":1,"195":3,"196":2,"197":1,"198":1,"199":1,"200":1,"201":1,"202":1,"203":1,"204":1,"205":1,"206":1,"207":1,"208":1,"209":0,"210":1,"211":1,"212":1,"213":1,"214":1,"215":0,"216":1,"217":1},"f":{"0":4,"1":4,"2":1,"3":5,"4":5,"5":0,"6":0,"7":5,"8":5,"9":6,"10":6,"11":4,"12":4,"13":3,"14":3,"15":5,"16":5,"17":1,"18":1,"19":1,"20":1},"b":{"0":[0],"1":[4,0],"2":[4,0],"3":[0,0],"4":[0,1],"5":[0,1],"6":[1,1],"7":[1,1],"8":[1,1],"9":[1,1],"10":[1,1],"11":[1,1],"12":[0],"13":[1],"14":[1],"15":[0],"16":[3,0],"17":[0],"18":[0],"19":[3,0],"20":[0],"21":[0,0],"22":[0],"23":[0,0],"24":[1],"25":[0],"26":[1],"27":[1],"28":[1],"29":[2,1],"30":[0],"31":[1],"32":[1],"33":[3,1],"34":[3,0],"35":[1],"36":[3,2,1],"37":[0,2],"38":[0,2],"39":[2,1],"40":[2,1],"41":[2,1],"42":[2,2],"43":[2,2],"44":[0],"45":[1],"46":[1],"47":[2,0],"48":[1],"49":[2,1,1],"50":[1],"51":[1],"52":[1],"53":[0],"54":[0],"55":[0],"56":[0],"57":[0],"58":[0],"59":[1],"60":[1,1],"61":[0],"62":[1],"63":[1],"64":[1],"65":[1],"66":[0],"67":[0]}}
,"C:\\Users\\elmaq\\OneDrive\\Documents\\apprentissage\\Projets\\SecByDesign\\Docker_SecByDesign\\backend\\src\\notes\\notes.routes.ts": {"path":"C:\\Users\\elmaq\\OneDrive\\Documents\\apprentissage\\Projets\\SecByDesign\\Docker_SecByDesign\\backend\\src\\notes\\notes.routes.ts","statementMap":{"0":{"start":{"line":1,"column":0},"end":{"line":1,"column":33}},"1":{"start":{"line":2,"column":0},"end":{"line":2,"column":54}},"2":{"start":{"line":3,"column":0},"end":{"line":3,"column":58}},"3":{"start":{"line":4,"column":0},"end":{"line":4,"column":52}},"4":{"start":{"line":5,"column":0},"end":{"line":5,"column":49}},"5":{"start":{"line":7,"column":15},"end":{"line":7,"column":23}},"6":{"start":{"line":10,"column":0},"end":{"line":10,"column":57}},"7":{"start":{"line":13,"column":0},"end":{"line":13,"column":103}},"8":{"start":{"line":16,"column":0},"end":{"line":16,"column":58}},"9":{"start":{"line":19,"column":0},"end":{"line":19,"column":64}},"10":{"start":{"line":22,"column":0},"end":{"line":22,"column":63}},"11":{"start":{"line":25,"column":0},"end":{"line":25,"column":66}},"12":{"start":{"line":26,"column":0},"end":{"line":26,"column":114}},"13":{"start":{"line":29,"column":0},"end":{"line":29,"column":79}},"14":{"start":{"line":30,"column":0},"end":{"line":30,"column":73}},"15":{"start":{"line":34,"column":0},"end":{"line":34,"column":71}},"16":{"start":{"line":35,"column":0},"end":{"line":35,"column":71}},"17":{"start":{"line":37,"column":0},"end":{"line":37,"column":22}}},"fnMap":{},"branchMap":{},"s":{"0":1,"1":1,"2":1,"3":1,"4":1,"5":1,"6":1,"7":1,"8":1,"9":1,"10":1,"11":1,"12":1,"13":1,"14":1,"15":1,"16":1,"17":1},"f":{},"b":{}}
,"C:\\Users\\elmaq\\OneDrive\\Documents\\apprentissage\\Projets\\SecByDesign\\Docker_SecByDesign\\backend\\src\\notes\\notes.schema.ts": {"path":"C:\\Users\\elmaq\\OneDrive\\Documents\\apprentissage\\Projets\\SecByDesign\\Docker_SecByDesign\\backend\\src\\notes\\notes.schema.ts","statementMap":{"0":{"start":{"line":1,"column":0},"end":{"line":1,"column":24}},"1":{"start":{"line":3,"column":13},"end":{"line":13,"column":3}},"2":{"start":{"line":15,"column":13},"end":{"line":25,"column":3}},"3":{"start":{"line":27,"column":13},"end":{"line":29,"column":3}},"4":{"start":{"line":31,"column":13},"end":{"line":33,"column":3}}},"fnMap":{},"branchMap":{},"s":{"0":1,"1":1,"2":1,"3":1,"4":1},"f":{},"b":{}}
,"C:\\Users\\elmaq\\OneDrive\\Documents\\apprentissage\\Projets\\SecByDesign\\Docker_SecByDesign\\backend\\src\\tags\\tags.controller.ts": {"path":"C:\\Users\\elmaq\\OneDrive\\Documents\\apprentissage\\Projets\\SecByDesign\\Docker_SecByDesign\\backend\\src\\tags\\tags.controller.ts","statementMap":{"0":{"start":{"line":2,"column":0},"end":{"line":2,"column":24}},"1":{"start":{"line":3,"column":0},"end":{"line":3,"column":42}},"2":{"start":{"line":5,"column":13},"end":{"line":10,"column":3}},"3":{"start":{"line":12,"column":24},"end":{"line":20,"column":2}},"4":{"start":{"line":12,"column":62},"end":{"line":20,"column":2}},"5":{"start":{"line":13,"column":2},"end":{"line":19,"column":3}},"6":{"start":{"line":14,"column":19},"end":{"line":14,"column":81}},"7":{"start":{"line":15,"column":4},"end":{"line":15,"column":26}},"8":{"start":{"line":17,"column":4},"end":{"line":17,"column":47}},"9":{"start":{"line":18,"column":4},"end":{"line":18,"column":54}},"10":{"start":{"line":12,"column":13},"end":{"line":12,"column":24}},"11":{"start":{"line":22,"column":25},"end":{"line":41,"column":2}},"12":{"start":{"line":22,"column":63},"end":{"line":41,"column":2}},"13":{"start":{"line":23,"column":2},"end":{"line":40,"column":3}},"14":{"start":{"line":24,"column":4},"end":{"line":26,"column":5}},"15":{"start":{"line":25,"column":6},"end":{"line":25,"column":61}},"16":{"start":{"line":27,"column":62},"end":{"line":27,"column":87}},"17":{"start":{"line":29,"column":19},"end":{"line":32,"column":null}},"18":{"start":{"line":34,"column":4},"end":{"line":34,"column":41}},"19":{"start":{"line":36,"column":4},"end":{"line":36,"column":86}},"20":{"start":{"line":36,"column":35},"end":{"line":36,"column":86}},"21":{"start":{"line":37,"column":4},"end":{"line":37,"column":91}},"22":{"start":{"line":37,"column":30},"end":{"line":37,"column":91}},"23":{"start":{"line":38,"column":4},"end":{"line":38,"column":46}},"24":{"start":{"line":39,"column":4},"end":{"line":39,"column":54}},"25":{"start":{"line":22,"column":13},"end":{"line":22,"column":25}},"26":{"start":{"line":43,"column":25},"end":{"line":71,"column":2}},"27":{"start":{"line":43,"column":63},"end":{"line":71,"column":2}},"28":{"start":{"line":44,"column":2},"end":{"line":70,"column":3}},"29":{"start":{"line":45,"column":15},"end":{"line":45,"column":38}},"30":{"start":{"line":46,"column":20},"end":{"line":46,"column":22}},"31":{"start":{"line":47,"column":19},"end":{"line":47,"column":21}},"32":{"start":{"line":48,"column":21},"end":{"line":48,"column":22}},"33":{"start":{"line":51,"column":4},"end":{"line":54,"column":5}},"34":{"start":{"line":52,"column":6},"end":{"line":52,"column":46}},"35":{"start":{"line":53,"column":6},"end":{"line":53,"column":33}},"36":{"start":{"line":57,"column":4},"end":{"line":66,"column":5}},"37":{"start":{"line":58,"column":7},"end":{"line":58,"column":42}},"38":{"start":{"line":59,"column":21},"end":{"line":59,"column":98}},"39":{"start":{"line":60,"column":7},"end":{"line":60,"column":23}},"40":{"start":{"line":61,"column":22},"end":{"line":61,"column":53}},"41":{"start":{"line":62,"column":7},"end":{"line":62,"column":89}},"42":{"start":{"line":62,"column":37},"end":{"line":62,"column":89}},"43":{"start":{"line":63,"column":7},"end":{"line":63,"column":32}},"44":{"start":{"line":65,"column":7},"end":{"line":65,"column":43}},"45":{"start":{"line":68,"column":4},"end":{"line":68,"column":46}},"46":{"start":{"line":69,"column":4},"end":{"line":69,"column":54}},"47":{"start":{"line":43,"column":13},"end":{"line":43,"column":25}},"48":{"start":{"line":73,"column":25},"end":{"line":83,"column":2}},"49":{"start":{"line":73,"column":63},"end":{"line":83,"column":2}},"50":{"start":{"line":74,"column":2},"end":{"line":82,"column":3}},"51":{"start":{"line":75,"column":15},"end":{"line":75,"column":38}},"52":{"start":{"line":76,"column":19},"end":{"line":76,"column":88}},"53":{"start":{"line":77,"column":4},"end":{"line":77,"column":86}},"54":{"start":{"line":77,"column":34},"end":{"line":77,"column":86}},"55":{"start":{"line":78,"column":4},"end":{"line":78,"column":37}},"56":{"start":{"line":80,"column":4},"end":{"line":80,"column":46}},"57":{"start":{"line":81,"column":4},"end":{"line":81,"column":54}},"58":{"start":{"line":73,"column":13},"end":{"line":73,"column":25}},"59":{"start":{"line":85,"column":27},"end":{"line":99,"column":2}},"60":{"start":{"line":85,"column":65},"end":{"line":99,"column":2}},"61":{"start":{"line":86,"column":2},"end":{"line":98,"column":3}},"62":{"start":{"line":87,"column":19},"end":{"line":87,"column":42}},"63":{"start":{"line":88,"column":19},"end":{"line":92,"column":null}},"64":{"start":{"line":94,"column":4},"end":{"line":94,"column":26}},"65":{"start":{"line":96,"column":4},"end":{"line":96,"column":52}},"66":{"start":{"line":97,"column":4},"end":{"line":97,"column":54}},"67":{"start":{"line":85,"column":13},"end":{"line":85,"column":27}},"68":{"start":{"line":101,"column":30},"end":{"line":131,"column":2}},"69":{"start":{"line":101,"column":68},"end":{"line":131,"column":2}},"70":{"start":{"line":102,"column":2},"end":{"line":130,"column":3}},"71":{"start":{"line":103,"column":19},"end":{"line":103,"column":42}},"72":{"start":{"line":104,"column":23},"end":{"line":104,"column":31}},"73":{"start":{"line":105,"column":4},"end":{"line":105,"column":98}},"74":{"start":{"line":105,"column":32},"end":{"line":105,"column":98}},"75":{"start":{"line":107,"column":19},"end":{"line":107,"column":39}},"76":{"start":{"line":108,"column":4},"end":{"line":126,"column":5}},"77":{"start":{"line":109,"column":6},"end":{"line":109,"column":34}},"78":{"start":{"line":110,"column":6},"end":{"line":110,"column":79}},"79":{"start":{"line":112,"column":6},"end":{"line":117,"column":7}},"80":{"start":{"line":114,"column":23},"end":{"line":114,"column":79}},"81":{"start":{"line":114,"column":48},"end":{"line":114,"column":67}},"82":{"start":{"line":115,"column":23},"end":{"line":115,"column":42}},"83":{"start":{"line":116,"column":8},"end":{"line":116,"column":95}},"84":{"start":{"line":119,"column":6},"end":{"line":119,"column":35}},"85":{"start":{"line":120,"column":6},"end":{"line":120,"column":44}},"86":{"start":{"line":122,"column":6},"end":{"line":122,"column":37}},"87":{"start":{"line":123,"column":6},"end":{"line":123,"column":14}},"88":{"start":{"line":125,"column":6},"end":{"line":125,"column":23}},"89":{"start":{"line":128,"column":4},"end":{"line":128,"column":52}},"90":{"start":{"line":129,"column":4},"end":{"line":129,"column":54}},"91":{"start":{"line":101,"column":13},"end":{"line":101,"column":30}}},"fnMap":{"0":{"name":"(anonymous_7)","decl":{"start":{"line":12,"column":24},"end":{"line":12,"column":31}},"loc":{"start":{"line":12,"column":62},"end":{"line":20,"column":2}}},"1":{"name":"(anonymous_8)","decl":{"start":{"line":12,"column":62},"end":{"line":12,"column":null}},"loc":{"start":{"line":12,"column":62},"end":{"line":20,"column":1}}},"2":{"name":"(anonymous_9)","decl":{"start":{"line":22,"column":25},"end":{"line":22,"column":32}},"loc":{"start":{"line":22,"column":63},"end":{"line":41,"column":2}}},"3":{"name":"(anonymous_10)","decl":{"start":{"line":22,"column":63},"end":{"line":22,"column":null}},"loc":{"start":{"line":22,"column":63},"end":{"line":41,"column":1}}},"4":{"name":"(anonymous_11)","decl":{"start":{"line":43,"column":25},"end":{"line":43,"column":32}},"loc":{"start":{"line":43,"column":63},"end":{"line":71,"column":2}}},"5":{"name":"(anonymous_12)","decl":{"start":{"line":43,"column":63},"end":{"line":43,"column":null}},"loc":{"start":{"line":43,"column":63},"end":{"line":71,"column":1}}},"6":{"name":"(anonymous_13)","decl":{"start":{"line":73,"column":25},"end":{"line":73,"column":32}},"loc":{"start":{"line":73,"column":63},"end":{"line":83,"column":2}}},"7":{"name":"(anonymous_14)","decl":{"start":{"line":73,"column":63},"end":{"line":73,"column":null}},"loc":{"start":{"line":73,"column":63},"end":{"line":83,"column":1}}},"8":{"name":"(anonymous_15)","decl":{"start":{"line":85,"column":27},"end":{"line":85,"column":34}},"loc":{"start":{"line":85,"column":65},"end":{"line":99,"column":2}}},"9":{"name":"(anonymous_16)","decl":{"start":{"line":85,"column":65},"end":{"line":85,"column":null}},"loc":{"start":{"line":85,"column":65},"end":{"line":99,"column":1}}},"10":{"name":"(anonymous_17)","decl":{"start":{"line":101,"column":30},"end":{"line":101,"column":37}},"loc":{"start":{"line":101,"column":68},"end":{"line":131,"column":2}}},"11":{"name":"(anonymous_18)","decl":{"start":{"line":101,"column":68},"end":{"line":101,"column":null}},"loc":{"start":{"line":101,"column":68},"end":{"line":131,"column":1}}},"12":{"name":"(anonymous_19)","decl":{"start":{"line":114,"column":34},"end":{"line":114,"column":35}},"loc":{"start":{"line":114,"column":48},"end":{"line":114,"column":67}}}},"branchMap":{"0":{"loc":{"start":{"line":24,"column":4},"end":{"line":26,"column":5}},"type":"if","locations":[{"start":{"line":24,"column":4},"end":{"line":26,"column":5}}]},"1":{"loc":{"start":{"line":32,"column":19},"end":{"line":32,"column":29}},"type":"binary-expr","locations":[{"start":{"line":32,"column":19},"end":{"line":32,"column":23}},{"start":{"line":32,"column":27},"end":{"line":32,"column":29}}]},"2":{"loc":{"start":{"line":32,"column":31},"end":{"line":32,"column":67}},"type":"binary-expr","locations":[{"start":{"line":32,"column":31},"end":{"line":32,"column":58}},{"start":{"line":32,"column":62},"end":{"line":32,"column":67}}]},"3":{"loc":{"start":{"line":36,"column":4},"end":{"line":36,"column":86}},"type":"if","locations":[{"start":{"line":36,"column":4},"end":{"line":36,"column":86}}]},"4":{"loc":{"start":{"line":37,"column":4},"end":{"line":37,"column":91}},"type":"if","locations":[{"start":{"line":37,"column":4},"end":{"line":37,"column":91}}]},"5":{"loc":{"start":{"line":51,"column":4},"end":{"line":54,"column":5}},"type":"if","locations":[{"start":{"line":51,"column":4},"end":{"line":54,"column":5}}]},"6":{"loc":{"start":{"line":57,"column":4},"end":{"line":66,"column":5}},"type":"if","locations":[{"start":{"line":57,"column":4},"end":{"line":66,"column":5}},{"start":{"line":64,"column":11},"end":{"line":66,"column":5}}]},"7":{"loc":{"start":{"line":62,"column":7},"end":{"line":62,"column":89}},"type":"if","locations":[{"start":{"line":62,"column":7},"end":{"line":62,"column":89}}]},"8":{"loc":{"start":{"line":77,"column":4},"end":{"line":77,"column":86}},"type":"if","locations":[{"start":{"line":77,"column":4},"end":{"line":77,"column":86}}]},"9":{"loc":{"start":{"line":105,"column":4},"end":{"line":105,"column":98}},"type":"if","locations":[{"start":{"line":105,"column":4},"end":{"line":105,"column":98}}]},"10":{"loc":{"start":{"line":112,"column":6},"end":{"line":117,"column":7}},"type":"if","locations":[{"start":{"line":112,"column":6},"end":{"line":117,"column":7}}]}},"s":{"0":2,"1":2,"2":2,"3":2,"4":2,"5":2,"6":2,"7":1,"8":1,"9":1,"10":2,"11":2,"12":4,"13":4,"14":4,"15":0,"16":4,"17":3,"18":1,"19":3,"20":1,"21":2,"22":1,"23":1,"24":1,"25":2,"26":2,"27":4,"28":4,"29":4,"30":4,"31":4,"32":4,"33":4,"34":3,"35":3,"36":4,"37":3,"38":3,"39":3,"40":3,"41":2,"42":1,"43":1,"44":1,"45":1,"46":1,"47":2,"48":2,"49":3,"50":3,"51":3,"52":3,"53":2,"54":1,"55":1,"56":1,"57":1,"58":2,"59":2,"60":2,"61":2,"62":2,"63":2,"64":1,"65":1,"66":1,"67":2,"68":2,"69":2,"70":2,"71":2,"72":2,"73":2,"74":1,"75":1,"76":1,"77":1,"78":1,"79":1,"80":1,"81":2,"82":1,"83":1,"84":1,"85":1,"86":0,"87":0,"88":1,"89":0,"90":0,"91":2},"f":{"0":2,"1":2,"2":4,"3":4,"4":4,"5":4,"6":3,"7":3,"8":2,"9":2,"10":2,"11":2,"12":2},"b":{"0":[0],"1":[3,2],"2":[3,2],"3":[1],"4":[1],"5":[3],"6":[3,1],"7":[1],"8":[1],"9":[1],"10":[1]}}
,"C:\\Users\\elmaq\\OneDrive\\Documents\\apprentissage\\Projets\\SecByDesign\\Docker_SecByDesign\\backend\\src\\tags\\tags.routes.ts": {"path":"C:\\Users\\elmaq\\OneDrive\\Documents\\apprentissage\\Projets\\SecByDesign\\Docker_SecByDesign\\backend\\src\\tags\\tags.routes.ts","statementMap":{"0":{"start":{"line":1,"column":0},"end":{"line":1,"column":33}},"1":{"start":{"line":2,"column":0},"end":{"line":2,"column":52}},"2":{"start":{"line":3,"column":0},"end":{"line":3,"column":63}},"3":{"start":{"line":5,"column":15},"end":{"line":5,"column":23}},"4":{"start":{"line":7,"column":0},"end":{"line":7,"column":55}},"5":{"start":{"line":8,"column":0},"end":{"line":8,"column":104}},"6":{"start":{"line":9,"column":0},"end":{"line":9,"column":108}},"7":{"start":{"line":10,"column":0},"end":{"line":10,"column":84}},"8":{"start":{"line":12,"column":0},"end":{"line":12,"column":22}}},"fnMap":{},"branchMap":{},"s":{"0":1,"1":1,"2":1,"3":1,"4":1,"5":1,"6":1,"7":1,"8":1},"f":{},"b":{}}
,"C:\\Users\\elmaq\\OneDrive\\Documents\\apprentissage\\Projets\\SecByDesign\\Docker_SecByDesign\\backend\\src\\users\\user.controller.ts": {"path":"C:\\Users\\elmaq\\OneDrive\\Documents\\apprentissage\\Projets\\SecByDesign\\Docker_SecByDesign\\backend\\src\\users\\user.controller.ts","statementMap":{"0":{"start":{"line":2,"column":0},"end":{"line":2,"column":28}},"1":{"start":{"line":3,"column":0},"end":{"line":3,"column":24}},"2":{"start":{"line":4,"column":0},"end":{"line":4,"column":42}},"3":{"start":{"line":5,"column":0},"end":{"line":5,"column":46}},"4":{"start":{"line":6,"column":0},"end":{"line":6,"column":91}},"5":{"start":{"line":8,"column":26},"end":{"line":23,"column":2}},"6":{"start":{"line":8,"column":64},"end":{"line":23,"column":2}},"7":{"start":{"line":9,"column":2},"end":{"line":22,"column":3}},"8":{"start":{"line":10,"column":41},"end":{"line":10,"column":73}},"9":{"start":{"line":11,"column":17},"end":{"line":11,"column":71}},"10":{"start":{"line":13,"column":19},"end":{"line":15,"column":null}},"11":{"start":{"line":17,"column":4},"end":{"line":17,"column":41}},"12":{"start":{"line":19,"column":4},"end":{"line":19,"column":96}},"13":{"start":{"line":19,"column":30},"end":{"line":19,"column":96}},"14":{"start":{"line":20,"column":4},"end":{"line":20,"column":86}},"15":{"start":{"line":20,"column":35},"end":{"line":20,"column":86}},"16":{"start":{"line":21,"column":4},"end":{"line":21,"column":54}},"17":{"start":{"line":8,"column":13},"end":{"line":8,"column":26}},"18":{"start":{"line":25,"column":25},"end":{"line":32,"column":2}},"19":{"start":{"line":25,"column":63},"end":{"line":32,"column":2}},"20":{"start":{"line":26,"column":2},"end":{"line":31,"column":3}},"21":{"start":{"line":27,"column":19},"end":{"line":27,"column":112}},"22":{"start":{"line":28,"column":4},"end":{"line":28,"column":26}},"23":{"start":{"line":30,"column":4},"end":{"line":30,"column":54}},"24":{"start":{"line":25,"column":13},"end":{"line":25,"column":25}},"25":{"start":{"line":34,"column":26},"end":{"line":53,"column":2}},"26":{"start":{"line":34,"column":64},"end":{"line":53,"column":2}},"27":{"start":{"line":35,"column":2},"end":{"line":52,"column":3}},"28":{"start":{"line":36,"column":4},"end":{"line":38,"column":5}},"29":{"start":{"line":37,"column":6},"end":{"line":37,"column":61}},"30":{"start":{"line":39,"column":19},"end":{"line":41,"column":null}},"31":{"start":{"line":44,"column":4},"end":{"line":46,"column":5}},"32":{"start":{"line":45,"column":6},"end":{"line":45,"column":63}},"33":{"start":{"line":48,"column":4},"end":{"line":48,"column":29}},"34":{"start":{"line":50,"column":4},"end":{"line":50,"column":50}},"35":{"start":{"line":51,"column":4},"end":{"line":51,"column":54}},"36":{"start":{"line":34,"column":13},"end":{"line":34,"column":26}},"37":{"start":{"line":55,"column":29},"end":{"line":107,"column":2}},"38":{"start":{"line":55,"column":67},"end":{"line":107,"column":2}},"39":{"start":{"line":56,"column":2},"end":{"line":106,"column":3}},"40":{"start":{"line":57,"column":4},"end":{"line":59,"column":5}},"41":{"start":{"line":58,"column":6},"end":{"line":58,"column":61}},"42":{"start":{"line":61,"column":4},"end":{"line":63,"column":5}},"43":{"start":{"line":62,"column":6},"end":{"line":62,"column":95}},"44":{"start":{"line":66,"column":39},"end":{"line":66,"column":74}},"45":{"start":{"line":69,"column":30},"end":{"line":69,"column":32}},"46":{"start":{"line":70,"column":30},"end":{"line":70,"column":32}},"47":{"start":{"line":71,"column":21},"end":{"line":71,"column":22}},"48":{"start":{"line":73,"column":4},"end":{"line":76,"column":5}},"49":{"start":{"line":74,"column":6},"end":{"line":74,"column":47}},"50":{"start":{"line":75,"column":6},"end":{"line":75,"column":25}},"51":{"start":{"line":78,"column":4},"end":{"line":81,"column":5}},"52":{"start":{"line":79,"column":6},"end":{"line":79,"column":47}},"53":{"start":{"line":80,"column":6},"end":{"line":80,"column":25}},"54":{"start":{"line":83,"column":4},"end":{"line":87,"column":5}},"55":{"start":{"line":84,"column":27},"end":{"line":84,"column":81}},"56":{"start":{"line":85,"column":6},"end":{"line":85,"column":55}},"57":{"start":{"line":86,"column":6},"end":{"line":86,"column":32}},"58":{"start":{"line":89,"column":4},"end":{"line":91,"column":5}},"59":{"start":{"line":90,"column":6},"end":{"line":90,"column":68}},"60":{"start":{"line":93,"column":4},"end":{"line":93,"column":39}},"61":{"start":{"line":95,"column":18},"end":{"line":95,"column":127}},"62":{"start":{"line":96,"column":4},"end":{"line":96,"column":29}},"63":{"start":{"line":98,"column":19},"end":{"line":98,"column":50}},"64":{"start":{"line":99,"column":4},"end":{"line":99,"column":29}},"65":{"start":{"line":101,"column":4},"end":{"line":103,"column":5}},"66":{"start":{"line":102,"column":6},"end":{"line":102,"column":57}},"67":{"start":{"line":104,"column":4},"end":{"line":104,"column":50}},"68":{"start":{"line":105,"column":4},"end":{"line":105,"column":54}},"69":{"start":{"line":55,"column":13},"end":{"line":55,"column":29}},"70":{"start":{"line":109,"column":26},"end":{"line":130,"column":2}},"71":{"start":{"line":109,"column":64},"end":{"line":130,"column":2}},"72":{"start":{"line":110,"column":2},"end":{"line":129,"column":3}},"73":{"start":{"line":111,"column":21},"end":{"line":111,"column":67}},"74":{"start":{"line":112,"column":4},"end":{"line":114,"column":5}},"75":{"start":{"line":113,"column":6},"end":{"line":113,"column":72}},"76":{"start":{"line":116,"column":35},"end":{"line":116,"column":43}},"77":{"start":{"line":118,"column":4},"end":{"line":118,"column":105}},"78":{"start":{"line":118,"column":32},"end":{"line":118,"column":105}},"79":{"start":{"line":120,"column":17},"end":{"line":120,"column":71}},"80":{"start":{"line":121,"column":4},"end":{"line":124,"column":6}},"81":{"start":{"line":125,"column":4},"end":{"line":125,"column":57}},"82":{"start":{"line":127,"column":4},"end":{"line":127,"column":39}},"83":{"start":{"line":128,"column":4},"end":{"line":128,"column":54}},"84":{"start":{"line":109,"column":13},"end":{"line":109,"column":26}},"85":{"start":{"line":133,"column":26},"end":{"line":173,"column":2}},"86":{"start":{"line":133,"column":64},"end":{"line":173,"column":2}},"87":{"start":{"line":134,"column":17},"end":{"line":134,"column":40}},"88":{"start":{"line":136,"column":2},"end":{"line":138,"column":3}},"89":{"start":{"line":137,"column":4},"end":{"line":137,"column":59}},"90":{"start":{"line":139,"column":2},"end":{"line":141,"column":3}},"91":{"start":{"line":140,"column":4},"end":{"line":140,"column":56}},"92":{"start":{"line":143,"column":2},"end":{"line":172,"column":3}},"93":{"start":{"line":144,"column":20},"end":{"line":144,"column":112}},"94":{"start":{"line":145,"column":4},"end":{"line":145,"column":92}},"95":{"start":{"line":145,"column":35},"end":{"line":145,"column":92}},"96":{"start":{"line":146,"column":17},"end":{"line":146,"column":32}},"97":{"start":{"line":149,"column":21},"end":{"line":149,"column":89}},"98":{"start":{"line":150,"column":18},"end":{"line":150,"column":31}},"99":{"start":{"line":152,"column":23},"end":{"line":156,"column":6}},"100":{"start":{"line":159,"column":4},"end":{"line":166,"column":7}},"101":{"start":{"line":168,"column":4},"end":{"line":168,"column":25}},"102":{"start":{"line":170,"column":4},"end":{"line":170,"column":48}},"103":{"start":{"line":171,"column":4},"end":{"line":171,"column":54}},"104":{"start":{"line":133,"column":13},"end":{"line":133,"column":26}},"105":{"start":{"line":175,"column":26},"end":{"line":203,"column":2}},"106":{"start":{"line":175,"column":64},"end":{"line":203,"column":2}},"107":{"start":{"line":176,"column":2},"end":{"line":178,"column":3}},"108":{"start":{"line":177,"column":4},"end":{"line":177,"column":59}},"109":{"start":{"line":179,"column":17},"end":{"line":179,"column":40}},"110":{"start":{"line":181,"column":2},"end":{"line":183,"column":3}},"111":{"start":{"line":182,"column":4},"end":{"line":182,"column":56}},"112":{"start":{"line":185,"column":2},"end":{"line":202,"column":3}},"113":{"start":{"line":186,"column":4},"end":{"line":186,"column":84}},"114":{"start":{"line":188,"column":4},"end":{"line":196,"column":7}},"115":{"start":{"line":198,"column":4},"end":{"line":198,"column":76}},"116":{"start":{"line":200,"column":4},"end":{"line":200,"column":47}},"117":{"start":{"line":201,"column":4},"end":{"line":201,"column":54}},"118":{"start":{"line":175,"column":13},"end":{"line":175,"column":26}},"119":{"start":{"line":205,"column":28},"end":{"line":216,"column":2}},"120":{"start":{"line":205,"column":66},"end":{"line":216,"column":2}},"121":{"start":{"line":206,"column":2},"end":{"line":215,"column":3}},"122":{"start":{"line":207,"column":19},"end":{"line":211,"column":6}},"123":{"start":{"line":212,"column":4},"end":{"line":212,"column":26}},"124":{"start":{"line":214,"column":4},"end":{"line":214,"column":54}},"125":{"start":{"line":205,"column":13},"end":{"line":205,"column":28}},"126":{"start":{"line":218,"column":30},"end":{"line":249,"column":2}},"127":{"start":{"line":218,"column":68},"end":{"line":249,"column":2}},"128":{"start":{"line":219,"column":17},"end":{"line":219,"column":40}},"129":{"start":{"line":221,"column":2},"end":{"line":248,"column":3}},"130":{"start":{"line":222,"column":19},"end":{"line":234,"column":null}},"131":{"start":{"line":237,"column":4},"end":{"line":242,"column":5}},"132":{"start":{"line":239,"column":22},"end":{"line":239,"column":102}},"133":{"start":{"line":240,"column":6},"end":{"line":240,"column":94}},"134":{"start":{"line":240,"column":37},"end":{"line":240,"column":94}},"135":{"start":{"line":241,"column":6},"end":{"line":241,"column":71}},"136":{"start":{"line":244,"column":4},"end":{"line":244,"column":29}},"137":{"start":{"line":246,"column":4},"end":{"line":246,"column":50}},"138":{"start":{"line":247,"column":4},"end":{"line":247,"column":54}},"139":{"start":{"line":218,"column":13},"end":{"line":218,"column":30}},"140":{"start":{"line":251,"column":33},"end":{"line":327,"column":2}},"141":{"start":{"line":251,"column":71},"end":{"line":327,"column":2}},"142":{"start":{"line":252,"column":2},"end":{"line":254,"column":3}},"143":{"start":{"line":253,"column":4},"end":{"line":253,"column":59}},"144":{"start":{"line":255,"column":17},"end":{"line":255,"column":40}},"145":{"start":{"line":258,"column":2},"end":{"line":260,"column":3}},"146":{"start":{"line":259,"column":5},"end":{"line":259,"column":57}},"147":{"start":{"line":262,"column":2},"end":{"line":326,"column":3}},"148":{"start":{"line":263,"column":48},"end":{"line":263,"column":83}},"149":{"start":{"line":265,"column":19},"end":{"line":265,"column":39}},"150":{"start":{"line":266,"column":4},"end":{"line":320,"column":5}},"151":{"start":{"line":267,"column":6},"end":{"line":267,"column":34}},"152":{"start":{"line":270,"column":6},"end":{"line":280,"column":8}},"153":{"start":{"line":283,"column":6},"end":{"line":292,"column":7}},"154":{"start":{"line":284,"column":8},"end":{"line":284,"column":81}},"155":{"start":{"line":285,"column":8},"end":{"line":291,"column":9}},"156":{"start":{"line":288,"column":11},"end":{"line":290,"column":12}},"157":{"start":{"line":289,"column":14},"end":{"line":289,"column":109}},"158":{"start":{"line":294,"column":6},"end":{"line":294,"column":35}},"159":{"start":{"line":298,"column":21},"end":{"line":310,"column":null}},"160":{"start":{"line":313,"column":6},"end":{"line":313,"column":31}},"161":{"start":{"line":316,"column":6},"end":{"line":316,"column":37}},"162":{"start":{"line":317,"column":6},"end":{"line":317,"column":14}},"163":{"start":{"line":319,"column":6},"end":{"line":319,"column":23}},"164":{"start":{"line":322,"column":4},"end":{"line":322,"column":86}},"165":{"start":{"line":322,"column":35},"end":{"line":322,"column":86}},"166":{"start":{"line":323,"column":4},"end":{"line":323,"column":87}},"167":{"start":{"line":323,"column":30},"end":{"line":323,"column":87}},"168":{"start":{"line":324,"column":4},"end":{"line":324,"column":50}},"169":{"start":{"line":325,"column":4},"end":{"line":325,"column":54}},"170":{"start":{"line":251,"column":13},"end":{"line":251,"column":33}}},"fnMap":{"0":{"name":"(anonymous_8)","decl":{"start":{"line":8,"column":26},"end":{"line":8,"column":33}},"loc":{"start":{"line":8,"column":64},"end":{"line":23,"column":2}}},"1":{"name":"(anonymous_9)","decl":{"start":{"line":8,"column":64},"end":{"line":8,"column":null}},"loc":{"start":{"line":8,"column":64},"end":{"line":23,"column":1}}},"2":{"name":"(anonymous_10)","decl":{"start":{"line":25,"column":25},"end":{"line":25,"column":32}},"loc":{"start":{"line":25,"column":63},"end":{"line":32,"column":2}}},"3":{"name":"(anonymous_11)","decl":{"start":{"line":25,"column":63},"end":{"line":25,"column":null}},"loc":{"start":{"line":25,"column":63},"end":{"line":32,"column":1}}},"4":{"name":"(anonymous_12)","decl":{"start":{"line":34,"column":26},"end":{"line":34,"column":33}},"loc":{"start":{"line":34,"column":64},"end":{"line":53,"column":2}}},"5":{"name":"(anonymous_13)","decl":{"start":{"line":34,"column":64},"end":{"line":34,"column":null}},"loc":{"start":{"line":34,"column":64},"end":{"line":53,"column":1}}},"6":{"name":"(anonymous_14)","decl":{"start":{"line":55,"column":29},"end":{"line":55,"column":36}},"loc":{"start":{"line":55,"column":67},"end":{"line":107,"column":2}}},"7":{"name":"(anonymous_15)","decl":{"start":{"line":55,"column":67},"end":{"line":55,"column":null}},"loc":{"start":{"line":55,"column":67},"end":{"line":107,"column":1}}},"8":{"name":"(anonymous_16)","decl":{"start":{"line":109,"column":26},"end":{"line":109,"column":33}},"loc":{"start":{"line":109,"column":64},"end":{"line":130,"column":2}}},"9":{"name":"(anonymous_17)","decl":{"start":{"line":109,"column":64},"end":{"line":109,"column":null}},"loc":{"start":{"line":109,"column":64},"end":{"line":130,"column":1}}},"10":{"name":"(anonymous_18)","decl":{"start":{"line":133,"column":26},"end":{"line":133,"column":33}},"loc":{"start":{"line":133,"column":64},"end":{"line":173,"column":2}}},"11":{"name":"(anonymous_19)","decl":{"start":{"line":133,"column":64},"end":{"line":133,"column":null}},"loc":{"start":{"line":133,"column":64},"end":{"line":173,"column":1}}},"12":{"name":"(anonymous_20)","decl":{"start":{"line":175,"column":26},"end":{"line":175,"column":33}},"loc":{"start":{"line":175,"column":64},"end":{"line":203,"column":2}}},"13":{"name":"(anonymous_21)","decl":{"start":{"line":175,"column":64},"end":{"line":175,"column":null}},"loc":{"start":{"line":175,"column":64},"end":{"line":203,"column":1}}},"14":{"name":"(anonymous_22)","decl":{"start":{"line":205,"column":28},"end":{"line":205,"column":35}},"loc":{"start":{"line":205,"column":66},"end":{"line":216,"column":2}}},"15":{"name":"(anonymous_23)","decl":{"start":{"line":205,"column":66},"end":{"line":205,"column":null}},"loc":{"start":{"line":205,"column":66},"end":{"line":216,"column":1}}},"16":{"name":"(anonymous_24)","decl":{"start":{"line":218,"column":30},"end":{"line":218,"column":37}},"loc":{"start":{"line":218,"column":68},"end":{"line":249,"column":2}}},"17":{"name":"(anonymous_25)","decl":{"start":{"line":218,"column":68},"end":{"line":218,"column":null}},"loc":{"start":{"line":218,"column":68},"end":{"line":249,"column":1}}},"18":{"name":"(anonymous_26)","decl":{"start":{"line":251,"column":33},"end":{"line":251,"column":40}},"loc":{"start":{"line":251,"column":71},"end":{"line":327,"column":2}}},"19":{"name":"(anonymous_27)","decl":{"start":{"line":251,"column":71},"end":{"line":251,"column":null}},"loc":{"start":{"line":251,"column":71},"end":{"line":327,"column":1}}}},"branchMap":{"0":{"loc":{"start":{"line":19,"column":4},"end":{"line":19,"column":96}},"type":"if","locations":[{"start":{"line":19,"column":4},"end":{"line":19,"column":96}}]},"1":{"loc":{"start":{"line":20,"column":4},"end":{"line":20,"column":86}},"type":"if","locations":[{"start":{"line":20,"column":4},"end":{"line":20,"column":86}}]},"2":{"loc":{"start":{"line":36,"column":4},"end":{"line":38,"column":5}},"type":"if","locations":[{"start":{"line":36,"column":4},"end":{"line":38,"column":5}}]},"3":{"loc":{"start":{"line":44,"column":4},"end":{"line":46,"column":5}},"type":"if","locations":[{"start":{"line":44,"column":4},"end":{"line":46,"column":5}}]},"4":{"loc":{"start":{"line":57,"column":4},"end":{"line":59,"column":5}},"type":"if","locations":[{"start":{"line":57,"column":4},"end":{"line":59,"column":5}}]},"5":{"loc":{"start":{"line":61,"column":4},"end":{"line":63,"column":5}},"type":"if","locations":[{"start":{"line":61,"column":4},"end":{"line":63,"column":5}}]},"6":{"loc":{"start":{"line":73,"column":4},"end":{"line":76,"column":5}},"type":"if","locations":[{"start":{"line":73,"column":4},"end":{"line":76,"column":5}}]},"7":{"loc":{"start":{"line":78,"column":4},"end":{"line":81,"column":5}},"type":"if","locations":[{"start":{"line":78,"column":4},"end":{"line":81,"column":5}}]},"8":{"loc":{"start":{"line":83,"column":4},"end":{"line":87,"column":5}},"type":"if","locations":[{"start":{"line":83,"column":4},"end":{"line":87,"column":5}}]},"9":{"loc":{"start":{"line":89,"column":4},"end":{"line":91,"column":5}},"type":"if","locations":[{"start":{"line":89,"column":4},"end":{"line":91,"column":5}}]},"10":{"loc":{"start":{"line":101,"column":4},"end":{"line":103,"column":5}},"type":"if","locations":[{"start":{"line":101,"column":4},"end":{"line":103,"column":5}}]},"11":{"loc":{"start":{"line":112,"column":4},"end":{"line":114,"column":5}},"type":"if","locations":[{"start":{"line":112,"column":4},"end":{"line":114,"column":5}}]},"12":{"loc":{"start":{"line":118,"column":4},"end":{"line":118,"column":105}},"type":"if","locations":[{"start":{"line":118,"column":4},"end":{"line":118,"column":105}}]},"13":{"loc":{"start":{"line":118,"column":8},"end":{"line":118,"column":30}},"type":"binary-expr","locations":[{"start":{"line":118,"column":8},"end":{"line":118,"column":17}},{"start":{"line":118,"column":21},"end":{"line":118,"column":30}}]},"14":{"loc":{"start":{"line":136,"column":2},"end":{"line":138,"column":3}},"type":"if","locations":[{"start":{"line":136,"column":2},"end":{"line":138,"column":3}}]},"15":{"loc":{"start":{"line":139,"column":2},"end":{"line":141,"column":3}},"type":"if","locations":[{"start":{"line":139,"column":2},"end":{"line":141,"column":3}}]},"16":{"loc":{"start":{"line":139,"column":6},"end":{"line":139,"column":57}},"type":"binary-expr","locations":[{"start":{"line":139,"column":6},"end":{"line":139,"column":28}},{"start":{"line":139,"column":32},"end":{"line":139,"column":57}}]},"17":{"loc":{"start":{"line":145,"column":4},"end":{"line":145,"column":92}},"type":"if","locations":[{"start":{"line":145,"column":4},"end":{"line":145,"column":92}}]},"18":{"loc":{"start":{"line":176,"column":2},"end":{"line":178,"column":3}},"type":"if","locations":[{"start":{"line":176,"column":2},"end":{"line":178,"column":3}}]},"19":{"loc":{"start":{"line":181,"column":2},"end":{"line":183,"column":3}},"type":"if","locations":[{"start":{"line":181,"column":2},"end":{"line":183,"column":3}}]},"20":{"loc":{"start":{"line":181,"column":6},"end":{"line":181,"column":57}},"type":"binary-expr","locations":[{"start":{"line":181,"column":6},"end":{"line":181,"column":28}},{"start":{"line":181,"column":32},"end":{"line":181,"column":57}}]},"21":{"loc":{"start":{"line":237,"column":4},"end":{"line":242,"column":5}},"type":"if","locations":[{"start":{"line":237,"column":4},"end":{"line":242,"column":5}}]},"22":{"loc":{"start":{"line":240,"column":6},"end":{"line":240,"column":94}},"type":"if","locations":[{"start":{"line":240,"column":6},"end":{"line":240,"column":94}}]},"23":{"loc":{"start":{"line":252,"column":2},"end":{"line":254,"column":3}},"type":"if","locations":[{"start":{"line":252,"column":2},"end":{"line":254,"column":3}}]},"24":{"loc":{"start":{"line":258,"column":2},"end":{"line":260,"column":3}},"type":"if","locations":[{"start":{"line":258,"column":2},"end":{"line":260,"column":3}}]},"25":{"loc":{"start":{"line":258,"column":6},"end":{"line":258,"column":57}},"type":"binary-expr","locations":[{"start":{"line":258,"column":6},"end":{"line":258,"column":31}},{"start":{"line":258,"column":35},"end":{"line":258,"column":57}}]},"26":{"loc":{"start":{"line":283,"column":6},"end":{"line":292,"column":7}},"type":"if","locations":[{"start":{"line":283,"column":6},"end":{"line":292,"column":7}}]},"27":{"loc":{"start":{"line":285,"column":8},"end":{"line":291,"column":9}},"type":"if","locations":[{"start":{"line":285,"column":8},"end":{"line":291,"column":9}}]},"28":{"loc":{"start":{"line":322,"column":4},"end":{"line":322,"column":86}},"type":"if","locations":[{"start":{"line":322,"column":4},"end":{"line":322,"column":86}}]},"29":{"loc":{"start":{"line":323,"column":4},"end":{"line":323,"column":87}},"type":"if","locations":[{"start":{"line":323,"column":4},"end":{"line":323,"column":87}}]}},"s":{"0":1,"1":1,"2":1,"3":1,"4":1,"5":1,"6":3,"7":3,"8":3,"9":2,"10":2,"11":1,"12":2,"13":1,"14":1,"15":1,"16":0,"17":1,"18":1,"19":2,"20":2,"21":2,"22":1,"23":1,"24":1,"25":1,"26":3,"27":3,"28":3,"29":0,"30":3,"31":2,"32":1,"33":1,"34":1,"35":1,"36":1,"37":1,"38":4,"39":4,"40":4,"41":0,"42":4,"43":1,"44":3,"45":3,"46":3,"47":3,"48":3,"49":2,"50":2,"51":3,"52":1,"53":1,"54":3,"55":0,"56":0,"57":0,"58":3,"59":1,"60":2,"61":2,"62":2,"63":2,"64":1,"65":1,"66":0,"67":1,"68":1,"69":1,"70":1,"71":4,"72":4,"73":4,"74":3,"75":1,"76":2,"77":2,"78":1,"79":1,"80":1,"81":1,"82":1,"83":1,"84":1,"85":1,"86":4,"87":4,"88":4,"89":0,"90":4,"91":1,"92":3,"93":3,"94":2,"95":1,"96":1,"97":1,"98":1,"99":1,"100":1,"101":1,"102":1,"103":1,"104":1,"105":1,"106":2,"107":2,"108":0,"109":2,"110":2,"111":0,"112":2,"113":2,"114":1,"115":1,"116":1,"117":1,"118":1,"119":1,"120":0,"121":0,"122":0,"123":0,"124":0,"125":1,"126":1,"127":4,"128":4,"129":4,"130":4,"131":3,"132":2,"133":2,"134":1,"135":1,"136":1,"137":1,"138":1,"139":1,"140":1,"141":3,"142":3,"143":0,"144":3,"145":3,"146":1,"147":2,"148":2,"149":2,"150":2,"151":2,"152":1,"153":1,"154":0,"155":0,"156":0,"157":0,"158":1,"159":1,"160":1,"161":1,"162":1,"163":2,"164":1,"165":0,"166":1,"167":0,"168":1,"169":1,"170":1},"f":{"0":3,"1":3,"2":2,"3":2,"4":3,"5":3,"6":4,"7":4,"8":4,"9":4,"10":4,"11":4,"12":2,"13":2,"14":0,"15":0,"16":4,"17":4,"18":3,"19":3},"b":{"0":[1],"1":[1],"2":[0],"3":[1],"4":[0],"5":[1],"6":[2],"7":[1],"8":[0],"9":[1],"10":[0],"11":[1],"12":[1],"13":[2,1],"14":[0],"15":[1],"16":[4,2],"17":[1],"18":[0],"19":[0],"20":[2,2],"21":[2],"22":[1],"23":[0],"24":[1],"25":[3,1],"26":[0],"27":[0],"28":[0],"29":[0]}}
,"C:\\Users\\elmaq\\OneDrive\\Documents\\apprentissage\\Projets\\SecByDesign\\Docker_SecByDesign\\backend\\src\\users\\user.routes.ts": {"path":"C:\\Users\\elmaq\\OneDrive\\Documents\\apprentissage\\Projets\\SecByDesign\\Docker_SecByDesign\\backend\\src\\users\\user.routes.ts","statementMap":{"0":{"start":{"line":1,"column":0},"end":{"line":1,"column":33}},"1":{"start":{"line":2,"column":0},"end":{"line":2,"column":52}},"2":{"start":{"line":3,"column":0},"end":{"line":3,"column":52}},"3":{"start":{"line":4,"column":0},"end":{"line":4,"column":49}},"4":{"start":{"line":6,"column":15},"end":{"line":6,"column":23}},"5":{"start":{"line":9,"column":0},"end":{"line":9,"column":49}},"6":{"start":{"line":12,"column":0},"end":{"line":12,"column":94}},"7":{"start":{"line":13,"column":0},"end":{"line":13,"column":103}},"8":{"start":{"line":14,"column":0},"end":{"line":14,"column":59}},"9":{"start":{"line":15,"column":0},"end":{"line":15,"column":62}},"10":{"start":{"line":18,"column":0},"end":{"line":18,"column":67}},"11":{"start":{"line":19,"column":0},"end":{"line":19,"column":85}},"12":{"start":{"line":22,"column":0},"end":{"line":22,"column":72}},"13":{"start":{"line":23,"column":0},"end":{"line":23,"column":75}},"14":{"start":{"line":25,"column":0},"end":{"line":25,"column":22}}},"fnMap":{},"branchMap":{},"s":{"0":1,"1":1,"2":1,"3":1,"4":1,"5":1,"6":1,"7":1,"8":1,"9":1,"10":1,"11":1,"12":1,"13":1,"14":1},"f":{},"b":{}}
,"C:\\Users\\elmaq\\OneDrive\\Documents\\apprentissage\\Projets\\SecByDesign\\Docker_SecByDesign\\backend\\src\\users\\user.schema.ts": {"path":"C:\\Users\\elmaq\\OneDrive\\Documents\\apprentissage\\Projets\\SecByDesign\\Docker_SecByDesign\\backend\\src\\users\\user.schema.ts","statementMap":{"0":{"start":{"line":1,"column":0},"end":{"line":1,"column":24}},"1":{"start":{"line":3,"column":13},"end":{"line":7,"column":3}},"2":{"start":{"line":9,"column":13},"end":{"line":13,"column":3}},"3":{"start":{"line":15,"column":13},"end":{"line":20,"column":3}}},"fnMap":{},"branchMap":{},"s":{"0":1,"1":1,"2":1,"3":1},"f":{},"b":{}}
}
