TN:
SF:src\config\database.ts
FN:8,(anonymous_0)
FNF:1
FNH:0
FNDA:0,(anonymous_0)
DA:1,3
DA:2,3
DA:5,3
DA:8,3
DA:9,0
DA:10,0
LF:6
LH:4
BRF:0
BRH:0
end_of_record
TN:
SF:src\config\env.ts
FN:14,(anonymous_1)
FNF:1
FNH:0
FNDA:0,(anonymous_1)
DA:1,3
DA:2,3
DA:5,3
DA:6,3
DA:7,3
DA:9,3
DA:10,3
DA:11,3
DA:12,3
DA:13,3
DA:14,0
DA:17,3
LF:12
LH:11
BRDA:5,0,0,3
BRDA:5,0,1,0
BRDA:9,1,0,3
BRDA:9,1,1,3
BRDA:10,2,0,3
BRDA:10,2,1,0
BRDA:11,3,0,3
BRDA:11,3,1,3
BRDA:12,4,0,3
BRDA:12,4,1,3
BRDA:13,5,0,0
BRDA:13,5,1,3
BRDA:18,6,0,3
BRDA:18,6,1,0
BRDA:19,7,0,3
BRDA:19,7,1,0
BRDA:20,8,0,3
BRDA:20,8,1,0
BRDA:21,9,0,3
BRDA:21,9,1,0
BRDA:22,10,0,3
BRDA:22,10,1,0
BRF:22
BRH:14
end_of_record
TN:
SF:src\notes\notes.controller.ts
FN:7,(anonymous_7)
FN:7,(anonymous_8)
FN:84,(anonymous_9)
FN:109,(anonymous_10)
FN:109,(anonymous_11)
FN:136,(anonymous_12)
FN:137,(anonymous_13)
FN:190,(anonymous_14)
FN:190,(anonymous_15)
FN:225,(anonymous_16)
FN:225,(anonymous_17)
FN:284,(anonymous_18)
FN:284,(anonymous_19)
FN:364,(anonymous_20)
FN:364,(anonymous_21)
FN:381,(anonymous_22)
FN:381,(anonymous_23)
FN:422,(anonymous_24)
FN:422,(anonymous_25)
FN:441,(anonymous_26)
FN:441,(anonymous_27)
FN:462,(anonymous_28)
FN:462,(anonymous_29)
FN:498,(anonymous_30)
FN:498,(anonymous_31)
FNF:25
FNH:11
FNDA:2,(anonymous_7)
FNDA:2,(anonymous_8)
FNDA:1,(anonymous_9)
FNDA:3,(anonymous_10)
FNDA:3,(anonymous_11)
FNDA:0,(anonymous_12)
FNDA:0,(anonymous_13)
FNDA:4,(anonymous_14)
FNDA:4,(anonymous_15)
FNDA:3,(anonymous_16)
FNDA:3,(anonymous_17)
FNDA:4,(anonymous_18)
FNDA:4,(anonymous_19)
FNDA:0,(anonymous_20)
FNDA:0,(anonymous_21)
FNDA:0,(anonymous_22)
FNDA:0,(anonymous_23)
FNDA:0,(anonymous_24)
FNDA:0,(anonymous_25)
FNDA:0,(anonymous_26)
FNDA:0,(anonymous_27)
FNDA:0,(anonymous_28)
FNDA:0,(anonymous_29)
FNDA:0,(anonymous_30)
FNDA:0,(anonymous_31)
DA:2,1
DA:3,1
DA:4,1
DA:5,1
DA:7,2
DA:8,2
DA:10,2
DA:11,2
DA:12,2
DA:14,2
DA:16,2
DA:34,0
DA:36,0
DA:55,0
DA:59,0
DA:78,0
DA:81,2
DA:84,1
DA:102,1
DA:104,1
DA:105,1
DA:109,3
DA:110,3
DA:111,3
DA:112,2
DA:114,2
DA:115,2
DA:116,2
DA:118,2
DA:122,2
DA:124,2
DA:125,1
DA:128,2
DA:129,0
DA:132,2
DA:134,0
DA:135,0
DA:136,0
DA:137,0
DA:138,0
DA:141,0
DA:142,0
DA:146,2
DA:147,0
DA:149,0
DA:150,0
DA:151,0
DA:152,0
DA:156,0
DA:163,2
DA:166,2
DA:176,2
DA:178,0
DA:179,0
DA:181,2
DA:184,1
DA:185,0
DA:186,0
DA:190,4
DA:191,4
DA:192,4
DA:193,4
DA:195,3
DA:196,3
DA:198,2
DA:199,2
DA:200,2
DA:202,2
DA:203,1
DA:206,1
DA:209,1
DA:218,1
DA:220,0
DA:221,0
DA:225,3
DA:226,3
DA:227,3
DA:228,3
DA:230,2
DA:244,2
DA:246,1
DA:247,1
DA:248,1
DA:251,1
DA:252,1
DA:253,1
DA:255,1
DA:256,0
DA:260,1
DA:277,1
DA:279,0
DA:280,0
DA:284,4
DA:285,4
DA:286,4
DA:287,4
DA:290,3
DA:291,3
DA:293,2
DA:294,2
DA:295,2
DA:297,2
DA:298,2
DA:299,2
DA:301,2
DA:302,1
DA:305,1
DA:307,1
DA:308,1
DA:309,1
DA:311,1
DA:312,1
DA:313,1
DA:315,1
DA:316,1
DA:317,1
DA:319,1
DA:320,1
DA:321,1
DA:324,1
DA:325,1
DA:327,1
DA:328,1
DA:330,1
DA:333,1
DA:334,0
DA:335,0
DA:336,0
DA:340,1
DA:341,0
DA:342,0
DA:343,0
DA:347,1
DA:348,1
DA:350,0
DA:351,0
DA:353,1
DA:356,0
DA:357,0
DA:358,0
DA:364,1
DA:365,0
DA:366,0
DA:367,0
DA:369,0
DA:374,0
DA:376,0
DA:377,0
DA:381,1
DA:382,0
DA:383,0
DA:384,0
DA:386,0
DA:387,0
DA:390,0
DA:395,0
DA:396,0
DA:397,0
DA:399,0
DA:403,0
DA:408,0
DA:415,0
DA:417,0
DA:418,0
DA:422,1
DA:423,0
DA:424,0
DA:425,0
DA:427,0
DA:432,0
DA:434,0
DA:435,0
DA:441,1
DA:442,0
DA:443,0
DA:444,0
DA:446,0
DA:455,0
DA:457,0
DA:458,0
DA:462,1
DA:463,0
DA:464,0
DA:465,0
DA:466,0
DA:468,0
DA:470,0
DA:476,0
DA:481,0
DA:491,0
DA:493,0
DA:494,0
DA:498,1
DA:500,0
LF:194
LH:107
BRDA:14,0,0,2
BRDA:14,0,1,0
BRDA:14,1,0,2
BRDA:14,1,1,0
BRDA:34,2,0,0
BRDA:34,2,1,0
BRDA:90,3,0,0
BRDA:90,3,1,1
BRDA:91,4,0,0
BRDA:91,4,1,1
BRDA:92,5,0,1
BRDA:92,5,1,1
BRDA:95,6,0,1
BRDA:95,6,1,1
BRDA:96,7,0,1
BRDA:96,7,1,1
BRDA:97,8,0,1
BRDA:97,8,1,1
BRDA:98,9,0,1
BRDA:98,9,1,1
BRDA:99,10,0,1
BRDA:99,10,1,1
BRDA:124,11,0,1
BRDA:128,12,0,0
BRDA:132,13,0,0
BRDA:132,14,0,2
BRDA:132,14,1,0
BRDA:135,15,0,0
BRDA:146,16,0,0
BRDA:146,17,0,2
BRDA:146,17,1,0
BRDA:149,18,0,0
BRDA:149,19,0,0
BRDA:149,19,1,0
BRDA:151,20,0,0
BRDA:158,21,0,0
BRDA:158,21,1,0
BRDA:184,22,0,1
BRDA:193,23,0,1
BRDA:196,24,0,1
BRDA:202,25,0,1
BRDA:202,26,0,2
BRDA:202,26,1,2
BRDA:228,27,0,1
BRDA:244,28,0,1
BRDA:252,29,0,1
BRDA:252,29,1,0
BRDA:253,30,0,1
BRDA:253,30,1,0
BRDA:255,31,0,0
BRDA:255,32,0,1
BRDA:255,32,1,0
BRDA:255,32,2,0
BRDA:266,33,0,0
BRDA:266,33,1,1
BRDA:267,34,0,0
BRDA:267,34,1,1
BRDA:270,35,0,1
BRDA:270,35,1,0
BRDA:271,36,0,1
BRDA:271,36,1,0
BRDA:272,37,0,1
BRDA:272,37,1,0
BRDA:273,38,0,1
BRDA:273,38,1,1
BRDA:274,39,0,1
BRDA:274,39,1,1
BRDA:287,40,0,1
BRDA:291,41,0,1
BRDA:299,42,0,2
BRDA:299,42,1,0
BRDA:301,43,0,1
BRDA:301,44,0,2
BRDA:301,44,1,1
BRDA:301,44,2,1
BRDA:315,45,0,1
BRDA:319,46,0,1
BRDA:324,47,0,1
BRDA:333,48,0,0
BRDA:335,49,0,0
BRDA:340,50,0,0
BRDA:342,51,0,0
BRDA:356,52,0,0
BRDA:367,53,0,0
BRDA:374,54,0,0
BRDA:374,54,1,0
BRDA:384,55,0,0
BRDA:387,56,0,0
BRDA:395,57,0,0
BRDA:397,58,0,0
BRDA:425,59,0,0
BRDA:444,60,0,0
BRDA:465,61,0,0
BRDA:468,62,0,0
BRDA:468,63,0,0
BRDA:468,63,1,0
BRF:96
BRH:49
end_of_record
TN:
SF:src\notes\notes.routes.ts
FNF:0
FNH:0
DA:1,1
DA:2,1
DA:3,1
DA:4,1
DA:5,1
DA:7,1
DA:10,1
DA:13,1
DA:16,1
DA:19,1
DA:22,1
DA:25,1
DA:26,1
DA:29,1
DA:30,1
DA:34,1
DA:35,1
DA:37,1
LF:18
LH:18
BRF:0
BRH:0
end_of_record
TN:
SF:src\notes\notes.schema.ts
FNF:0
FNH:0
DA:1,1
DA:3,1
DA:15,1
DA:27,1
DA:31,1
LF:5
LH:5
BRF:0
BRH:0
end_of_record
TN:
SF:src\tags\tags.controller.ts
FN:12,(anonymous_7)
FN:12,(anonymous_8)
FN:22,(anonymous_9)
FN:22,(anonymous_10)
FN:40,(anonymous_11)
FN:40,(anonymous_12)
FN:70,(anonymous_13)
FN:70,(anonymous_14)
FN:82,(anonymous_15)
FN:82,(anonymous_16)
FN:98,(anonymous_17)
FN:98,(anonymous_18)
FN:111,(anonymous_19)
FNF:13
FNH:8
FNDA:2,(anonymous_7)
FNDA:2,(anonymous_8)
FNDA:8,(anonymous_9)
FNDA:8,(anonymous_10)
FNDA:3,(anonymous_11)
FNDA:3,(anonymous_12)
FNDA:2,(anonymous_13)
FNDA:2,(anonymous_14)
FNDA:0,(anonymous_15)
FNDA:0,(anonymous_16)
FNDA:0,(anonymous_17)
FNDA:0,(anonymous_18)
FNDA:0,(anonymous_19)
DA:2,2
DA:3,2
DA:5,2
DA:12,2
DA:13,2
DA:14,2
DA:15,1
DA:17,1
DA:18,1
DA:22,8
DA:23,8
DA:24,8
DA:26,6
DA:31,5
DA:33,3
DA:34,1
DA:35,0
DA:36,0
DA:40,3
DA:41,3
DA:42,3
DA:43,3
DA:44,3
DA:45,3
DA:48,3
DA:49,2
DA:50,2
DA:54,3
DA:55,2
DA:56,2
DA:57,2
DA:58,2
DA:59,2
DA:60,1
DA:62,1
DA:65,0
DA:66,0
DA:70,2
DA:71,2
DA:72,2
DA:73,2
DA:74,2
DA:75,1
DA:77,0
DA:78,0
DA:82,2
DA:83,0
DA:84,0
DA:85,0
DA:91,0
DA:93,0
DA:94,0
DA:98,2
DA:99,0
DA:100,0
DA:101,0
DA:102,0
DA:104,0
DA:105,0
DA:106,0
DA:107,0
DA:109,0
DA:111,0
DA:112,0
DA:113,0
DA:116,0
DA:117,0
DA:119,0
DA:120,0
DA:122,0
DA:125,0
DA:126,0
LF:72
LH:41
BRDA:29,0,0,6
BRDA:29,0,1,5
BRDA:29,1,0,6
BRDA:29,1,1,5
BRDA:33,2,0,2
BRDA:34,3,0,1
BRDA:48,4,0,2
BRDA:54,5,0,2
BRDA:54,5,1,1
BRDA:59,6,0,1
BRDA:74,7,0,1
BRDA:102,8,0,0
BRDA:109,9,0,0
BRF:13
BRH:11
end_of_record
TN:
SF:src\tags\tags.routes.ts
FNF:0
FNH:0
DA:1,1
DA:2,1
DA:3,1
DA:5,1
DA:7,1
DA:8,1
DA:9,1
DA:10,1
DA:12,1
LF:9
LH:9
BRF:0
BRH:0
end_of_record
TN:
SF:src\users\user.controller.ts
FN:8,(anonymous_8)
FN:8,(anonymous_9)
FN:25,(anonymous_10)
FN:25,(anonymous_11)
FN:34,(anonymous_12)
FN:34,(anonymous_13)
FN:52,(anonymous_14)
FN:52,(anonymous_15)
FN:103,(anonymous_16)
FN:103,(anonymous_17)
FN:127,(anonymous_18)
FN:127,(anonymous_19)
FN:166,(anonymous_20)
FN:166,(anonymous_21)
FN:193,(anonymous_22)
FN:193,(anonymous_23)
FN:206,(anonymous_24)
FN:206,(anonymous_25)
FN:239,(anonymous_26)
FN:239,(anonymous_27)
FNF:20
FNH:10
FNDA:4,(anonymous_8)
FNDA:4,(anonymous_9)
FNDA:2,(anonymous_10)
FNDA:2,(anonymous_11)
FNDA:2,(anonymous_12)
FNDA:2,(anonymous_13)
FNDA:4,(anonymous_14)
FNDA:4,(anonymous_15)
FNDA:0,(anonymous_16)
FNDA:0,(anonymous_17)
FNDA:3,(anonymous_18)
FNDA:3,(anonymous_19)
FNDA:0,(anonymous_20)
FNDA:0,(anonymous_21)
FNDA:0,(anonymous_22)
FNDA:0,(anonymous_23)
FNDA:0,(anonymous_24)
FNDA:0,(anonymous_25)
FNDA:0,(anonymous_26)
FNDA:0,(anonymous_27)
DA:2,1
DA:3,1
DA:4,1
DA:5,1
DA:6,1
DA:8,4
DA:9,4
DA:10,4
DA:11,2
DA:13,2
DA:17,1
DA:19,3
DA:20,2
DA:21,0
DA:25,2
DA:26,2
DA:27,2
DA:28,1
DA:30,1
DA:34,2
DA:35,2
DA:36,2
DA:41,2
DA:42,1
DA:45,1
DA:47,0
DA:48,0
DA:52,4
DA:53,4
DA:55,4
DA:56,1
DA:60,3
DA:63,2
DA:64,2
DA:65,2
DA:67,2
DA:68,1
DA:69,1
DA:72,2
DA:73,0
DA:74,0
DA:77,2
DA:78,0
DA:79,0
DA:80,0
DA:83,2
DA:84,1
DA:87,1
DA:89,1
DA:90,1
DA:92,1
DA:93,1
DA:95,1
DA:96,1
DA:98,0
DA:99,0
DA:103,1
DA:104,0
DA:105,0
DA:106,0
DA:107,0
DA:110,0
DA:112,0
DA:114,0
DA:115,0
DA:119,0
DA:121,0
DA:122,0
DA:127,3
DA:128,3
DA:130,3
DA:131,1
DA:134,2
DA:135,2
DA:136,2
DA:137,1
DA:140,1
DA:141,1
DA:143,1
DA:150,1
DA:159,1
DA:161,0
DA:162,0
DA:166,1
DA:167,0
DA:169,0
DA:170,0
DA:173,0
DA:174,0
DA:176,0
DA:186,0
DA:188,0
DA:189,0
DA:193,1
DA:194,0
DA:195,0
DA:200,0
DA:202,0
DA:206,1
DA:207,0
DA:209,0
DA:210,0
DA:225,0
DA:227,0
DA:228,0
DA:229,0
DA:232,0
DA:234,0
DA:235,0
DA:239,1
DA:240,0
DA:243,0
DA:244,0
DA:247,0
DA:248,0
DA:250,0
DA:251,0
DA:252,0
DA:255,0
DA:268,0
DA:269,0
DA:270,0
DA:273,0
DA:274,0
DA:279,0
DA:283,0
DA:298,0
DA:301,0
DA:302,0
DA:304,0
DA:307,0
DA:308,0
DA:309,0
DA:310,0
LF:134
LH:64
BRDA:19,0,0,1
BRDA:20,1,0,2
BRDA:41,2,0,1
BRDA:55,3,0,1
BRDA:67,4,0,1
BRDA:72,5,0,0
BRDA:77,6,0,0
BRDA:83,7,0,1
BRDA:95,8,0,1
BRDA:106,9,0,0
BRDA:112,10,0,0
BRDA:112,11,0,0
BRDA:112,11,1,0
BRDA:130,12,0,1
BRDA:130,13,0,3
BRDA:130,13,1,2
BRDA:136,14,0,1
BRDA:169,15,0,0
BRDA:169,16,0,0
BRDA:169,16,1,0
BRDA:225,17,0,0
BRDA:228,18,0,0
BRDA:243,19,0,0
BRDA:243,20,0,0
BRDA:243,20,1,0
BRDA:268,21,0,0
BRDA:270,22,0,0
BRDA:307,23,0,0
BRDA:308,24,0,0
BRF:29
BRH:11
end_of_record
TN:
SF:src\users\user.routes.ts
FNF:0
FNH:0
DA:1,1
DA:2,1
DA:3,1
DA:4,1
DA:6,1
DA:9,1
DA:12,1
DA:13,1
DA:14,1
DA:15,1
DA:18,1
DA:19,1
DA:22,1
DA:23,1
DA:25,1
LF:15
LH:15
BRF:0
BRH:0
end_of_record
TN:
SF:src\users\user.schema.ts
FNF:0
FNH:0
DA:1,1
DA:3,1
DA:9,1
DA:15,1
LF:4
LH:4
BRF:0
BRH:0
end_of_record
