TN:
SF:src\config\database.ts
FN:8,(anonymous_0)
FNF:1
FNH:0
FNDA:0,(anonymous_0)
DA:1,3
DA:2,3
DA:5,3
DA:8,3
DA:9,0
DA:10,0
LF:6
LH:4
BRF:0
BRH:0
end_of_record
TN:
SF:src\config\env.ts
FN:14,(anonymous_1)
FNF:1
FNH:0
FNDA:0,(anonymous_1)
DA:1,3
DA:2,3
DA:5,3
DA:6,3
DA:7,3
DA:9,3
DA:10,3
DA:11,3
DA:12,3
DA:13,3
DA:14,0
DA:17,3
LF:12
LH:11
BRDA:5,0,0,3
BRDA:5,0,1,0
BRDA:9,1,0,3
BRDA:9,1,1,3
BRDA:10,2,0,3
BRDA:10,2,1,0
BRDA:11,3,0,3
BRDA:11,3,1,3
BRDA:12,4,0,3
BRDA:12,4,1,3
BRDA:13,5,0,0
BRDA:13,5,1,3
BRDA:18,6,0,3
BRDA:18,6,1,0
BRDA:19,7,0,3
BRDA:19,7,1,0
BRDA:20,8,0,3
BRDA:20,8,1,0
BRDA:21,9,0,3
BRDA:21,9,1,0
BRDA:22,10,0,3
BRDA:22,10,1,0
BRF:22
BRH:14
end_of_record
TN:
SF:src\notes\notes.controller.ts
FN:7,(anonymous_7)
FN:7,(anonymous_8)
FN:87,(anonymous_9)
FN:112,(anonymous_10)
FN:112,(anonymous_11)
FN:142,(anonymous_12)
FN:143,(anonymous_13)
FN:196,(anonymous_14)
FN:196,(anonymous_15)
FN:233,(anonymous_16)
FN:233,(anonymous_17)
FN:294,(anonymous_18)
FN:294,(anonymous_19)
FN:373,(anonymous_20)
FN:373,(anonymous_21)
FN:392,(anonymous_22)
FN:392,(anonymous_23)
FN:438,(anonymous_24)
FN:438,(anonymous_25)
FN:445,(anonymous_26)
FN:445,(anonymous_27)
FNF:21
FNH:9
FNDA:2,(anonymous_7)
FNDA:2,(anonymous_8)
FNDA:1,(anonymous_9)
FNDA:3,(anonymous_10)
FNDA:3,(anonymous_11)
FNDA:0,(anonymous_12)
FNDA:0,(anonymous_13)
FNDA:0,(anonymous_14)
FNDA:0,(anonymous_15)
FNDA:3,(anonymous_16)
FNDA:3,(anonymous_17)
FNDA:1,(anonymous_18)
FNDA:1,(anonymous_19)
FNDA:0,(anonymous_20)
FNDA:0,(anonymous_21)
FNDA:0,(anonymous_22)
FNDA:0,(anonymous_23)
FNDA:0,(anonymous_24)
FNDA:0,(anonymous_25)
FNDA:0,(anonymous_26)
FNDA:0,(anonymous_27)
DA:2,1
DA:3,1
DA:4,1
DA:5,1
DA:7,2
DA:8,2
DA:9,2
DA:10,0
DA:13,2
DA:14,2
DA:15,2
DA:17,2
DA:19,2
DA:37,0
DA:39,0
DA:58,0
DA:62,0
DA:81,0
DA:84,2
DA:87,1
DA:105,1
DA:107,1
DA:108,1
DA:112,3
DA:113,3
DA:114,3
DA:115,0
DA:117,3
DA:118,2
DA:120,2
DA:121,2
DA:122,2
DA:124,2
DA:128,2
DA:130,2
DA:131,1
DA:134,2
DA:135,0
DA:138,2
DA:140,0
DA:141,0
DA:142,0
DA:143,0
DA:144,0
DA:147,0
DA:148,0
DA:152,2
DA:153,0
DA:155,0
DA:156,0
DA:157,0
DA:158,0
DA:162,0
DA:169,2
DA:172,2
DA:182,2
DA:184,0
DA:185,0
DA:187,2
DA:190,1
DA:191,0
DA:192,0
DA:196,1
DA:197,0
DA:198,0
DA:199,0
DA:201,0
DA:202,0
DA:204,0
DA:205,0
DA:207,0
DA:208,0
DA:209,0
DA:211,0
DA:212,0
DA:215,0
DA:218,0
DA:227,0
DA:229,0
DA:230,0
DA:233,3
DA:234,3
DA:235,0
DA:237,3
DA:238,3
DA:239,3
DA:241,2
DA:255,2
DA:257,1
DA:258,1
DA:259,1
DA:262,1
DA:263,1
DA:264,1
DA:266,1
DA:267,0
DA:271,1
DA:288,1
DA:290,0
DA:291,0
DA:294,1
DA:295,1
DA:296,0
DA:298,1
DA:299,1
DA:300,1
DA:303,1
DA:304,1
DA:306,1
DA:307,1
DA:308,1
DA:310,1
DA:311,1
DA:312,1
DA:314,1
DA:315,0
DA:318,1
DA:320,1
DA:321,1
DA:322,1
DA:324,1
DA:325,1
DA:326,1
DA:328,1
DA:329,1
DA:330,1
DA:332,1
DA:333,1
DA:334,1
DA:337,1
DA:338,1
DA:340,1
DA:341,1
DA:343,1
DA:346,1
DA:347,0
DA:348,0
DA:349,0
DA:353,1
DA:354,0
DA:355,0
DA:356,0
DA:360,1
DA:361,1
DA:363,0
DA:364,0
DA:366,1
DA:369,0
DA:370,0
DA:371,0
DA:373,1
DA:374,0
DA:375,0
DA:377,0
DA:378,0
DA:379,0
DA:381,0
DA:386,0
DA:388,0
DA:389,0
DA:392,1
DA:393,0
DA:394,0
DA:396,0
DA:397,0
DA:398,0
DA:400,0
DA:401,0
DA:404,0
DA:409,0
DA:410,0
DA:411,0
DA:413,0
DA:417,0
DA:422,0
DA:429,0
DA:431,0
DA:432,0
DA:438,1
DA:439,0
DA:440,0
DA:442,0
DA:445,1
DA:446,0
DA:447,0
DA:449,0
LF:186
LH:95
BRDA:9,0,0,0
BRDA:17,1,0,2
BRDA:17,1,1,0
BRDA:17,2,0,2
BRDA:17,2,1,0
BRDA:37,3,0,0
BRDA:37,3,1,0
BRDA:93,4,0,0
BRDA:93,4,1,1
BRDA:94,5,0,0
BRDA:94,5,1,1
BRDA:95,6,0,1
BRDA:95,6,1,1
BRDA:98,7,0,1
BRDA:98,7,1,1
BRDA:99,8,0,1
BRDA:99,8,1,1
BRDA:100,9,0,1
BRDA:100,9,1,1
BRDA:101,10,0,1
BRDA:101,10,1,1
BRDA:102,11,0,1
BRDA:102,11,1,1
BRDA:114,12,0,0
BRDA:130,13,0,1
BRDA:134,14,0,0
BRDA:138,15,0,0
BRDA:138,16,0,2
BRDA:138,16,1,0
BRDA:141,17,0,0
BRDA:152,18,0,0
BRDA:152,19,0,2
BRDA:152,19,1,0
BRDA:155,20,0,0
BRDA:155,21,0,0
BRDA:155,21,1,0
BRDA:157,22,0,0
BRDA:164,23,0,0
BRDA:164,23,1,0
BRDA:190,24,0,1
BRDA:198,25,0,0
BRDA:202,26,0,0
BRDA:205,27,0,0
BRDA:211,28,0,0
BRDA:211,29,0,0
BRDA:211,29,1,0
BRDA:234,30,0,0
BRDA:239,31,0,1
BRDA:255,32,0,1
BRDA:263,33,0,1
BRDA:263,33,1,0
BRDA:264,34,0,1
BRDA:264,34,1,0
BRDA:266,35,0,0
BRDA:266,36,0,1
BRDA:266,36,1,0
BRDA:266,36,2,0
BRDA:277,37,0,0
BRDA:277,37,1,1
BRDA:278,38,0,0
BRDA:278,38,1,1
BRDA:281,39,0,1
BRDA:281,39,1,0
BRDA:282,40,0,1
BRDA:282,40,1,0
BRDA:283,41,0,1
BRDA:283,41,1,0
BRDA:284,42,0,1
BRDA:284,42,1,1
BRDA:285,43,0,1
BRDA:285,43,1,1
BRDA:295,44,0,0
BRDA:300,45,0,0
BRDA:304,46,0,0
BRDA:312,47,0,1
BRDA:312,47,1,0
BRDA:314,48,0,0
BRDA:314,49,0,1
BRDA:314,49,1,0
BRDA:314,49,2,0
BRDA:328,50,0,1
BRDA:332,51,0,1
BRDA:337,52,0,1
BRDA:346,53,0,0
BRDA:348,54,0,0
BRDA:353,55,0,0
BRDA:355,56,0,0
BRDA:369,57,0,0
BRDA:374,58,0,0
BRDA:379,59,0,0
BRDA:386,60,0,0
BRDA:386,60,1,0
BRDA:393,61,0,0
BRDA:398,62,0,0
BRDA:401,63,0,0
BRDA:409,64,0,0
BRDA:411,65,0,0
BRDA:439,66,0,0
BRDA:446,67,0,0
BRF:99
BRH:39
end_of_record
TN:
SF:src\notes\notes.routes.ts
FNF:0
FNH:0
DA:1,1
DA:2,1
DA:3,1
DA:4,1
DA:5,1
DA:7,1
DA:10,1
DA:13,1
DA:16,1
DA:19,1
DA:22,1
DA:25,1
DA:26,1
DA:29,1
DA:30,1
DA:34,1
DA:35,1
DA:37,1
LF:18
LH:18
BRF:0
BRH:0
end_of_record
TN:
SF:src\notes\notes.schema.ts
FNF:0
FNH:0
DA:1,1
DA:3,1
DA:15,1
DA:27,1
DA:31,1
LF:5
LH:5
BRF:0
BRH:0
end_of_record
TN:
SF:src\tags\tags.controller.ts
FN:12,(anonymous_7)
FN:12,(anonymous_8)
FN:22,(anonymous_9)
FN:22,(anonymous_10)
FN:43,(anonymous_11)
FN:43,(anonymous_12)
FN:73,(anonymous_13)
FN:73,(anonymous_14)
FN:85,(anonymous_15)
FN:85,(anonymous_16)
FN:101,(anonymous_17)
FN:101,(anonymous_18)
FN:114,(anonymous_19)
FNF:13
FNH:4
FNDA:2,(anonymous_7)
FNDA:2,(anonymous_8)
FNDA:2,(anonymous_9)
FNDA:2,(anonymous_10)
FNDA:0,(anonymous_11)
FNDA:0,(anonymous_12)
FNDA:0,(anonymous_13)
FNDA:0,(anonymous_14)
FNDA:0,(anonymous_15)
FNDA:0,(anonymous_16)
FNDA:0,(anonymous_17)
FNDA:0,(anonymous_18)
FNDA:0,(anonymous_19)
DA:2,2
DA:3,2
DA:5,2
DA:12,2
DA:13,2
DA:14,2
DA:15,1
DA:17,1
DA:18,1
DA:22,2
DA:23,2
DA:24,2
DA:25,0
DA:27,2
DA:29,1
DA:34,1
DA:36,1
DA:37,0
DA:38,0
DA:39,0
DA:43,2
DA:44,0
DA:45,0
DA:46,0
DA:47,0
DA:48,0
DA:51,0
DA:52,0
DA:53,0
DA:57,0
DA:58,0
DA:59,0
DA:60,0
DA:61,0
DA:62,0
DA:63,0
DA:65,0
DA:68,0
DA:69,0
DA:73,2
DA:74,0
DA:75,0
DA:76,0
DA:77,0
DA:78,0
DA:80,0
DA:81,0
DA:85,2
DA:86,0
DA:87,0
DA:88,0
DA:94,0
DA:96,0
DA:97,0
DA:101,2
DA:102,0
DA:103,0
DA:104,0
DA:105,0
DA:107,0
DA:108,0
DA:109,0
DA:110,0
DA:112,0
DA:114,0
DA:115,0
DA:116,0
DA:119,0
DA:120,0
DA:122,0
DA:123,0
DA:125,0
DA:128,0
DA:129,0
LF:74
LH:20
BRDA:24,0,0,0
BRDA:32,1,0,1
BRDA:32,1,1,0
BRDA:32,2,0,1
BRDA:32,2,1,0
BRDA:36,3,0,1
BRDA:37,4,0,0
BRDA:51,5,0,0
BRDA:57,6,0,0
BRDA:57,6,1,0
BRDA:62,7,0,0
BRDA:77,8,0,0
BRDA:105,9,0,0
BRDA:112,10,0,0
BRF:14
BRH:3
end_of_record
TN:
SF:src\tags\tags.routes.ts
FNF:0
FNH:0
DA:1,1
DA:2,1
DA:3,1
DA:5,1
DA:7,1
DA:8,1
DA:9,1
DA:10,1
DA:12,1
LF:9
LH:9
BRF:0
BRH:0
end_of_record
TN:
SF:src\users\user.controller.ts
FN:8,(anonymous_8)
FN:8,(anonymous_9)
FN:25,(anonymous_10)
FN:25,(anonymous_11)
FN:34,(anonymous_12)
FN:34,(anonymous_13)
FN:55,(anonymous_14)
FN:55,(anonymous_15)
FN:109,(anonymous_16)
FN:109,(anonymous_17)
FN:133,(anonymous_18)
FN:133,(anonymous_19)
FN:175,(anonymous_20)
FN:175,(anonymous_21)
FN:205,(anonymous_22)
FN:205,(anonymous_23)
FN:218,(anonymous_24)
FN:218,(anonymous_25)
FN:251,(anonymous_26)
FN:251,(anonymous_27)
FNF:20
FNH:4
FNDA:1,(anonymous_8)
FNDA:1,(anonymous_9)
FNDA:2,(anonymous_10)
FNDA:2,(anonymous_11)
FNDA:0,(anonymous_12)
FNDA:0,(anonymous_13)
FNDA:0,(anonymous_14)
FNDA:0,(anonymous_15)
FNDA:0,(anonymous_16)
FNDA:0,(anonymous_17)
FNDA:0,(anonymous_18)
FNDA:0,(anonymous_19)
FNDA:0,(anonymous_20)
FNDA:0,(anonymous_21)
FNDA:0,(anonymous_22)
FNDA:0,(anonymous_23)
FNDA:0,(anonymous_24)
FNDA:0,(anonymous_25)
FNDA:0,(anonymous_26)
FNDA:0,(anonymous_27)
DA:2,1
DA:3,1
DA:4,1
DA:5,1
DA:6,1
DA:8,1
DA:9,1
DA:10,1
DA:11,1
DA:13,1
DA:17,1
DA:19,0
DA:20,0
DA:21,0
DA:25,2
DA:26,2
DA:27,2
DA:28,1
DA:30,1
DA:34,1
DA:35,0
DA:36,0
DA:37,0
DA:39,0
DA:44,0
DA:45,0
DA:48,0
DA:50,0
DA:51,0
DA:55,1
DA:56,0
DA:57,0
DA:58,0
DA:61,0
DA:62,0
DA:66,0
DA:69,0
DA:70,0
DA:71,0
DA:73,0
DA:74,0
DA:75,0
DA:78,0
DA:79,0
DA:80,0
DA:83,0
DA:84,0
DA:85,0
DA:86,0
DA:89,0
DA:90,0
DA:93,0
DA:95,0
DA:96,0
DA:98,0
DA:99,0
DA:101,0
DA:102,0
DA:104,0
DA:105,0
DA:109,1
DA:110,0
DA:111,0
DA:112,0
DA:113,0
DA:116,0
DA:118,0
DA:120,0
DA:121,0
DA:125,0
DA:127,0
DA:128,0
DA:133,1
DA:134,0
DA:136,0
DA:137,0
DA:139,0
DA:140,0
DA:143,0
DA:144,0
DA:145,0
DA:146,0
DA:149,0
DA:150,0
DA:152,0
DA:159,0
DA:168,0
DA:170,0
DA:171,0
DA:175,1
DA:176,0
DA:177,0
DA:179,0
DA:181,0
DA:182,0
DA:185,0
DA:186,0
DA:188,0
DA:198,0
DA:200,0
DA:201,0
DA:205,1
DA:206,0
DA:207,0
DA:212,0
DA:214,0
DA:218,1
DA:219,0
DA:221,0
DA:222,0
DA:237,0
DA:239,0
DA:240,0
DA:241,0
DA:244,0
DA:246,0
DA:247,0
DA:251,1
DA:252,0
DA:253,0
DA:255,0
DA:258,0
DA:259,0
DA:262,0
DA:263,0
DA:265,0
DA:266,0
DA:267,0
DA:270,0
DA:283,0
DA:284,0
DA:285,0
DA:288,0
DA:289,0
DA:294,0
DA:298,0
DA:313,0
DA:316,0
DA:317,0
DA:319,0
DA:322,0
DA:323,0
DA:324,0
DA:325,0
LF:144
LH:24
BRDA:19,0,0,0
BRDA:20,1,0,0
BRDA:36,2,0,0
BRDA:44,3,0,0
BRDA:57,4,0,0
BRDA:61,5,0,0
BRDA:73,6,0,0
BRDA:78,7,0,0
BRDA:83,8,0,0
BRDA:89,9,0,0
BRDA:101,10,0,0
BRDA:112,11,0,0
BRDA:118,12,0,0
BRDA:118,13,0,0
BRDA:118,13,1,0
BRDA:136,14,0,0
BRDA:139,15,0,0
BRDA:139,16,0,0
BRDA:139,16,1,0
BRDA:145,17,0,0
BRDA:176,18,0,0
BRDA:181,19,0,0
BRDA:181,20,0,0
BRDA:181,20,1,0
BRDA:237,21,0,0
BRDA:240,22,0,0
BRDA:252,23,0,0
BRDA:258,24,0,0
BRDA:258,25,0,0
BRDA:258,25,1,0
BRDA:283,26,0,0
BRDA:285,27,0,0
BRDA:322,28,0,0
BRDA:323,29,0,0
BRF:34
BRH:0
end_of_record
TN:
SF:src\users\user.routes.ts
FNF:0
FNH:0
DA:1,1
DA:2,1
DA:3,1
DA:4,1
DA:6,1
DA:9,1
DA:12,1
DA:13,1
DA:14,1
DA:15,1
DA:18,1
DA:19,1
DA:22,1
DA:23,1
DA:25,1
LF:15
LH:15
BRF:0
BRH:0
end_of_record
TN:
SF:src\users\user.schema.ts
FNF:0
FNH:0
DA:1,1
DA:3,1
DA:9,1
DA:15,1
LF:4
LH:4
BRF:0
BRH:0
end_of_record
